2021-08-11 09:21:23,453 INFO org.springframework.boot.StartupInfoLogger [restartedMain] Starting Qms3Application using Java 15.0.2 on janaka-Vostro-3578 with PID 12234 (/home/janaka/eclipse-workspace/QMS-3/target/classes started by janaka in /home/janaka/eclipse-workspace/QMS-3)
2021-08-11 09:21:23,455 INFO org.springframework.boot.SpringApplication [restartedMain] No active profile set, falling back to default profiles: default
2021-08-11 09:21:23,603 INFO org.springframework.boot.logging.DeferredLog [restartedMain] Devtools property defaults active! Set 'spring.devtools.add-properties' to 'false' to disable
2021-08-11 09:21:23,603 INFO org.springframework.boot.logging.DeferredLog [restartedMain] For additional web related logging consider setting the 'logging.level.web' property to 'DEBUG'
2021-08-11 09:21:24,007 INFO org.springframework.data.repository.config.RepositoryConfigurationDelegate [restartedMain] Bootstrapping Spring Data JPA repositories in DEFAULT mode.
2021-08-11 09:21:24,040 INFO org.springframework.data.repository.config.RepositoryConfigurationDelegate [restartedMain] Finished Spring Data repository scanning in 28 ms. Found 3 JPA repository interfaces.
2021-08-11 09:21:24,415 INFO org.springframework.boot.web.embedded.tomcat.TomcatWebServer [restartedMain] Tomcat initialized with port(s): 8081 (http)
2021-08-11 09:21:24,466 INFO org.springframework.boot.web.servlet.context.ServletWebServerApplicationContext [restartedMain] Root WebApplicationContext: initialization completed in 863 ms
2021-08-11 09:21:24,562 INFO org.hibernate.jpa.internal.util.LogHelper [restartedMain] HHH000204: Processing PersistenceUnitInfo [name: default]
2021-08-11 09:21:24,590 INFO org.hibernate.Version [restartedMain] HHH000412: Hibernate ORM core version 5.4.32.Final
2021-08-11 09:21:24,658 INFO org.hibernate.annotations.common.reflection.java.JavaReflectionManager [restartedMain] HCANN000001: Hibernate Commons Annotations {5.1.2.Final}
2021-08-11 09:21:24,830 INFO org.hibernate.dialect.Dialect [restartedMain] HHH000400: Using dialect: org.hibernate.dialect.H2Dialect
2021-08-11 09:21:25,203 INFO org.hibernate.engine.transaction.jta.platform.internal.JtaPlatformInitiator [restartedMain] HHH000490: Using JtaPlatform implementation: [org.hibernate.engine.transaction.jta.platform.internal.NoJtaPlatform]
2021-08-11 09:21:25,208 INFO org.springframework.orm.jpa.AbstractEntityManagerFactoryBean [restartedMain] Initialized JPA EntityManagerFactory for persistence unit 'default'
2021-08-11 09:21:25,447 INFO org.springframework.boot.autoconfigure.h2.H2ConsoleAutoConfiguration [restartedMain] H2 console available at '/h2-console'. Database available at 'jdbc:h2:file:/home/janaka/QMS/database/qmsdb'
2021-08-11 09:21:25,691 INFO org.springframework.security.web.DefaultSecurityFilterChain [restartedMain] Will secure Ant [pattern='/resources/**'] with []
2021-08-11 09:21:25,691 INFO org.springframework.security.web.DefaultSecurityFilterChain [restartedMain] Will secure Ant [pattern='/static/**'] with []
2021-08-11 09:21:25,692 INFO org.springframework.security.web.DefaultSecurityFilterChain [restartedMain] Will secure Ant [pattern='/plugins/**'] with []
2021-08-11 09:21:25,692 INFO org.springframework.security.web.DefaultSecurityFilterChain [restartedMain] Will secure Ant [pattern='/css/**'] with []
2021-08-11 09:21:25,692 INFO org.springframework.security.web.DefaultSecurityFilterChain [restartedMain] Will secure Ant [pattern='/js/**'] with []
2021-08-11 09:21:25,692 INFO org.springframework.security.web.DefaultSecurityFilterChain [restartedMain] Will secure Ant [pattern='/assets/**'] with []
2021-08-11 09:21:25,692 INFO org.springframework.security.web.DefaultSecurityFilterChain [restartedMain] Will secure Ant [pattern='/assets/css/**'] with []
2021-08-11 09:21:25,692 INFO org.springframework.security.web.DefaultSecurityFilterChain [restartedMain] Will secure Ant [pattern='/assets/js/**'] with []
2021-08-11 09:21:25,692 INFO org.springframework.security.web.DefaultSecurityFilterChain [restartedMain] Will secure Ant [pattern='/img/**'] with []
2021-08-11 09:21:25,692 INFO org.springframework.security.web.DefaultSecurityFilterChain [restartedMain] Will secure Ant [pattern='/webjars/**'] with []
2021-08-11 09:21:25,693 INFO org.springframework.security.web.DefaultSecurityFilterChain [restartedMain] Will secure Ant [pattern='/h2-console/**'] with []
2021-08-11 09:21:25,712 INFO org.springframework.security.web.DefaultSecurityFilterChain [restartedMain] Will secure any request with [org.springframework.security.web.context.request.async.WebAsyncManagerIntegrationFilter@615c9e19, org.springframework.security.web.context.SecurityContextPersistenceFilter@6c1557f4, org.springframework.security.web.header.HeaderWriterFilter@11a1aeb6, org.springframework.security.web.csrf.CsrfFilter@2eda0d39, org.springframework.security.web.authentication.logout.LogoutFilter@7fcecdbf, org.springframework.security.web.authentication.UsernamePasswordAuthenticationFilter@569ffee5, org.springframework.security.web.savedrequest.RequestCacheAwareFilter@1ec77b62, org.springframework.security.web.servletapi.SecurityContextHolderAwareRequestFilter@12a489d9, org.springframework.security.web.authentication.AnonymousAuthenticationFilter@6ead6778, org.springframework.security.web.session.SessionManagementFilter@43c40d0b, org.springframework.security.web.access.ExceptionTranslationFilter@feee0e9, org.springframework.security.web.access.intercept.FilterSecurityInterceptor@24e73b84]
2021-08-11 09:21:26,233 INFO org.springframework.boot.devtools.autoconfigure.OptionalLiveReloadServer [restartedMain] LiveReload server is running on port 35729
2021-08-11 09:21:26,258 INFO org.springframework.boot.web.embedded.tomcat.TomcatWebServer [restartedMain] Tomcat started on port(s): 8081 (http) with context path ''
2021-08-11 09:21:26,260 INFO org.springframework.core.log.CompositeLog [restartedMain] Starting...
2021-08-11 09:21:26,260 INFO org.springframework.core.log.CompositeLog [restartedMain] BrokerAvailabilityEvent[available=true, SimpleBrokerMessageHandler [org.springframework.messaging.simp.broker.DefaultSubscriptionRegistry@123801d8]]
2021-08-11 09:21:26,260 INFO org.springframework.core.log.CompositeLog [restartedMain] Started.
2021-08-11 09:21:26,268 INFO org.springframework.boot.StartupInfoLogger [restartedMain] Started Qms3Application in 3.038 seconds (JVM running for 3.607)
2021-08-11 09:22:09,637 INFO org.springframework.web.servlet.FrameworkServlet [http-nio-8081-exec-1] Initializing Servlet 'dispatcherServlet'
2021-08-11 09:22:09,638 INFO org.springframework.web.servlet.FrameworkServlet [http-nio-8081-exec-1] Completed initialization in 1 ms
2021-08-11 09:22:15,461 INFO com.rcs2.cms.controller.QMSController [http-nio-8081-exec-1] Find token by token Number:2
2021-08-11 09:22:25,757 INFO org.springframework.web.socket.config.WebSocketMessageBrokerStats [MessageBroker-1] WebSocketSession[0 current WS(0)-HttpStream(0)-HttpPoll(0), 0 total, 0 closed abnormally (0 connect failure, 0 send limit, 0 transport error)], stompSubProtocol[processed CONNECT(0)-CONNECTED(0)-DISCONNECT(0)], stompBrokerRelay[null], inboundChannel[pool size = 0, active threads = 0, queued tasks = 0, completed tasks = 0], outboundChannel[pool size = 0, active threads = 0, queued tasks = 0, completed tasks = 0], sockJsScheduler[pool size = 1, active threads = 1, queued tasks = 0, completed tasks = 0]
2021-08-11 09:22:31,999 INFO com.rcs2.cms.service.RestClient [http-nio-8081-exec-7] getting success find the category services
2021-08-11 09:22:35,993 INFO com.rcs2.cms.controller.QMSController [http-nio-8081-exec-5] Create Token request: CustomerDto(tokenId=null, nic=198335201993, dob=, gender=male, service=1, mobileNo=)
2021-08-11 09:22:35,997 INFO com.rcs2.cms.service.RestClient [http-nio-8081-exec-5] Barcorde remort create request token info: CustomerDto(tokenId=null, nic=198335201993, dob=, gender=male, service=1, mobileNo=)
2021-08-11 09:22:36,127 INFO com.rcs2.cms.service.RestClient [http-nio-8081-exec-5] Successfuly create remort barcode<200,RemortBarcodeRecordCreateDTO(isIdentification=true, identification=198335201993, gender=null, dateOfBirth=null, serviceId=1, barcodeNumber=1, isActive=true, mobileNo=),[Content-Length:"154", Content-Type:"application/json; charset=utf-8", Server:"Microsoft-IIS/10.0", api-supported-versions:"1.0", X-Powered-By:"ASP.NET", Set-Cookie:"ARRAffinity=a5f65112726a653ef642ee052197e4e84fef97c43a67c927e5ca68c4fbe70a18;Path=/;HttpOnly;Secure;Domain=barcode-integration-demo.azurewebsites.net", "ARRAffinitySameSite=a5f65112726a653ef642ee052197e4e84fef97c43a67c927e5ca68c4fbe70a18;Path=/;HttpOnly;SameSite=None;Secure;Domain=barcode-integration-demo.azurewebsites.net", Date:"Wed, 11 Aug 2021 03:52:35 GMT"]>
2021-08-11 09:22:36,174 INFO com.rcs2.cms.controller.QMSController [http-nio-8081-exec-5] customer:Token(id=53, qmsCounter=null, servicedBy=null, nic=198335201993, dob=, gender=male, serviceCategory=1, mobileNo=, qrText=null, tokenNumber=1, remortCallStatus=null, description=null, status=ISSUED, issuedDate=Wed Aug 11 00:00:00 IST 2021, processDate=null, createdDate=Wed Aug 11 09:22:36 IST 2021, completedDate=null)
2021-08-11 09:23:08,815 INFO com.rcs2.cms.controller.QMSController [http-nio-8081-exec-5] Find token by token Number:1
2021-08-11 09:24:08,911 INFO com.rcs2.cms.controller.QMSController [http-nio-8081-exec-4] Find token by token Number:1
2021-08-11 09:26:44,463 INFO com.rcs2.cms.controller.QMSController [http-nio-8081-exec-3] Find token by token Number:1
2021-08-11 09:29:47,897 INFO com.rcs2.cms.controller.QMSController [http-nio-8081-exec-9] Find token by token Number:1
2021-08-11 09:32:46,857 INFO com.rcs2.cms.controller.QMSController [http-nio-8081-exec-10] Find token by token Number:1
2021-08-11 09:34:12,677 INFO com.rcs2.cms.controller.QMSController [http-nio-8081-exec-7] Find token by token Number:1
2021-08-11 09:38:25,146 INFO com.rcs2.cms.controller.QMSController [http-nio-8081-exec-9] Find token by token Number:2
2021-08-11 09:38:36,311 INFO com.rcs2.cms.controller.QMSController [http-nio-8081-exec-9] Find token by token Number:1
2021-08-11 09:52:25,758 INFO org.springframework.web.socket.config.WebSocketMessageBrokerStats [MessageBroker-1] WebSocketSession[0 current WS(0)-HttpStream(0)-HttpPoll(0), 0 total, 0 closed abnormally (0 connect failure, 0 send limit, 0 transport error)], stompSubProtocol[processed CONNECT(0)-CONNECTED(0)-DISCONNECT(0)], stompBrokerRelay[null], inboundChannel[pool size = 0, active threads = 0, queued tasks = 0, completed tasks = 0], outboundChannel[pool size = 0, active threads = 0, queued tasks = 0, completed tasks = 0], sockJsScheduler[pool size = 2, active threads = 1, queued tasks = 0, completed tasks = 1]
2021-08-11 10:22:25,760 INFO org.springframework.web.socket.config.WebSocketMessageBrokerStats [MessageBroker-2] WebSocketSession[0 current WS(0)-HttpStream(0)-HttpPoll(0), 0 total, 0 closed abnormally (0 connect failure, 0 send limit, 0 transport error)], stompSubProtocol[processed CONNECT(0)-CONNECTED(0)-DISCONNECT(0)], stompBrokerRelay[null], inboundChannel[pool size = 0, active threads = 0, queued tasks = 0, completed tasks = 0], outboundChannel[pool size = 0, active threads = 0, queued tasks = 0, completed tasks = 0], sockJsScheduler[pool size = 3, active threads = 1, queued tasks = 0, completed tasks = 2]
2021-08-11 10:52:25,761 INFO org.springframework.web.socket.config.WebSocketMessageBrokerStats [MessageBroker-1] WebSocketSession[0 current WS(0)-HttpStream(0)-HttpPoll(0), 0 total, 0 closed abnormally (0 connect failure, 0 send limit, 0 transport error)], stompSubProtocol[processed CONNECT(0)-CONNECTED(0)-DISCONNECT(0)], stompBrokerRelay[null], inboundChannel[pool size = 0, active threads = 0, queued tasks = 0, completed tasks = 0], outboundChannel[pool size = 0, active threads = 0, queued tasks = 0, completed tasks = 0], sockJsScheduler[pool size = 4, active threads = 1, queued tasks = 0, completed tasks = 3]
2021-08-11 11:22:25,762 INFO org.springframework.web.socket.config.WebSocketMessageBrokerStats [MessageBroker-3] WebSocketSession[0 current WS(0)-HttpStream(0)-HttpPoll(0), 0 total, 0 closed abnormally (0 connect failure, 0 send limit, 0 transport error)], stompSubProtocol[processed CONNECT(0)-CONNECTED(0)-DISCONNECT(0)], stompBrokerRelay[null], inboundChannel[pool size = 0, active threads = 0, queued tasks = 0, completed tasks = 0], outboundChannel[pool size = 0, active threads = 0, queued tasks = 0, completed tasks = 0], sockJsScheduler[pool size = 5, active threads = 1, queued tasks = 0, completed tasks = 4]
2021-08-11 11:52:25,763 INFO org.springframework.web.socket.config.WebSocketMessageBrokerStats [MessageBroker-2] WebSocketSession[0 current WS(0)-HttpStream(0)-HttpPoll(0), 0 total, 0 closed abnormally (0 connect failure, 0 send limit, 0 transport error)], stompSubProtocol[processed CONNECT(0)-CONNECTED(0)-DISCONNECT(0)], stompBrokerRelay[null], inboundChannel[pool size = 0, active threads = 0, queued tasks = 0, completed tasks = 0], outboundChannel[pool size = 0, active threads = 0, queued tasks = 0, completed tasks = 0], sockJsScheduler[pool size = 6, active threads = 1, queued tasks = 0, completed tasks = 5]
2021-08-11 12:22:25,765 INFO org.springframework.web.socket.config.WebSocketMessageBrokerStats [MessageBroker-4] WebSocketSession[0 current WS(0)-HttpStream(0)-HttpPoll(0), 0 total, 0 closed abnormally (0 connect failure, 0 send limit, 0 transport error)], stompSubProtocol[processed CONNECT(0)-CONNECTED(0)-DISCONNECT(0)], stompBrokerRelay[null], inboundChannel[pool size = 0, active threads = 0, queued tasks = 0, completed tasks = 0], outboundChannel[pool size = 0, active threads = 0, queued tasks = 0, completed tasks = 0], sockJsScheduler[pool size = 7, active threads = 1, queued tasks = 0, completed tasks = 6]
2021-08-11 12:52:25,766 INFO org.springframework.web.socket.config.WebSocketMessageBrokerStats [MessageBroker-1] WebSocketSession[0 current WS(0)-HttpStream(0)-HttpPoll(0), 0 total, 0 closed abnormally (0 connect failure, 0 send limit, 0 transport error)], stompSubProtocol[processed CONNECT(0)-CONNECTED(0)-DISCONNECT(0)], stompBrokerRelay[null], inboundChannel[pool size = 0, active threads = 0, queued tasks = 0, completed tasks = 0], outboundChannel[pool size = 0, active threads = 0, queued tasks = 0, completed tasks = 0], sockJsScheduler[pool size = 8, active threads = 1, queued tasks = 0, completed tasks = 7]
2021-08-11 13:22:25,767 INFO org.springframework.web.socket.config.WebSocketMessageBrokerStats [MessageBroker-1] WebSocketSession[0 current WS(0)-HttpStream(0)-HttpPoll(0), 0 total, 0 closed abnormally (0 connect failure, 0 send limit, 0 transport error)], stompSubProtocol[processed CONNECT(0)-CONNECTED(0)-DISCONNECT(0)], stompBrokerRelay[null], inboundChannel[pool size = 0, active threads = 0, queued tasks = 0, completed tasks = 0], outboundChannel[pool size = 0, active threads = 0, queued tasks = 0, completed tasks = 0], sockJsScheduler[pool size = 8, active threads = 1, queued tasks = 0, completed tasks = 8]
2021-08-11 13:52:25,768 INFO org.springframework.web.socket.config.WebSocketMessageBrokerStats [MessageBroker-1] WebSocketSession[0 current WS(0)-HttpStream(0)-HttpPoll(0), 0 total, 0 closed abnormally (0 connect failure, 0 send limit, 0 transport error)], stompSubProtocol[processed CONNECT(0)-CONNECTED(0)-DISCONNECT(0)], stompBrokerRelay[null], inboundChannel[pool size = 0, active threads = 0, queued tasks = 0, completed tasks = 0], outboundChannel[pool size = 0, active threads = 0, queued tasks = 0, completed tasks = 0], sockJsScheduler[pool size = 8, active threads = 1, queued tasks = 0, completed tasks = 9]
2021-08-11 14:22:25,769 INFO org.springframework.web.socket.config.WebSocketMessageBrokerStats [MessageBroker-1] WebSocketSession[0 current WS(0)-HttpStream(0)-HttpPoll(0), 0 total, 0 closed abnormally (0 connect failure, 0 send limit, 0 transport error)], stompSubProtocol[processed CONNECT(0)-CONNECTED(0)-DISCONNECT(0)], stompBrokerRelay[null], inboundChannel[pool size = 0, active threads = 0, queued tasks = 0, completed tasks = 0], outboundChannel[pool size = 0, active threads = 0, queued tasks = 0, completed tasks = 0], sockJsScheduler[pool size = 8, active threads = 1, queued tasks = 0, completed tasks = 10]
2021-08-11 14:24:22,194 INFO org.springframework.core.log.CompositeLog [Thread-6] Stopping...
2021-08-11 14:24:22,194 INFO org.springframework.core.log.CompositeLog [Thread-6] BrokerAvailabilityEvent[available=false, SimpleBrokerMessageHandler [org.springframework.messaging.simp.broker.DefaultSubscriptionRegistry@123801d8]]
2021-08-11 14:24:22,194 INFO org.springframework.core.log.CompositeLog [Thread-6] Stopped.
2021-08-11 14:24:22,207 INFO org.springframework.orm.jpa.AbstractEntityManagerFactoryBean [Thread-6] Closing JPA EntityManagerFactory for persistence unit 'default'
2021-08-11 14:24:22,332 INFO org.springframework.boot.StartupInfoLogger [restartedMain] Starting Qms3Application using Java 15.0.2 on janaka-Vostro-3578 with PID 12234 (/home/janaka/eclipse-workspace/QMS-3/target/classes started by janaka in /home/janaka/eclipse-workspace/QMS-3)
2021-08-11 14:24:22,332 INFO org.springframework.boot.SpringApplication [restartedMain] No active profile set, falling back to default profiles: default
2021-08-11 14:24:22,484 INFO org.springframework.data.repository.config.RepositoryConfigurationDelegate [restartedMain] Bootstrapping Spring Data JPA repositories in DEFAULT mode.
2021-08-11 14:24:22,492 INFO org.springframework.data.repository.config.RepositoryConfigurationDelegate [restartedMain] Finished Spring Data repository scanning in 7 ms. Found 3 JPA repository interfaces.
2021-08-11 14:24:22,604 INFO org.springframework.boot.web.embedded.tomcat.TomcatWebServer [restartedMain] Tomcat initialized with port(s): 8081 (http)
2021-08-11 14:24:22,613 INFO org.springframework.boot.web.servlet.context.ServletWebServerApplicationContext [restartedMain] Root WebApplicationContext: initialization completed in 275 ms
2021-08-11 14:24:22,644 INFO org.hibernate.jpa.internal.util.LogHelper [restartedMain] HHH000204: Processing PersistenceUnitInfo [name: default]
2021-08-11 14:24:22,653 INFO org.hibernate.dialect.Dialect [restartedMain] HHH000400: Using dialect: org.hibernate.dialect.H2Dialect
2021-08-11 14:24:22,709 INFO org.hibernate.engine.transaction.jta.platform.internal.JtaPlatformInitiator [restartedMain] HHH000490: Using JtaPlatform implementation: [org.hibernate.engine.transaction.jta.platform.internal.NoJtaPlatform]
2021-08-11 14:24:22,709 INFO org.springframework.orm.jpa.AbstractEntityManagerFactoryBean [restartedMain] Initialized JPA EntityManagerFactory for persistence unit 'default'
2021-08-11 14:24:22,758 INFO org.springframework.boot.autoconfigure.h2.H2ConsoleAutoConfiguration [restartedMain] H2 console available at '/h2-console'. Database available at 'jdbc:h2:file:/home/janaka/QMS/database/qmsdb'
2021-08-11 14:24:22,868 INFO org.springframework.security.web.DefaultSecurityFilterChain [restartedMain] Will secure Ant [pattern='/resources/**'] with []
2021-08-11 14:24:22,868 INFO org.springframework.security.web.DefaultSecurityFilterChain [restartedMain] Will secure Ant [pattern='/static/**'] with []
2021-08-11 14:24:22,868 INFO org.springframework.security.web.DefaultSecurityFilterChain [restartedMain] Will secure Ant [pattern='/plugins/**'] with []
2021-08-11 14:24:22,868 INFO org.springframework.security.web.DefaultSecurityFilterChain [restartedMain] Will secure Ant [pattern='/css/**'] with []
2021-08-11 14:24:22,868 INFO org.springframework.security.web.DefaultSecurityFilterChain [restartedMain] Will secure Ant [pattern='/js/**'] with []
2021-08-11 14:24:22,869 INFO org.springframework.security.web.DefaultSecurityFilterChain [restartedMain] Will secure Ant [pattern='/assets/**'] with []
2021-08-11 14:24:22,869 INFO org.springframework.security.web.DefaultSecurityFilterChain [restartedMain] Will secure Ant [pattern='/assets/css/**'] with []
2021-08-11 14:24:22,869 INFO org.springframework.security.web.DefaultSecurityFilterChain [restartedMain] Will secure Ant [pattern='/assets/js/**'] with []
2021-08-11 14:24:22,869 INFO org.springframework.security.web.DefaultSecurityFilterChain [restartedMain] Will secure Ant [pattern='/img/**'] with []
2021-08-11 14:24:22,869 INFO org.springframework.security.web.DefaultSecurityFilterChain [restartedMain] Will secure Ant [pattern='/webjars/**'] with []
2021-08-11 14:24:22,869 INFO org.springframework.security.web.DefaultSecurityFilterChain [restartedMain] Will secure Ant [pattern='/h2-console/**'] with []
2021-08-11 14:24:22,877 INFO org.springframework.security.web.DefaultSecurityFilterChain [restartedMain] Will secure any request with [org.springframework.security.web.context.request.async.WebAsyncManagerIntegrationFilter@33640e72, org.springframework.security.web.context.SecurityContextPersistenceFilter@3d8c8e59, org.springframework.security.web.header.HeaderWriterFilter@6f46a315, org.springframework.security.web.csrf.CsrfFilter@6dc813a8, org.springframework.security.web.authentication.logout.LogoutFilter@68fb28a3, org.springframework.security.web.authentication.UsernamePasswordAuthenticationFilter@73a5b45c, org.springframework.security.web.savedrequest.RequestCacheAwareFilter@177bf0be, org.springframework.security.web.servletapi.SecurityContextHolderAwareRequestFilter@4d7fa74f, org.springframework.security.web.authentication.AnonymousAuthenticationFilter@e1051d9, org.springframework.security.web.session.SessionManagementFilter@10f48abc, org.springframework.security.web.access.ExceptionTranslationFilter@7b7a34f2, org.springframework.security.web.access.intercept.FilterSecurityInterceptor@787f978f]
2021-08-11 14:24:23,047 INFO org.springframework.boot.devtools.autoconfigure.OptionalLiveReloadServer [restartedMain] LiveReload server is running on port 35729
2021-08-11 14:24:23,057 INFO org.springframework.boot.web.embedded.tomcat.TomcatWebServer [restartedMain] Tomcat started on port(s): 8081 (http) with context path ''
2021-08-11 14:24:23,057 INFO org.springframework.core.log.CompositeLog [restartedMain] Starting...
2021-08-11 14:24:23,057 INFO org.springframework.core.log.CompositeLog [restartedMain] BrokerAvailabilityEvent[available=true, SimpleBrokerMessageHandler [org.springframework.messaging.simp.broker.DefaultSubscriptionRegistry@5c25031f]]
2021-08-11 14:24:23,057 INFO org.springframework.core.log.CompositeLog [restartedMain] Started.
2021-08-11 14:24:23,061 INFO org.springframework.boot.StartupInfoLogger [restartedMain] Started Qms3Application in 0.761 seconds (JVM running for 18180.4)
2021-08-11 14:24:23,065 INFO org.springframework.boot.devtools.autoconfigure.ConditionEvaluationDeltaLoggingListener [restartedMain] Condition evaluation delta:


==========================
CONDITION EVALUATION DELTA
==========================


Positive matches:
-----------------

    None


Negative matches:
-----------------

   GenericCacheConfiguration:
      Did not match:
         - Cache org.springframework.boot.autoconfigure.cache.GenericCacheConfiguration unknown cache type (CacheCondition)

   NoOpCacheConfiguration:
      Did not match:
         - Cache org.springframework.boot.autoconfigure.cache.NoOpCacheConfiguration unknown cache type (CacheCondition)

   SimpleCacheConfiguration:
      Did not match:
         - Cache org.springframework.boot.autoconfigure.cache.SimpleCacheConfiguration unknown cache type (CacheCondition)


Exclusions:
-----------

    None


Unconditional classes:
----------------------

    None



2021-08-11 14:25:22,886 INFO org.springframework.web.socket.config.WebSocketMessageBrokerStats [MessageBroker-1] WebSocketSession[0 current WS(0)-HttpStream(0)-HttpPoll(0), 0 total, 0 closed abnormally (0 connect failure, 0 send limit, 0 transport error)], stompSubProtocol[processed CONNECT(0)-CONNECTED(0)-DISCONNECT(0)], stompBrokerRelay[null], inboundChannel[pool size = 0, active threads = 0, queued tasks = 0, completed tasks = 0], outboundChannel[pool size = 0, active threads = 0, queued tasks = 0, completed tasks = 0], sockJsScheduler[pool size = 1, active threads = 1, queued tasks = 0, completed tasks = 0]
2021-08-11 14:27:08,357 INFO org.springframework.core.log.CompositeLog [Thread-8] Stopping...
2021-08-11 14:27:08,358 INFO org.springframework.core.log.CompositeLog [Thread-8] BrokerAvailabilityEvent[available=false, SimpleBrokerMessageHandler [org.springframework.messaging.simp.broker.DefaultSubscriptionRegistry@5c25031f]]
2021-08-11 14:27:08,359 INFO org.springframework.core.log.CompositeLog [Thread-8] Stopped.
2021-08-11 14:27:08,383 INFO org.springframework.orm.jpa.AbstractEntityManagerFactoryBean [Thread-8] Closing JPA EntityManagerFactory for persistence unit 'default'
2021-08-11 14:27:08,494 INFO org.springframework.boot.StartupInfoLogger [restartedMain] Starting Qms3Application using Java 15.0.2 on janaka-Vostro-3578 with PID 12234 (/home/janaka/eclipse-workspace/QMS-3/target/classes started by janaka in /home/janaka/eclipse-workspace/QMS-3)
2021-08-11 14:27:08,494 INFO org.springframework.boot.SpringApplication [restartedMain] No active profile set, falling back to default profiles: default
2021-08-11 14:27:08,614 INFO org.springframework.data.repository.config.RepositoryConfigurationDelegate [restartedMain] Bootstrapping Spring Data JPA repositories in DEFAULT mode.
2021-08-11 14:27:08,623 INFO org.springframework.data.repository.config.RepositoryConfigurationDelegate [restartedMain] Finished Spring Data repository scanning in 8 ms. Found 3 JPA repository interfaces.
2021-08-11 14:27:08,738 INFO org.springframework.boot.web.embedded.tomcat.TomcatWebServer [restartedMain] Tomcat initialized with port(s): 8081 (http)
2021-08-11 14:27:08,748 INFO org.springframework.boot.web.servlet.context.ServletWebServerApplicationContext [restartedMain] Root WebApplicationContext: initialization completed in 252 ms
2021-08-11 14:27:08,753 ERROR org.springframework.boot.web.embedded.tomcat.TomcatStarter [restartedMain] Error starting Tomcat context. Exception: org.springframework.beans.factory.UnsatisfiedDependencyException. Message: Error creating bean with name 'qms3Application': Unsatisfied dependency expressed through field 'qMSAPIDetailsRepository'; nested exception is org.springframework.beans.factory.BeanCreationException: Error creating bean with name 'QMSAPIDetailsRepository' defined in com.rcs2.cms.repository.QMSAPIDetailsRepository defined in @EnableJpaRepositories declared on JpaRepositoriesRegistrar.EnableJpaRepositoriesConfiguration: Cannot create inner bean '(inner bean)#2bccbdf4' of type [org.springframework.orm.jpa.SharedEntityManagerCreator] while setting bean property 'entityManager'; nested exception is org.springframework.beans.factory.BeanCreationException: Error creating bean with name '(inner bean)#2bccbdf4': Cannot resolve reference to bean 'entityManagerFactory' while setting constructor argument; nested exception is org.springframework.beans.factory.BeanCreationException: Error creating bean with name 'entityManagerFactory' defined in class path resource [org/springframework/boot/autoconfigure/orm/jpa/HibernateJpaConfiguration.class]: 'entityManagerFactory' depends on missing bean 'cacheManager'; nested exception is org.springframework.beans.factory.NoSuchBeanDefinitionException: No bean named 'cacheManager' available
2021-08-11 14:27:08,755 WARN org.springframework.context.support.AbstractApplicationContext [restartedMain] Exception encountered during context initialization - cancelling refresh attempt: org.springframework.context.ApplicationContextException: Unable to start web server; nested exception is org.springframework.boot.web.server.WebServerException: Unable to start embedded Tomcat
2021-08-11 14:27:08,759 INFO org.springframework.boot.autoconfigure.logging.ConditionEvaluationReportLoggingListener [restartedMain] 

Error starting ApplicationContext. To display the conditions report re-run your application with 'debug' enabled.
2021-08-11 14:27:08,770 ERROR org.springframework.boot.diagnostics.LoggingFailureAnalysisReporter [restartedMain] 

***************************
APPLICATION FAILED TO START
***************************

Description:

Field qMSAPIDetailsRepository in com.rcs2.cms.Qms3Application required a bean named 'cacheManager' that could not be found.

The injection point has the following annotations:
	- @org.springframework.beans.factory.annotation.Autowired(required=true)


Action:

Consider defining a bean named 'cacheManager' in your configuration.

2021-08-11 14:28:23,425 INFO org.springframework.boot.StartupInfoLogger [restartedMain] Starting Qms3Application using Java 15.0.2 on janaka-Vostro-3578 with PID 28862 (/home/janaka/eclipse-workspace/QMS-3/target/classes started by janaka in /home/janaka/eclipse-workspace/QMS-3)
2021-08-11 14:28:23,426 INFO org.springframework.boot.SpringApplication [restartedMain] No active profile set, falling back to default profiles: default
2021-08-11 14:28:23,588 INFO org.springframework.boot.logging.DeferredLog [restartedMain] Devtools property defaults active! Set 'spring.devtools.add-properties' to 'false' to disable
2021-08-11 14:28:23,589 INFO org.springframework.boot.logging.DeferredLog [restartedMain] For additional web related logging consider setting the 'logging.level.web' property to 'DEBUG'
2021-08-11 14:28:24,038 INFO org.springframework.data.repository.config.RepositoryConfigurationDelegate [restartedMain] Bootstrapping Spring Data JPA repositories in DEFAULT mode.
2021-08-11 14:28:24,077 INFO org.springframework.data.repository.config.RepositoryConfigurationDelegate [restartedMain] Finished Spring Data repository scanning in 33 ms. Found 3 JPA repository interfaces.
2021-08-11 14:28:24,534 INFO org.springframework.boot.web.embedded.tomcat.TomcatWebServer [restartedMain] Tomcat initialized with port(s): 8081 (http)
2021-08-11 14:28:24,597 INFO org.springframework.boot.web.servlet.context.ServletWebServerApplicationContext [restartedMain] Root WebApplicationContext: initialization completed in 1008 ms
2021-08-11 14:28:24,801 INFO org.hibernate.jpa.internal.util.LogHelper [restartedMain] HHH000204: Processing PersistenceUnitInfo [name: default]
2021-08-11 14:28:24,833 INFO org.hibernate.Version [restartedMain] HHH000412: Hibernate ORM core version 5.4.32.Final
2021-08-11 14:28:24,907 INFO org.hibernate.annotations.common.reflection.java.JavaReflectionManager [restartedMain] HCANN000001: Hibernate Commons Annotations {5.1.2.Final}
2021-08-11 14:28:25,102 INFO org.hibernate.dialect.Dialect [restartedMain] HHH000400: Using dialect: org.hibernate.dialect.H2Dialect
2021-08-11 14:28:25,518 INFO org.hibernate.engine.transaction.jta.platform.internal.JtaPlatformInitiator [restartedMain] HHH000490: Using JtaPlatform implementation: [org.hibernate.engine.transaction.jta.platform.internal.NoJtaPlatform]
2021-08-11 14:28:25,523 INFO org.springframework.orm.jpa.AbstractEntityManagerFactoryBean [restartedMain] Initialized JPA EntityManagerFactory for persistence unit 'default'
2021-08-11 14:28:25,816 INFO org.springframework.boot.autoconfigure.h2.H2ConsoleAutoConfiguration [restartedMain] H2 console available at '/h2-console'. Database available at 'jdbc:h2:file:/home/janaka/QMS/database/qmsdb'
2021-08-11 14:28:26,106 INFO org.springframework.security.web.DefaultSecurityFilterChain [restartedMain] Will secure Ant [pattern='/resources/**'] with []
2021-08-11 14:28:26,107 INFO org.springframework.security.web.DefaultSecurityFilterChain [restartedMain] Will secure Ant [pattern='/static/**'] with []
2021-08-11 14:28:26,107 INFO org.springframework.security.web.DefaultSecurityFilterChain [restartedMain] Will secure Ant [pattern='/plugins/**'] with []
2021-08-11 14:28:26,107 INFO org.springframework.security.web.DefaultSecurityFilterChain [restartedMain] Will secure Ant [pattern='/css/**'] with []
2021-08-11 14:28:26,107 INFO org.springframework.security.web.DefaultSecurityFilterChain [restartedMain] Will secure Ant [pattern='/js/**'] with []
2021-08-11 14:28:26,107 INFO org.springframework.security.web.DefaultSecurityFilterChain [restartedMain] Will secure Ant [pattern='/assets/**'] with []
2021-08-11 14:28:26,107 INFO org.springframework.security.web.DefaultSecurityFilterChain [restartedMain] Will secure Ant [pattern='/assets/css/**'] with []
2021-08-11 14:28:26,107 INFO org.springframework.security.web.DefaultSecurityFilterChain [restartedMain] Will secure Ant [pattern='/assets/js/**'] with []
2021-08-11 14:28:26,107 INFO org.springframework.security.web.DefaultSecurityFilterChain [restartedMain] Will secure Ant [pattern='/img/**'] with []
2021-08-11 14:28:26,108 INFO org.springframework.security.web.DefaultSecurityFilterChain [restartedMain] Will secure Ant [pattern='/webjars/**'] with []
2021-08-11 14:28:26,108 INFO org.springframework.security.web.DefaultSecurityFilterChain [restartedMain] Will secure Ant [pattern='/h2-console/**'] with []
2021-08-11 14:28:26,132 INFO org.springframework.security.web.DefaultSecurityFilterChain [restartedMain] Will secure any request with [org.springframework.security.web.context.request.async.WebAsyncManagerIntegrationFilter@523e658e, org.springframework.security.web.context.SecurityContextPersistenceFilter@13ae211d, org.springframework.security.web.header.HeaderWriterFilter@7e4eaed, org.springframework.security.web.csrf.CsrfFilter@2d138d70, org.springframework.security.web.authentication.logout.LogoutFilter@289b8520, org.springframework.security.web.authentication.UsernamePasswordAuthenticationFilter@1c5a8018, org.springframework.security.web.savedrequest.RequestCacheAwareFilter@770182d2, org.springframework.security.web.servletapi.SecurityContextHolderAwareRequestFilter@7b6146d, org.springframework.security.web.authentication.AnonymousAuthenticationFilter@4747d9b1, org.springframework.security.web.session.SessionManagementFilter@1393e796, org.springframework.security.web.access.ExceptionTranslationFilter@65860ebb, org.springframework.security.web.access.intercept.FilterSecurityInterceptor@7365a591]
2021-08-11 14:28:26,763 INFO org.springframework.boot.devtools.autoconfigure.OptionalLiveReloadServer [restartedMain] LiveReload server is running on port 35729
2021-08-11 14:28:26,789 INFO org.springframework.boot.web.embedded.tomcat.TomcatWebServer [restartedMain] Tomcat started on port(s): 8081 (http) with context path ''
2021-08-11 14:28:26,791 INFO org.springframework.core.log.CompositeLog [restartedMain] Starting...
2021-08-11 14:28:26,791 INFO org.springframework.core.log.CompositeLog [restartedMain] BrokerAvailabilityEvent[available=true, SimpleBrokerMessageHandler [org.springframework.messaging.simp.broker.DefaultSubscriptionRegistry@4a391f5f]]
2021-08-11 14:28:26,791 INFO org.springframework.core.log.CompositeLog [restartedMain] Started.
2021-08-11 14:28:26,799 INFO org.springframework.boot.StartupInfoLogger [restartedMain] Started Qms3Application in 3.619 seconds (JVM running for 4.202)
2021-08-11 14:28:37,652 INFO org.springframework.web.servlet.FrameworkServlet [http-nio-8081-exec-1] Initializing Servlet 'dispatcherServlet'
2021-08-11 14:28:37,654 INFO org.springframework.web.servlet.FrameworkServlet [http-nio-8081-exec-1] Completed initialization in 1 ms
2021-08-11 14:28:37,689 ERROR com.rcs2.cms.exception.GlobalExceptionHandler [http-nio-8081-exec-1] Exception during execution of QMS application
java.lang.IllegalArgumentException: Null key returned for cache operation (maybe you are using named params on classes without debug info?) Builder[public java.util.List com.rcs2.cms.service.RestClient.getServiceCategory()] caches=[categoriesCache] | key='#p0' | keyGenerator='' | cacheManager='' | cacheResolver='' | condition='' | unless='' | sync='false'
	at org.springframework.cache.interceptor.CacheAspectSupport.generateKey(CacheAspectSupport.java:595)
	at org.springframework.cache.interceptor.CacheAspectSupport.findCachedItem(CacheAspectSupport.java:535)
	at org.springframework.cache.interceptor.CacheAspectSupport.execute(CacheAspectSupport.java:402)
	at org.springframework.cache.interceptor.CacheAspectSupport.execute(CacheAspectSupport.java:345)
	at org.springframework.cache.interceptor.CacheInterceptor.invoke(CacheInterceptor.java:64)
	at org.springframework.aop.framework.ReflectiveMethodInvocation.proceed(ReflectiveMethodInvocation.java:186)
	at org.springframework.aop.framework.CglibAopProxy$CglibMethodInvocation.proceed(CglibAopProxy.java:750)
	at org.springframework.aop.framework.CglibAopProxy$DynamicAdvisedInterceptor.intercept(CglibAopProxy.java:692)
	at com.rcs2.cms.service.RestClient$$EnhancerBySpringCGLIB$$ac9af00b.getServiceCategory(<generated>)
	at com.rcs2.cms.controller.WebController.issuer(WebController.java:67)
	at java.base/jdk.internal.reflect.NativeMethodAccessorImpl.invoke0(Native Method)
	at java.base/jdk.internal.reflect.NativeMethodAccessorImpl.invoke(NativeMethodAccessorImpl.java:64)
	at java.base/jdk.internal.reflect.DelegatingMethodAccessorImpl.invoke(DelegatingMethodAccessorImpl.java:43)
	at java.base/java.lang.reflect.Method.invoke(Method.java:564)
	at org.springframework.web.method.support.InvocableHandlerMethod.doInvoke(InvocableHandlerMethod.java:197)
	at org.springframework.web.method.support.InvocableHandlerMethod.invokeForRequest(InvocableHandlerMethod.java:141)
	at org.springframework.web.servlet.mvc.method.annotation.ServletInvocableHandlerMethod.invokeAndHandle(ServletInvocableHandlerMethod.java:106)
	at org.springframework.web.servlet.mvc.method.annotation.RequestMappingHandlerAdapter.invokeHandlerMethod(RequestMappingHandlerAdapter.java:894)
	at org.springframework.web.servlet.mvc.method.annotation.RequestMappingHandlerAdapter.handleInternal(RequestMappingHandlerAdapter.java:808)
	at org.springframework.web.servlet.mvc.method.AbstractHandlerMethodAdapter.handle(AbstractHandlerMethodAdapter.java:87)
	at org.springframework.web.servlet.DispatcherServlet.doDispatch(DispatcherServlet.java:1063)
	at org.springframework.web.servlet.DispatcherServlet.doService(DispatcherServlet.java:963)
	at org.springframework.web.servlet.FrameworkServlet.processRequest(FrameworkServlet.java:1006)
	at org.springframework.web.servlet.FrameworkServlet.doGet(FrameworkServlet.java:898)
	at javax.servlet.http.HttpServlet.service(HttpServlet.java:655)
	at org.springframework.web.servlet.FrameworkServlet.service(FrameworkServlet.java:883)
	at javax.servlet.http.HttpServlet.service(HttpServlet.java:764)
	at org.apache.catalina.core.ApplicationFilterChain.internalDoFilter(ApplicationFilterChain.java:228)
	at org.apache.catalina.core.ApplicationFilterChain.doFilter(ApplicationFilterChain.java:163)
	at org.apache.tomcat.websocket.server.WsFilter.doFilter(WsFilter.java:53)
	at org.apache.catalina.core.ApplicationFilterChain.internalDoFilter(ApplicationFilterChain.java:190)
	at org.apache.catalina.core.ApplicationFilterChain.doFilter(ApplicationFilterChain.java:163)
	at org.springframework.web.servlet.resource.ResourceUrlEncodingFilter.doFilter(ResourceUrlEncodingFilter.java:67)
	at org.apache.catalina.core.ApplicationFilterChain.internalDoFilter(ApplicationFilterChain.java:190)
	at org.apache.catalina.core.ApplicationFilterChain.doFilter(ApplicationFilterChain.java:163)
	at org.springframework.security.web.FilterChainProxy$VirtualFilterChain.doFilter(FilterChainProxy.java:327)
	at org.springframework.security.web.access.intercept.FilterSecurityInterceptor.invoke(FilterSecurityInterceptor.java:115)
	at org.springframework.security.web.access.intercept.FilterSecurityInterceptor.doFilter(FilterSecurityInterceptor.java:81)
	at org.springframework.security.web.FilterChainProxy$VirtualFilterChain.doFilter(FilterChainProxy.java:336)
	at org.springframework.security.web.access.ExceptionTranslationFilter.doFilter(ExceptionTranslationFilter.java:121)
	at org.springframework.security.web.access.ExceptionTranslationFilter.doFilter(ExceptionTranslationFilter.java:115)
	at org.springframework.security.web.FilterChainProxy$VirtualFilterChain.doFilter(FilterChainProxy.java:336)
	at org.springframework.security.web.session.SessionManagementFilter.doFilter(SessionManagementFilter.java:126)
	at org.springframework.security.web.session.SessionManagementFilter.doFilter(SessionManagementFilter.java:81)
	at org.springframework.security.web.FilterChainProxy$VirtualFilterChain.doFilter(FilterChainProxy.java:336)
	at org.springframework.security.web.authentication.AnonymousAuthenticationFilter.doFilter(AnonymousAuthenticationFilter.java:105)
	at org.springframework.security.web.FilterChainProxy$VirtualFilterChain.doFilter(FilterChainProxy.java:336)
	at org.springframework.security.web.servletapi.SecurityContextHolderAwareRequestFilter.doFilter(SecurityContextHolderAwareRequestFilter.java:149)
	at org.springframework.security.web.FilterChainProxy$VirtualFilterChain.doFilter(FilterChainProxy.java:336)
	at org.springframework.security.web.savedrequest.RequestCacheAwareFilter.doFilter(RequestCacheAwareFilter.java:63)
	at org.springframework.security.web.FilterChainProxy$VirtualFilterChain.doFilter(FilterChainProxy.java:336)
	at org.springframework.security.web.authentication.AbstractAuthenticationProcessingFilter.doFilter(AbstractAuthenticationProcessingFilter.java:218)
	at org.springframework.security.web.authentication.AbstractAuthenticationProcessingFilter.doFilter(AbstractAuthenticationProcessingFilter.java:212)
	at org.springframework.security.web.FilterChainProxy$VirtualFilterChain.doFilter(FilterChainProxy.java:336)
	at org.springframework.security.web.authentication.logout.LogoutFilter.doFilter(LogoutFilter.java:103)
	at org.springframework.security.web.authentication.logout.LogoutFilter.doFilter(LogoutFilter.java:89)
	at org.springframework.security.web.FilterChainProxy$VirtualFilterChain.doFilter(FilterChainProxy.java:336)
	at org.springframework.security.web.csrf.CsrfFilter.doFilterInternal(CsrfFilter.java:117)
	at org.springframework.web.filter.OncePerRequestFilter.doFilter(OncePerRequestFilter.java:119)
	at org.springframework.security.web.FilterChainProxy$VirtualFilterChain.doFilter(FilterChainProxy.java:336)
	at org.springframework.security.web.header.HeaderWriterFilter.doHeadersAfter(HeaderWriterFilter.java:90)
	at org.springframework.security.web.header.HeaderWriterFilter.doFilterInternal(HeaderWriterFilter.java:75)
	at org.springframework.web.filter.OncePerRequestFilter.doFilter(OncePerRequestFilter.java:119)
	at org.springframework.security.web.FilterChainProxy$VirtualFilterChain.doFilter(FilterChainProxy.java:336)
	at org.springframework.security.web.context.SecurityContextPersistenceFilter.doFilter(SecurityContextPersistenceFilter.java:110)
	at org.springframework.security.web.context.SecurityContextPersistenceFilter.doFilter(SecurityContextPersistenceFilter.java:80)
	at org.springframework.security.web.FilterChainProxy$VirtualFilterChain.doFilter(FilterChainProxy.java:336)
	at org.springframework.security.web.context.request.async.WebAsyncManagerIntegrationFilter.doFilterInternal(WebAsyncManagerIntegrationFilter.java:55)
	at org.springframework.web.filter.OncePerRequestFilter.doFilter(OncePerRequestFilter.java:119)
	at org.springframework.security.web.FilterChainProxy$VirtualFilterChain.doFilter(FilterChainProxy.java:336)
	at org.springframework.security.web.FilterChainProxy.doFilterInternal(FilterChainProxy.java:211)
	at org.springframework.security.web.FilterChainProxy.doFilter(FilterChainProxy.java:183)
	at org.springframework.web.filter.DelegatingFilterProxy.invokeDelegate(DelegatingFilterProxy.java:358)
	at org.springframework.web.filter.DelegatingFilterProxy.doFilter(DelegatingFilterProxy.java:271)
	at org.apache.catalina.core.ApplicationFilterChain.internalDoFilter(ApplicationFilterChain.java:190)
	at org.apache.catalina.core.ApplicationFilterChain.doFilter(ApplicationFilterChain.java:163)
	at org.springframework.web.filter.RequestContextFilter.doFilterInternal(RequestContextFilter.java:100)
	at org.springframework.web.filter.OncePerRequestFilter.doFilter(OncePerRequestFilter.java:119)
	at org.apache.catalina.core.ApplicationFilterChain.internalDoFilter(ApplicationFilterChain.java:190)
	at org.apache.catalina.core.ApplicationFilterChain.doFilter(ApplicationFilterChain.java:163)
	at org.springframework.web.filter.FormContentFilter.doFilterInternal(FormContentFilter.java:93)
	at org.springframework.web.filter.OncePerRequestFilter.doFilter(OncePerRequestFilter.java:119)
	at org.apache.catalina.core.ApplicationFilterChain.internalDoFilter(ApplicationFilterChain.java:190)
	at org.apache.catalina.core.ApplicationFilterChain.doFilter(ApplicationFilterChain.java:163)
	at org.springframework.web.filter.CharacterEncodingFilter.doFilterInternal(CharacterEncodingFilter.java:201)
	at org.springframework.web.filter.OncePerRequestFilter.doFilter(OncePerRequestFilter.java:119)
	at org.apache.catalina.core.ApplicationFilterChain.internalDoFilter(ApplicationFilterChain.java:190)
	at org.apache.catalina.core.ApplicationFilterChain.doFilter(ApplicationFilterChain.java:163)
	at org.apache.catalina.core.StandardWrapperValve.invoke(StandardWrapperValve.java:202)
	at org.apache.catalina.core.StandardContextValve.invoke(StandardContextValve.java:97)
	at org.apache.catalina.authenticator.AuthenticatorBase.invoke(AuthenticatorBase.java:542)
	at org.apache.catalina.core.StandardHostValve.invoke(StandardHostValve.java:143)
	at org.apache.catalina.valves.ErrorReportValve.invoke(ErrorReportValve.java:92)
	at org.apache.catalina.core.StandardEngineValve.invoke(StandardEngineValve.java:78)
	at org.apache.catalina.connector.CoyoteAdapter.service(CoyoteAdapter.java:357)
	at org.apache.coyote.http11.Http11Processor.service(Http11Processor.java:382)
	at org.apache.coyote.AbstractProcessorLight.process(AbstractProcessorLight.java:65)
	at org.apache.coyote.AbstractProtocol$ConnectionHandler.process(AbstractProtocol.java:893)
	at org.apache.tomcat.util.net.NioEndpoint$SocketProcessor.doRun(NioEndpoint.java:1723)
	at org.apache.tomcat.util.net.SocketProcessorBase.run(SocketProcessorBase.java:49)
	at java.base/java.util.concurrent.ThreadPoolExecutor.runWorker(ThreadPoolExecutor.java:1130)
	at java.base/java.util.concurrent.ThreadPoolExecutor$Worker.run(ThreadPoolExecutor.java:630)
	at org.apache.tomcat.util.threads.TaskThread$WrappingRunnable.run(TaskThread.java:61)
	at java.base/java.lang.Thread.run(Thread.java:832)
2021-08-11 14:28:37,691 WARN org.springframework.web.servlet.handler.AbstractHandlerExceptionResolver [http-nio-8081-exec-1] Resolved [java.lang.IllegalArgumentException: Null key returned for cache operation (maybe you are using named params on classes without debug info?) Builder[public java.util.List com.rcs2.cms.service.RestClient.getServiceCategory()] caches=[categoriesCache] | key='#p0' | keyGenerator='' | cacheManager='' | cacheResolver='' | condition='' | unless='' | sync='false']
2021-08-11 14:29:26,177 INFO org.springframework.web.socket.config.WebSocketMessageBrokerStats [MessageBroker-1] WebSocketSession[0 current WS(0)-HttpStream(0)-HttpPoll(0), 0 total, 0 closed abnormally (0 connect failure, 0 send limit, 0 transport error)], stompSubProtocol[processed CONNECT(0)-CONNECTED(0)-DISCONNECT(0)], stompBrokerRelay[null], inboundChannel[pool size = 0, active threads = 0, queued tasks = 0, completed tasks = 0], outboundChannel[pool size = 0, active threads = 0, queued tasks = 0, completed tasks = 0], sockJsScheduler[pool size = 1, active threads = 1, queued tasks = 0, completed tasks = 0]
2021-08-11 14:52:41,490 INFO org.springframework.core.log.CompositeLog [Thread-8] Stopping...
2021-08-11 14:52:41,491 INFO org.springframework.core.log.CompositeLog [Thread-8] BrokerAvailabilityEvent[available=false, SimpleBrokerMessageHandler [org.springframework.messaging.simp.broker.DefaultSubscriptionRegistry@4a391f5f]]
2021-08-11 14:52:41,491 INFO org.springframework.core.log.CompositeLog [Thread-8] Stopped.
2021-08-11 14:52:41,512 INFO org.springframework.orm.jpa.AbstractEntityManagerFactoryBean [Thread-8] Closing JPA EntityManagerFactory for persistence unit 'default'
2021-08-11 14:52:41,607 INFO org.springframework.boot.StartupInfoLogger [restartedMain] Starting Qms3Application using Java 15.0.2 on janaka-Vostro-3578 with PID 28862 (/home/janaka/eclipse-workspace/QMS-3/target/classes started by janaka in /home/janaka/eclipse-workspace/QMS-3)
2021-08-11 14:52:41,608 INFO org.springframework.boot.SpringApplication [restartedMain] No active profile set, falling back to default profiles: default
2021-08-11 14:52:41,720 INFO org.springframework.data.repository.config.RepositoryConfigurationDelegate [restartedMain] Bootstrapping Spring Data JPA repositories in DEFAULT mode.
2021-08-11 14:52:41,727 INFO org.springframework.data.repository.config.RepositoryConfigurationDelegate [restartedMain] Finished Spring Data repository scanning in 7 ms. Found 3 JPA repository interfaces.
2021-08-11 14:52:41,813 INFO org.springframework.boot.web.embedded.tomcat.TomcatWebServer [restartedMain] Tomcat initialized with port(s): 8081 (http)
2021-08-11 14:52:41,821 INFO org.springframework.boot.web.servlet.context.ServletWebServerApplicationContext [restartedMain] Root WebApplicationContext: initialization completed in 212 ms
2021-08-11 14:52:41,860 INFO org.hibernate.jpa.internal.util.LogHelper [restartedMain] HHH000204: Processing PersistenceUnitInfo [name: default]
2021-08-11 14:52:41,867 INFO org.hibernate.dialect.Dialect [restartedMain] HHH000400: Using dialect: org.hibernate.dialect.H2Dialect
2021-08-11 14:52:41,914 INFO org.hibernate.engine.transaction.jta.platform.internal.JtaPlatformInitiator [restartedMain] HHH000490: Using JtaPlatform implementation: [org.hibernate.engine.transaction.jta.platform.internal.NoJtaPlatform]
2021-08-11 14:52:41,915 INFO org.springframework.orm.jpa.AbstractEntityManagerFactoryBean [restartedMain] Initialized JPA EntityManagerFactory for persistence unit 'default'
2021-08-11 14:52:41,965 INFO org.springframework.boot.autoconfigure.h2.H2ConsoleAutoConfiguration [restartedMain] H2 console available at '/h2-console'. Database available at 'jdbc:h2:file:/home/janaka/QMS/database/qmsdb'
2021-08-11 14:52:42,078 INFO org.springframework.security.web.DefaultSecurityFilterChain [restartedMain] Will secure Ant [pattern='/resources/**'] with []
2021-08-11 14:52:42,078 INFO org.springframework.security.web.DefaultSecurityFilterChain [restartedMain] Will secure Ant [pattern='/static/**'] with []
2021-08-11 14:52:42,078 INFO org.springframework.security.web.DefaultSecurityFilterChain [restartedMain] Will secure Ant [pattern='/plugins/**'] with []
2021-08-11 14:52:42,078 INFO org.springframework.security.web.DefaultSecurityFilterChain [restartedMain] Will secure Ant [pattern='/css/**'] with []
2021-08-11 14:52:42,079 INFO org.springframework.security.web.DefaultSecurityFilterChain [restartedMain] Will secure Ant [pattern='/js/**'] with []
2021-08-11 14:52:42,079 INFO org.springframework.security.web.DefaultSecurityFilterChain [restartedMain] Will secure Ant [pattern='/assets/**'] with []
2021-08-11 14:52:42,079 INFO org.springframework.security.web.DefaultSecurityFilterChain [restartedMain] Will secure Ant [pattern='/assets/css/**'] with []
2021-08-11 14:52:42,079 INFO org.springframework.security.web.DefaultSecurityFilterChain [restartedMain] Will secure Ant [pattern='/assets/js/**'] with []
2021-08-11 14:52:42,079 INFO org.springframework.security.web.DefaultSecurityFilterChain [restartedMain] Will secure Ant [pattern='/img/**'] with []
2021-08-11 14:52:42,079 INFO org.springframework.security.web.DefaultSecurityFilterChain [restartedMain] Will secure Ant [pattern='/webjars/**'] with []
2021-08-11 14:52:42,079 INFO org.springframework.security.web.DefaultSecurityFilterChain [restartedMain] Will secure Ant [pattern='/h2-console/**'] with []
2021-08-11 14:52:42,088 INFO org.springframework.security.web.DefaultSecurityFilterChain [restartedMain] Will secure any request with [org.springframework.security.web.context.request.async.WebAsyncManagerIntegrationFilter@154c0c2b, org.springframework.security.web.context.SecurityContextPersistenceFilter@49a875f4, org.springframework.security.web.header.HeaderWriterFilter@64d81f81, org.springframework.security.web.csrf.CsrfFilter@74aae494, org.springframework.security.web.authentication.logout.LogoutFilter@278629d0, org.springframework.security.web.authentication.UsernamePasswordAuthenticationFilter@513de295, org.springframework.security.web.savedrequest.RequestCacheAwareFilter@4eda4d20, org.springframework.security.web.servletapi.SecurityContextHolderAwareRequestFilter@6ada776d, org.springframework.security.web.authentication.AnonymousAuthenticationFilter@52504327, org.springframework.security.web.session.SessionManagementFilter@6a85a274, org.springframework.security.web.access.ExceptionTranslationFilter@4106ca5, org.springframework.security.web.access.intercept.FilterSecurityInterceptor@50444097]
2021-08-11 14:52:42,273 INFO org.springframework.boot.devtools.autoconfigure.OptionalLiveReloadServer [restartedMain] LiveReload server is running on port 35729
2021-08-11 14:52:42,282 INFO org.springframework.boot.web.embedded.tomcat.TomcatWebServer [restartedMain] Tomcat started on port(s): 8081 (http) with context path ''
2021-08-11 14:52:42,283 INFO org.springframework.core.log.CompositeLog [restartedMain] Starting...
2021-08-11 14:52:42,283 INFO org.springframework.core.log.CompositeLog [restartedMain] BrokerAvailabilityEvent[available=true, SimpleBrokerMessageHandler [org.springframework.messaging.simp.broker.DefaultSubscriptionRegistry@27879d66]]
2021-08-11 14:52:42,283 INFO org.springframework.core.log.CompositeLog [restartedMain] Started.
2021-08-11 14:52:42,286 INFO org.springframework.boot.StartupInfoLogger [restartedMain] Started Qms3Application in 0.707 seconds (JVM running for 1459.689)
2021-08-11 14:52:42,288 INFO org.springframework.boot.devtools.autoconfigure.ConditionEvaluationDeltaLoggingListener [restartedMain] Condition evaluation unchanged
2021-08-11 14:52:43,104 INFO org.springframework.boot.admin.SpringApplicationAdminMXBeanRegistrar$SpringApplicationAdmin [RMI TCP Connection(28)-127.0.0.1] Application shutdown requested.
2021-08-11 14:52:43,107 INFO org.springframework.core.log.CompositeLog [RMI TCP Connection(28)-127.0.0.1] Stopping...
2021-08-11 14:52:43,108 INFO org.springframework.core.log.CompositeLog [RMI TCP Connection(28)-127.0.0.1] BrokerAvailabilityEvent[available=false, SimpleBrokerMessageHandler [org.springframework.messaging.simp.broker.DefaultSubscriptionRegistry@27879d66]]
2021-08-11 14:52:43,109 INFO org.springframework.core.log.CompositeLog [RMI TCP Connection(28)-127.0.0.1] Stopped.
2021-08-11 14:52:43,144 INFO org.springframework.orm.jpa.AbstractEntityManagerFactoryBean [RMI TCP Connection(28)-127.0.0.1] Closing JPA EntityManagerFactory for persistence unit 'default'
2021-08-11 14:52:54,150 INFO org.springframework.boot.StartupInfoLogger [restartedMain] Starting Qms3Application using Java 15.0.2 on janaka-Vostro-3578 with PID 29716 (/home/janaka/eclipse-workspace/QMS-3/target/classes started by janaka in /home/janaka/eclipse-workspace/QMS-3)
2021-08-11 14:52:54,151 INFO org.springframework.boot.SpringApplication [restartedMain] No active profile set, falling back to default profiles: default
2021-08-11 14:52:54,300 INFO org.springframework.boot.logging.DeferredLog [restartedMain] Devtools property defaults active! Set 'spring.devtools.add-properties' to 'false' to disable
2021-08-11 14:52:54,301 INFO org.springframework.boot.logging.DeferredLog [restartedMain] For additional web related logging consider setting the 'logging.level.web' property to 'DEBUG'
2021-08-11 14:52:54,716 INFO org.springframework.data.repository.config.RepositoryConfigurationDelegate [restartedMain] Bootstrapping Spring Data JPA repositories in DEFAULT mode.
2021-08-11 14:52:54,748 INFO org.springframework.data.repository.config.RepositoryConfigurationDelegate [restartedMain] Finished Spring Data repository scanning in 26 ms. Found 3 JPA repository interfaces.
2021-08-11 14:52:55,145 INFO org.springframework.boot.web.embedded.tomcat.TomcatWebServer [restartedMain] Tomcat initialized with port(s): 8081 (http)
2021-08-11 14:52:55,195 INFO org.springframework.boot.web.servlet.context.ServletWebServerApplicationContext [restartedMain] Root WebApplicationContext: initialization completed in 894 ms
2021-08-11 14:52:55,368 INFO org.hibernate.jpa.internal.util.LogHelper [restartedMain] HHH000204: Processing PersistenceUnitInfo [name: default]
2021-08-11 14:52:55,394 INFO org.hibernate.Version [restartedMain] HHH000412: Hibernate ORM core version 5.4.32.Final
2021-08-11 14:52:55,460 INFO org.hibernate.annotations.common.reflection.java.JavaReflectionManager [restartedMain] HCANN000001: Hibernate Commons Annotations {5.1.2.Final}
2021-08-11 14:52:55,642 INFO org.hibernate.dialect.Dialect [restartedMain] HHH000400: Using dialect: org.hibernate.dialect.H2Dialect
2021-08-11 14:52:56,019 INFO org.hibernate.engine.transaction.jta.platform.internal.JtaPlatformInitiator [restartedMain] HHH000490: Using JtaPlatform implementation: [org.hibernate.engine.transaction.jta.platform.internal.NoJtaPlatform]
2021-08-11 14:52:56,024 INFO org.springframework.orm.jpa.AbstractEntityManagerFactoryBean [restartedMain] Initialized JPA EntityManagerFactory for persistence unit 'default'
2021-08-11 14:52:56,275 INFO org.springframework.boot.autoconfigure.h2.H2ConsoleAutoConfiguration [restartedMain] H2 console available at '/h2-console'. Database available at 'jdbc:h2:file:/home/janaka/QMS/database/qmsdb'
2021-08-11 14:52:56,556 INFO org.springframework.security.web.DefaultSecurityFilterChain [restartedMain] Will secure Ant [pattern='/resources/**'] with []
2021-08-11 14:52:56,556 INFO org.springframework.security.web.DefaultSecurityFilterChain [restartedMain] Will secure Ant [pattern='/static/**'] with []
2021-08-11 14:52:56,556 INFO org.springframework.security.web.DefaultSecurityFilterChain [restartedMain] Will secure Ant [pattern='/plugins/**'] with []
2021-08-11 14:52:56,556 INFO org.springframework.security.web.DefaultSecurityFilterChain [restartedMain] Will secure Ant [pattern='/css/**'] with []
2021-08-11 14:52:56,556 INFO org.springframework.security.web.DefaultSecurityFilterChain [restartedMain] Will secure Ant [pattern='/js/**'] with []
2021-08-11 14:52:56,557 INFO org.springframework.security.web.DefaultSecurityFilterChain [restartedMain] Will secure Ant [pattern='/assets/**'] with []
2021-08-11 14:52:56,557 INFO org.springframework.security.web.DefaultSecurityFilterChain [restartedMain] Will secure Ant [pattern='/assets/css/**'] with []
2021-08-11 14:52:56,557 INFO org.springframework.security.web.DefaultSecurityFilterChain [restartedMain] Will secure Ant [pattern='/assets/js/**'] with []
2021-08-11 14:52:56,557 INFO org.springframework.security.web.DefaultSecurityFilterChain [restartedMain] Will secure Ant [pattern='/img/**'] with []
2021-08-11 14:52:56,557 INFO org.springframework.security.web.DefaultSecurityFilterChain [restartedMain] Will secure Ant [pattern='/webjars/**'] with []
2021-08-11 14:52:56,557 INFO org.springframework.security.web.DefaultSecurityFilterChain [restartedMain] Will secure Ant [pattern='/h2-console/**'] with []
2021-08-11 14:52:56,580 INFO org.springframework.security.web.DefaultSecurityFilterChain [restartedMain] Will secure any request with [org.springframework.security.web.context.request.async.WebAsyncManagerIntegrationFilter@6005cfff, org.springframework.security.web.context.SecurityContextPersistenceFilter@54f6014, org.springframework.security.web.header.HeaderWriterFilter@7de17a58, org.springframework.security.web.csrf.CsrfFilter@49caab9b, org.springframework.security.web.authentication.logout.LogoutFilter@356de93c, org.springframework.security.web.authentication.UsernamePasswordAuthenticationFilter@3f624539, org.springframework.security.web.savedrequest.RequestCacheAwareFilter@5f20557b, org.springframework.security.web.servletapi.SecurityContextHolderAwareRequestFilter@39723336, org.springframework.security.web.authentication.AnonymousAuthenticationFilter@65f0d1d, org.springframework.security.web.session.SessionManagementFilter@6dc979f9, org.springframework.security.web.access.ExceptionTranslationFilter@7cce8988, org.springframework.security.web.access.intercept.FilterSecurityInterceptor@6145d654]
2021-08-11 14:52:57,176 INFO org.springframework.boot.devtools.autoconfigure.OptionalLiveReloadServer [restartedMain] LiveReload server is running on port 35729
2021-08-11 14:52:57,201 INFO org.springframework.boot.web.embedded.tomcat.TomcatWebServer [restartedMain] Tomcat started on port(s): 8081 (http) with context path ''
2021-08-11 14:52:57,202 INFO org.springframework.core.log.CompositeLog [restartedMain] Starting...
2021-08-11 14:52:57,202 INFO org.springframework.core.log.CompositeLog [restartedMain] BrokerAvailabilityEvent[available=true, SimpleBrokerMessageHandler [org.springframework.messaging.simp.broker.DefaultSubscriptionRegistry@7793e687]]
2021-08-11 14:52:57,202 INFO org.springframework.core.log.CompositeLog [restartedMain] Started.
2021-08-11 14:52:57,210 INFO org.springframework.boot.StartupInfoLogger [restartedMain] Started Qms3Application in 3.286 seconds (JVM running for 3.878)
2021-08-11 14:53:13,515 INFO org.springframework.web.servlet.FrameworkServlet [http-nio-8081-exec-1] Initializing Servlet 'dispatcherServlet'
2021-08-11 14:53:13,516 INFO org.springframework.web.servlet.FrameworkServlet [http-nio-8081-exec-1] Completed initialization in 1 ms
2021-08-11 14:53:14,273 INFO com.rcs2.cms.service.RestClient [http-nio-8081-exec-1] getting success find the category services
2021-08-11 14:53:56,627 INFO org.springframework.web.socket.config.WebSocketMessageBrokerStats [MessageBroker-1] WebSocketSession[0 current WS(0)-HttpStream(0)-HttpPoll(0), 0 total, 0 closed abnormally (0 connect failure, 0 send limit, 0 transport error)], stompSubProtocol[processed CONNECT(0)-CONNECTED(0)-DISCONNECT(0)], stompBrokerRelay[null], inboundChannel[pool size = 0, active threads = 0, queued tasks = 0, completed tasks = 0], outboundChannel[pool size = 0, active threads = 0, queued tasks = 0, completed tasks = 0], sockJsScheduler[pool size = 1, active threads = 1, queued tasks = 0, completed tasks = 0]
2021-08-11 14:54:31,367 INFO org.springframework.boot.admin.SpringApplicationAdminMXBeanRegistrar$SpringApplicationAdmin [RMI TCP Connection(5)-127.0.0.1] Application shutdown requested.
2021-08-11 14:54:31,373 INFO org.springframework.core.log.CompositeLog [RMI TCP Connection(5)-127.0.0.1] Stopping...
2021-08-11 14:54:31,374 INFO org.springframework.core.log.CompositeLog [RMI TCP Connection(5)-127.0.0.1] BrokerAvailabilityEvent[available=false, SimpleBrokerMessageHandler [org.springframework.messaging.simp.broker.DefaultSubscriptionRegistry@7793e687]]
2021-08-11 14:54:31,375 INFO org.springframework.core.log.CompositeLog [RMI TCP Connection(5)-127.0.0.1] Stopped.
2021-08-11 14:54:31,400 INFO org.springframework.orm.jpa.AbstractEntityManagerFactoryBean [RMI TCP Connection(5)-127.0.0.1] Closing JPA EntityManagerFactory for persistence unit 'default'
2021-08-11 14:54:42,983 INFO org.springframework.boot.StartupInfoLogger [restartedMain] Starting Qms3Application using Java 15.0.2 on janaka-Vostro-3578 with PID 30050 (/home/janaka/eclipse-workspace/QMS-3/target/classes started by janaka in /home/janaka/eclipse-workspace/QMS-3)
2021-08-11 14:54:42,985 INFO org.springframework.boot.SpringApplication [restartedMain] No active profile set, falling back to default profiles: default
2021-08-11 14:54:43,137 INFO org.springframework.boot.logging.DeferredLog [restartedMain] Devtools property defaults active! Set 'spring.devtools.add-properties' to 'false' to disable
2021-08-11 14:54:43,137 INFO org.springframework.boot.logging.DeferredLog [restartedMain] For additional web related logging consider setting the 'logging.level.web' property to 'DEBUG'
2021-08-11 14:54:43,561 INFO org.springframework.data.repository.config.RepositoryConfigurationDelegate [restartedMain] Bootstrapping Spring Data JPA repositories in DEFAULT mode.
2021-08-11 14:54:43,594 INFO org.springframework.data.repository.config.RepositoryConfigurationDelegate [restartedMain] Finished Spring Data repository scanning in 27 ms. Found 3 JPA repository interfaces.
2021-08-11 14:54:43,987 INFO org.springframework.boot.web.embedded.tomcat.TomcatWebServer [restartedMain] Tomcat initialized with port(s): 8081 (http)
2021-08-11 14:54:44,037 INFO org.springframework.boot.web.servlet.context.ServletWebServerApplicationContext [restartedMain] Root WebApplicationContext: initialization completed in 900 ms
2021-08-11 14:54:44,214 INFO org.hibernate.jpa.internal.util.LogHelper [restartedMain] HHH000204: Processing PersistenceUnitInfo [name: default]
2021-08-11 14:54:44,241 INFO org.hibernate.Version [restartedMain] HHH000412: Hibernate ORM core version 5.4.32.Final
2021-08-11 14:54:44,309 INFO org.hibernate.annotations.common.reflection.java.JavaReflectionManager [restartedMain] HCANN000001: Hibernate Commons Annotations {5.1.2.Final}
2021-08-11 14:54:44,491 INFO org.hibernate.dialect.Dialect [restartedMain] HHH000400: Using dialect: org.hibernate.dialect.H2Dialect
2021-08-11 14:54:44,880 INFO org.hibernate.engine.transaction.jta.platform.internal.JtaPlatformInitiator [restartedMain] HHH000490: Using JtaPlatform implementation: [org.hibernate.engine.transaction.jta.platform.internal.NoJtaPlatform]
2021-08-11 14:54:44,885 INFO org.springframework.orm.jpa.AbstractEntityManagerFactoryBean [restartedMain] Initialized JPA EntityManagerFactory for persistence unit 'default'
2021-08-11 14:54:45,141 INFO org.springframework.boot.autoconfigure.h2.H2ConsoleAutoConfiguration [restartedMain] H2 console available at '/h2-console'. Database available at 'jdbc:h2:file:/home/janaka/QMS/database/qmsdb'
2021-08-11 14:54:45,416 INFO org.springframework.security.web.DefaultSecurityFilterChain [restartedMain] Will secure Ant [pattern='/resources/**'] with []
2021-08-11 14:54:45,416 INFO org.springframework.security.web.DefaultSecurityFilterChain [restartedMain] Will secure Ant [pattern='/static/**'] with []
2021-08-11 14:54:45,416 INFO org.springframework.security.web.DefaultSecurityFilterChain [restartedMain] Will secure Ant [pattern='/plugins/**'] with []
2021-08-11 14:54:45,416 INFO org.springframework.security.web.DefaultSecurityFilterChain [restartedMain] Will secure Ant [pattern='/css/**'] with []
2021-08-11 14:54:45,416 INFO org.springframework.security.web.DefaultSecurityFilterChain [restartedMain] Will secure Ant [pattern='/js/**'] with []
2021-08-11 14:54:45,417 INFO org.springframework.security.web.DefaultSecurityFilterChain [restartedMain] Will secure Ant [pattern='/assets/**'] with []
2021-08-11 14:54:45,417 INFO org.springframework.security.web.DefaultSecurityFilterChain [restartedMain] Will secure Ant [pattern='/assets/css/**'] with []
2021-08-11 14:54:45,417 INFO org.springframework.security.web.DefaultSecurityFilterChain [restartedMain] Will secure Ant [pattern='/assets/js/**'] with []
2021-08-11 14:54:45,417 INFO org.springframework.security.web.DefaultSecurityFilterChain [restartedMain] Will secure Ant [pattern='/img/**'] with []
2021-08-11 14:54:45,417 INFO org.springframework.security.web.DefaultSecurityFilterChain [restartedMain] Will secure Ant [pattern='/webjars/**'] with []
2021-08-11 14:54:45,417 INFO org.springframework.security.web.DefaultSecurityFilterChain [restartedMain] Will secure Ant [pattern='/h2-console/**'] with []
2021-08-11 14:54:45,440 INFO org.springframework.security.web.DefaultSecurityFilterChain [restartedMain] Will secure any request with [org.springframework.security.web.context.request.async.WebAsyncManagerIntegrationFilter@395c9690, org.springframework.security.web.context.SecurityContextPersistenceFilter@3a6141e, org.springframework.security.web.header.HeaderWriterFilter@6f9de254, org.springframework.security.web.csrf.CsrfFilter@50d581d7, org.springframework.security.web.authentication.logout.LogoutFilter@4e96319c, org.springframework.security.web.authentication.UsernamePasswordAuthenticationFilter@67ee1f6, org.springframework.security.web.savedrequest.RequestCacheAwareFilter@107f85c9, org.springframework.security.web.servletapi.SecurityContextHolderAwareRequestFilter@797b223d, org.springframework.security.web.authentication.AnonymousAuthenticationFilter@53ec8407, org.springframework.security.web.session.SessionManagementFilter@2a6e77bf, org.springframework.security.web.access.ExceptionTranslationFilter@6ab70fbe, org.springframework.security.web.access.intercept.FilterSecurityInterceptor@3cd63196]
2021-08-11 14:54:46,007 INFO org.springframework.boot.devtools.autoconfigure.OptionalLiveReloadServer [restartedMain] LiveReload server is running on port 35729
2021-08-11 14:54:46,036 INFO org.springframework.boot.web.embedded.tomcat.TomcatWebServer [restartedMain] Tomcat started on port(s): 8081 (http) with context path ''
2021-08-11 14:54:46,037 INFO org.springframework.core.log.CompositeLog [restartedMain] Starting...
2021-08-11 14:54:46,038 INFO org.springframework.core.log.CompositeLog [restartedMain] BrokerAvailabilityEvent[available=true, SimpleBrokerMessageHandler [org.springframework.messaging.simp.broker.DefaultSubscriptionRegistry@701cc0ed]]
2021-08-11 14:54:46,038 INFO org.springframework.core.log.CompositeLog [restartedMain] Started.
2021-08-11 14:54:46,047 INFO org.springframework.boot.StartupInfoLogger [restartedMain] Started Qms3Application in 3.287 seconds (JVM running for 3.838)
2021-08-11 14:55:05,465 INFO org.springframework.web.servlet.FrameworkServlet [http-nio-8081-exec-1] Initializing Servlet 'dispatcherServlet'
2021-08-11 14:55:05,466 INFO org.springframework.web.servlet.FrameworkServlet [http-nio-8081-exec-1] Completed initialization in 1 ms
2021-08-11 14:55:05,643 ERROR com.rcs2.cms.service.RestClient [http-nio-8081-exec-1] Remort service getting failed,I/O error on GET request for "https://barcode-integration-demo.azurewebsites.net/en-us/api/common/servicecategory": barcode-integration-demo.azurewebsites.net; nested exception is java.net.UnknownHostException: barcode-integration-demo.azurewebsites.net
2021-08-11 14:55:05,643 INFO com.rcs2.cms.service.RestClient [http-nio-8081-exec-1] getting success find the category services
2021-08-11 14:55:45,481 INFO org.springframework.web.socket.config.WebSocketMessageBrokerStats [MessageBroker-1] WebSocketSession[0 current WS(0)-HttpStream(0)-HttpPoll(0), 0 total, 0 closed abnormally (0 connect failure, 0 send limit, 0 transport error)], stompSubProtocol[processed CONNECT(0)-CONNECTED(0)-DISCONNECT(0)], stompBrokerRelay[null], inboundChannel[pool size = 0, active threads = 0, queued tasks = 0, completed tasks = 0], outboundChannel[pool size = 0, active threads = 0, queued tasks = 0, completed tasks = 0], sockJsScheduler[pool size = 1, active threads = 1, queued tasks = 0, completed tasks = 0]
2021-08-11 14:56:46,848 INFO org.springframework.boot.admin.SpringApplicationAdminMXBeanRegistrar$SpringApplicationAdmin [RMI TCP Connection(4)-127.0.0.1] Application shutdown requested.
2021-08-11 14:56:46,851 INFO org.springframework.core.log.CompositeLog [RMI TCP Connection(4)-127.0.0.1] Stopping...
2021-08-11 14:56:46,851 INFO org.springframework.core.log.CompositeLog [RMI TCP Connection(4)-127.0.0.1] BrokerAvailabilityEvent[available=false, SimpleBrokerMessageHandler [org.springframework.messaging.simp.broker.DefaultSubscriptionRegistry@701cc0ed]]
2021-08-11 14:56:46,852 INFO org.springframework.core.log.CompositeLog [RMI TCP Connection(4)-127.0.0.1] Stopped.
2021-08-11 14:56:46,879 INFO org.springframework.orm.jpa.AbstractEntityManagerFactoryBean [RMI TCP Connection(4)-127.0.0.1] Closing JPA EntityManagerFactory for persistence unit 'default'
2021-08-11 14:56:58,999 INFO org.springframework.boot.StartupInfoLogger [restartedMain] Starting Qms3Application using Java 15.0.2 on janaka-Vostro-3578 with PID 30512 (/home/janaka/eclipse-workspace/QMS-3/target/classes started by janaka in /home/janaka/eclipse-workspace/QMS-3)
2021-08-11 14:56:59,001 INFO org.springframework.boot.SpringApplication [restartedMain] No active profile set, falling back to default profiles: default
2021-08-11 14:56:59,151 INFO org.springframework.boot.logging.DeferredLog [restartedMain] Devtools property defaults active! Set 'spring.devtools.add-properties' to 'false' to disable
2021-08-11 14:56:59,152 INFO org.springframework.boot.logging.DeferredLog [restartedMain] For additional web related logging consider setting the 'logging.level.web' property to 'DEBUG'
2021-08-11 14:56:59,590 INFO org.springframework.data.repository.config.RepositoryConfigurationDelegate [restartedMain] Bootstrapping Spring Data JPA repositories in DEFAULT mode.
2021-08-11 14:56:59,631 INFO org.springframework.data.repository.config.RepositoryConfigurationDelegate [restartedMain] Finished Spring Data repository scanning in 36 ms. Found 3 JPA repository interfaces.
2021-08-11 14:57:00,023 INFO org.springframework.boot.web.embedded.tomcat.TomcatWebServer [restartedMain] Tomcat initialized with port(s): 8081 (http)
2021-08-11 14:57:00,073 INFO org.springframework.boot.web.servlet.context.ServletWebServerApplicationContext [restartedMain] Root WebApplicationContext: initialization completed in 920 ms
2021-08-11 14:57:00,256 INFO org.hibernate.jpa.internal.util.LogHelper [restartedMain] HHH000204: Processing PersistenceUnitInfo [name: default]
2021-08-11 14:57:00,283 INFO org.hibernate.Version [restartedMain] HHH000412: Hibernate ORM core version 5.4.32.Final
2021-08-11 14:57:00,356 INFO org.hibernate.annotations.common.reflection.java.JavaReflectionManager [restartedMain] HCANN000001: Hibernate Commons Annotations {5.1.2.Final}
2021-08-11 14:57:00,535 INFO org.hibernate.dialect.Dialect [restartedMain] HHH000400: Using dialect: org.hibernate.dialect.H2Dialect
2021-08-11 14:57:00,921 INFO org.hibernate.engine.transaction.jta.platform.internal.JtaPlatformInitiator [restartedMain] HHH000490: Using JtaPlatform implementation: [org.hibernate.engine.transaction.jta.platform.internal.NoJtaPlatform]
2021-08-11 14:57:00,925 INFO org.springframework.orm.jpa.AbstractEntityManagerFactoryBean [restartedMain] Initialized JPA EntityManagerFactory for persistence unit 'default'
2021-08-11 14:57:01,179 INFO org.springframework.boot.autoconfigure.h2.H2ConsoleAutoConfiguration [restartedMain] H2 console available at '/h2-console'. Database available at 'jdbc:h2:file:/home/janaka/QMS/database/qmsdb'
2021-08-11 14:57:01,470 INFO org.springframework.security.web.DefaultSecurityFilterChain [restartedMain] Will secure Ant [pattern='/resources/**'] with []
2021-08-11 14:57:01,470 INFO org.springframework.security.web.DefaultSecurityFilterChain [restartedMain] Will secure Ant [pattern='/static/**'] with []
2021-08-11 14:57:01,471 INFO org.springframework.security.web.DefaultSecurityFilterChain [restartedMain] Will secure Ant [pattern='/plugins/**'] with []
2021-08-11 14:57:01,471 INFO org.springframework.security.web.DefaultSecurityFilterChain [restartedMain] Will secure Ant [pattern='/css/**'] with []
2021-08-11 14:57:01,471 INFO org.springframework.security.web.DefaultSecurityFilterChain [restartedMain] Will secure Ant [pattern='/js/**'] with []
2021-08-11 14:57:01,471 INFO org.springframework.security.web.DefaultSecurityFilterChain [restartedMain] Will secure Ant [pattern='/assets/**'] with []
2021-08-11 14:57:01,471 INFO org.springframework.security.web.DefaultSecurityFilterChain [restartedMain] Will secure Ant [pattern='/assets/css/**'] with []
2021-08-11 14:57:01,471 INFO org.springframework.security.web.DefaultSecurityFilterChain [restartedMain] Will secure Ant [pattern='/assets/js/**'] with []
2021-08-11 14:57:01,471 INFO org.springframework.security.web.DefaultSecurityFilterChain [restartedMain] Will secure Ant [pattern='/img/**'] with []
2021-08-11 14:57:01,471 INFO org.springframework.security.web.DefaultSecurityFilterChain [restartedMain] Will secure Ant [pattern='/webjars/**'] with []
2021-08-11 14:57:01,471 INFO org.springframework.security.web.DefaultSecurityFilterChain [restartedMain] Will secure Ant [pattern='/h2-console/**'] with []
2021-08-11 14:57:01,493 INFO org.springframework.security.web.DefaultSecurityFilterChain [restartedMain] Will secure any request with [org.springframework.security.web.context.request.async.WebAsyncManagerIntegrationFilter@22b361b0, org.springframework.security.web.context.SecurityContextPersistenceFilter@3946a1f1, org.springframework.security.web.header.HeaderWriterFilter@796fd85b, org.springframework.security.web.csrf.CsrfFilter@49270963, org.springframework.security.web.authentication.logout.LogoutFilter@401986a9, org.springframework.security.web.authentication.UsernamePasswordAuthenticationFilter@5f843de2, org.springframework.security.web.savedrequest.RequestCacheAwareFilter@234f789e, org.springframework.security.web.servletapi.SecurityContextHolderAwareRequestFilter@7fae4c41, org.springframework.security.web.authentication.AnonymousAuthenticationFilter@c7afa1c, org.springframework.security.web.session.SessionManagementFilter@19afe317, org.springframework.security.web.access.ExceptionTranslationFilter@499957e, org.springframework.security.web.access.intercept.FilterSecurityInterceptor@3060ab4f]
2021-08-11 14:57:02,031 INFO org.springframework.boot.devtools.autoconfigure.OptionalLiveReloadServer [restartedMain] LiveReload server is running on port 35729
2021-08-11 14:57:02,057 INFO org.springframework.boot.web.embedded.tomcat.TomcatWebServer [restartedMain] Tomcat started on port(s): 8081 (http) with context path ''
2021-08-11 14:57:02,058 INFO org.springframework.core.log.CompositeLog [restartedMain] Starting...
2021-08-11 14:57:02,058 INFO org.springframework.core.log.CompositeLog [restartedMain] BrokerAvailabilityEvent[available=true, SimpleBrokerMessageHandler [org.springframework.messaging.simp.broker.DefaultSubscriptionRegistry@6abced79]]
2021-08-11 14:57:02,058 INFO org.springframework.core.log.CompositeLog [restartedMain] Started.
2021-08-11 14:57:02,066 INFO org.springframework.boot.StartupInfoLogger [restartedMain] Started Qms3Application in 3.286 seconds (JVM running for 3.845)
2021-08-11 14:57:09,252 INFO org.springframework.web.servlet.FrameworkServlet [http-nio-8081-exec-1] Initializing Servlet 'dispatcherServlet'
2021-08-11 14:57:09,253 INFO org.springframework.web.servlet.FrameworkServlet [http-nio-8081-exec-1] Completed initialization in 1 ms
2021-08-11 14:57:10,059 INFO com.rcs2.cms.service.RestClient [http-nio-8081-exec-1] getting success find the category services
2021-08-11 14:58:01,534 INFO org.springframework.web.socket.config.WebSocketMessageBrokerStats [MessageBroker-1] WebSocketSession[0 current WS(0)-HttpStream(0)-HttpPoll(0), 0 total, 0 closed abnormally (0 connect failure, 0 send limit, 0 transport error)], stompSubProtocol[processed CONNECT(0)-CONNECTED(0)-DISCONNECT(0)], stompBrokerRelay[null], inboundChannel[pool size = 0, active threads = 0, queued tasks = 0, completed tasks = 0], outboundChannel[pool size = 0, active threads = 0, queued tasks = 0, completed tasks = 0], sockJsScheduler[pool size = 1, active threads = 1, queued tasks = 0, completed tasks = 0]
2021-08-11 14:58:49,244 INFO org.springframework.core.log.CompositeLog [Thread-8] Stopping...
2021-08-11 14:58:49,244 INFO org.springframework.core.log.CompositeLog [Thread-8] BrokerAvailabilityEvent[available=false, SimpleBrokerMessageHandler [org.springframework.messaging.simp.broker.DefaultSubscriptionRegistry@6abced79]]
2021-08-11 14:58:49,244 INFO org.springframework.core.log.CompositeLog [Thread-8] Stopped.
2021-08-11 14:58:49,260 INFO org.springframework.orm.jpa.AbstractEntityManagerFactoryBean [Thread-8] Closing JPA EntityManagerFactory for persistence unit 'default'
2021-08-11 14:58:49,366 INFO org.springframework.boot.StartupInfoLogger [restartedMain] Starting Qms3Application using Java 15.0.2 on janaka-Vostro-3578 with PID 30512 (/home/janaka/eclipse-workspace/QMS-3/target/classes started by janaka in /home/janaka/eclipse-workspace/QMS-3)
2021-08-11 14:58:49,367 INFO org.springframework.boot.SpringApplication [restartedMain] No active profile set, falling back to default profiles: default
2021-08-11 14:58:49,486 INFO org.springframework.data.repository.config.RepositoryConfigurationDelegate [restartedMain] Bootstrapping Spring Data JPA repositories in DEFAULT mode.
2021-08-11 14:58:49,492 INFO org.springframework.data.repository.config.RepositoryConfigurationDelegate [restartedMain] Finished Spring Data repository scanning in 6 ms. Found 3 JPA repository interfaces.
2021-08-11 14:58:49,575 INFO org.springframework.boot.web.embedded.tomcat.TomcatWebServer [restartedMain] Tomcat initialized with port(s): 8081 (http)
2021-08-11 14:58:49,586 INFO org.springframework.boot.web.servlet.context.ServletWebServerApplicationContext [restartedMain] Root WebApplicationContext: initialization completed in 218 ms
2021-08-11 14:58:49,629 INFO org.hibernate.jpa.internal.util.LogHelper [restartedMain] HHH000204: Processing PersistenceUnitInfo [name: default]
2021-08-11 14:58:49,638 INFO org.hibernate.dialect.Dialect [restartedMain] HHH000400: Using dialect: org.hibernate.dialect.H2Dialect
2021-08-11 14:58:49,686 INFO org.hibernate.engine.transaction.jta.platform.internal.JtaPlatformInitiator [restartedMain] HHH000490: Using JtaPlatform implementation: [org.hibernate.engine.transaction.jta.platform.internal.NoJtaPlatform]
2021-08-11 14:58:49,687 INFO org.springframework.orm.jpa.AbstractEntityManagerFactoryBean [restartedMain] Initialized JPA EntityManagerFactory for persistence unit 'default'
2021-08-11 14:58:49,734 INFO org.springframework.boot.autoconfigure.h2.H2ConsoleAutoConfiguration [restartedMain] H2 console available at '/h2-console'. Database available at 'jdbc:h2:file:/home/janaka/QMS/database/qmsdb'
2021-08-11 14:58:49,842 INFO org.springframework.security.web.DefaultSecurityFilterChain [restartedMain] Will secure Ant [pattern='/resources/**'] with []
2021-08-11 14:58:49,842 INFO org.springframework.security.web.DefaultSecurityFilterChain [restartedMain] Will secure Ant [pattern='/static/**'] with []
2021-08-11 14:58:49,842 INFO org.springframework.security.web.DefaultSecurityFilterChain [restartedMain] Will secure Ant [pattern='/plugins/**'] with []
2021-08-11 14:58:49,842 INFO org.springframework.security.web.DefaultSecurityFilterChain [restartedMain] Will secure Ant [pattern='/css/**'] with []
2021-08-11 14:58:49,842 INFO org.springframework.security.web.DefaultSecurityFilterChain [restartedMain] Will secure Ant [pattern='/js/**'] with []
2021-08-11 14:58:49,842 INFO org.springframework.security.web.DefaultSecurityFilterChain [restartedMain] Will secure Ant [pattern='/assets/**'] with []
2021-08-11 14:58:49,842 INFO org.springframework.security.web.DefaultSecurityFilterChain [restartedMain] Will secure Ant [pattern='/assets/css/**'] with []
2021-08-11 14:58:49,842 INFO org.springframework.security.web.DefaultSecurityFilterChain [restartedMain] Will secure Ant [pattern='/assets/js/**'] with []
2021-08-11 14:58:49,842 INFO org.springframework.security.web.DefaultSecurityFilterChain [restartedMain] Will secure Ant [pattern='/img/**'] with []
2021-08-11 14:58:49,843 INFO org.springframework.security.web.DefaultSecurityFilterChain [restartedMain] Will secure Ant [pattern='/webjars/**'] with []
2021-08-11 14:58:49,843 INFO org.springframework.security.web.DefaultSecurityFilterChain [restartedMain] Will secure Ant [pattern='/h2-console/**'] with []
2021-08-11 14:58:49,851 INFO org.springframework.security.web.DefaultSecurityFilterChain [restartedMain] Will secure any request with [org.springframework.security.web.context.request.async.WebAsyncManagerIntegrationFilter@32e22ecf, org.springframework.security.web.context.SecurityContextPersistenceFilter@470c51ab, org.springframework.security.web.header.HeaderWriterFilter@73730665, org.springframework.security.web.csrf.CsrfFilter@3c2a8fba, org.springframework.security.web.authentication.logout.LogoutFilter@59b0722c, org.springframework.security.web.authentication.UsernamePasswordAuthenticationFilter@2ab489c5, org.springframework.security.web.savedrequest.RequestCacheAwareFilter@225c5c96, org.springframework.security.web.servletapi.SecurityContextHolderAwareRequestFilter@49772696, org.springframework.security.web.authentication.AnonymousAuthenticationFilter@193d7328, org.springframework.security.web.session.SessionManagementFilter@2f335ca8, org.springframework.security.web.access.ExceptionTranslationFilter@5336d06c, org.springframework.security.web.access.intercept.FilterSecurityInterceptor@342c2e3e]
2021-08-11 14:58:50,068 INFO org.springframework.boot.devtools.autoconfigure.OptionalLiveReloadServer [restartedMain] LiveReload server is running on port 35729
2021-08-11 14:58:50,077 INFO org.springframework.boot.web.embedded.tomcat.TomcatWebServer [restartedMain] Tomcat started on port(s): 8081 (http) with context path ''
2021-08-11 14:58:50,078 INFO org.springframework.core.log.CompositeLog [restartedMain] Starting...
2021-08-11 14:58:50,078 INFO org.springframework.core.log.CompositeLog [restartedMain] BrokerAvailabilityEvent[available=true, SimpleBrokerMessageHandler [org.springframework.messaging.simp.broker.DefaultSubscriptionRegistry@6b1a6017]]
2021-08-11 14:58:50,078 INFO org.springframework.core.log.CompositeLog [restartedMain] Started.
2021-08-11 14:58:50,082 INFO org.springframework.boot.StartupInfoLogger [restartedMain] Started Qms3Application in 0.751 seconds (JVM running for 111.861)
2021-08-11 14:58:50,084 INFO org.springframework.boot.devtools.autoconfigure.ConditionEvaluationDeltaLoggingListener [restartedMain] Condition evaluation unchanged
2021-08-11 14:58:55,247 INFO org.springframework.boot.admin.SpringApplicationAdminMXBeanRegistrar$SpringApplicationAdmin [RMI TCP Connection(4)-127.0.0.1] Application shutdown requested.
2021-08-11 14:58:55,248 INFO org.springframework.core.log.CompositeLog [RMI TCP Connection(4)-127.0.0.1] Stopping...
2021-08-11 14:58:55,249 INFO org.springframework.core.log.CompositeLog [RMI TCP Connection(4)-127.0.0.1] BrokerAvailabilityEvent[available=false, SimpleBrokerMessageHandler [org.springframework.messaging.simp.broker.DefaultSubscriptionRegistry@6b1a6017]]
2021-08-11 14:58:55,249 INFO org.springframework.core.log.CompositeLog [RMI TCP Connection(4)-127.0.0.1] Stopped.
2021-08-11 14:58:55,261 INFO org.springframework.orm.jpa.AbstractEntityManagerFactoryBean [RMI TCP Connection(4)-127.0.0.1] Closing JPA EntityManagerFactory for persistence unit 'default'
