2021-09-01 12:09:48,016 INFO org.springframework.boot.StartupInfoLogger [restartedMain] Starting Qms3Application using Java 15.0.2 on janaka-Vostro-3578 with PID 61124 (/home/janaka/eclipse-workspace/QMS-3/target/classes started by janaka in /home/janaka/eclipse-workspace/QMS-3)
2021-09-01 12:09:48,021 INFO org.springframework.boot.SpringApplication [restartedMain] No active profile set, falling back to default profiles: default
2021-09-01 12:09:48,194 INFO org.springframework.boot.logging.DeferredLog [restartedMain] Devtools property defaults active! Set 'spring.devtools.add-properties' to 'false' to disable
2021-09-01 12:09:48,195 INFO org.springframework.boot.logging.DeferredLog [restartedMain] For additional web related logging consider setting the 'logging.level.web' property to 'DEBUG'
2021-09-01 12:09:48,645 INFO org.springframework.data.repository.config.RepositoryConfigurationDelegate [restartedMain] Bootstrapping Spring Data JPA repositories in DEFAULT mode.
2021-09-01 12:09:48,678 INFO org.springframework.data.repository.config.RepositoryConfigurationDelegate [restartedMain] Finished Spring Data repository scanning in 27 ms. Found 3 JPA repository interfaces.
2021-09-01 12:09:49,067 INFO org.springframework.boot.web.embedded.tomcat.TomcatWebServer [restartedMain] Tomcat initialized with port(s): 8081 (http)
2021-09-01 12:09:49,117 INFO org.springframework.boot.web.servlet.context.ServletWebServerApplicationContext [restartedMain] Root WebApplicationContext: initialization completed in 922 ms
2021-09-01 12:09:49,295 INFO org.hibernate.jpa.internal.util.LogHelper [restartedMain] HHH000204: Processing PersistenceUnitInfo [name: default]
2021-09-01 12:09:49,323 INFO org.hibernate.Version [restartedMain] HHH000412: Hibernate ORM core version 5.4.32.Final
2021-09-01 12:09:49,393 INFO org.hibernate.annotations.common.reflection.java.JavaReflectionManager [restartedMain] HCANN000001: Hibernate Commons Annotations {5.1.2.Final}
2021-09-01 12:09:49,575 INFO org.hibernate.dialect.Dialect [restartedMain] HHH000400: Using dialect: org.hibernate.dialect.H2Dialect
2021-09-01 12:09:49,969 INFO org.hibernate.engine.transaction.jta.platform.internal.JtaPlatformInitiator [restartedMain] HHH000490: Using JtaPlatform implementation: [org.hibernate.engine.transaction.jta.platform.internal.NoJtaPlatform]
2021-09-01 12:09:49,974 INFO org.springframework.orm.jpa.AbstractEntityManagerFactoryBean [restartedMain] Initialized JPA EntityManagerFactory for persistence unit 'default'
2021-09-01 12:09:50,225 INFO org.springframework.boot.autoconfigure.h2.H2ConsoleAutoConfiguration [restartedMain] H2 console available at '/h2-console'. Database available at 'jdbc:h2:file:/home/janaka/QMS/database/qmsdb'
2021-09-01 12:09:50,494 INFO org.springframework.security.web.DefaultSecurityFilterChain [restartedMain] Will secure Ant [pattern='/resources/**'] with []
2021-09-01 12:09:50,494 INFO org.springframework.security.web.DefaultSecurityFilterChain [restartedMain] Will secure Ant [pattern='/static/**'] with []
2021-09-01 12:09:50,495 INFO org.springframework.security.web.DefaultSecurityFilterChain [restartedMain] Will secure Ant [pattern='/plugins/**'] with []
2021-09-01 12:09:50,495 INFO org.springframework.security.web.DefaultSecurityFilterChain [restartedMain] Will secure Ant [pattern='/css/**'] with []
2021-09-01 12:09:50,495 INFO org.springframework.security.web.DefaultSecurityFilterChain [restartedMain] Will secure Ant [pattern='/js/**'] with []
2021-09-01 12:09:50,495 INFO org.springframework.security.web.DefaultSecurityFilterChain [restartedMain] Will secure Ant [pattern='/assets/**'] with []
2021-09-01 12:09:50,495 INFO org.springframework.security.web.DefaultSecurityFilterChain [restartedMain] Will secure Ant [pattern='/assets/css/**'] with []
2021-09-01 12:09:50,495 INFO org.springframework.security.web.DefaultSecurityFilterChain [restartedMain] Will secure Ant [pattern='/assets/js/**'] with []
2021-09-01 12:09:50,495 INFO org.springframework.security.web.DefaultSecurityFilterChain [restartedMain] Will secure Ant [pattern='/img/**'] with []
2021-09-01 12:09:50,495 INFO org.springframework.security.web.DefaultSecurityFilterChain [restartedMain] Will secure Ant [pattern='/webjars/**'] with []
2021-09-01 12:09:50,495 INFO org.springframework.security.web.DefaultSecurityFilterChain [restartedMain] Will secure Ant [pattern='/h2-console/**'] with []
2021-09-01 12:09:50,517 INFO org.springframework.security.web.DefaultSecurityFilterChain [restartedMain] Will secure any request with [org.springframework.security.web.context.request.async.WebAsyncManagerIntegrationFilter@66ec6d23, org.springframework.security.web.context.SecurityContextPersistenceFilter@56e373ac, org.springframework.security.web.header.HeaderWriterFilter@f352a51, org.springframework.security.web.csrf.CsrfFilter@4ea0a7e6, org.springframework.security.web.authentication.logout.LogoutFilter@3abaa026, org.springframework.security.web.authentication.UsernamePasswordAuthenticationFilter@3916ee7a, org.springframework.security.web.savedrequest.RequestCacheAwareFilter@330d5230, org.springframework.security.web.servletapi.SecurityContextHolderAwareRequestFilter@71329513, org.springframework.security.web.authentication.AnonymousAuthenticationFilter@3bc9a0b8, org.springframework.security.web.session.SessionManagementFilter@eb2de0d, org.springframework.security.web.access.ExceptionTranslationFilter@46c7abfe, org.springframework.security.web.access.intercept.FilterSecurityInterceptor@15c39a17]
2021-09-01 12:09:51,063 INFO org.springframework.boot.devtools.autoconfigure.OptionalLiveReloadServer [restartedMain] LiveReload server is running on port 35729
2021-09-01 12:09:51,089 INFO org.springframework.boot.web.embedded.tomcat.TomcatWebServer [restartedMain] Tomcat started on port(s): 8081 (http) with context path ''
2021-09-01 12:09:51,090 INFO org.springframework.core.log.CompositeLog [restartedMain] Starting...
2021-09-01 12:09:51,090 INFO org.springframework.core.log.CompositeLog [restartedMain] BrokerAvailabilityEvent[available=true, SimpleBrokerMessageHandler [org.springframework.messaging.simp.broker.DefaultSubscriptionRegistry@7fa22543]]
2021-09-01 12:09:51,090 INFO org.springframework.core.log.CompositeLog [restartedMain] Started.
2021-09-01 12:09:51,098 INFO org.springframework.boot.StartupInfoLogger [restartedMain] Started Qms3Application in 3.346 seconds (JVM running for 3.915)
2021-09-01 12:10:50,558 INFO org.springframework.web.socket.config.WebSocketMessageBrokerStats [MessageBroker-1] WebSocketSession[0 current WS(0)-HttpStream(0)-HttpPoll(0), 0 total, 0 closed abnormally (0 connect failure, 0 send limit, 0 transport error)], stompSubProtocol[processed CONNECT(0)-CONNECTED(0)-DISCONNECT(0)], stompBrokerRelay[null], inboundChannel[pool size = 0, active threads = 0, queued tasks = 0, completed tasks = 0], outboundChannel[pool size = 0, active threads = 0, queued tasks = 0, completed tasks = 0], sockJsScheduler[pool size = 1, active threads = 1, queued tasks = 0, completed tasks = 0]
2021-09-01 12:30:14,469 INFO org.springframework.web.servlet.FrameworkServlet [http-nio-8081-exec-1] Initializing Servlet 'dispatcherServlet'
2021-09-01 12:30:14,471 INFO org.springframework.web.servlet.FrameworkServlet [http-nio-8081-exec-1] Completed initialization in 1 ms
2021-09-01 12:30:15,538 INFO com.rcs2.cms.service.RestClient [http-nio-8081-exec-1] getting success find the category services
2021-09-01 12:30:31,177 INFO com.rcs2.cms.controller.QMSController [http-nio-8081-exec-8] Create Token request: CustomerDto(tokenId=null, nic=198335201993, dob=, gender=male, service=1, mobileNo=)
2021-09-01 12:30:31,183 INFO com.rcs2.cms.service.RestClient [http-nio-8081-exec-8] Barcorde remort create request token info: CustomerDto(tokenId=null, nic=198335201993, dob=, gender=male, service=1, mobileNo=), isIdentity:true
2021-09-01 12:30:32,375 INFO com.rcs2.cms.service.RestClient [http-nio-8081-exec-8] Successfuly create remort barcode<200,RemortBarcodeRecordCreateDTO(isIdentification=true, identification=198335201993, gender=null, dateOfBirth=null, serviceId=1, barcodeNumber=1, isActive=true, mobileNo=),[Content-Length:"154", Content-Type:"application/json; charset=utf-8", Server:"Microsoft-IIS/10.0", api-supported-versions:"1.0", X-Powered-By:"ASP.NET", Set-Cookie:"ARRAffinity=36b600bf637fae12c86bd5a11e288cbf7cf884604d894bb14cedb1dae34b1fa7;Path=/;HttpOnly;Secure;Domain=barcode-integration-demo.azurewebsites.net", "ARRAffinitySameSite=36b600bf637fae12c86bd5a11e288cbf7cf884604d894bb14cedb1dae34b1fa7;Path=/;HttpOnly;SameSite=None;Secure;Domain=barcode-integration-demo.azurewebsites.net", Date:"Wed, 01 Sep 2021 07:00:31 GMT"]>
2021-09-01 12:30:32,418 INFO com.rcs2.cms.controller.QMSController [http-nio-8081-exec-8] customer:Token(id=67, qmsCounter=null, servicedBy=null, nic=198335201993, dob=, gender=male, serviceCategory=1, mobileNo=, qrText=null, tokenNumber=1, remortCallStatus=null, description=null, status=ISSUED, issuedDate=Wed Sep 01 00:00:00 IST 2021, processDate=null, createdDate=Wed Sep 01 12:30:32 IST 2021, completedDate=null)
2021-09-01 12:40:50,559 INFO org.springframework.web.socket.config.WebSocketMessageBrokerStats [MessageBroker-1] WebSocketSession[0 current WS(0)-HttpStream(0)-HttpPoll(0), 0 total, 0 closed abnormally (0 connect failure, 0 send limit, 0 transport error)], stompSubProtocol[processed CONNECT(0)-CONNECTED(0)-DISCONNECT(0)], stompBrokerRelay[null], inboundChannel[pool size = 0, active threads = 0, queued tasks = 0, completed tasks = 0], outboundChannel[pool size = 0, active threads = 0, queued tasks = 0, completed tasks = 0], sockJsScheduler[pool size = 2, active threads = 1, queued tasks = 0, completed tasks = 1]
2021-09-01 13:05:39,691 INFO org.springframework.boot.admin.SpringApplicationAdminMXBeanRegistrar$SpringApplicationAdmin [RMI TCP Connection(59)-127.0.0.1] Application shutdown requested.
2021-09-01 13:05:39,695 INFO org.springframework.core.log.CompositeLog [RMI TCP Connection(59)-127.0.0.1] Stopping...
2021-09-01 13:05:39,696 INFO org.springframework.core.log.CompositeLog [RMI TCP Connection(59)-127.0.0.1] BrokerAvailabilityEvent[available=false, SimpleBrokerMessageHandler [org.springframework.messaging.simp.broker.DefaultSubscriptionRegistry@7fa22543]]
2021-09-01 13:05:39,696 INFO org.springframework.core.log.CompositeLog [RMI TCP Connection(59)-127.0.0.1] Stopped.
2021-09-01 13:05:39,727 INFO org.springframework.orm.jpa.AbstractEntityManagerFactoryBean [RMI TCP Connection(59)-127.0.0.1] Closing JPA EntityManagerFactory for persistence unit 'default'
2021-09-01 13:06:10,642 INFO org.springframework.test.context.support.AbstractTestContextBootstrapper [main] Neither @ContextConfiguration nor @ContextHierarchy found for test class [com.rcs2.cms.Qms3ApplicationTests], using SpringBootContextLoader
2021-09-01 13:06:10,647 INFO org.springframework.test.context.support.AbstractContextLoader [main] Could not detect default resource locations for test class [com.rcs2.cms.Qms3ApplicationTests]: no resource found for suffixes {-context.xml, Context.groovy}.
2021-09-01 13:06:10,648 INFO org.springframework.test.context.support.AnnotationConfigContextLoaderUtils [main] Could not detect default configuration classes for test class [com.rcs2.cms.Qms3ApplicationTests]: Qms3ApplicationTests does not declare any static, non-private, non-final, nested classes annotated with @Configuration.
2021-09-01 13:06:10,726 INFO org.springframework.boot.test.context.SpringBootTestContextBootstrapper [main] Found @SpringBootConfiguration com.rcs2.cms.Qms3Application for test class com.rcs2.cms.Qms3ApplicationTests
2021-09-01 13:06:10,795 INFO org.springframework.test.context.support.AbstractTestContextBootstrapper [main] Loaded default TestExecutionListener class names from location [META-INF/spring.factories]: [org.springframework.boot.test.mock.mockito.MockitoTestExecutionListener, org.springframework.boot.test.mock.mockito.ResetMocksTestExecutionListener, org.springframework.boot.test.autoconfigure.restdocs.RestDocsTestExecutionListener, org.springframework.boot.test.autoconfigure.web.client.MockRestServiceServerResetTestExecutionListener, org.springframework.boot.test.autoconfigure.web.servlet.MockMvcPrintOnlyOnFailureTestExecutionListener, org.springframework.boot.test.autoconfigure.web.servlet.WebDriverTestExecutionListener, org.springframework.boot.test.autoconfigure.webservices.client.MockWebServiceServerTestExecutionListener, org.springframework.test.context.web.ServletTestExecutionListener, org.springframework.test.context.support.DirtiesContextBeforeModesTestExecutionListener, org.springframework.test.context.event.ApplicationEventsTestExecutionListener, org.springframework.test.context.support.DependencyInjectionTestExecutionListener, org.springframework.test.context.support.DirtiesContextTestExecutionListener, org.springframework.test.context.transaction.TransactionalTestExecutionListener, org.springframework.test.context.jdbc.SqlScriptsTestExecutionListener, org.springframework.test.context.event.EventPublishingTestExecutionListener, org.springframework.security.test.context.support.WithSecurityContextTestExecutionListener, org.springframework.security.test.context.support.ReactorContextTestExecutionListener]
2021-09-01 13:06:10,815 INFO org.springframework.test.context.support.AbstractTestContextBootstrapper [main] Using TestExecutionListeners: [org.springframework.test.context.web.ServletTestExecutionListener@2cf23c81, org.springframework.test.context.support.DirtiesContextBeforeModesTestExecutionListener@3624da92, org.springframework.test.context.event.ApplicationEventsTestExecutionListener@35fe2125, org.springframework.boot.test.mock.mockito.MockitoTestExecutionListener@94f6bfb, org.springframework.boot.test.autoconfigure.SpringBootDependencyInjectionTestExecutionListener@34645867, org.springframework.test.context.support.DirtiesContextTestExecutionListener@2484f433, org.springframework.test.context.transaction.TransactionalTestExecutionListener@60b71e8f, org.springframework.test.context.jdbc.SqlScriptsTestExecutionListener@1255b1d1, org.springframework.test.context.event.EventPublishingTestExecutionListener@464649c, org.springframework.security.test.context.support.WithSecurityContextTestExecutionListener@7c22d4f, org.springframework.security.test.context.support.ReactorContextTestExecutionListener@5f59185e, org.springframework.boot.test.mock.mockito.ResetMocksTestExecutionListener@60bdf15d, org.springframework.boot.test.autoconfigure.restdocs.RestDocsTestExecutionListener@47da3952, org.springframework.boot.test.autoconfigure.web.client.MockRestServiceServerResetTestExecutionListener@51e4ccb3, org.springframework.boot.test.autoconfigure.web.servlet.MockMvcPrintOnlyOnFailureTestExecutionListener@46e8a539, org.springframework.boot.test.autoconfigure.web.servlet.WebDriverTestExecutionListener@495083a0, org.springframework.boot.test.autoconfigure.webservices.client.MockWebServiceServerTestExecutionListener@5fd62371]
2021-09-01 13:06:11,053 INFO org.springframework.boot.StartupInfoLogger [main] Starting Qms3ApplicationTests using Java 15.0.2 on janaka-Vostro-3578 with PID 64741 (started by janaka in /home/janaka/eclipse-workspace/QMS-3)
2021-09-01 13:06:11,056 INFO org.springframework.boot.SpringApplication [main] No active profile set, falling back to default profiles: default
2021-09-01 13:06:11,768 INFO org.springframework.data.repository.config.RepositoryConfigurationDelegate [main] Bootstrapping Spring Data JPA repositories in DEFAULT mode.
2021-09-01 13:06:11,808 INFO org.springframework.data.repository.config.RepositoryConfigurationDelegate [main] Finished Spring Data repository scanning in 34 ms. Found 3 JPA repository interfaces.
2021-09-01 13:06:12,417 INFO org.hibernate.jpa.internal.util.LogHelper [main] HHH000204: Processing PersistenceUnitInfo [name: default]
2021-09-01 13:06:12,451 INFO org.hibernate.Version [main] HHH000412: Hibernate ORM core version 5.4.32.Final
2021-09-01 13:06:12,541 INFO org.hibernate.annotations.common.reflection.java.JavaReflectionManager [main] HCANN000001: Hibernate Commons Annotations {5.1.2.Final}
2021-09-01 13:06:12,798 INFO org.hibernate.dialect.Dialect [main] HHH000400: Using dialect: org.hibernate.dialect.H2Dialect
2021-09-01 13:06:13,379 INFO org.hibernate.engine.transaction.jta.platform.internal.JtaPlatformInitiator [main] HHH000490: Using JtaPlatform implementation: [org.hibernate.engine.transaction.jta.platform.internal.NoJtaPlatform]
2021-09-01 13:06:13,387 INFO org.springframework.orm.jpa.AbstractEntityManagerFactoryBean [main] Initialized JPA EntityManagerFactory for persistence unit 'default'
2021-09-01 13:06:14,267 INFO org.springframework.security.web.DefaultSecurityFilterChain [main] Will secure Ant [pattern='/resources/**'] with []
2021-09-01 13:06:14,267 INFO org.springframework.security.web.DefaultSecurityFilterChain [main] Will secure Ant [pattern='/static/**'] with []
2021-09-01 13:06:14,271 INFO org.springframework.security.web.DefaultSecurityFilterChain [main] Will secure Ant [pattern='/plugins/**'] with []
2021-09-01 13:06:14,271 INFO org.springframework.security.web.DefaultSecurityFilterChain [main] Will secure Ant [pattern='/css/**'] with []
2021-09-01 13:06:14,272 INFO org.springframework.security.web.DefaultSecurityFilterChain [main] Will secure Ant [pattern='/js/**'] with []
2021-09-01 13:06:14,272 INFO org.springframework.security.web.DefaultSecurityFilterChain [main] Will secure Ant [pattern='/assets/**'] with []
2021-09-01 13:06:14,272 INFO org.springframework.security.web.DefaultSecurityFilterChain [main] Will secure Ant [pattern='/assets/css/**'] with []
2021-09-01 13:06:14,272 INFO org.springframework.security.web.DefaultSecurityFilterChain [main] Will secure Ant [pattern='/assets/js/**'] with []
2021-09-01 13:06:14,273 INFO org.springframework.security.web.DefaultSecurityFilterChain [main] Will secure Ant [pattern='/img/**'] with []
2021-09-01 13:06:14,273 INFO org.springframework.security.web.DefaultSecurityFilterChain [main] Will secure Ant [pattern='/webjars/**'] with []
2021-09-01 13:06:14,273 INFO org.springframework.security.web.DefaultSecurityFilterChain [main] Will secure Ant [pattern='/h2-console/**'] with []
2021-09-01 13:06:14,345 INFO org.springframework.security.web.DefaultSecurityFilterChain [main] Will secure any request with [org.springframework.security.web.context.request.async.WebAsyncManagerIntegrationFilter@55b5ce0f, org.springframework.security.web.context.SecurityContextPersistenceFilter@628b9af5, org.springframework.security.web.header.HeaderWriterFilter@48dc06a9, org.springframework.security.web.csrf.CsrfFilter@798d8247, org.springframework.security.web.authentication.logout.LogoutFilter@4d5d945d, org.springframework.security.web.authentication.UsernamePasswordAuthenticationFilter@282079b9, org.springframework.security.web.savedrequest.RequestCacheAwareFilter@78ca8258, org.springframework.security.web.servletapi.SecurityContextHolderAwareRequestFilter@7ca2319f, org.springframework.security.web.authentication.AnonymousAuthenticationFilter@65067d37, org.springframework.security.web.session.SessionManagementFilter@4a83d61c, org.springframework.security.web.access.ExceptionTranslationFilter@7ceb7a60, org.springframework.security.web.access.intercept.FilterSecurityInterceptor@14927cd4]
2021-09-01 13:06:14,794 INFO org.springframework.boot.autoconfigure.h2.H2ConsoleAutoConfiguration [main] H2 console available at '/h2-console'. Database available at 'jdbc:h2:file:/home/janaka/QMS/database/qmsdb'
2021-09-01 13:06:15,570 INFO org.springframework.core.log.CompositeLog [main] Starting...
2021-09-01 13:06:15,571 INFO org.springframework.core.log.CompositeLog [main] BrokerAvailabilityEvent[available=true, SimpleBrokerMessageHandler [org.springframework.messaging.simp.broker.DefaultSubscriptionRegistry@2914f916]]
2021-09-01 13:06:15,572 INFO org.springframework.core.log.CompositeLog [main] Started.
2021-09-01 13:06:15,580 INFO org.springframework.boot.StartupInfoLogger [main] Started Qms3ApplicationTests in 4.734 seconds (JVM running for 5.639)
2021-09-01 13:06:15,769 INFO org.springframework.core.log.CompositeLog [SpringApplicationShutdownHook] Stopping...
2021-09-01 13:06:15,769 INFO org.springframework.core.log.CompositeLog [SpringApplicationShutdownHook] BrokerAvailabilityEvent[available=false, SimpleBrokerMessageHandler [org.springframework.messaging.simp.broker.DefaultSubscriptionRegistry@2914f916]]
2021-09-01 13:06:15,770 INFO org.springframework.core.log.CompositeLog [SpringApplicationShutdownHook] Stopped.
2021-09-01 13:06:15,775 INFO org.springframework.orm.jpa.AbstractEntityManagerFactoryBean [SpringApplicationShutdownHook] Closing JPA EntityManagerFactory for persistence unit 'default'
