2021-08-30 15:26:31,970 INFO org.springframework.boot.StartupInfoLogger [restartedMain] Starting Qms3Application using Java 15.0.2 on janaka-Vostro-3578 with PID 43085 (/home/janaka/eclipse-workspace/QMS-3/target/classes started by janaka in /home/janaka/eclipse-workspace/QMS-3)
2021-08-30 15:26:31,972 INFO org.springframework.boot.SpringApplication [restartedMain] No active profile set, falling back to default profiles: default
2021-08-30 15:26:32,126 INFO org.springframework.boot.logging.DeferredLog [restartedMain] Devtools property defaults active! Set 'spring.devtools.add-properties' to 'false' to disable
2021-08-30 15:26:32,127 INFO org.springframework.boot.logging.DeferredLog [restartedMain] For additional web related logging consider setting the 'logging.level.web' property to 'DEBUG'
2021-08-30 15:26:32,672 INFO org.springframework.data.repository.config.RepositoryConfigurationDelegate [restartedMain] Bootstrapping Spring Data JPA repositories in DEFAULT mode.
2021-08-30 15:26:32,717 INFO org.springframework.data.repository.config.RepositoryConfigurationDelegate [restartedMain] Finished Spring Data repository scanning in 39 ms. Found 3 JPA repository interfaces.
2021-08-30 15:26:33,198 INFO org.springframework.boot.web.embedded.tomcat.TomcatWebServer [restartedMain] Tomcat initialized with port(s): 8081 (http)
2021-08-30 15:26:33,262 INFO org.springframework.boot.web.servlet.context.ServletWebServerApplicationContext [restartedMain] Root WebApplicationContext: initialization completed in 1135 ms
2021-08-30 15:26:33,485 INFO org.hibernate.jpa.internal.util.LogHelper [restartedMain] HHH000204: Processing PersistenceUnitInfo [name: default]
2021-08-30 15:26:33,515 INFO org.hibernate.Version [restartedMain] HHH000412: Hibernate ORM core version 5.4.32.Final
2021-08-30 15:26:33,587 INFO org.hibernate.annotations.common.reflection.java.JavaReflectionManager [restartedMain] HCANN000001: Hibernate Commons Annotations {5.1.2.Final}
2021-08-30 15:26:33,785 INFO org.hibernate.dialect.Dialect [restartedMain] HHH000400: Using dialect: org.hibernate.dialect.H2Dialect
2021-08-30 15:26:34,176 INFO org.hibernate.engine.transaction.jta.platform.internal.JtaPlatformInitiator [restartedMain] HHH000490: Using JtaPlatform implementation: [org.hibernate.engine.transaction.jta.platform.internal.NoJtaPlatform]
2021-08-30 15:26:34,181 INFO org.springframework.orm.jpa.AbstractEntityManagerFactoryBean [restartedMain] Initialized JPA EntityManagerFactory for persistence unit 'default'
2021-08-30 15:26:34,463 INFO org.springframework.boot.autoconfigure.h2.H2ConsoleAutoConfiguration [restartedMain] H2 console available at '/h2-console'. Database available at 'jdbc:h2:file:/home/janaka/QMS/database/qmsdb'
2021-08-30 15:26:34,755 INFO org.springframework.security.web.DefaultSecurityFilterChain [restartedMain] Will secure Ant [pattern='/resources/**'] with []
2021-08-30 15:26:34,755 INFO org.springframework.security.web.DefaultSecurityFilterChain [restartedMain] Will secure Ant [pattern='/static/**'] with []
2021-08-30 15:26:34,755 INFO org.springframework.security.web.DefaultSecurityFilterChain [restartedMain] Will secure Ant [pattern='/plugins/**'] with []
2021-08-30 15:26:34,755 INFO org.springframework.security.web.DefaultSecurityFilterChain [restartedMain] Will secure Ant [pattern='/css/**'] with []
2021-08-30 15:26:34,755 INFO org.springframework.security.web.DefaultSecurityFilterChain [restartedMain] Will secure Ant [pattern='/js/**'] with []
2021-08-30 15:26:34,755 INFO org.springframework.security.web.DefaultSecurityFilterChain [restartedMain] Will secure Ant [pattern='/assets/**'] with []
2021-08-30 15:26:34,756 INFO org.springframework.security.web.DefaultSecurityFilterChain [restartedMain] Will secure Ant [pattern='/assets/css/**'] with []
2021-08-30 15:26:34,756 INFO org.springframework.security.web.DefaultSecurityFilterChain [restartedMain] Will secure Ant [pattern='/assets/js/**'] with []
2021-08-30 15:26:34,756 INFO org.springframework.security.web.DefaultSecurityFilterChain [restartedMain] Will secure Ant [pattern='/img/**'] with []
2021-08-30 15:26:34,756 INFO org.springframework.security.web.DefaultSecurityFilterChain [restartedMain] Will secure Ant [pattern='/webjars/**'] with []
2021-08-30 15:26:34,756 INFO org.springframework.security.web.DefaultSecurityFilterChain [restartedMain] Will secure Ant [pattern='/h2-console/**'] with []
2021-08-30 15:26:34,780 INFO org.springframework.security.web.DefaultSecurityFilterChain [restartedMain] Will secure any request with [org.springframework.security.web.context.request.async.WebAsyncManagerIntegrationFilter@47ab4bab, org.springframework.security.web.context.SecurityContextPersistenceFilter@4dde983, org.springframework.security.web.header.HeaderWriterFilter@6c37891b, org.springframework.security.web.csrf.CsrfFilter@67dd731c, org.springframework.security.web.authentication.logout.LogoutFilter@abe7770, org.springframework.security.web.authentication.UsernamePasswordAuthenticationFilter@6bf4fc2b, org.springframework.security.web.savedrequest.RequestCacheAwareFilter@85eebe2, org.springframework.security.web.servletapi.SecurityContextHolderAwareRequestFilter@3ab40183, org.springframework.security.web.authentication.AnonymousAuthenticationFilter@174725c, org.springframework.security.web.session.SessionManagementFilter@114d8143, org.springframework.security.web.access.ExceptionTranslationFilter@6558151b, org.springframework.security.web.access.intercept.FilterSecurityInterceptor@10dc3854]
2021-08-30 15:26:35,416 INFO org.springframework.boot.devtools.autoconfigure.OptionalLiveReloadServer [restartedMain] LiveReload server is running on port 35729
2021-08-30 15:26:35,444 INFO org.springframework.boot.web.embedded.tomcat.TomcatWebServer [restartedMain] Tomcat started on port(s): 8081 (http) with context path ''
2021-08-30 15:26:35,445 INFO org.springframework.core.log.CompositeLog [restartedMain] Starting...
2021-08-30 15:26:35,445 INFO org.springframework.core.log.CompositeLog [restartedMain] BrokerAvailabilityEvent[available=true, SimpleBrokerMessageHandler [org.springframework.messaging.simp.broker.DefaultSubscriptionRegistry@540a4d9]]
2021-08-30 15:26:35,445 INFO org.springframework.core.log.CompositeLog [restartedMain] Started.
2021-08-30 15:26:35,453 INFO org.springframework.boot.StartupInfoLogger [restartedMain] Started Qms3Application in 3.757 seconds (JVM running for 4.424)
2021-08-30 15:26:53,414 INFO org.springframework.web.servlet.FrameworkServlet [http-nio-8081-exec-2] Initializing Servlet 'dispatcherServlet'
2021-08-30 15:26:53,415 INFO org.springframework.web.servlet.FrameworkServlet [http-nio-8081-exec-2] Completed initialization in 1 ms
2021-08-30 15:27:34,838 INFO org.springframework.web.socket.config.WebSocketMessageBrokerStats [MessageBroker-1] WebSocketSession[1 current WS(1)-HttpStream(0)-HttpPoll(0), 1 total, 0 closed abnormally (0 connect failure, 0 send limit, 0 transport error)], stompSubProtocol[processed CONNECT(1)-CONNECTED(1)-DISCONNECT(0)], stompBrokerRelay[null], inboundChannel[pool size = 6, active threads = 0, queued tasks = 0, completed tasks = 6], outboundChannel[pool size = 1, active threads = 0, queued tasks = 0, completed tasks = 1], sockJsScheduler[pool size = 5, active threads = 1, queued tasks = 2, completed tasks = 1]
2021-08-30 15:28:22,289 INFO com.rcs2.cms.service.RestClient [http-nio-8081-exec-9] getting success find the category services
2021-08-30 15:29:18,145 INFO org.springframework.core.log.CompositeLog [Thread-8] Stopping...
2021-08-30 15:29:18,146 INFO org.springframework.core.log.CompositeLog [Thread-8] BrokerAvailabilityEvent[available=false, SimpleBrokerMessageHandler [org.springframework.messaging.simp.broker.DefaultSubscriptionRegistry@540a4d9]]
2021-08-30 15:29:18,147 INFO org.springframework.core.log.CompositeLog [Thread-8] Stopped.
2021-08-30 15:29:18,203 INFO org.springframework.orm.jpa.AbstractEntityManagerFactoryBean [Thread-8] Closing JPA EntityManagerFactory for persistence unit 'default'
2021-08-30 15:29:18,309 INFO org.springframework.boot.StartupInfoLogger [restartedMain] Starting Qms3Application using Java 15.0.2 on janaka-Vostro-3578 with PID 43085 (/home/janaka/eclipse-workspace/QMS-3/target/classes started by janaka in /home/janaka/eclipse-workspace/QMS-3)
2021-08-30 15:29:18,309 INFO org.springframework.boot.SpringApplication [restartedMain] No active profile set, falling back to default profiles: default
2021-08-30 15:29:18,433 INFO org.springframework.data.repository.config.RepositoryConfigurationDelegate [restartedMain] Bootstrapping Spring Data JPA repositories in DEFAULT mode.
2021-08-30 15:29:18,440 INFO org.springframework.data.repository.config.RepositoryConfigurationDelegate [restartedMain] Finished Spring Data repository scanning in 6 ms. Found 3 JPA repository interfaces.
2021-08-30 15:29:18,550 INFO org.springframework.boot.web.embedded.tomcat.TomcatWebServer [restartedMain] Tomcat initialized with port(s): 8081 (http)
2021-08-30 15:29:18,562 INFO org.springframework.boot.web.servlet.context.ServletWebServerApplicationContext [restartedMain] Root WebApplicationContext: initialization completed in 251 ms
2021-08-30 15:29:18,621 INFO org.hibernate.jpa.internal.util.LogHelper [restartedMain] HHH000204: Processing PersistenceUnitInfo [name: default]
2021-08-30 15:29:18,628 INFO org.hibernate.dialect.Dialect [restartedMain] HHH000400: Using dialect: org.hibernate.dialect.H2Dialect
2021-08-30 15:29:18,678 INFO org.hibernate.engine.transaction.jta.platform.internal.JtaPlatformInitiator [restartedMain] HHH000490: Using JtaPlatform implementation: [org.hibernate.engine.transaction.jta.platform.internal.NoJtaPlatform]
2021-08-30 15:29:18,678 INFO org.springframework.orm.jpa.AbstractEntityManagerFactoryBean [restartedMain] Initialized JPA EntityManagerFactory for persistence unit 'default'
2021-08-30 15:29:18,732 INFO org.springframework.boot.autoconfigure.h2.H2ConsoleAutoConfiguration [restartedMain] H2 console available at '/h2-console'. Database available at 'jdbc:h2:file:/home/janaka/QMS/database/qmsdb'
2021-08-30 15:29:18,871 INFO org.springframework.security.web.DefaultSecurityFilterChain [restartedMain] Will secure Ant [pattern='/resources/**'] with []
2021-08-30 15:29:18,872 INFO org.springframework.security.web.DefaultSecurityFilterChain [restartedMain] Will secure Ant [pattern='/static/**'] with []
2021-08-30 15:29:18,872 INFO org.springframework.security.web.DefaultSecurityFilterChain [restartedMain] Will secure Ant [pattern='/plugins/**'] with []
2021-08-30 15:29:18,872 INFO org.springframework.security.web.DefaultSecurityFilterChain [restartedMain] Will secure Ant [pattern='/css/**'] with []
2021-08-30 15:29:18,872 INFO org.springframework.security.web.DefaultSecurityFilterChain [restartedMain] Will secure Ant [pattern='/js/**'] with []
2021-08-30 15:29:18,872 INFO org.springframework.security.web.DefaultSecurityFilterChain [restartedMain] Will secure Ant [pattern='/assets/**'] with []
2021-08-30 15:29:18,872 INFO org.springframework.security.web.DefaultSecurityFilterChain [restartedMain] Will secure Ant [pattern='/assets/css/**'] with []
2021-08-30 15:29:18,872 INFO org.springframework.security.web.DefaultSecurityFilterChain [restartedMain] Will secure Ant [pattern='/assets/js/**'] with []
2021-08-30 15:29:18,872 INFO org.springframework.security.web.DefaultSecurityFilterChain [restartedMain] Will secure Ant [pattern='/img/**'] with []
2021-08-30 15:29:18,872 INFO org.springframework.security.web.DefaultSecurityFilterChain [restartedMain] Will secure Ant [pattern='/webjars/**'] with []
2021-08-30 15:29:18,873 INFO org.springframework.security.web.DefaultSecurityFilterChain [restartedMain] Will secure Ant [pattern='/h2-console/**'] with []
2021-08-30 15:29:18,884 INFO org.springframework.security.web.DefaultSecurityFilterChain [restartedMain] Will secure any request with [org.springframework.security.web.context.request.async.WebAsyncManagerIntegrationFilter@604d299d, org.springframework.security.web.context.SecurityContextPersistenceFilter@7649033e, org.springframework.security.web.header.HeaderWriterFilter@50396396, org.springframework.security.web.csrf.CsrfFilter@74ebfbd7, org.springframework.security.web.authentication.logout.LogoutFilter@10571ab9, org.springframework.security.web.authentication.UsernamePasswordAuthenticationFilter@3ea6890f, org.springframework.security.web.savedrequest.RequestCacheAwareFilter@53c690ff, org.springframework.security.web.servletapi.SecurityContextHolderAwareRequestFilter@48787cc2, org.springframework.security.web.authentication.AnonymousAuthenticationFilter@388fb02a, org.springframework.security.web.session.SessionManagementFilter@5d577e00, org.springframework.security.web.access.ExceptionTranslationFilter@1f574fbf, org.springframework.security.web.access.intercept.FilterSecurityInterceptor@2fd698ea]
2021-08-30 15:29:19,099 INFO org.springframework.boot.devtools.autoconfigure.OptionalLiveReloadServer [restartedMain] LiveReload server is running on port 35729
2021-08-30 15:29:19,108 INFO org.springframework.boot.web.embedded.tomcat.TomcatWebServer [restartedMain] Tomcat started on port(s): 8081 (http) with context path ''
2021-08-30 15:29:19,109 INFO org.springframework.core.log.CompositeLog [restartedMain] Starting...
2021-08-30 15:29:19,109 INFO org.springframework.core.log.CompositeLog [restartedMain] BrokerAvailabilityEvent[available=true, SimpleBrokerMessageHandler [org.springframework.messaging.simp.broker.DefaultSubscriptionRegistry@7a6689bd]]
2021-08-30 15:29:19,109 INFO org.springframework.core.log.CompositeLog [restartedMain] Started.
2021-08-30 15:29:19,114 INFO org.springframework.boot.StartupInfoLogger [restartedMain] Started Qms3Application in 0.836 seconds (JVM running for 168.085)
2021-08-30 15:29:19,115 INFO org.springframework.boot.devtools.autoconfigure.ConditionEvaluationDeltaLoggingListener [restartedMain] Condition evaluation unchanged
2021-08-30 15:29:51,465 INFO org.springframework.boot.admin.SpringApplicationAdminMXBeanRegistrar$SpringApplicationAdmin [RMI TCP Connection(7)-127.0.0.1] Application shutdown requested.
2021-08-30 15:29:51,466 INFO org.springframework.core.log.CompositeLog [RMI TCP Connection(7)-127.0.0.1] Stopping...
2021-08-30 15:29:51,466 INFO org.springframework.core.log.CompositeLog [RMI TCP Connection(7)-127.0.0.1] BrokerAvailabilityEvent[available=false, SimpleBrokerMessageHandler [org.springframework.messaging.simp.broker.DefaultSubscriptionRegistry@7a6689bd]]
2021-08-30 15:29:51,466 INFO org.springframework.core.log.CompositeLog [RMI TCP Connection(7)-127.0.0.1] Stopped.
2021-08-30 15:29:51,478 INFO org.springframework.orm.jpa.AbstractEntityManagerFactoryBean [RMI TCP Connection(7)-127.0.0.1] Closing JPA EntityManagerFactory for persistence unit 'default'
2021-08-30 15:30:23,060 INFO org.springframework.test.context.support.AbstractTestContextBootstrapper [main] Neither @ContextConfiguration nor @ContextHierarchy found for test class [com.rcs2.cms.Qms3ApplicationTests], using SpringBootContextLoader
2021-08-30 15:30:23,065 INFO org.springframework.test.context.support.AbstractContextLoader [main] Could not detect default resource locations for test class [com.rcs2.cms.Qms3ApplicationTests]: no resource found for suffixes {-context.xml, Context.groovy}.
2021-08-30 15:30:23,066 INFO org.springframework.test.context.support.AnnotationConfigContextLoaderUtils [main] Could not detect default configuration classes for test class [com.rcs2.cms.Qms3ApplicationTests]: Qms3ApplicationTests does not declare any static, non-private, non-final, nested classes annotated with @Configuration.
2021-08-30 15:30:23,136 INFO org.springframework.boot.test.context.SpringBootTestContextBootstrapper [main] Found @SpringBootConfiguration com.rcs2.cms.Qms3Application for test class com.rcs2.cms.Qms3ApplicationTests
2021-08-30 15:30:23,203 INFO org.springframework.test.context.support.AbstractTestContextBootstrapper [main] Loaded default TestExecutionListener class names from location [META-INF/spring.factories]: [org.springframework.boot.test.mock.mockito.MockitoTestExecutionListener, org.springframework.boot.test.mock.mockito.ResetMocksTestExecutionListener, org.springframework.boot.test.autoconfigure.restdocs.RestDocsTestExecutionListener, org.springframework.boot.test.autoconfigure.web.client.MockRestServiceServerResetTestExecutionListener, org.springframework.boot.test.autoconfigure.web.servlet.MockMvcPrintOnlyOnFailureTestExecutionListener, org.springframework.boot.test.autoconfigure.web.servlet.WebDriverTestExecutionListener, org.springframework.boot.test.autoconfigure.webservices.client.MockWebServiceServerTestExecutionListener, org.springframework.test.context.web.ServletTestExecutionListener, org.springframework.test.context.support.DirtiesContextBeforeModesTestExecutionListener, org.springframework.test.context.event.ApplicationEventsTestExecutionListener, org.springframework.test.context.support.DependencyInjectionTestExecutionListener, org.springframework.test.context.support.DirtiesContextTestExecutionListener, org.springframework.test.context.transaction.TransactionalTestExecutionListener, org.springframework.test.context.jdbc.SqlScriptsTestExecutionListener, org.springframework.test.context.event.EventPublishingTestExecutionListener, org.springframework.security.test.context.support.WithSecurityContextTestExecutionListener, org.springframework.security.test.context.support.ReactorContextTestExecutionListener]
2021-08-30 15:30:23,230 INFO org.springframework.test.context.support.AbstractTestContextBootstrapper [main] Using TestExecutionListeners: [org.springframework.test.context.web.ServletTestExecutionListener@33352f32, org.springframework.test.context.support.DirtiesContextBeforeModesTestExecutionListener@5f3b9c57, org.springframework.test.context.event.ApplicationEventsTestExecutionListener@1e044120, org.springframework.boot.test.mock.mockito.MockitoTestExecutionListener@2cf23c81, org.springframework.boot.test.autoconfigure.SpringBootDependencyInjectionTestExecutionListener@3624da92, org.springframework.test.context.support.DirtiesContextTestExecutionListener@35fe2125, org.springframework.test.context.transaction.TransactionalTestExecutionListener@94f6bfb, org.springframework.test.context.jdbc.SqlScriptsTestExecutionListener@34645867, org.springframework.test.context.event.EventPublishingTestExecutionListener@2484f433, org.springframework.security.test.context.support.WithSecurityContextTestExecutionListener@60b71e8f, org.springframework.security.test.context.support.ReactorContextTestExecutionListener@1255b1d1, org.springframework.boot.test.mock.mockito.ResetMocksTestExecutionListener@464649c, org.springframework.boot.test.autoconfigure.restdocs.RestDocsTestExecutionListener@7c22d4f, org.springframework.boot.test.autoconfigure.web.client.MockRestServiceServerResetTestExecutionListener@5f59185e, org.springframework.boot.test.autoconfigure.web.servlet.MockMvcPrintOnlyOnFailureTestExecutionListener@60bdf15d, org.springframework.boot.test.autoconfigure.web.servlet.WebDriverTestExecutionListener@47da3952, org.springframework.boot.test.autoconfigure.webservices.client.MockWebServiceServerTestExecutionListener@51e4ccb3]
2021-08-30 15:30:23,503 INFO org.springframework.boot.StartupInfoLogger [main] Starting Qms3ApplicationTests using Java 15.0.2 on janaka-Vostro-3578 with PID 43673 (started by janaka in /home/janaka/eclipse-workspace/QMS-3)
2021-08-30 15:30:23,507 INFO org.springframework.boot.SpringApplication [main] No active profile set, falling back to default profiles: default
2021-08-30 15:30:24,188 INFO org.springframework.data.repository.config.RepositoryConfigurationDelegate [main] Bootstrapping Spring Data JPA repositories in DEFAULT mode.
2021-08-30 15:30:24,230 INFO org.springframework.data.repository.config.RepositoryConfigurationDelegate [main] Finished Spring Data repository scanning in 35 ms. Found 3 JPA repository interfaces.
2021-08-30 15:30:24,896 INFO org.hibernate.jpa.internal.util.LogHelper [main] HHH000204: Processing PersistenceUnitInfo [name: default]
2021-08-30 15:30:24,930 INFO org.hibernate.Version [main] HHH000412: Hibernate ORM core version 5.4.32.Final
2021-08-30 15:30:25,022 INFO org.hibernate.annotations.common.reflection.java.JavaReflectionManager [main] HCANN000001: Hibernate Commons Annotations {5.1.2.Final}
2021-08-30 15:30:25,272 INFO org.hibernate.dialect.Dialect [main] HHH000400: Using dialect: org.hibernate.dialect.H2Dialect
2021-08-30 15:30:25,825 INFO org.hibernate.engine.transaction.jta.platform.internal.JtaPlatformInitiator [main] HHH000490: Using JtaPlatform implementation: [org.hibernate.engine.transaction.jta.platform.internal.NoJtaPlatform]
2021-08-30 15:30:25,832 INFO org.springframework.orm.jpa.AbstractEntityManagerFactoryBean [main] Initialized JPA EntityManagerFactory for persistence unit 'default'
2021-08-30 15:30:26,624 INFO org.springframework.security.web.DefaultSecurityFilterChain [main] Will secure Ant [pattern='/resources/**'] with []
2021-08-30 15:30:26,624 INFO org.springframework.security.web.DefaultSecurityFilterChain [main] Will secure Ant [pattern='/static/**'] with []
2021-08-30 15:30:26,624 INFO org.springframework.security.web.DefaultSecurityFilterChain [main] Will secure Ant [pattern='/plugins/**'] with []
2021-08-30 15:30:26,625 INFO org.springframework.security.web.DefaultSecurityFilterChain [main] Will secure Ant [pattern='/css/**'] with []
2021-08-30 15:30:26,625 INFO org.springframework.security.web.DefaultSecurityFilterChain [main] Will secure Ant [pattern='/js/**'] with []
2021-08-30 15:30:26,625 INFO org.springframework.security.web.DefaultSecurityFilterChain [main] Will secure Ant [pattern='/assets/**'] with []
2021-08-30 15:30:26,626 INFO org.springframework.security.web.DefaultSecurityFilterChain [main] Will secure Ant [pattern='/assets/css/**'] with []
2021-08-30 15:30:26,626 INFO org.springframework.security.web.DefaultSecurityFilterChain [main] Will secure Ant [pattern='/assets/js/**'] with []
2021-08-30 15:30:26,626 INFO org.springframework.security.web.DefaultSecurityFilterChain [main] Will secure Ant [pattern='/img/**'] with []
2021-08-30 15:30:26,626 INFO org.springframework.security.web.DefaultSecurityFilterChain [main] Will secure Ant [pattern='/webjars/**'] with []
2021-08-30 15:30:26,626 INFO org.springframework.security.web.DefaultSecurityFilterChain [main] Will secure Ant [pattern='/h2-console/**'] with []
2021-08-30 15:30:26,696 INFO org.springframework.security.web.DefaultSecurityFilterChain [main] Will secure any request with [org.springframework.security.web.context.request.async.WebAsyncManagerIntegrationFilter@55b5ce0f, org.springframework.security.web.context.SecurityContextPersistenceFilter@628b9af5, org.springframework.security.web.header.HeaderWriterFilter@48dc06a9, org.springframework.security.web.csrf.CsrfFilter@798d8247, org.springframework.security.web.authentication.logout.LogoutFilter@4d5d945d, org.springframework.security.web.authentication.UsernamePasswordAuthenticationFilter@282079b9, org.springframework.security.web.savedrequest.RequestCacheAwareFilter@78ca8258, org.springframework.security.web.servletapi.SecurityContextHolderAwareRequestFilter@7ca2319f, org.springframework.security.web.authentication.AnonymousAuthenticationFilter@65067d37, org.springframework.security.web.session.SessionManagementFilter@4a83d61c, org.springframework.security.web.access.ExceptionTranslationFilter@7ceb7a60, org.springframework.security.web.access.intercept.FilterSecurityInterceptor@14927cd4]
2021-08-30 15:30:27,055 INFO org.springframework.boot.autoconfigure.h2.H2ConsoleAutoConfiguration [main] H2 console available at '/h2-console'. Database available at 'jdbc:h2:file:/home/janaka/QMS/database/qmsdb'
2021-08-30 15:30:27,813 INFO org.springframework.core.log.CompositeLog [main] Starting...
2021-08-30 15:30:27,814 INFO org.springframework.core.log.CompositeLog [main] BrokerAvailabilityEvent[available=true, SimpleBrokerMessageHandler [org.springframework.messaging.simp.broker.DefaultSubscriptionRegistry@2914f916]]
2021-08-30 15:30:27,814 INFO org.springframework.core.log.CompositeLog [main] Started.
2021-08-30 15:30:27,821 INFO org.springframework.boot.StartupInfoLogger [main] Started Qms3ApplicationTests in 4.554 seconds (JVM running for 5.51)
2021-08-30 15:30:28,018 INFO org.springframework.core.log.CompositeLog [SpringApplicationShutdownHook] Stopping...
2021-08-30 15:30:28,018 INFO org.springframework.core.log.CompositeLog [SpringApplicationShutdownHook] BrokerAvailabilityEvent[available=false, SimpleBrokerMessageHandler [org.springframework.messaging.simp.broker.DefaultSubscriptionRegistry@2914f916]]
2021-08-30 15:30:28,018 INFO org.springframework.core.log.CompositeLog [SpringApplicationShutdownHook] Stopped.
2021-08-30 15:30:28,025 INFO org.springframework.orm.jpa.AbstractEntityManagerFactoryBean [SpringApplicationShutdownHook] Closing JPA EntityManagerFactory for persistence unit 'default'
