2022-06-23 10:32:23,558 INFO org.springframework.boot.StartupInfoLogger [restartedMain] Starting Qms3Application using Java 15.0.2 on janaka-Vostro-3578 with PID 14798 (/home/janaka/eclipse-workspace/QMS-3/target/classes started by janaka in /home/janaka/eclipse-workspace/QMS-3)
2022-06-23 10:32:23,582 INFO org.springframework.boot.SpringApplication [restartedMain] No active profile set, falling back to default profiles: default
2022-06-23 10:32:25,169 INFO org.springframework.boot.logging.DeferredLog [restartedMain] Devtools property defaults active! Set 'spring.devtools.add-properties' to 'false' to disable
2022-06-23 10:32:25,171 INFO org.springframework.boot.logging.DeferredLog [restartedMain] For additional web related logging consider setting the 'logging.level.web' property to 'DEBUG'
2022-06-23 10:32:28,620 INFO org.springframework.data.repository.config.RepositoryConfigurationDelegate [restartedMain] Bootstrapping Spring Data JPA repositories in DEFAULT mode.
2022-06-23 10:32:29,094 INFO org.springframework.data.repository.config.RepositoryConfigurationDelegate [restartedMain] Finished Spring Data repository scanning in 433 ms. Found 5 JPA repository interfaces.
2022-06-23 10:32:33,716 INFO org.springframework.boot.web.embedded.tomcat.TomcatWebServer [restartedMain] Tomcat initialized with port(s): 8081 (http)
2022-06-23 10:32:34,282 INFO org.springframework.boot.web.servlet.context.ServletWebServerApplicationContext [restartedMain] Root WebApplicationContext: initialization completed in 9109 ms
2022-06-23 10:32:36,336 INFO org.hibernate.jpa.internal.util.LogHelper [restartedMain] HHH000204: Processing PersistenceUnitInfo [name: default]
2022-06-23 10:32:36,544 INFO org.hibernate.Version [restartedMain] HHH000412: Hibernate ORM core version 5.4.32.Final
2022-06-23 10:32:37,192 INFO org.hibernate.annotations.common.reflection.java.JavaReflectionManager [restartedMain] HCANN000001: Hibernate Commons Annotations {5.1.2.Final}
2022-06-23 10:32:38,833 INFO org.hibernate.dialect.Dialect [restartedMain] HHH000400: Using dialect: org.hibernate.dialect.H2Dialect
2022-06-23 10:32:42,432 INFO org.hibernate.engine.transaction.jta.platform.internal.JtaPlatformInitiator [restartedMain] HHH000490: Using JtaPlatform implementation: [org.hibernate.engine.transaction.jta.platform.internal.NoJtaPlatform]
2022-06-23 10:32:42,462 INFO org.springframework.orm.jpa.AbstractEntityManagerFactoryBean [restartedMain] Initialized JPA EntityManagerFactory for persistence unit 'default'
2022-06-23 10:32:44,255 INFO org.springframework.boot.autoconfigure.h2.H2ConsoleAutoConfiguration [restartedMain] H2 console available at '/h2-console'. Database available at 'jdbc:h2:file:/home/janaka/QMS/database/qmsdb'
2022-06-23 10:32:45,850 INFO org.springframework.security.web.DefaultSecurityFilterChain [restartedMain] Will secure Ant [pattern='/resources/**'] with []
2022-06-23 10:32:45,852 INFO org.springframework.security.web.DefaultSecurityFilterChain [restartedMain] Will secure Ant [pattern='/static/**'] with []
2022-06-23 10:32:45,854 INFO org.springframework.security.web.DefaultSecurityFilterChain [restartedMain] Will secure Ant [pattern='/plugins/**'] with []
2022-06-23 10:32:45,857 INFO org.springframework.security.web.DefaultSecurityFilterChain [restartedMain] Will secure Ant [pattern='/css/**'] with []
2022-06-23 10:32:45,860 INFO org.springframework.security.web.DefaultSecurityFilterChain [restartedMain] Will secure Ant [pattern='/js/**'] with []
2022-06-23 10:32:45,863 INFO org.springframework.security.web.DefaultSecurityFilterChain [restartedMain] Will secure Ant [pattern='/assets/**'] with []
2022-06-23 10:32:45,864 INFO org.springframework.security.web.DefaultSecurityFilterChain [restartedMain] Will secure Ant [pattern='/assets/css/**'] with []
2022-06-23 10:32:45,866 INFO org.springframework.security.web.DefaultSecurityFilterChain [restartedMain] Will secure Ant [pattern='/assets/js/**'] with []
2022-06-23 10:32:45,867 INFO org.springframework.security.web.DefaultSecurityFilterChain [restartedMain] Will secure Ant [pattern='/img/**'] with []
2022-06-23 10:32:45,868 INFO org.springframework.security.web.DefaultSecurityFilterChain [restartedMain] Will secure Ant [pattern='/webjars/**'] with []
2022-06-23 10:32:45,869 INFO org.springframework.security.web.DefaultSecurityFilterChain [restartedMain] Will secure Ant [pattern='/h2-console/**'] with []
2022-06-23 10:32:46,041 INFO org.springframework.security.web.DefaultSecurityFilterChain [restartedMain] Will secure any request with [org.springframework.security.web.context.request.async.WebAsyncManagerIntegrationFilter@f4edfae, org.springframework.security.web.context.SecurityContextPersistenceFilter@2841adad, org.springframework.security.web.header.HeaderWriterFilter@101fdcf5, org.springframework.security.web.csrf.CsrfFilter@5a49daeb, org.springframework.security.web.authentication.logout.LogoutFilter@1e893655, org.springframework.security.web.authentication.UsernamePasswordAuthenticationFilter@d78ccc7, org.springframework.security.web.savedrequest.RequestCacheAwareFilter@7f9d6162, org.springframework.security.web.servletapi.SecurityContextHolderAwareRequestFilter@76ab5435, org.springframework.security.web.authentication.AnonymousAuthenticationFilter@8b13fc1, org.springframework.security.web.session.SessionManagementFilter@598f71cc, org.springframework.security.web.access.ExceptionTranslationFilter@7189b3b, org.springframework.security.web.access.intercept.FilterSecurityInterceptor@30726cf4]
2022-06-23 10:32:51,702 INFO org.springframework.boot.devtools.autoconfigure.OptionalLiveReloadServer [restartedMain] LiveReload server is running on port 35729
2022-06-23 10:32:51,939 INFO org.springframework.boot.web.embedded.tomcat.TomcatWebServer [restartedMain] Tomcat started on port(s): 8081 (http) with context path ''
2022-06-23 10:32:51,948 INFO org.springframework.core.log.CompositeLog [restartedMain] Starting...
2022-06-23 10:32:51,950 INFO org.springframework.core.log.CompositeLog [restartedMain] BrokerAvailabilityEvent[available=true, SimpleBrokerMessageHandler [org.springframework.messaging.simp.broker.DefaultSubscriptionRegistry@20d47569]]
2022-06-23 10:32:51,954 INFO org.springframework.core.log.CompositeLog [restartedMain] Started.
2022-06-23 10:32:52,007 INFO org.springframework.boot.StartupInfoLogger [restartedMain] Started Qms3Application in 30.627 seconds (JVM running for 37.842)
2022-06-23 10:33:46,362 INFO org.springframework.web.socket.config.WebSocketMessageBrokerStats [MessageBroker-1] WebSocketSession[0 current WS(0)-HttpStream(0)-HttpPoll(0), 0 total, 0 closed abnormally (0 connect failure, 0 send limit, 0 transport error)], stompSubProtocol[processed CONNECT(0)-CONNECTED(0)-DISCONNECT(0)], stompBrokerRelay[null], inboundChannel[pool size = 0, active threads = 0, queued tasks = 0, completed tasks = 0], outboundChannel[pool size = 0, active threads = 0, queued tasks = 0, completed tasks = 0], sockJsScheduler[pool size = 1, active threads = 1, queued tasks = 0, completed tasks = 0]
2022-06-23 10:53:17,989 INFO org.springframework.web.servlet.FrameworkServlet [http-nio-8081-exec-1] Initializing Servlet 'dispatcherServlet'
2022-06-23 10:53:17,997 INFO org.springframework.web.servlet.FrameworkServlet [http-nio-8081-exec-1] Completed initialization in 6 ms
2022-06-23 11:03:46,363 INFO org.springframework.web.socket.config.WebSocketMessageBrokerStats [MessageBroker-1] WebSocketSession[0 current WS(0)-HttpStream(0)-HttpPoll(0), 0 total, 0 closed abnormally (0 connect failure, 0 send limit, 0 transport error)], stompSubProtocol[processed CONNECT(0)-CONNECTED(0)-DISCONNECT(0)], stompBrokerRelay[null], inboundChannel[pool size = 0, active threads = 0, queued tasks = 0, completed tasks = 0], outboundChannel[pool size = 0, active threads = 0, queued tasks = 0, completed tasks = 0], sockJsScheduler[pool size = 2, active threads = 1, queued tasks = 0, completed tasks = 1]
2022-06-23 11:33:46,364 INFO org.springframework.web.socket.config.WebSocketMessageBrokerStats [MessageBroker-2] WebSocketSession[0 current WS(0)-HttpStream(0)-HttpPoll(0), 0 total, 0 closed abnormally (0 connect failure, 0 send limit, 0 transport error)], stompSubProtocol[processed CONNECT(0)-CONNECTED(0)-DISCONNECT(0)], stompBrokerRelay[null], inboundChannel[pool size = 0, active threads = 0, queued tasks = 0, completed tasks = 0], outboundChannel[pool size = 0, active threads = 0, queued tasks = 0, completed tasks = 0], sockJsScheduler[pool size = 3, active threads = 1, queued tasks = 0, completed tasks = 2]
2022-06-23 12:03:46,366 INFO org.springframework.web.socket.config.WebSocketMessageBrokerStats [MessageBroker-1] WebSocketSession[0 current WS(0)-HttpStream(0)-HttpPoll(0), 0 total, 0 closed abnormally (0 connect failure, 0 send limit, 0 transport error)], stompSubProtocol[processed CONNECT(0)-CONNECTED(0)-DISCONNECT(0)], stompBrokerRelay[null], inboundChannel[pool size = 0, active threads = 0, queued tasks = 0, completed tasks = 0], outboundChannel[pool size = 0, active threads = 0, queued tasks = 0, completed tasks = 0], sockJsScheduler[pool size = 4, active threads = 1, queued tasks = 0, completed tasks = 3]
2022-06-23 12:19:17,535 INFO org.springframework.boot.admin.SpringApplicationAdminMXBeanRegistrar$SpringApplicationAdmin [RMI TCP Connection(111)-127.0.0.1] Application shutdown requested.
2022-06-23 12:19:17,537 INFO org.springframework.core.log.CompositeLog [RMI TCP Connection(111)-127.0.0.1] Stopping...
2022-06-23 12:19:17,537 INFO org.springframework.core.log.CompositeLog [RMI TCP Connection(111)-127.0.0.1] BrokerAvailabilityEvent[available=false, SimpleBrokerMessageHandler [org.springframework.messaging.simp.broker.DefaultSubscriptionRegistry@20d47569]]
2022-06-23 12:19:17,537 INFO org.springframework.core.log.CompositeLog [RMI TCP Connection(111)-127.0.0.1] Stopped.
2022-06-23 12:19:17,555 INFO org.springframework.orm.jpa.AbstractEntityManagerFactoryBean [RMI TCP Connection(111)-127.0.0.1] Closing JPA EntityManagerFactory for persistence unit 'default'
