2022-11-03 07:37:57,081 INFO org.springframework.boot.StartupInfoLogger [restartedMain] Starting Qms3Application using Java 17.0.4.1 on DESKTOP-R1VQOLK with PID 8028 (C:\Users\RCS2\eclipse-workspace\QMS\QMS\QMS-3\target\classes started by RCS2 in C:\Users\RCS2\eclipse-workspace\QMS\QMS\QMS-3)
2022-11-03 07:37:57,085 INFO org.springframework.boot.SpringApplication [restartedMain] No active profile set, falling back to default profiles: default
2022-11-03 07:37:57,339 INFO org.springframework.boot.logging.DeferredLog [restartedMain] Devtools property defaults active! Set 'spring.devtools.add-properties' to 'false' to disable
2022-11-03 07:37:57,340 INFO org.springframework.boot.logging.DeferredLog [restartedMain] For additional web related logging consider setting the 'logging.level.web' property to 'DEBUG'
2022-11-03 07:37:58,400 INFO org.springframework.data.repository.config.RepositoryConfigurationDelegate [restartedMain] Bootstrapping Spring Data JPA repositories in DEFAULT mode.
2022-11-03 07:37:58,484 INFO org.springframework.data.repository.config.RepositoryConfigurationDelegate [restartedMain] Finished Spring Data repository scanning in 74 ms. Found 9 JPA repository interfaces.
2022-11-03 07:37:59,193 INFO org.springframework.boot.web.embedded.tomcat.TomcatWebServer [restartedMain] Tomcat initialized with port(s): 8081 (http)
2022-11-03 07:37:59,282 INFO org.springframework.boot.web.servlet.context.ServletWebServerApplicationContext [restartedMain] Root WebApplicationContext: initialization completed in 1941 ms
2022-11-03 07:37:59,649 INFO org.hibernate.jpa.internal.util.LogHelper [restartedMain] HHH000204: Processing PersistenceUnitInfo [name: default]
2022-11-03 07:37:59,715 INFO org.hibernate.Version [restartedMain] HHH000412: Hibernate ORM core version 5.4.32.Final
2022-11-03 07:37:59,885 INFO org.hibernate.annotations.common.reflection.java.JavaReflectionManager [restartedMain] HCANN000001: Hibernate Commons Annotations {5.1.2.Final}
2022-11-03 07:38:00,233 INFO org.hibernate.dialect.Dialect [restartedMain] HHH000400: Using dialect: org.hibernate.dialect.H2Dialect
2022-11-03 07:38:01,017 INFO org.hibernate.engine.transaction.jta.platform.internal.JtaPlatformInitiator [restartedMain] HHH000490: Using JtaPlatform implementation: [org.hibernate.engine.transaction.jta.platform.internal.NoJtaPlatform]
2022-11-03 07:38:01,026 INFO org.springframework.orm.jpa.AbstractEntityManagerFactoryBean [restartedMain] Initialized JPA EntityManagerFactory for persistence unit 'default'
2022-11-03 07:38:01,405 INFO org.springframework.boot.autoconfigure.h2.H2ConsoleAutoConfiguration [restartedMain] H2 console available at '/h2-console'. Database available at 'jdbc:h2:file:/C:/Users/RCS2/eclipse-workspace/QMS/database/qmsdb'
2022-11-03 07:38:02,082 INFO org.springframework.security.web.DefaultSecurityFilterChain [restartedMain] Will secure Ant [pattern='/resources/**'] with []
2022-11-03 07:38:02,082 INFO org.springframework.security.web.DefaultSecurityFilterChain [restartedMain] Will secure Ant [pattern='/static/**'] with []
2022-11-03 07:38:02,083 INFO org.springframework.security.web.DefaultSecurityFilterChain [restartedMain] Will secure Ant [pattern='/plugins/**'] with []
2022-11-03 07:38:02,083 INFO org.springframework.security.web.DefaultSecurityFilterChain [restartedMain] Will secure Ant [pattern='/css/**'] with []
2022-11-03 07:38:02,083 INFO org.springframework.security.web.DefaultSecurityFilterChain [restartedMain] Will secure Ant [pattern='/js/**'] with []
2022-11-03 07:38:02,083 INFO org.springframework.security.web.DefaultSecurityFilterChain [restartedMain] Will secure Ant [pattern='/assets/**'] with []
2022-11-03 07:38:02,084 INFO org.springframework.security.web.DefaultSecurityFilterChain [restartedMain] Will secure Ant [pattern='/assets/css/**'] with []
2022-11-03 07:38:02,084 INFO org.springframework.security.web.DefaultSecurityFilterChain [restartedMain] Will secure Ant [pattern='/assets/js/**'] with []
2022-11-03 07:38:02,084 INFO org.springframework.security.web.DefaultSecurityFilterChain [restartedMain] Will secure Ant [pattern='/img/**'] with []
2022-11-03 07:38:02,084 INFO org.springframework.security.web.DefaultSecurityFilterChain [restartedMain] Will secure Ant [pattern='/file/**'] with []
2022-11-03 07:38:02,084 INFO org.springframework.security.web.DefaultSecurityFilterChain [restartedMain] Will secure Ant [pattern='/webjars/**'] with []
2022-11-03 07:38:02,084 INFO org.springframework.security.web.DefaultSecurityFilterChain [restartedMain] Will secure Ant [pattern='/h2-console/**'] with []
2022-11-03 07:38:02,122 INFO org.springframework.security.web.DefaultSecurityFilterChain [restartedMain] Will secure any request with [org.springframework.security.web.context.request.async.WebAsyncManagerIntegrationFilter@70cf4b88, org.springframework.security.web.context.SecurityContextPersistenceFilter@4bcc07bf, org.springframework.security.web.header.HeaderWriterFilter@f56d481, org.springframework.security.web.csrf.CsrfFilter@5f8d3078, org.springframework.security.web.authentication.logout.LogoutFilter@7d092c86, org.springframework.security.web.authentication.UsernamePasswordAuthenticationFilter@142aa40c, org.springframework.security.web.savedrequest.RequestCacheAwareFilter@13147923, org.springframework.security.web.servletapi.SecurityContextHolderAwareRequestFilter@2aa2ec93, org.springframework.security.web.authentication.AnonymousAuthenticationFilter@614d8392, org.springframework.security.web.session.SessionManagementFilter@5d0e93b8, org.springframework.security.web.access.ExceptionTranslationFilter@64116f1e, org.springframework.security.web.access.intercept.FilterSecurityInterceptor@2f49e517]
2022-11-03 07:38:03,231 INFO org.springframework.boot.devtools.autoconfigure.OptionalLiveReloadServer [restartedMain] LiveReload server is running on port 35729
2022-11-03 07:38:03,276 INFO org.springframework.boot.web.embedded.tomcat.TomcatWebServer [restartedMain] Tomcat started on port(s): 8081 (http) with context path ''
2022-11-03 07:38:03,278 INFO org.springframework.core.log.CompositeLog [restartedMain] Starting...
2022-11-03 07:38:03,279 INFO org.springframework.core.log.CompositeLog [restartedMain] BrokerAvailabilityEvent[available=true, SimpleBrokerMessageHandler [org.springframework.messaging.simp.broker.DefaultSubscriptionRegistry@2daace8e]]
2022-11-03 07:38:03,280 INFO org.springframework.core.log.CompositeLog [restartedMain] Started.
2022-11-03 07:38:03,291 INFO org.springframework.boot.StartupInfoLogger [restartedMain] Started Qms3Application in 6.582 seconds (JVM running for 7.509)
2022-11-03 07:38:52,686 INFO org.springframework.web.servlet.FrameworkServlet [http-nio-8081-exec-1] Initializing Servlet 'dispatcherServlet'
2022-11-03 07:38:52,688 INFO org.springframework.web.servlet.FrameworkServlet [http-nio-8081-exec-1] Completed initialization in 1 ms
2022-11-03 07:39:02,194 INFO org.springframework.web.socket.config.WebSocketMessageBrokerStats [MessageBroker-3] WebSocketSession[1 current WS(1)-HttpStream(0)-HttpPoll(0), 1 total, 0 closed abnormally (0 connect failure, 0 send limit, 0 transport error)], stompSubProtocol[processed CONNECT(1)-CONNECTED(1)-DISCONNECT(0)], stompBrokerRelay[null], inboundChannel[pool size = 6, active threads = 0, queued tasks = 0, completed tasks = 6], outboundChannel[pool size = 1, active threads = 0, queued tasks = 0, completed tasks = 1], sockJsScheduler[pool size = 4, active threads = 1, queued tasks = 2, completed tasks = 2]
2022-11-03 08:09:02,195 INFO org.springframework.web.socket.config.WebSocketMessageBrokerStats [MessageBroker-4] WebSocketSession[1 current WS(1)-HttpStream(0)-HttpPoll(0), 1 total, 0 closed abnormally (0 connect failure, 0 send limit, 0 transport error)], stompSubProtocol[processed CONNECT(1)-CONNECTED(1)-DISCONNECT(0)], stompBrokerRelay[null], inboundChannel[pool size = 0, active threads = 0, queued tasks = 0, completed tasks = 6], outboundChannel[pool size = 0, active threads = 0, queued tasks = 0, completed tasks = 1], sockJsScheduler[pool size = 4, active threads = 1, queued tasks = 2, completed tasks = 435]
2022-11-03 08:39:02,197 INFO org.springframework.web.socket.config.WebSocketMessageBrokerStats [MessageBroker-1] WebSocketSession[1 current WS(1)-HttpStream(0)-HttpPoll(0), 1 total, 0 closed abnormally (0 connect failure, 0 send limit, 0 transport error)], stompSubProtocol[processed CONNECT(1)-CONNECTED(1)-DISCONNECT(0)], stompBrokerRelay[null], inboundChannel[pool size = 0, active threads = 0, queued tasks = 0, completed tasks = 6], outboundChannel[pool size = 0, active threads = 0, queued tasks = 0, completed tasks = 1], sockJsScheduler[pool size = 4, active threads = 1, queued tasks = 2, completed tasks = 868]
2022-11-03 09:09:02,199 INFO org.springframework.web.socket.config.WebSocketMessageBrokerStats [MessageBroker-4] WebSocketSession[1 current WS(1)-HttpStream(0)-HttpPoll(0), 1 total, 0 closed abnormally (0 connect failure, 0 send limit, 0 transport error)], stompSubProtocol[processed CONNECT(1)-CONNECTED(1)-DISCONNECT(0)], stompBrokerRelay[null], inboundChannel[pool size = 0, active threads = 0, queued tasks = 0, completed tasks = 6], outboundChannel[pool size = 0, active threads = 0, queued tasks = 0, completed tasks = 1], sockJsScheduler[pool size = 4, active threads = 1, queued tasks = 2, completed tasks = 1301]
2022-11-03 09:39:02,201 INFO org.springframework.web.socket.config.WebSocketMessageBrokerStats [MessageBroker-4] WebSocketSession[1 current WS(1)-HttpStream(0)-HttpPoll(0), 1 total, 0 closed abnormally (0 connect failure, 0 send limit, 0 transport error)], stompSubProtocol[processed CONNECT(1)-CONNECTED(1)-DISCONNECT(0)], stompBrokerRelay[null], inboundChannel[pool size = 0, active threads = 0, queued tasks = 0, completed tasks = 6], outboundChannel[pool size = 0, active threads = 0, queued tasks = 0, completed tasks = 1], sockJsScheduler[pool size = 4, active threads = 1, queued tasks = 2, completed tasks = 1734]
