2023-03-01 00:02:50,517 INFO org.springframework.web.socket.config.WebSocketMessageBrokerStats [MessageBroker-4] WebSocketSession[1 current WS(1)-HttpStream(0)-HttpPoll(0), 17 total, 0 closed abnormally (0 connect failure, 0 send limit, 0 transport error)], stompSubProtocol[processed CONNECT(17)-CONNECTED(17)-DISCONNECT(0)], stompBrokerRelay[null], inboundChannel[pool size = 0, active threads = 0, queued tasks = 0, completed tasks = 150], outboundChannel[pool size = 0, active threads = 0, queued tasks = 0, completed tasks = 34], sockJsScheduler[pool size = 4, active threads = 1, queued tasks = 2, completed tasks = 7141]
2023-03-01 00:32:50,525 INFO org.springframework.web.socket.config.WebSocketMessageBrokerStats [MessageBroker-2] WebSocketSession[1 current WS(1)-HttpStream(0)-HttpPoll(0), 17 total, 0 closed abnormally (0 connect failure, 0 send limit, 0 transport error)], stompSubProtocol[processed CONNECT(17)-CONNECTED(17)-DISCONNECT(0)], stompBrokerRelay[null], inboundChannel[pool size = 0, active threads = 0, queued tasks = 0, completed tasks = 150], outboundChannel[pool size = 0, active threads = 0, queued tasks = 0, completed tasks = 34], sockJsScheduler[pool size = 4, active threads = 1, queued tasks = 2, completed tasks = 7574]
2023-03-01 01:02:50,535 INFO org.springframework.web.socket.config.WebSocketMessageBrokerStats [MessageBroker-4] WebSocketSession[1 current WS(1)-HttpStream(0)-HttpPoll(0), 17 total, 0 closed abnormally (0 connect failure, 0 send limit, 0 transport error)], stompSubProtocol[processed CONNECT(17)-CONNECTED(17)-DISCONNECT(0)], stompBrokerRelay[null], inboundChannel[pool size = 0, active threads = 0, queued tasks = 0, completed tasks = 150], outboundChannel[pool size = 0, active threads = 0, queued tasks = 0, completed tasks = 34], sockJsScheduler[pool size = 4, active threads = 1, queued tasks = 2, completed tasks = 8007]
2023-03-01 01:32:50,551 INFO org.springframework.web.socket.config.WebSocketMessageBrokerStats [MessageBroker-2] WebSocketSession[1 current WS(1)-HttpStream(0)-HttpPoll(0), 17 total, 0 closed abnormally (0 connect failure, 0 send limit, 0 transport error)], stompSubProtocol[processed CONNECT(17)-CONNECTED(17)-DISCONNECT(0)], stompBrokerRelay[null], inboundChannel[pool size = 0, active threads = 0, queued tasks = 0, completed tasks = 150], outboundChannel[pool size = 0, active threads = 0, queued tasks = 0, completed tasks = 34], sockJsScheduler[pool size = 4, active threads = 1, queued tasks = 2, completed tasks = 8440]
2023-03-01 02:02:50,553 INFO org.springframework.web.socket.config.WebSocketMessageBrokerStats [MessageBroker-1] WebSocketSession[1 current WS(1)-HttpStream(0)-HttpPoll(0), 17 total, 0 closed abnormally (0 connect failure, 0 send limit, 0 transport error)], stompSubProtocol[processed CONNECT(17)-CONNECTED(17)-DISCONNECT(0)], stompBrokerRelay[null], inboundChannel[pool size = 0, active threads = 0, queued tasks = 0, completed tasks = 150], outboundChannel[pool size = 0, active threads = 0, queued tasks = 0, completed tasks = 34], sockJsScheduler[pool size = 4, active threads = 1, queued tasks = 2, completed tasks = 8873]
2023-03-01 02:32:50,567 INFO org.springframework.web.socket.config.WebSocketMessageBrokerStats [MessageBroker-1] WebSocketSession[1 current WS(1)-HttpStream(0)-HttpPoll(0), 17 total, 0 closed abnormally (0 connect failure, 0 send limit, 0 transport error)], stompSubProtocol[processed CONNECT(17)-CONNECTED(17)-DISCONNECT(0)], stompBrokerRelay[null], inboundChannel[pool size = 0, active threads = 0, queued tasks = 0, completed tasks = 150], outboundChannel[pool size = 0, active threads = 0, queued tasks = 0, completed tasks = 34], sockJsScheduler[pool size = 4, active threads = 1, queued tasks = 2, completed tasks = 9306]
2023-03-01 03:02:50,578 INFO org.springframework.web.socket.config.WebSocketMessageBrokerStats [MessageBroker-1] WebSocketSession[1 current WS(1)-HttpStream(0)-HttpPoll(0), 17 total, 0 closed abnormally (0 connect failure, 0 send limit, 0 transport error)], stompSubProtocol[processed CONNECT(17)-CONNECTED(17)-DISCONNECT(0)], stompBrokerRelay[null], inboundChannel[pool size = 0, active threads = 0, queued tasks = 0, completed tasks = 150], outboundChannel[pool size = 0, active threads = 0, queued tasks = 0, completed tasks = 34], sockJsScheduler[pool size = 4, active threads = 1, queued tasks = 2, completed tasks = 9739]
2023-03-01 03:32:50,588 INFO org.springframework.web.socket.config.WebSocketMessageBrokerStats [MessageBroker-3] WebSocketSession[1 current WS(1)-HttpStream(0)-HttpPoll(0), 17 total, 0 closed abnormally (0 connect failure, 0 send limit, 0 transport error)], stompSubProtocol[processed CONNECT(17)-CONNECTED(17)-DISCONNECT(0)], stompBrokerRelay[null], inboundChannel[pool size = 0, active threads = 0, queued tasks = 0, completed tasks = 150], outboundChannel[pool size = 0, active threads = 0, queued tasks = 0, completed tasks = 34], sockJsScheduler[pool size = 4, active threads = 1, queued tasks = 2, completed tasks = 10172]
2023-03-01 04:02:50,603 INFO org.springframework.web.socket.config.WebSocketMessageBrokerStats [MessageBroker-1] WebSocketSession[1 current WS(1)-HttpStream(0)-HttpPoll(0), 17 total, 0 closed abnormally (0 connect failure, 0 send limit, 0 transport error)], stompSubProtocol[processed CONNECT(17)-CONNECTED(17)-DISCONNECT(0)], stompBrokerRelay[null], inboundChannel[pool size = 0, active threads = 0, queued tasks = 0, completed tasks = 150], outboundChannel[pool size = 0, active threads = 0, queued tasks = 0, completed tasks = 34], sockJsScheduler[pool size = 4, active threads = 1, queued tasks = 2, completed tasks = 10605]
2023-03-01 04:32:50,607 INFO org.springframework.web.socket.config.WebSocketMessageBrokerStats [MessageBroker-2] WebSocketSession[1 current WS(1)-HttpStream(0)-HttpPoll(0), 17 total, 0 closed abnormally (0 connect failure, 0 send limit, 0 transport error)], stompSubProtocol[processed CONNECT(17)-CONNECTED(17)-DISCONNECT(0)], stompBrokerRelay[null], inboundChannel[pool size = 0, active threads = 0, queued tasks = 0, completed tasks = 150], outboundChannel[pool size = 0, active threads = 0, queued tasks = 0, completed tasks = 34], sockJsScheduler[pool size = 4, active threads = 1, queued tasks = 2, completed tasks = 11038]
2023-03-01 05:02:50,619 INFO org.springframework.web.socket.config.WebSocketMessageBrokerStats [MessageBroker-3] WebSocketSession[1 current WS(1)-HttpStream(0)-HttpPoll(0), 17 total, 0 closed abnormally (0 connect failure, 0 send limit, 0 transport error)], stompSubProtocol[processed CONNECT(17)-CONNECTED(17)-DISCONNECT(0)], stompBrokerRelay[null], inboundChannel[pool size = 0, active threads = 0, queued tasks = 0, completed tasks = 150], outboundChannel[pool size = 0, active threads = 0, queued tasks = 0, completed tasks = 34], sockJsScheduler[pool size = 4, active threads = 1, queued tasks = 2, completed tasks = 11471]
2023-03-01 05:32:50,636 INFO org.springframework.web.socket.config.WebSocketMessageBrokerStats [MessageBroker-1] WebSocketSession[1 current WS(1)-HttpStream(0)-HttpPoll(0), 17 total, 0 closed abnormally (0 connect failure, 0 send limit, 0 transport error)], stompSubProtocol[processed CONNECT(17)-CONNECTED(17)-DISCONNECT(0)], stompBrokerRelay[null], inboundChannel[pool size = 0, active threads = 0, queued tasks = 0, completed tasks = 150], outboundChannel[pool size = 0, active threads = 0, queued tasks = 0, completed tasks = 34], sockJsScheduler[pool size = 4, active threads = 1, queued tasks = 2, completed tasks = 11904]
2023-03-01 06:02:50,648 INFO org.springframework.web.socket.config.WebSocketMessageBrokerStats [MessageBroker-1] WebSocketSession[1 current WS(1)-HttpStream(0)-HttpPoll(0), 17 total, 0 closed abnormally (0 connect failure, 0 send limit, 0 transport error)], stompSubProtocol[processed CONNECT(17)-CONNECTED(17)-DISCONNECT(0)], stompBrokerRelay[null], inboundChannel[pool size = 0, active threads = 0, queued tasks = 0, completed tasks = 150], outboundChannel[pool size = 0, active threads = 0, queued tasks = 0, completed tasks = 34], sockJsScheduler[pool size = 4, active threads = 1, queued tasks = 2, completed tasks = 12337]
2023-03-01 06:32:50,657 INFO org.springframework.web.socket.config.WebSocketMessageBrokerStats [MessageBroker-3] WebSocketSession[1 current WS(1)-HttpStream(0)-HttpPoll(0), 17 total, 0 closed abnormally (0 connect failure, 0 send limit, 0 transport error)], stompSubProtocol[processed CONNECT(17)-CONNECTED(17)-DISCONNECT(0)], stompBrokerRelay[null], inboundChannel[pool size = 0, active threads = 0, queued tasks = 0, completed tasks = 150], outboundChannel[pool size = 0, active threads = 0, queued tasks = 0, completed tasks = 34], sockJsScheduler[pool size = 4, active threads = 1, queued tasks = 2, completed tasks = 12770]
2023-03-01 07:02:50,668 INFO org.springframework.web.socket.config.WebSocketMessageBrokerStats [MessageBroker-4] WebSocketSession[1 current WS(1)-HttpStream(0)-HttpPoll(0), 17 total, 0 closed abnormally (0 connect failure, 0 send limit, 0 transport error)], stompSubProtocol[processed CONNECT(17)-CONNECTED(17)-DISCONNECT(0)], stompBrokerRelay[null], inboundChannel[pool size = 0, active threads = 0, queued tasks = 0, completed tasks = 150], outboundChannel[pool size = 0, active threads = 0, queued tasks = 0, completed tasks = 34], sockJsScheduler[pool size = 4, active threads = 1, queued tasks = 2, completed tasks = 13203]
2023-03-01 07:32:50,674 INFO org.springframework.web.socket.config.WebSocketMessageBrokerStats [MessageBroker-3] WebSocketSession[1 current WS(1)-HttpStream(0)-HttpPoll(0), 18 total, 0 closed abnormally (0 connect failure, 0 send limit, 0 transport error)], stompSubProtocol[processed CONNECT(18)-CONNECTED(18)-DISCONNECT(0)], stompBrokerRelay[null], inboundChannel[pool size = 0, active threads = 0, queued tasks = 0, completed tasks = 159], outboundChannel[pool size = 0, active threads = 0, queued tasks = 0, completed tasks = 36], sockJsScheduler[pool size = 4, active threads = 1, queued tasks = 2, completed tasks = 13635]
2023-03-01 08:02:50,690 INFO org.springframework.web.socket.config.WebSocketMessageBrokerStats [MessageBroker-1] WebSocketSession[1 current WS(1)-HttpStream(0)-HttpPoll(0), 18 total, 0 closed abnormally (0 connect failure, 0 send limit, 0 transport error)], stompSubProtocol[processed CONNECT(18)-CONNECTED(18)-DISCONNECT(0)], stompBrokerRelay[null], inboundChannel[pool size = 0, active threads = 0, queued tasks = 0, completed tasks = 159], outboundChannel[pool size = 0, active threads = 0, queued tasks = 0, completed tasks = 36], sockJsScheduler[pool size = 4, active threads = 1, queued tasks = 2, completed tasks = 14068]
2023-03-01 08:32:50,707 INFO org.springframework.web.socket.config.WebSocketMessageBrokerStats [MessageBroker-1] WebSocketSession[1 current WS(1)-HttpStream(0)-HttpPoll(0), 20 total, 0 closed abnormally (0 connect failure, 0 send limit, 0 transport error)], stompSubProtocol[processed CONNECT(20)-CONNECTED(20)-DISCONNECT(0)], stompBrokerRelay[null], inboundChannel[pool size = 0, active threads = 0, queued tasks = 0, completed tasks = 177], outboundChannel[pool size = 0, active threads = 0, queued tasks = 0, completed tasks = 40], sockJsScheduler[pool size = 4, active threads = 1, queued tasks = 2, completed tasks = 14499]
2023-03-01 08:41:01,196 INFO org.springframework.boot.admin.SpringApplicationAdminMXBeanRegistrar$SpringApplicationAdmin [RMI TCP Connection(1480)-127.0.0.1] Application shutdown requested.
2023-03-01 08:41:01,204 INFO org.springframework.core.log.CompositeLog [RMI TCP Connection(1480)-127.0.0.1] Stopping...
2023-03-01 08:41:01,204 INFO org.springframework.core.log.CompositeLog [RMI TCP Connection(1480)-127.0.0.1] BrokerAvailabilityEvent[available=false, SimpleBrokerMessageHandler [org.springframework.messaging.simp.broker.DefaultSubscriptionRegistry@1763846e]]
2023-03-01 08:41:01,205 INFO org.springframework.core.log.CompositeLog [RMI TCP Connection(1480)-127.0.0.1] Stopped.
2023-03-01 08:41:01,231 INFO org.springframework.orm.jpa.AbstractEntityManagerFactoryBean [RMI TCP Connection(1480)-127.0.0.1] Closing JPA EntityManagerFactory for persistence unit 'default'
2023-03-01 08:55:35,166 INFO org.springframework.boot.StartupInfoLogger [restartedMain] Starting Qms3Application using Java 17.0.6 on DESKTOP-8J48BEB with PID 1280 (C:\Users\RCS2\eclipse-workspace\QMS\QMS\QMS\QMS-3\target\classes started by RCS2 in C:\Users\RCS2\eclipse-workspace\QMS\QMS\QMS\QMS-3)
2023-03-01 08:55:35,185 INFO org.springframework.boot.SpringApplication [restartedMain] No active profile set, falling back to default profiles: default
2023-03-01 08:55:35,403 INFO org.springframework.boot.logging.DeferredLog [restartedMain] Devtools property defaults active! Set 'spring.devtools.add-properties' to 'false' to disable
2023-03-01 08:55:35,403 INFO org.springframework.boot.logging.DeferredLog [restartedMain] For additional web related logging consider setting the 'logging.level.web' property to 'DEBUG'
2023-03-01 08:55:37,195 INFO org.springframework.data.repository.config.RepositoryConfigurationDelegate [restartedMain] Bootstrapping Spring Data JPA repositories in DEFAULT mode.
2023-03-01 08:55:37,705 INFO org.springframework.data.repository.config.RepositoryConfigurationDelegate [restartedMain] Finished Spring Data repository scanning in 490 ms. Found 11 JPA repository interfaces.
2023-03-01 08:55:39,719 INFO org.springframework.boot.web.embedded.tomcat.TomcatWebServer [restartedMain] Tomcat initialized with port(s): 8081 (http)
2023-03-01 08:55:40,004 INFO org.springframework.boot.web.servlet.context.ServletWebServerApplicationContext [restartedMain] Root WebApplicationContext: initialization completed in 4601 ms
2023-03-01 08:55:41,346 INFO org.hibernate.jpa.internal.util.LogHelper [restartedMain] HHH000204: Processing PersistenceUnitInfo [name: default]
2023-03-01 08:55:41,556 INFO org.hibernate.Version [restartedMain] HHH000412: Hibernate ORM core version 5.4.32.Final
2023-03-01 08:55:42,277 INFO org.hibernate.annotations.common.reflection.java.JavaReflectionManager [restartedMain] HCANN000001: Hibernate Commons Annotations {5.1.2.Final}
2023-03-01 08:55:43,175 INFO org.hibernate.dialect.Dialect [restartedMain] HHH000400: Using dialect: org.hibernate.dialect.MySQL5InnoDBDialect
2023-03-01 08:55:45,772 INFO org.hibernate.engine.transaction.jta.platform.internal.JtaPlatformInitiator [restartedMain] HHH000490: Using JtaPlatform implementation: [org.hibernate.engine.transaction.jta.platform.internal.NoJtaPlatform]
2023-03-01 08:55:45,781 INFO org.springframework.orm.jpa.AbstractEntityManagerFactoryBean [restartedMain] Initialized JPA EntityManagerFactory for persistence unit 'default'
2023-03-01 08:55:47,132 INFO org.springframework.boot.autoconfigure.h2.H2ConsoleAutoConfiguration [restartedMain] H2 console available at '/h2-console'. Database available at 'jdbc:mysql://localhost:3306/qmsdb'
2023-03-01 08:55:48,587 INFO org.springframework.security.web.DefaultSecurityFilterChain [restartedMain] Will secure Ant [pattern='/resources/**'] with []
2023-03-01 08:55:48,587 INFO org.springframework.security.web.DefaultSecurityFilterChain [restartedMain] Will secure Ant [pattern='/static/**'] with []
2023-03-01 08:55:48,587 INFO org.springframework.security.web.DefaultSecurityFilterChain [restartedMain] Will secure Ant [pattern='/plugins/**'] with []
2023-03-01 08:55:48,588 INFO org.springframework.security.web.DefaultSecurityFilterChain [restartedMain] Will secure Ant [pattern='/css/**'] with []
2023-03-01 08:55:48,588 INFO org.springframework.security.web.DefaultSecurityFilterChain [restartedMain] Will secure Ant [pattern='/js/**'] with []
2023-03-01 08:55:48,588 INFO org.springframework.security.web.DefaultSecurityFilterChain [restartedMain] Will secure Ant [pattern='/assets/**'] with []
2023-03-01 08:55:48,588 INFO org.springframework.security.web.DefaultSecurityFilterChain [restartedMain] Will secure Ant [pattern='/assets/css/**'] with []
2023-03-01 08:55:48,588 INFO org.springframework.security.web.DefaultSecurityFilterChain [restartedMain] Will secure Ant [pattern='/assets/js/**'] with []
2023-03-01 08:55:48,588 INFO org.springframework.security.web.DefaultSecurityFilterChain [restartedMain] Will secure Ant [pattern='/img/**'] with []
2023-03-01 08:55:48,588 INFO org.springframework.security.web.DefaultSecurityFilterChain [restartedMain] Will secure Ant [pattern='/file/**'] with []
2023-03-01 08:55:48,589 INFO org.springframework.security.web.DefaultSecurityFilterChain [restartedMain] Will secure Ant [pattern='/webjars/**'] with []
2023-03-01 08:55:48,589 INFO org.springframework.security.web.DefaultSecurityFilterChain [restartedMain] Will secure Ant [pattern='/h2-console/**'] with []
2023-03-01 08:55:48,642 INFO org.springframework.security.web.DefaultSecurityFilterChain [restartedMain] Will secure any request with [org.springframework.security.web.context.request.async.WebAsyncManagerIntegrationFilter@35b894e5, org.springframework.security.web.context.SecurityContextPersistenceFilter@bc5a44a, org.springframework.security.web.header.HeaderWriterFilter@3f4e6bf6, org.springframework.security.web.csrf.CsrfFilter@135fa558, org.springframework.security.web.authentication.logout.LogoutFilter@347338d6, org.springframework.security.web.authentication.UsernamePasswordAuthenticationFilter@495639cb, org.springframework.security.web.savedrequest.RequestCacheAwareFilter@1bb7bc64, org.springframework.security.web.servletapi.SecurityContextHolderAwareRequestFilter@77807688, org.springframework.security.web.authentication.AnonymousAuthenticationFilter@476d43ce, org.springframework.security.web.session.SessionManagementFilter@3017ea68, org.springframework.security.web.access.ExceptionTranslationFilter@7e362a55, org.springframework.security.web.access.intercept.FilterSecurityInterceptor@759790ab]
2023-03-01 08:55:50,851 INFO org.springframework.boot.devtools.autoconfigure.OptionalLiveReloadServer [restartedMain] LiveReload server is running on port 35729
2023-03-01 08:55:50,956 INFO org.springframework.boot.web.embedded.tomcat.TomcatWebServer [restartedMain] Tomcat started on port(s): 8081 (http) with context path ''
2023-03-01 08:55:50,958 INFO org.springframework.core.log.CompositeLog [restartedMain] Starting...
2023-03-01 08:55:50,959 INFO org.springframework.core.log.CompositeLog [restartedMain] BrokerAvailabilityEvent[available=true, SimpleBrokerMessageHandler [org.springframework.messaging.simp.broker.DefaultSubscriptionRegistry@ffe7d40]]
2023-03-01 08:55:50,960 INFO org.springframework.core.log.CompositeLog [restartedMain] Started.
2023-03-01 08:55:50,970 INFO org.springframework.boot.StartupInfoLogger [restartedMain] Started Qms3Application in 16.17 seconds (JVM running for 17.258)
2023-03-01 08:56:00,001 INFO org.springframework.web.servlet.FrameworkServlet [http-nio-8081-exec-1] Initializing Servlet 'dispatcherServlet'
2023-03-01 08:56:00,002 INFO org.springframework.web.servlet.FrameworkServlet [http-nio-8081-exec-1] Completed initialization in 1 ms
2023-03-01 08:56:48,810 INFO org.springframework.web.socket.config.WebSocketMessageBrokerStats [MessageBroker-1] WebSocketSession[1 current WS(1)-HttpStream(0)-HttpPoll(0), 1 total, 0 closed abnormally (0 connect failure, 0 send limit, 0 transport error)], stompSubProtocol[processed CONNECT(1)-CONNECTED(1)-DISCONNECT(0)], stompBrokerRelay[null], inboundChannel[pool size = 6, active threads = 0, queued tasks = 0, completed tasks = 6], outboundChannel[pool size = 1, active threads = 0, queued tasks = 0, completed tasks = 1], sockJsScheduler[pool size = 4, active threads = 1, queued tasks = 2, completed tasks = 10]
2023-03-01 08:59:24,665 INFO org.springframework.core.log.CompositeLog [Thread-7] Stopping...
2023-03-01 08:59:24,667 INFO org.springframework.core.log.CompositeLog [Thread-7] BrokerAvailabilityEvent[available=false, SimpleBrokerMessageHandler [org.springframework.messaging.simp.broker.DefaultSubscriptionRegistry@ffe7d40]]
2023-03-01 08:59:24,671 INFO org.springframework.core.log.CompositeLog [Thread-7] Stopped.
2023-03-01 08:59:24,722 INFO org.springframework.orm.jpa.AbstractEntityManagerFactoryBean [Thread-7] Closing JPA EntityManagerFactory for persistence unit 'default'
2023-03-01 08:59:24,859 INFO org.springframework.boot.StartupInfoLogger [restartedMain] Starting Qms3Application using Java 17.0.6 on DESKTOP-8J48BEB with PID 1280 (C:\Users\RCS2\eclipse-workspace\QMS\QMS\QMS\QMS-3\target\classes started by RCS2 in C:\Users\RCS2\eclipse-workspace\QMS\QMS\QMS\QMS-3)
2023-03-01 08:59:24,859 INFO org.springframework.boot.SpringApplication [restartedMain] No active profile set, falling back to default profiles: default
2023-03-01 08:59:25,139 INFO org.springframework.data.repository.config.RepositoryConfigurationDelegate [restartedMain] Bootstrapping Spring Data JPA repositories in DEFAULT mode.
2023-03-01 08:59:25,214 INFO org.springframework.data.repository.config.RepositoryConfigurationDelegate [restartedMain] Finished Spring Data repository scanning in 74 ms. Found 11 JPA repository interfaces.
2023-03-01 08:59:25,376 INFO org.springframework.boot.web.embedded.tomcat.TomcatWebServer [restartedMain] Tomcat initialized with port(s): 8081 (http)
2023-03-01 08:59:25,425 INFO org.springframework.boot.web.servlet.context.ServletWebServerApplicationContext [restartedMain] Root WebApplicationContext: initialization completed in 559 ms
2023-03-01 08:59:25,506 INFO org.hibernate.jpa.internal.util.LogHelper [restartedMain] HHH000204: Processing PersistenceUnitInfo [name: default]
2023-03-01 08:59:25,517 INFO org.hibernate.dialect.Dialect [restartedMain] HHH000400: Using dialect: org.hibernate.dialect.MySQL5InnoDBDialect
2023-03-01 08:59:25,722 INFO org.hibernate.engine.transaction.jta.platform.internal.JtaPlatformInitiator [restartedMain] HHH000490: Using JtaPlatform implementation: [org.hibernate.engine.transaction.jta.platform.internal.NoJtaPlatform]
2023-03-01 08:59:25,724 INFO org.springframework.orm.jpa.AbstractEntityManagerFactoryBean [restartedMain] Initialized JPA EntityManagerFactory for persistence unit 'default'
2023-03-01 08:59:25,792 INFO org.springframework.boot.autoconfigure.h2.H2ConsoleAutoConfiguration [restartedMain] H2 console available at '/h2-console'. Database available at 'jdbc:mysql://localhost:3306/qmsdb'
2023-03-01 08:59:26,238 INFO org.springframework.security.web.DefaultSecurityFilterChain [restartedMain] Will secure Ant [pattern='/resources/**'] with []
2023-03-01 08:59:26,238 INFO org.springframework.security.web.DefaultSecurityFilterChain [restartedMain] Will secure Ant [pattern='/static/**'] with []
2023-03-01 08:59:26,239 INFO org.springframework.security.web.DefaultSecurityFilterChain [restartedMain] Will secure Ant [pattern='/plugins/**'] with []
2023-03-01 08:59:26,239 INFO org.springframework.security.web.DefaultSecurityFilterChain [restartedMain] Will secure Ant [pattern='/css/**'] with []
2023-03-01 08:59:26,239 INFO org.springframework.security.web.DefaultSecurityFilterChain [restartedMain] Will secure Ant [pattern='/js/**'] with []
2023-03-01 08:59:26,239 INFO org.springframework.security.web.DefaultSecurityFilterChain [restartedMain] Will secure Ant [pattern='/assets/**'] with []
2023-03-01 08:59:26,239 INFO org.springframework.security.web.DefaultSecurityFilterChain [restartedMain] Will secure Ant [pattern='/assets/css/**'] with []
2023-03-01 08:59:26,239 INFO org.springframework.security.web.DefaultSecurityFilterChain [restartedMain] Will secure Ant [pattern='/assets/js/**'] with []
2023-03-01 08:59:26,240 INFO org.springframework.security.web.DefaultSecurityFilterChain [restartedMain] Will secure Ant [pattern='/img/**'] with []
2023-03-01 08:59:26,240 INFO org.springframework.security.web.DefaultSecurityFilterChain [restartedMain] Will secure Ant [pattern='/file/**'] with []
2023-03-01 08:59:26,240 INFO org.springframework.security.web.DefaultSecurityFilterChain [restartedMain] Will secure Ant [pattern='/webjars/**'] with []
2023-03-01 08:59:26,240 INFO org.springframework.security.web.DefaultSecurityFilterChain [restartedMain] Will secure Ant [pattern='/h2-console/**'] with []
2023-03-01 08:59:26,252 INFO org.springframework.security.web.DefaultSecurityFilterChain [restartedMain] Will secure any request with [org.springframework.security.web.context.request.async.WebAsyncManagerIntegrationFilter@5dc9ebc, org.springframework.security.web.context.SecurityContextPersistenceFilter@4eacc9ff, org.springframework.security.web.header.HeaderWriterFilter@4603a352, org.springframework.security.web.csrf.CsrfFilter@2a67aa6a, org.springframework.security.web.authentication.logout.LogoutFilter@61e9c70f, org.springframework.security.web.authentication.UsernamePasswordAuthenticationFilter@26589346, org.springframework.security.web.savedrequest.RequestCacheAwareFilter@33acacde, org.springframework.security.web.servletapi.SecurityContextHolderAwareRequestFilter@686e80ca, org.springframework.security.web.authentication.AnonymousAuthenticationFilter@22e12c0c, org.springframework.security.web.session.SessionManagementFilter@590f1c4e, org.springframework.security.web.access.ExceptionTranslationFilter@6cb239e5, org.springframework.security.web.access.intercept.FilterSecurityInterceptor@373003f]
2023-03-01 08:59:26,692 INFO org.springframework.boot.devtools.autoconfigure.OptionalLiveReloadServer [restartedMain] LiveReload server is running on port 35729
2023-03-01 08:59:26,706 INFO org.springframework.boot.web.embedded.tomcat.TomcatWebServer [restartedMain] Tomcat started on port(s): 8081 (http) with context path ''
2023-03-01 08:59:26,709 INFO org.springframework.core.log.CompositeLog [restartedMain] Starting...
2023-03-01 08:59:26,709 INFO org.springframework.core.log.CompositeLog [restartedMain] BrokerAvailabilityEvent[available=true, SimpleBrokerMessageHandler [org.springframework.messaging.simp.broker.DefaultSubscriptionRegistry@50fdbdba]]
2023-03-01 08:59:26,710 INFO org.springframework.core.log.CompositeLog [restartedMain] Started.
2023-03-01 08:59:26,715 INFO org.springframework.boot.StartupInfoLogger [restartedMain] Started Qms3Application in 1.923 seconds (JVM running for 233.003)
2023-03-01 08:59:26,720 INFO org.springframework.boot.devtools.autoconfigure.ConditionEvaluationDeltaLoggingListener [restartedMain] Condition evaluation unchanged
2023-03-01 08:59:26,772 INFO org.springframework.web.servlet.FrameworkServlet [http-nio-8081-exec-2] Initializing Servlet 'dispatcherServlet'
2023-03-01 08:59:26,773 INFO org.springframework.web.servlet.FrameworkServlet [http-nio-8081-exec-2] Completed initialization in 1 ms
2023-03-01 09:00:26,284 INFO org.springframework.web.socket.config.WebSocketMessageBrokerStats [MessageBroker-3] WebSocketSession[1 current WS(1)-HttpStream(0)-HttpPoll(0), 1 total, 0 closed abnormally (0 connect failure, 0 send limit, 0 transport error)], stompSubProtocol[processed CONNECT(1)-CONNECTED(1)-DISCONNECT(0)], stompBrokerRelay[null], inboundChannel[pool size = 6, active threads = 0, queued tasks = 0, completed tasks = 6], outboundChannel[pool size = 1, active threads = 0, queued tasks = 0, completed tasks = 1], sockJsScheduler[pool size = 4, active threads = 1, queued tasks = 2, completed tasks = 14]
2023-03-01 09:30:26,298 INFO org.springframework.web.socket.config.WebSocketMessageBrokerStats [MessageBroker-1] WebSocketSession[2 current WS(2)-HttpStream(0)-HttpPoll(0), 16 total, 0 closed abnormally (0 connect failure, 0 send limit, 0 transport error)], stompSubProtocol[processed CONNECT(16)-CONNECTED(16)-DISCONNECT(0)], stompBrokerRelay[null], inboundChannel[pool size = 0, active threads = 0, queued tasks = 0, completed tasks = 138], outboundChannel[pool size = 0, active threads = 0, queued tasks = 0, completed tasks = 38], sockJsScheduler[pool size = 4, active threads = 1, queued tasks = 3, completed tasks = 508]
2023-03-01 09:42:44,968 INFO org.springframework.core.log.CompositeLog [Thread-10] Stopping...
2023-03-01 09:42:44,969 INFO org.springframework.core.log.CompositeLog [Thread-10] BrokerAvailabilityEvent[available=false, SimpleBrokerMessageHandler [org.springframework.messaging.simp.broker.DefaultSubscriptionRegistry@50fdbdba]]
2023-03-01 09:42:44,971 INFO org.springframework.core.log.CompositeLog [Thread-10] Stopped.
2023-03-01 09:42:45,004 INFO org.springframework.orm.jpa.AbstractEntityManagerFactoryBean [Thread-10] Closing JPA EntityManagerFactory for persistence unit 'default'
2023-03-01 09:42:45,520 INFO org.springframework.boot.StartupInfoLogger [restartedMain] Starting Qms3Application using Java 17.0.6 on DESKTOP-8J48BEB with PID 1280 (C:\Users\RCS2\eclipse-workspace\QMS\QMS\QMS\QMS-3\target\classes started by RCS2 in C:\Users\RCS2\eclipse-workspace\QMS\QMS\QMS\QMS-3)
2023-03-01 09:42:45,521 INFO org.springframework.boot.SpringApplication [restartedMain] No active profile set, falling back to default profiles: default
2023-03-01 09:42:46,612 INFO org.springframework.data.repository.config.RepositoryConfigurationDelegate [restartedMain] Bootstrapping Spring Data JPA repositories in DEFAULT mode.
2023-03-01 09:42:46,684 INFO org.springframework.data.repository.config.RepositoryConfigurationDelegate [restartedMain] Finished Spring Data repository scanning in 71 ms. Found 11 JPA repository interfaces.
2023-03-01 09:42:46,852 INFO org.springframework.boot.web.embedded.tomcat.TomcatWebServer [restartedMain] Tomcat initialized with port(s): 8081 (http)
2023-03-01 09:42:46,917 INFO org.springframework.boot.web.servlet.context.ServletWebServerApplicationContext [restartedMain] Root WebApplicationContext: initialization completed in 1204 ms
2023-03-01 09:42:47,016 INFO org.hibernate.jpa.internal.util.LogHelper [restartedMain] HHH000204: Processing PersistenceUnitInfo [name: default]
2023-03-01 09:42:47,030 INFO org.hibernate.dialect.Dialect [restartedMain] HHH000400: Using dialect: org.hibernate.dialect.MySQL5InnoDBDialect
2023-03-01 09:42:47,271 INFO org.hibernate.engine.transaction.jta.platform.internal.JtaPlatformInitiator [restartedMain] HHH000490: Using JtaPlatform implementation: [org.hibernate.engine.transaction.jta.platform.internal.NoJtaPlatform]
2023-03-01 09:42:47,272 INFO org.springframework.orm.jpa.AbstractEntityManagerFactoryBean [restartedMain] Initialized JPA EntityManagerFactory for persistence unit 'default'
2023-03-01 09:42:47,350 INFO org.springframework.boot.autoconfigure.h2.H2ConsoleAutoConfiguration [restartedMain] H2 console available at '/h2-console'. Database available at 'jdbc:mysql://localhost:3306/qmsdb'
2023-03-01 09:42:47,369 WARN org.apache.juli.logging.DirectJDKLog [restartedMain] Cannot deserialize session attribute [SPRING_SECURITY_CONTEXT] for session [0CDCA91F41C357F3A3B1A1B21FF22A1C]
2023-03-01 09:42:47,996 INFO org.springframework.security.web.DefaultSecurityFilterChain [restartedMain] Will secure Ant [pattern='/resources/**'] with []
2023-03-01 09:42:47,996 INFO org.springframework.security.web.DefaultSecurityFilterChain [restartedMain] Will secure Ant [pattern='/static/**'] with []
2023-03-01 09:42:47,997 INFO org.springframework.security.web.DefaultSecurityFilterChain [restartedMain] Will secure Ant [pattern='/plugins/**'] with []
2023-03-01 09:42:47,997 INFO org.springframework.security.web.DefaultSecurityFilterChain [restartedMain] Will secure Ant [pattern='/css/**'] with []
2023-03-01 09:42:47,997 INFO org.springframework.security.web.DefaultSecurityFilterChain [restartedMain] Will secure Ant [pattern='/js/**'] with []
2023-03-01 09:42:47,997 INFO org.springframework.security.web.DefaultSecurityFilterChain [restartedMain] Will secure Ant [pattern='/assets/**'] with []
2023-03-01 09:42:47,997 INFO org.springframework.security.web.DefaultSecurityFilterChain [restartedMain] Will secure Ant [pattern='/assets/css/**'] with []
2023-03-01 09:42:47,997 INFO org.springframework.security.web.DefaultSecurityFilterChain [restartedMain] Will secure Ant [pattern='/assets/js/**'] with []
2023-03-01 09:42:47,997 INFO org.springframework.security.web.DefaultSecurityFilterChain [restartedMain] Will secure Ant [pattern='/img/**'] with []
2023-03-01 09:42:47,997 INFO org.springframework.security.web.DefaultSecurityFilterChain [restartedMain] Will secure Ant [pattern='/file/**'] with []
2023-03-01 09:42:47,998 INFO org.springframework.security.web.DefaultSecurityFilterChain [restartedMain] Will secure Ant [pattern='/webjars/**'] with []
2023-03-01 09:42:47,998 INFO org.springframework.security.web.DefaultSecurityFilterChain [restartedMain] Will secure Ant [pattern='/h2-console/**'] with []
2023-03-01 09:42:48,015 INFO org.springframework.security.web.DefaultSecurityFilterChain [restartedMain] Will secure any request with [org.springframework.security.web.context.request.async.WebAsyncManagerIntegrationFilter@6a2d99cf, org.springframework.security.web.context.SecurityContextPersistenceFilter@6c08263d, org.springframework.security.web.header.HeaderWriterFilter@27a20337, org.springframework.security.web.csrf.CsrfFilter@5553fe5a, org.springframework.security.web.authentication.logout.LogoutFilter@3a83a571, org.springframework.security.web.authentication.UsernamePasswordAuthenticationFilter@23d18e69, org.springframework.security.web.savedrequest.RequestCacheAwareFilter@1baf5c8d, org.springframework.security.web.servletapi.SecurityContextHolderAwareRequestFilter@2ca35f74, org.springframework.security.web.authentication.AnonymousAuthenticationFilter@47024621, org.springframework.security.web.session.SessionManagementFilter@26e3bd95, org.springframework.security.web.access.ExceptionTranslationFilter@37680706, org.springframework.security.web.access.intercept.FilterSecurityInterceptor@d0236b2]
2023-03-01 09:42:48,635 INFO org.springframework.boot.devtools.autoconfigure.OptionalLiveReloadServer [restartedMain] LiveReload server is running on port 35729
2023-03-01 09:42:48,657 INFO org.springframework.boot.web.embedded.tomcat.TomcatWebServer [restartedMain] Tomcat started on port(s): 8081 (http) with context path ''
2023-03-01 09:42:48,660 INFO org.springframework.core.log.CompositeLog [restartedMain] Starting...
2023-03-01 09:42:48,660 INFO org.springframework.core.log.CompositeLog [restartedMain] BrokerAvailabilityEvent[available=true, SimpleBrokerMessageHandler [org.springframework.messaging.simp.broker.DefaultSubscriptionRegistry@6742929]]
2023-03-01 09:42:48,662 INFO org.springframework.core.log.CompositeLog [restartedMain] Started.
2023-03-01 09:42:48,667 INFO org.springframework.boot.StartupInfoLogger [restartedMain] Started Qms3Application in 3.325 seconds (JVM running for 2834.956)
2023-03-01 09:42:48,674 INFO org.springframework.boot.devtools.autoconfigure.ConditionEvaluationDeltaLoggingListener [restartedMain] Condition evaluation unchanged
2023-03-01 09:42:48,732 INFO org.springframework.web.servlet.FrameworkServlet [http-nio-8081-exec-1] Initializing Servlet 'dispatcherServlet'
2023-03-01 09:42:48,733 INFO org.springframework.web.servlet.FrameworkServlet [http-nio-8081-exec-1] Completed initialization in 0 ms
2023-03-01 09:42:51,440 INFO org.springframework.core.log.CompositeLog [Thread-23] Stopping...
2023-03-01 09:42:51,441 INFO org.springframework.core.log.CompositeLog [Thread-23] BrokerAvailabilityEvent[available=false, SimpleBrokerMessageHandler [org.springframework.messaging.simp.broker.DefaultSubscriptionRegistry@6742929]]
2023-03-01 09:42:51,443 INFO org.springframework.core.log.CompositeLog [Thread-23] Stopped.
2023-03-01 09:42:51,471 INFO org.springframework.orm.jpa.AbstractEntityManagerFactoryBean [Thread-23] Closing JPA EntityManagerFactory for persistence unit 'default'
2023-03-01 09:42:51,635 INFO org.springframework.boot.StartupInfoLogger [restartedMain] Starting Qms3Application using Java 17.0.6 on DESKTOP-8J48BEB with PID 1280 (C:\Users\RCS2\eclipse-workspace\QMS\QMS\QMS\QMS-3\target\classes started by RCS2 in C:\Users\RCS2\eclipse-workspace\QMS\QMS\QMS\QMS-3)
2023-03-01 09:42:51,636 INFO org.springframework.boot.SpringApplication [restartedMain] No active profile set, falling back to default profiles: default
2023-03-01 09:42:51,903 INFO org.springframework.data.repository.config.RepositoryConfigurationDelegate [restartedMain] Bootstrapping Spring Data JPA repositories in DEFAULT mode.
2023-03-01 09:42:51,971 INFO org.springframework.data.repository.config.RepositoryConfigurationDelegate [restartedMain] Finished Spring Data repository scanning in 67 ms. Found 11 JPA repository interfaces.
2023-03-01 09:42:52,104 INFO org.springframework.boot.web.embedded.tomcat.TomcatWebServer [restartedMain] Tomcat initialized with port(s): 8081 (http)
2023-03-01 09:42:52,149 INFO org.springframework.boot.web.servlet.context.ServletWebServerApplicationContext [restartedMain] Root WebApplicationContext: initialization completed in 510 ms
2023-03-01 09:42:52,224 INFO org.hibernate.jpa.internal.util.LogHelper [restartedMain] HHH000204: Processing PersistenceUnitInfo [name: default]
2023-03-01 09:42:52,240 INFO org.hibernate.dialect.Dialect [restartedMain] HHH000400: Using dialect: org.hibernate.dialect.MySQL5InnoDBDialect
2023-03-01 09:42:52,467 INFO org.hibernate.engine.transaction.jta.platform.internal.JtaPlatformInitiator [restartedMain] HHH000490: Using JtaPlatform implementation: [org.hibernate.engine.transaction.jta.platform.internal.NoJtaPlatform]
2023-03-01 09:42:52,468 INFO org.springframework.orm.jpa.AbstractEntityManagerFactoryBean [restartedMain] Initialized JPA EntityManagerFactory for persistence unit 'default'
2023-03-01 09:42:52,534 INFO org.springframework.boot.autoconfigure.h2.H2ConsoleAutoConfiguration [restartedMain] H2 console available at '/h2-console'. Database available at 'jdbc:mysql://localhost:3306/qmsdb'
2023-03-01 09:42:52,970 INFO org.springframework.security.web.DefaultSecurityFilterChain [restartedMain] Will secure Ant [pattern='/resources/**'] with []
2023-03-01 09:42:52,970 INFO org.springframework.security.web.DefaultSecurityFilterChain [restartedMain] Will secure Ant [pattern='/static/**'] with []
2023-03-01 09:42:52,970 INFO org.springframework.security.web.DefaultSecurityFilterChain [restartedMain] Will secure Ant [pattern='/plugins/**'] with []
2023-03-01 09:42:52,971 INFO org.springframework.security.web.DefaultSecurityFilterChain [restartedMain] Will secure Ant [pattern='/css/**'] with []
2023-03-01 09:42:52,971 INFO org.springframework.security.web.DefaultSecurityFilterChain [restartedMain] Will secure Ant [pattern='/js/**'] with []
2023-03-01 09:42:52,971 INFO org.springframework.security.web.DefaultSecurityFilterChain [restartedMain] Will secure Ant [pattern='/assets/**'] with []
2023-03-01 09:42:52,971 INFO org.springframework.security.web.DefaultSecurityFilterChain [restartedMain] Will secure Ant [pattern='/assets/css/**'] with []
2023-03-01 09:42:52,971 INFO org.springframework.security.web.DefaultSecurityFilterChain [restartedMain] Will secure Ant [pattern='/assets/js/**'] with []
2023-03-01 09:42:52,971 INFO org.springframework.security.web.DefaultSecurityFilterChain [restartedMain] Will secure Ant [pattern='/img/**'] with []
2023-03-01 09:42:52,971 INFO org.springframework.security.web.DefaultSecurityFilterChain [restartedMain] Will secure Ant [pattern='/file/**'] with []
2023-03-01 09:42:52,971 INFO org.springframework.security.web.DefaultSecurityFilterChain [restartedMain] Will secure Ant [pattern='/webjars/**'] with []
2023-03-01 09:42:52,971 INFO org.springframework.security.web.DefaultSecurityFilterChain [restartedMain] Will secure Ant [pattern='/h2-console/**'] with []
2023-03-01 09:42:52,982 INFO org.springframework.security.web.DefaultSecurityFilterChain [restartedMain] Will secure any request with [org.springframework.security.web.context.request.async.WebAsyncManagerIntegrationFilter@383775ae, org.springframework.security.web.context.SecurityContextPersistenceFilter@38d9a509, org.springframework.security.web.header.HeaderWriterFilter@3d6c3c38, org.springframework.security.web.csrf.CsrfFilter@334d673a, org.springframework.security.web.authentication.logout.LogoutFilter@4d6bd701, org.springframework.security.web.authentication.UsernamePasswordAuthenticationFilter@15dc63ff, org.springframework.security.web.savedrequest.RequestCacheAwareFilter@2fd4bd96, org.springframework.security.web.servletapi.SecurityContextHolderAwareRequestFilter@7305c9a8, org.springframework.security.web.authentication.AnonymousAuthenticationFilter@7abc03f5, org.springframework.security.web.session.SessionManagementFilter@60f56a9a, org.springframework.security.web.access.ExceptionTranslationFilter@27760d81, org.springframework.security.web.access.intercept.FilterSecurityInterceptor@5942ef8a]
2023-03-01 09:42:53,524 INFO org.springframework.boot.devtools.autoconfigure.OptionalLiveReloadServer [restartedMain] LiveReload server is running on port 35729
2023-03-01 09:42:53,552 INFO org.springframework.boot.web.embedded.tomcat.TomcatWebServer [restartedMain] Tomcat started on port(s): 8081 (http) with context path ''
2023-03-01 09:42:53,554 INFO org.springframework.core.log.CompositeLog [restartedMain] Starting...
2023-03-01 09:42:53,554 INFO org.springframework.core.log.CompositeLog [restartedMain] BrokerAvailabilityEvent[available=true, SimpleBrokerMessageHandler [org.springframework.messaging.simp.broker.DefaultSubscriptionRegistry@271f16cd]]
2023-03-01 09:42:53,556 INFO org.springframework.core.log.CompositeLog [restartedMain] Started.
2023-03-01 09:42:53,566 INFO org.springframework.boot.StartupInfoLogger [restartedMain] Started Qms3Application in 2.013 seconds (JVM running for 2839.854)
2023-03-01 09:42:53,575 INFO org.springframework.boot.devtools.autoconfigure.ConditionEvaluationDeltaLoggingListener [restartedMain] Condition evaluation unchanged
2023-03-01 09:42:56,255 INFO org.springframework.web.servlet.FrameworkServlet [http-nio-8081-exec-1] Initializing Servlet 'dispatcherServlet'
2023-03-01 09:42:56,256 INFO org.springframework.web.servlet.FrameworkServlet [http-nio-8081-exec-1] Completed initialization in 1 ms
2023-03-01 09:43:53,011 INFO org.springframework.web.socket.config.WebSocketMessageBrokerStats [MessageBroker-1] WebSocketSession[0 current WS(0)-HttpStream(0)-HttpPoll(0), 0 total, 0 closed abnormally (0 connect failure, 0 send limit, 0 transport error)], stompSubProtocol[processed CONNECT(0)-CONNECTED(0)-DISCONNECT(0)], stompBrokerRelay[null], inboundChannel[pool size = 0, active threads = 0, queued tasks = 0, completed tasks = 0], outboundChannel[pool size = 0, active threads = 0, queued tasks = 0, completed tasks = 0], sockJsScheduler[pool size = 1, active threads = 1, queued tasks = 0, completed tasks = 0]
2023-03-01 10:13:53,018 INFO org.springframework.web.socket.config.WebSocketMessageBrokerStats [MessageBroker-1] WebSocketSession[2 current WS(2)-HttpStream(0)-HttpPoll(0), 16 total, 0 closed abnormally (0 connect failure, 0 send limit, 0 transport error)], stompSubProtocol[processed CONNECT(16)-CONNECTED(16)-DISCONNECT(0)], stompBrokerRelay[null], inboundChannel[pool size = 0, active threads = 0, queued tasks = 0, completed tasks = 138], outboundChannel[pool size = 0, active threads = 0, queued tasks = 0, completed tasks = 31], sockJsScheduler[pool size = 4, active threads = 1, queued tasks = 3, completed tasks = 371]
2023-03-01 10:18:23,794 INFO org.springframework.core.log.CompositeLog [Thread-30] Stopping...
2023-03-01 10:18:23,794 INFO org.springframework.core.log.CompositeLog [Thread-30] BrokerAvailabilityEvent[available=false, SimpleBrokerMessageHandler [org.springframework.messaging.simp.broker.DefaultSubscriptionRegistry@271f16cd]]
2023-03-01 10:18:23,797 INFO org.springframework.core.log.CompositeLog [Thread-30] Stopped.
2023-03-01 10:18:23,831 INFO org.springframework.orm.jpa.AbstractEntityManagerFactoryBean [Thread-30] Closing JPA EntityManagerFactory for persistence unit 'default'
2023-03-01 10:18:23,944 INFO org.springframework.boot.StartupInfoLogger [restartedMain] Starting Qms3Application using Java 17.0.6 on DESKTOP-8J48BEB with PID 1280 (C:\Users\RCS2\eclipse-workspace\QMS\QMS\QMS\QMS-3\target\classes started by RCS2 in C:\Users\RCS2\eclipse-workspace\QMS\QMS\QMS\QMS-3)
2023-03-01 10:18:23,946 INFO org.springframework.boot.SpringApplication [restartedMain] No active profile set, falling back to default profiles: default
2023-03-01 10:18:24,204 INFO org.springframework.data.repository.config.RepositoryConfigurationDelegate [restartedMain] Bootstrapping Spring Data JPA repositories in DEFAULT mode.
2023-03-01 10:18:24,270 INFO org.springframework.data.repository.config.RepositoryConfigurationDelegate [restartedMain] Finished Spring Data repository scanning in 65 ms. Found 11 JPA repository interfaces.
2023-03-01 10:18:24,413 INFO org.springframework.boot.web.embedded.tomcat.TomcatWebServer [restartedMain] Tomcat initialized with port(s): 8081 (http)
2023-03-01 10:18:24,455 INFO org.springframework.boot.web.servlet.context.ServletWebServerApplicationContext [restartedMain] Root WebApplicationContext: initialization completed in 503 ms
2023-03-01 10:18:24,530 INFO org.hibernate.jpa.internal.util.LogHelper [restartedMain] HHH000204: Processing PersistenceUnitInfo [name: default]
2023-03-01 10:18:24,541 INFO org.hibernate.dialect.Dialect [restartedMain] HHH000400: Using dialect: org.hibernate.dialect.MySQL5InnoDBDialect
2023-03-01 10:18:24,726 INFO org.hibernate.engine.transaction.jta.platform.internal.JtaPlatformInitiator [restartedMain] HHH000490: Using JtaPlatform implementation: [org.hibernate.engine.transaction.jta.platform.internal.NoJtaPlatform]
2023-03-01 10:18:24,726 INFO org.springframework.orm.jpa.AbstractEntityManagerFactoryBean [restartedMain] Initialized JPA EntityManagerFactory for persistence unit 'default'
2023-03-01 10:18:24,812 INFO org.springframework.boot.autoconfigure.h2.H2ConsoleAutoConfiguration [restartedMain] H2 console available at '/h2-console'. Database available at 'jdbc:mysql://localhost:3306/qmsdb'
2023-03-01 10:18:24,841 WARN org.apache.juli.logging.DirectJDKLog [restartedMain] Cannot deserialize session attribute [SPRING_SECURITY_CONTEXT] for session [D109CB579884142A6CFAFF76D70C5D6E]
2023-03-01 10:18:25,242 INFO org.springframework.security.web.DefaultSecurityFilterChain [restartedMain] Will secure Ant [pattern='/resources/**'] with []
2023-03-01 10:18:25,242 INFO org.springframework.security.web.DefaultSecurityFilterChain [restartedMain] Will secure Ant [pattern='/static/**'] with []
2023-03-01 10:18:25,242 INFO org.springframework.security.web.DefaultSecurityFilterChain [restartedMain] Will secure Ant [pattern='/plugins/**'] with []
2023-03-01 10:18:25,242 INFO org.springframework.security.web.DefaultSecurityFilterChain [restartedMain] Will secure Ant [pattern='/css/**'] with []
2023-03-01 10:18:25,243 INFO org.springframework.security.web.DefaultSecurityFilterChain [restartedMain] Will secure Ant [pattern='/js/**'] with []
2023-03-01 10:18:25,243 INFO org.springframework.security.web.DefaultSecurityFilterChain [restartedMain] Will secure Ant [pattern='/assets/**'] with []
2023-03-01 10:18:25,243 INFO org.springframework.security.web.DefaultSecurityFilterChain [restartedMain] Will secure Ant [pattern='/assets/css/**'] with []
2023-03-01 10:18:25,243 INFO org.springframework.security.web.DefaultSecurityFilterChain [restartedMain] Will secure Ant [pattern='/assets/js/**'] with []
2023-03-01 10:18:25,243 INFO org.springframework.security.web.DefaultSecurityFilterChain [restartedMain] Will secure Ant [pattern='/img/**'] with []
2023-03-01 10:18:25,243 INFO org.springframework.security.web.DefaultSecurityFilterChain [restartedMain] Will secure Ant [pattern='/file/**'] with []
2023-03-01 10:18:25,243 INFO org.springframework.security.web.DefaultSecurityFilterChain [restartedMain] Will secure Ant [pattern='/webjars/**'] with []
2023-03-01 10:18:25,243 INFO org.springframework.security.web.DefaultSecurityFilterChain [restartedMain] Will secure Ant [pattern='/h2-console/**'] with []
2023-03-01 10:18:25,266 INFO org.springframework.security.web.DefaultSecurityFilterChain [restartedMain] Will secure any request with [org.springframework.security.web.context.request.async.WebAsyncManagerIntegrationFilter@4ad8d2b, org.springframework.security.web.context.SecurityContextPersistenceFilter@751e7c2b, org.springframework.security.web.header.HeaderWriterFilter@1e9371ba, org.springframework.security.web.csrf.CsrfFilter@7d44d065, org.springframework.security.web.authentication.logout.LogoutFilter@1d7479da, org.springframework.security.web.authentication.UsernamePasswordAuthenticationFilter@775d0d4e, org.springframework.security.web.savedrequest.RequestCacheAwareFilter@221b599c, org.springframework.security.web.servletapi.SecurityContextHolderAwareRequestFilter@2700e2c4, org.springframework.security.web.authentication.AnonymousAuthenticationFilter@acbb7c2, org.springframework.security.web.session.SessionManagementFilter@2e025676, org.springframework.security.web.access.ExceptionTranslationFilter@1fd9116d, org.springframework.security.web.access.intercept.FilterSecurityInterceptor@1c090671]
2023-03-01 10:18:25,752 INFO org.springframework.boot.devtools.autoconfigure.OptionalLiveReloadServer [restartedMain] LiveReload server is running on port 35729
2023-03-01 10:18:25,768 INFO org.springframework.boot.web.embedded.tomcat.TomcatWebServer [restartedMain] Tomcat started on port(s): 8081 (http) with context path ''
2023-03-01 10:18:25,769 INFO org.springframework.core.log.CompositeLog [restartedMain] Starting...
2023-03-01 10:18:25,769 INFO org.springframework.core.log.CompositeLog [restartedMain] BrokerAvailabilityEvent[available=true, SimpleBrokerMessageHandler [org.springframework.messaging.simp.broker.DefaultSubscriptionRegistry@4504aa3d]]
2023-03-01 10:18:25,770 INFO org.springframework.core.log.CompositeLog [restartedMain] Started.
2023-03-01 10:18:25,775 INFO org.springframework.boot.StartupInfoLogger [restartedMain] Started Qms3Application in 1.874 seconds (JVM running for 4972.063)
2023-03-01 10:18:25,782 INFO org.springframework.boot.devtools.autoconfigure.ConditionEvaluationDeltaLoggingListener [restartedMain] Condition evaluation unchanged
2023-03-01 10:18:25,880 INFO org.springframework.web.servlet.FrameworkServlet [http-nio-8081-exec-1] Initializing Servlet 'dispatcherServlet'
2023-03-01 10:18:25,881 INFO org.springframework.web.servlet.FrameworkServlet [http-nio-8081-exec-1] Completed initialization in 0 ms
2023-03-01 10:19:25,290 INFO org.springframework.web.socket.config.WebSocketMessageBrokerStats [MessageBroker-1] WebSocketSession[1 current WS(1)-HttpStream(0)-HttpPoll(0), 3 total, 0 closed abnormally (0 connect failure, 0 send limit, 0 transport error)], stompSubProtocol[processed CONNECT(3)-CONNECTED(3)-DISCONNECT(0)], stompBrokerRelay[null], inboundChannel[pool size = 8, active threads = 0, queued tasks = 0, completed tasks = 24], outboundChannel[pool size = 7, active threads = 0, queued tasks = 0, completed tasks = 7], sockJsScheduler[pool size = 4, active threads = 1, queued tasks = 2, completed tasks = 13]
2023-03-01 10:19:37,433 INFO org.springframework.core.log.CompositeLog [Thread-43] Stopping...
2023-03-01 10:19:37,433 INFO org.springframework.core.log.CompositeLog [Thread-43] BrokerAvailabilityEvent[available=false, SimpleBrokerMessageHandler [org.springframework.messaging.simp.broker.DefaultSubscriptionRegistry@4504aa3d]]
2023-03-01 10:19:37,436 INFO org.springframework.core.log.CompositeLog [Thread-43] Stopped.
2023-03-01 10:19:37,470 INFO org.springframework.orm.jpa.AbstractEntityManagerFactoryBean [Thread-43] Closing JPA EntityManagerFactory for persistence unit 'default'
2023-03-01 10:19:37,605 INFO org.springframework.boot.StartupInfoLogger [restartedMain] Starting Qms3Application using Java 17.0.6 on DESKTOP-8J48BEB with PID 1280 (C:\Users\RCS2\eclipse-workspace\QMS\QMS\QMS\QMS-3\target\classes started by RCS2 in C:\Users\RCS2\eclipse-workspace\QMS\QMS\QMS\QMS-3)
2023-03-01 10:19:37,605 INFO org.springframework.boot.SpringApplication [restartedMain] No active profile set, falling back to default profiles: default
2023-03-01 10:19:37,883 INFO org.springframework.data.repository.config.RepositoryConfigurationDelegate [restartedMain] Bootstrapping Spring Data JPA repositories in DEFAULT mode.
2023-03-01 10:19:37,964 INFO org.springframework.data.repository.config.RepositoryConfigurationDelegate [restartedMain] Finished Spring Data repository scanning in 81 ms. Found 11 JPA repository interfaces.
2023-03-01 10:19:38,092 INFO org.springframework.boot.web.embedded.tomcat.TomcatWebServer [restartedMain] Tomcat initialized with port(s): 8081 (http)
2023-03-01 10:19:38,136 INFO org.springframework.boot.web.servlet.context.ServletWebServerApplicationContext [restartedMain] Root WebApplicationContext: initialization completed in 529 ms
2023-03-01 10:19:38,204 INFO org.hibernate.jpa.internal.util.LogHelper [restartedMain] HHH000204: Processing PersistenceUnitInfo [name: default]
2023-03-01 10:19:38,215 INFO org.hibernate.dialect.Dialect [restartedMain] HHH000400: Using dialect: org.hibernate.dialect.MySQL5InnoDBDialect
2023-03-01 10:19:38,399 INFO org.hibernate.engine.transaction.jta.platform.internal.JtaPlatformInitiator [restartedMain] HHH000490: Using JtaPlatform implementation: [org.hibernate.engine.transaction.jta.platform.internal.NoJtaPlatform]
2023-03-01 10:19:38,399 INFO org.springframework.orm.jpa.AbstractEntityManagerFactoryBean [restartedMain] Initialized JPA EntityManagerFactory for persistence unit 'default'
2023-03-01 10:19:38,470 INFO org.springframework.boot.autoconfigure.h2.H2ConsoleAutoConfiguration [restartedMain] H2 console available at '/h2-console'. Database available at 'jdbc:mysql://localhost:3306/qmsdb'
2023-03-01 10:19:38,485 WARN org.apache.juli.logging.DirectJDKLog [restartedMain] Cannot deserialize session attribute [SPRING_SECURITY_CONTEXT] for session [41A1FFD6C24B6295DE92E008D7EA6EAC]
2023-03-01 10:19:38,874 INFO org.springframework.security.web.DefaultSecurityFilterChain [restartedMain] Will secure Ant [pattern='/resources/**'] with []
2023-03-01 10:19:38,874 INFO org.springframework.security.web.DefaultSecurityFilterChain [restartedMain] Will secure Ant [pattern='/static/**'] with []
2023-03-01 10:19:38,874 INFO org.springframework.security.web.DefaultSecurityFilterChain [restartedMain] Will secure Ant [pattern='/plugins/**'] with []
2023-03-01 10:19:38,874 INFO org.springframework.security.web.DefaultSecurityFilterChain [restartedMain] Will secure Ant [pattern='/css/**'] with []
2023-03-01 10:19:38,874 INFO org.springframework.security.web.DefaultSecurityFilterChain [restartedMain] Will secure Ant [pattern='/js/**'] with []
2023-03-01 10:19:38,874 INFO org.springframework.security.web.DefaultSecurityFilterChain [restartedMain] Will secure Ant [pattern='/assets/**'] with []
2023-03-01 10:19:38,874 INFO org.springframework.security.web.DefaultSecurityFilterChain [restartedMain] Will secure Ant [pattern='/assets/css/**'] with []
2023-03-01 10:19:38,874 INFO org.springframework.security.web.DefaultSecurityFilterChain [restartedMain] Will secure Ant [pattern='/assets/js/**'] with []
2023-03-01 10:19:38,875 INFO org.springframework.security.web.DefaultSecurityFilterChain [restartedMain] Will secure Ant [pattern='/img/**'] with []
2023-03-01 10:19:38,875 INFO org.springframework.security.web.DefaultSecurityFilterChain [restartedMain] Will secure Ant [pattern='/file/**'] with []
2023-03-01 10:19:38,875 INFO org.springframework.security.web.DefaultSecurityFilterChain [restartedMain] Will secure Ant [pattern='/webjars/**'] with []
2023-03-01 10:19:38,875 INFO org.springframework.security.web.DefaultSecurityFilterChain [restartedMain] Will secure Ant [pattern='/h2-console/**'] with []
2023-03-01 10:19:38,886 INFO org.springframework.security.web.DefaultSecurityFilterChain [restartedMain] Will secure any request with [org.springframework.security.web.context.request.async.WebAsyncManagerIntegrationFilter@199c3787, org.springframework.security.web.context.SecurityContextPersistenceFilter@18375922, org.springframework.security.web.header.HeaderWriterFilter@202d882d, org.springframework.security.web.csrf.CsrfFilter@7507ae46, org.springframework.security.web.authentication.logout.LogoutFilter@6956ef18, org.springframework.security.web.authentication.UsernamePasswordAuthenticationFilter@2500808b, org.springframework.security.web.savedrequest.RequestCacheAwareFilter@262f9c0, org.springframework.security.web.servletapi.SecurityContextHolderAwareRequestFilter@4e427541, org.springframework.security.web.authentication.AnonymousAuthenticationFilter@464d6b24, org.springframework.security.web.session.SessionManagementFilter@500aa8fb, org.springframework.security.web.access.ExceptionTranslationFilter@472bbc98, org.springframework.security.web.access.intercept.FilterSecurityInterceptor@4e326ce5]
2023-03-01 10:19:39,360 INFO org.springframework.boot.devtools.autoconfigure.OptionalLiveReloadServer [restartedMain] LiveReload server is running on port 35729
2023-03-01 10:19:39,375 INFO org.springframework.boot.web.embedded.tomcat.TomcatWebServer [restartedMain] Tomcat started on port(s): 8081 (http) with context path ''
2023-03-01 10:19:39,377 INFO org.springframework.core.log.CompositeLog [restartedMain] Starting...
2023-03-01 10:19:39,378 INFO org.springframework.core.log.CompositeLog [restartedMain] BrokerAvailabilityEvent[available=true, SimpleBrokerMessageHandler [org.springframework.messaging.simp.broker.DefaultSubscriptionRegistry@41032b16]]
2023-03-01 10:19:39,379 INFO org.springframework.core.log.CompositeLog [restartedMain] Started.
2023-03-01 10:19:39,383 INFO org.springframework.boot.StartupInfoLogger [restartedMain] Started Qms3Application in 1.82 seconds (JVM running for 5045.671)
2023-03-01 10:19:39,389 INFO org.springframework.boot.devtools.autoconfigure.ConditionEvaluationDeltaLoggingListener [restartedMain] Condition evaluation unchanged
2023-03-01 10:19:39,553 INFO org.springframework.web.servlet.FrameworkServlet [http-nio-8081-exec-1] Initializing Servlet 'dispatcherServlet'
2023-03-01 10:19:39,554 INFO org.springframework.web.servlet.FrameworkServlet [http-nio-8081-exec-1] Completed initialization in 1 ms
2023-03-01 10:20:38,907 INFO org.springframework.web.socket.config.WebSocketMessageBrokerStats [MessageBroker-2] WebSocketSession[1 current WS(1)-HttpStream(0)-HttpPoll(0), 4 total, 0 closed abnormally (0 connect failure, 0 send limit, 0 transport error)], stompSubProtocol[processed CONNECT(4)-CONNECTED(4)-DISCONNECT(0)], stompBrokerRelay[null], inboundChannel[pool size = 8, active threads = 0, queued tasks = 0, completed tasks = 33], outboundChannel[pool size = 7, active threads = 0, queued tasks = 0, completed tasks = 7], sockJsScheduler[pool size = 4, active threads = 1, queued tasks = 2, completed tasks = 13]
2023-03-01 10:50:38,910 INFO org.springframework.web.socket.config.WebSocketMessageBrokerStats [MessageBroker-3] WebSocketSession[1 current WS(1)-HttpStream(0)-HttpPoll(0), 36 total, 0 closed abnormally (0 connect failure, 0 send limit, 0 transport error)], stompSubProtocol[processed CONNECT(36)-CONNECTED(36)-DISCONNECT(0)], stompBrokerRelay[null], inboundChannel[pool size = 0, active threads = 0, queued tasks = 0, completed tasks = 321], outboundChannel[pool size = 0, active threads = 0, queued tasks = 0, completed tasks = 71], sockJsScheduler[pool size = 4, active threads = 1, queued tasks = 2, completed tasks = 434]
2023-03-01 11:20:38,917 INFO org.springframework.web.socket.config.WebSocketMessageBrokerStats [MessageBroker-1] WebSocketSession[2 current WS(2)-HttpStream(0)-HttpPoll(0), 70 total, 0 closed abnormally (0 connect failure, 0 send limit, 0 transport error)], stompSubProtocol[processed CONNECT(70)-CONNECTED(70)-DISCONNECT(0)], stompBrokerRelay[null], inboundChannel[pool size = 8, active threads = 0, queued tasks = 0, completed tasks = 624], outboundChannel[pool size = 8, active threads = 0, queued tasks = 0, completed tasks = 140], sockJsScheduler[pool size = 4, active threads = 1, queued tasks = 3, completed tasks = 926]
2023-03-01 11:50:38,921 INFO org.springframework.web.socket.config.WebSocketMessageBrokerStats [MessageBroker-3] WebSocketSession[2 current WS(2)-HttpStream(0)-HttpPoll(0), 95 total, 0 closed abnormally (0 connect failure, 0 send limit, 0 transport error)], stompSubProtocol[processed CONNECT(95)-CONNECTED(95)-DISCONNECT(0)], stompBrokerRelay[null], inboundChannel[pool size = 0, active threads = 0, queued tasks = 0, completed tasks = 849], outboundChannel[pool size = 0, active threads = 0, queued tasks = 0, completed tasks = 190], sockJsScheduler[pool size = 4, active threads = 1, queued tasks = 3, completed tasks = 1423]
2023-03-01 12:06:15,767 ERROR org.thymeleaf.TemplateEngine [http-nio-8081-exec-11] [THYMELEAF][http-nio-8081-exec-11] Exception processing template "secure/layoutActive": Error resolving template [secure/layoutActive], template might not exist or might not be accessible by any of the configured Template Resolvers
org.thymeleaf.exceptions.TemplateInputException: Error resolving template [secure/layoutActive], template might not exist or might not be accessible by any of the configured Template Resolvers
	at org.thymeleaf.engine.TemplateManager.resolveTemplate(TemplateManager.java:869)
	at org.thymeleaf.engine.TemplateManager.parseAndProcess(TemplateManager.java:607)
	at org.thymeleaf.TemplateEngine.process(TemplateEngine.java:1098)
	at org.thymeleaf.TemplateEngine.process(TemplateEngine.java:1072)
	at org.thymeleaf.spring5.view.ThymeleafView.renderFragment(ThymeleafView.java:366)
	at org.thymeleaf.spring5.view.ThymeleafView.render(ThymeleafView.java:190)
	at org.springframework.web.servlet.DispatcherServlet.render(DispatcherServlet.java:1396)
	at org.springframework.web.servlet.DispatcherServlet.processDispatchResult(DispatcherServlet.java:1141)
	at org.springframework.web.servlet.DispatcherServlet.doDispatch(DispatcherServlet.java:1080)
	at org.springframework.web.servlet.DispatcherServlet.doService(DispatcherServlet.java:963)
	at org.springframework.web.servlet.FrameworkServlet.processRequest(FrameworkServlet.java:1006)
	at org.springframework.web.servlet.FrameworkServlet.doGet(FrameworkServlet.java:898)
	at javax.servlet.http.HttpServlet.service(HttpServlet.java:655)
	at org.springframework.web.servlet.FrameworkServlet.service(FrameworkServlet.java:883)
	at javax.servlet.http.HttpServlet.service(HttpServlet.java:764)
	at org.apache.catalina.core.ApplicationFilterChain.internalDoFilter(ApplicationFilterChain.java:228)
	at org.apache.catalina.core.ApplicationFilterChain.doFilter(ApplicationFilterChain.java:163)
	at org.apache.tomcat.websocket.server.WsFilter.doFilter(WsFilter.java:53)
	at org.apache.catalina.core.ApplicationFilterChain.internalDoFilter(ApplicationFilterChain.java:190)
	at org.apache.catalina.core.ApplicationFilterChain.doFilter(ApplicationFilterChain.java:163)
	at org.springframework.web.servlet.resource.ResourceUrlEncodingFilter.doFilter(ResourceUrlEncodingFilter.java:67)
	at org.apache.catalina.core.ApplicationFilterChain.internalDoFilter(ApplicationFilterChain.java:190)
	at org.apache.catalina.core.ApplicationFilterChain.doFilter(ApplicationFilterChain.java:163)
	at org.springframework.security.web.FilterChainProxy$VirtualFilterChain.doFilter(FilterChainProxy.java:327)
	at org.springframework.security.web.access.intercept.FilterSecurityInterceptor.invoke(FilterSecurityInterceptor.java:115)
	at org.springframework.security.web.access.intercept.FilterSecurityInterceptor.doFilter(FilterSecurityInterceptor.java:81)
	at org.springframework.security.web.FilterChainProxy$VirtualFilterChain.doFilter(FilterChainProxy.java:336)
	at org.springframework.security.web.access.ExceptionTranslationFilter.doFilter(ExceptionTranslationFilter.java:121)
	at org.springframework.security.web.access.ExceptionTranslationFilter.doFilter(ExceptionTranslationFilter.java:115)
	at org.springframework.security.web.FilterChainProxy$VirtualFilterChain.doFilter(FilterChainProxy.java:336)
	at org.springframework.security.web.session.SessionManagementFilter.doFilter(SessionManagementFilter.java:126)
	at org.springframework.security.web.session.SessionManagementFilter.doFilter(SessionManagementFilter.java:81)
	at org.springframework.security.web.FilterChainProxy$VirtualFilterChain.doFilter(FilterChainProxy.java:336)
	at org.springframework.security.web.authentication.AnonymousAuthenticationFilter.doFilter(AnonymousAuthenticationFilter.java:105)
	at org.springframework.security.web.FilterChainProxy$VirtualFilterChain.doFilter(FilterChainProxy.java:336)
	at org.springframework.security.web.servletapi.SecurityContextHolderAwareRequestFilter.doFilter(SecurityContextHolderAwareRequestFilter.java:149)
	at org.springframework.security.web.FilterChainProxy$VirtualFilterChain.doFilter(FilterChainProxy.java:336)
	at org.springframework.security.web.savedrequest.RequestCacheAwareFilter.doFilter(RequestCacheAwareFilter.java:63)
	at org.springframework.security.web.FilterChainProxy$VirtualFilterChain.doFilter(FilterChainProxy.java:336)
	at org.springframework.security.web.authentication.AbstractAuthenticationProcessingFilter.doFilter(AbstractAuthenticationProcessingFilter.java:218)
	at org.springframework.security.web.authentication.AbstractAuthenticationProcessingFilter.doFilter(AbstractAuthenticationProcessingFilter.java:212)
	at org.springframework.security.web.FilterChainProxy$VirtualFilterChain.doFilter(FilterChainProxy.java:336)
	at org.springframework.security.web.authentication.logout.LogoutFilter.doFilter(LogoutFilter.java:103)
	at org.springframework.security.web.authentication.logout.LogoutFilter.doFilter(LogoutFilter.java:89)
	at org.springframework.security.web.FilterChainProxy$VirtualFilterChain.doFilter(FilterChainProxy.java:336)
	at org.springframework.security.web.csrf.CsrfFilter.doFilterInternal(CsrfFilter.java:117)
	at org.springframework.web.filter.OncePerRequestFilter.doFilter(OncePerRequestFilter.java:119)
	at org.springframework.security.web.FilterChainProxy$VirtualFilterChain.doFilter(FilterChainProxy.java:336)
	at org.springframework.security.web.header.HeaderWriterFilter.doHeadersAfter(HeaderWriterFilter.java:90)
	at org.springframework.security.web.header.HeaderWriterFilter.doFilterInternal(HeaderWriterFilter.java:75)
	at org.springframework.web.filter.OncePerRequestFilter.doFilter(OncePerRequestFilter.java:119)
	at org.springframework.security.web.FilterChainProxy$VirtualFilterChain.doFilter(FilterChainProxy.java:336)
	at org.springframework.security.web.context.SecurityContextPersistenceFilter.doFilter(SecurityContextPersistenceFilter.java:110)
	at org.springframework.security.web.context.SecurityContextPersistenceFilter.doFilter(SecurityContextPersistenceFilter.java:80)
	at org.springframework.security.web.FilterChainProxy$VirtualFilterChain.doFilter(FilterChainProxy.java:336)
	at org.springframework.security.web.context.request.async.WebAsyncManagerIntegrationFilter.doFilterInternal(WebAsyncManagerIntegrationFilter.java:55)
	at org.springframework.web.filter.OncePerRequestFilter.doFilter(OncePerRequestFilter.java:119)
	at org.springframework.security.web.FilterChainProxy$VirtualFilterChain.doFilter(FilterChainProxy.java:336)
	at org.springframework.security.web.FilterChainProxy.doFilterInternal(FilterChainProxy.java:211)
	at org.springframework.security.web.FilterChainProxy.doFilter(FilterChainProxy.java:183)
	at org.springframework.web.filter.DelegatingFilterProxy.invokeDelegate(DelegatingFilterProxy.java:358)
	at org.springframework.web.filter.DelegatingFilterProxy.doFilter(DelegatingFilterProxy.java:271)
	at org.apache.catalina.core.ApplicationFilterChain.internalDoFilter(ApplicationFilterChain.java:190)
	at org.apache.catalina.core.ApplicationFilterChain.doFilter(ApplicationFilterChain.java:163)
	at org.springframework.web.filter.RequestContextFilter.doFilterInternal(RequestContextFilter.java:100)
	at org.springframework.web.filter.OncePerRequestFilter.doFilter(OncePerRequestFilter.java:119)
	at org.apache.catalina.core.ApplicationFilterChain.internalDoFilter(ApplicationFilterChain.java:190)
	at org.apache.catalina.core.ApplicationFilterChain.doFilter(ApplicationFilterChain.java:163)
	at org.springframework.web.filter.FormContentFilter.doFilterInternal(FormContentFilter.java:93)
	at org.springframework.web.filter.OncePerRequestFilter.doFilter(OncePerRequestFilter.java:119)
	at org.apache.catalina.core.ApplicationFilterChain.internalDoFilter(ApplicationFilterChain.java:190)
	at org.apache.catalina.core.ApplicationFilterChain.doFilter(ApplicationFilterChain.java:163)
	at org.springframework.web.filter.CharacterEncodingFilter.doFilterInternal(CharacterEncodingFilter.java:201)
	at org.springframework.web.filter.OncePerRequestFilter.doFilter(OncePerRequestFilter.java:119)
	at org.apache.catalina.core.ApplicationFilterChain.internalDoFilter(ApplicationFilterChain.java:190)
	at org.apache.catalina.core.ApplicationFilterChain.doFilter(ApplicationFilterChain.java:163)
	at org.apache.catalina.core.StandardWrapperValve.invoke(StandardWrapperValve.java:202)
	at org.apache.catalina.core.StandardContextValve.invoke(StandardContextValve.java:97)
	at org.apache.catalina.authenticator.AuthenticatorBase.invoke(AuthenticatorBase.java:542)
	at org.apache.catalina.core.StandardHostValve.invoke(StandardHostValve.java:143)
	at org.apache.catalina.valves.ErrorReportValve.invoke(ErrorReportValve.java:92)
	at org.apache.catalina.core.StandardEngineValve.invoke(StandardEngineValve.java:78)
	at org.apache.catalina.connector.CoyoteAdapter.service(CoyoteAdapter.java:357)
	at org.apache.coyote.http11.Http11Processor.service(Http11Processor.java:382)
	at org.apache.coyote.AbstractProcessorLight.process(AbstractProcessorLight.java:65)
	at org.apache.coyote.AbstractProtocol$ConnectionHandler.process(AbstractProtocol.java:893)
	at org.apache.tomcat.util.net.NioEndpoint$SocketProcessor.doRun(NioEndpoint.java:1723)
	at org.apache.tomcat.util.net.SocketProcessorBase.run(SocketProcessorBase.java:49)
	at java.base/java.util.concurrent.ThreadPoolExecutor.runWorker(ThreadPoolExecutor.java:1136)
	at java.base/java.util.concurrent.ThreadPoolExecutor$Worker.run(ThreadPoolExecutor.java:635)
	at org.apache.tomcat.util.threads.TaskThread$WrappingRunnable.run(TaskThread.java:61)
	at java.base/java.lang.Thread.run(Thread.java:833)
2023-03-01 12:06:15,774 ERROR org.apache.juli.logging.DirectJDKLog [http-nio-8081-exec-11] Servlet.service() for servlet [dispatcherServlet] in context with path [] threw exception [Request processing failed; nested exception is org.thymeleaf.exceptions.TemplateInputException: Error resolving template [secure/layoutActive], template might not exist or might not be accessible by any of the configured Template Resolvers] with root cause
org.thymeleaf.exceptions.TemplateInputException: Error resolving template [secure/layoutActive], template might not exist or might not be accessible by any of the configured Template Resolvers
	at org.thymeleaf.engine.TemplateManager.resolveTemplate(TemplateManager.java:869)
	at org.thymeleaf.engine.TemplateManager.parseAndProcess(TemplateManager.java:607)
	at org.thymeleaf.TemplateEngine.process(TemplateEngine.java:1098)
	at org.thymeleaf.TemplateEngine.process(TemplateEngine.java:1072)
	at org.thymeleaf.spring5.view.ThymeleafView.renderFragment(ThymeleafView.java:366)
	at org.thymeleaf.spring5.view.ThymeleafView.render(ThymeleafView.java:190)
	at org.springframework.web.servlet.DispatcherServlet.render(DispatcherServlet.java:1396)
	at org.springframework.web.servlet.DispatcherServlet.processDispatchResult(DispatcherServlet.java:1141)
	at org.springframework.web.servlet.DispatcherServlet.doDispatch(DispatcherServlet.java:1080)
	at org.springframework.web.servlet.DispatcherServlet.doService(DispatcherServlet.java:963)
	at org.springframework.web.servlet.FrameworkServlet.processRequest(FrameworkServlet.java:1006)
	at org.springframework.web.servlet.FrameworkServlet.doGet(FrameworkServlet.java:898)
	at javax.servlet.http.HttpServlet.service(HttpServlet.java:655)
	at org.springframework.web.servlet.FrameworkServlet.service(FrameworkServlet.java:883)
	at javax.servlet.http.HttpServlet.service(HttpServlet.java:764)
	at org.apache.catalina.core.ApplicationFilterChain.internalDoFilter(ApplicationFilterChain.java:228)
	at org.apache.catalina.core.ApplicationFilterChain.doFilter(ApplicationFilterChain.java:163)
	at org.apache.tomcat.websocket.server.WsFilter.doFilter(WsFilter.java:53)
	at org.apache.catalina.core.ApplicationFilterChain.internalDoFilter(ApplicationFilterChain.java:190)
	at org.apache.catalina.core.ApplicationFilterChain.doFilter(ApplicationFilterChain.java:163)
	at org.springframework.web.servlet.resource.ResourceUrlEncodingFilter.doFilter(ResourceUrlEncodingFilter.java:67)
	at org.apache.catalina.core.ApplicationFilterChain.internalDoFilter(ApplicationFilterChain.java:190)
	at org.apache.catalina.core.ApplicationFilterChain.doFilter(ApplicationFilterChain.java:163)
	at org.springframework.security.web.FilterChainProxy$VirtualFilterChain.doFilter(FilterChainProxy.java:327)
	at org.springframework.security.web.access.intercept.FilterSecurityInterceptor.invoke(FilterSecurityInterceptor.java:115)
	at org.springframework.security.web.access.intercept.FilterSecurityInterceptor.doFilter(FilterSecurityInterceptor.java:81)
	at org.springframework.security.web.FilterChainProxy$VirtualFilterChain.doFilter(FilterChainProxy.java:336)
	at org.springframework.security.web.access.ExceptionTranslationFilter.doFilter(ExceptionTranslationFilter.java:121)
	at org.springframework.security.web.access.ExceptionTranslationFilter.doFilter(ExceptionTranslationFilter.java:115)
	at org.springframework.security.web.FilterChainProxy$VirtualFilterChain.doFilter(FilterChainProxy.java:336)
	at org.springframework.security.web.session.SessionManagementFilter.doFilter(SessionManagementFilter.java:126)
	at org.springframework.security.web.session.SessionManagementFilter.doFilter(SessionManagementFilter.java:81)
	at org.springframework.security.web.FilterChainProxy$VirtualFilterChain.doFilter(FilterChainProxy.java:336)
	at org.springframework.security.web.authentication.AnonymousAuthenticationFilter.doFilter(AnonymousAuthenticationFilter.java:105)
	at org.springframework.security.web.FilterChainProxy$VirtualFilterChain.doFilter(FilterChainProxy.java:336)
	at org.springframework.security.web.servletapi.SecurityContextHolderAwareRequestFilter.doFilter(SecurityContextHolderAwareRequestFilter.java:149)
	at org.springframework.security.web.FilterChainProxy$VirtualFilterChain.doFilter(FilterChainProxy.java:336)
	at org.springframework.security.web.savedrequest.RequestCacheAwareFilter.doFilter(RequestCacheAwareFilter.java:63)
	at org.springframework.security.web.FilterChainProxy$VirtualFilterChain.doFilter(FilterChainProxy.java:336)
	at org.springframework.security.web.authentication.AbstractAuthenticationProcessingFilter.doFilter(AbstractAuthenticationProcessingFilter.java:218)
	at org.springframework.security.web.authentication.AbstractAuthenticationProcessingFilter.doFilter(AbstractAuthenticationProcessingFilter.java:212)
	at org.springframework.security.web.FilterChainProxy$VirtualFilterChain.doFilter(FilterChainProxy.java:336)
	at org.springframework.security.web.authentication.logout.LogoutFilter.doFilter(LogoutFilter.java:103)
	at org.springframework.security.web.authentication.logout.LogoutFilter.doFilter(LogoutFilter.java:89)
	at org.springframework.security.web.FilterChainProxy$VirtualFilterChain.doFilter(FilterChainProxy.java:336)
	at org.springframework.security.web.csrf.CsrfFilter.doFilterInternal(CsrfFilter.java:117)
	at org.springframework.web.filter.OncePerRequestFilter.doFilter(OncePerRequestFilter.java:119)
	at org.springframework.security.web.FilterChainProxy$VirtualFilterChain.doFilter(FilterChainProxy.java:336)
	at org.springframework.security.web.header.HeaderWriterFilter.doHeadersAfter(HeaderWriterFilter.java:90)
	at org.springframework.security.web.header.HeaderWriterFilter.doFilterInternal(HeaderWriterFilter.java:75)
	at org.springframework.web.filter.OncePerRequestFilter.doFilter(OncePerRequestFilter.java:119)
	at org.springframework.security.web.FilterChainProxy$VirtualFilterChain.doFilter(FilterChainProxy.java:336)
	at org.springframework.security.web.context.SecurityContextPersistenceFilter.doFilter(SecurityContextPersistenceFilter.java:110)
	at org.springframework.security.web.context.SecurityContextPersistenceFilter.doFilter(SecurityContextPersistenceFilter.java:80)
	at org.springframework.security.web.FilterChainProxy$VirtualFilterChain.doFilter(FilterChainProxy.java:336)
	at org.springframework.security.web.context.request.async.WebAsyncManagerIntegrationFilter.doFilterInternal(WebAsyncManagerIntegrationFilter.java:55)
	at org.springframework.web.filter.OncePerRequestFilter.doFilter(OncePerRequestFilter.java:119)
	at org.springframework.security.web.FilterChainProxy$VirtualFilterChain.doFilter(FilterChainProxy.java:336)
	at org.springframework.security.web.FilterChainProxy.doFilterInternal(FilterChainProxy.java:211)
	at org.springframework.security.web.FilterChainProxy.doFilter(FilterChainProxy.java:183)
	at org.springframework.web.filter.DelegatingFilterProxy.invokeDelegate(DelegatingFilterProxy.java:358)
	at org.springframework.web.filter.DelegatingFilterProxy.doFilter(DelegatingFilterProxy.java:271)
	at org.apache.catalina.core.ApplicationFilterChain.internalDoFilter(ApplicationFilterChain.java:190)
	at org.apache.catalina.core.ApplicationFilterChain.doFilter(ApplicationFilterChain.java:163)
	at org.springframework.web.filter.RequestContextFilter.doFilterInternal(RequestContextFilter.java:100)
	at org.springframework.web.filter.OncePerRequestFilter.doFilter(OncePerRequestFilter.java:119)
	at org.apache.catalina.core.ApplicationFilterChain.internalDoFilter(ApplicationFilterChain.java:190)
	at org.apache.catalina.core.ApplicationFilterChain.doFilter(ApplicationFilterChain.java:163)
	at org.springframework.web.filter.FormContentFilter.doFilterInternal(FormContentFilter.java:93)
	at org.springframework.web.filter.OncePerRequestFilter.doFilter(OncePerRequestFilter.java:119)
	at org.apache.catalina.core.ApplicationFilterChain.internalDoFilter(ApplicationFilterChain.java:190)
	at org.apache.catalina.core.ApplicationFilterChain.doFilter(ApplicationFilterChain.java:163)
	at org.springframework.web.filter.CharacterEncodingFilter.doFilterInternal(CharacterEncodingFilter.java:201)
	at org.springframework.web.filter.OncePerRequestFilter.doFilter(OncePerRequestFilter.java:119)
	at org.apache.catalina.core.ApplicationFilterChain.internalDoFilter(ApplicationFilterChain.java:190)
	at org.apache.catalina.core.ApplicationFilterChain.doFilter(ApplicationFilterChain.java:163)
	at org.apache.catalina.core.StandardWrapperValve.invoke(StandardWrapperValve.java:202)
	at org.apache.catalina.core.StandardContextValve.invoke(StandardContextValve.java:97)
	at org.apache.catalina.authenticator.AuthenticatorBase.invoke(AuthenticatorBase.java:542)
	at org.apache.catalina.core.StandardHostValve.invoke(StandardHostValve.java:143)
	at org.apache.catalina.valves.ErrorReportValve.invoke(ErrorReportValve.java:92)
	at org.apache.catalina.core.StandardEngineValve.invoke(StandardEngineValve.java:78)
	at org.apache.catalina.connector.CoyoteAdapter.service(CoyoteAdapter.java:357)
	at org.apache.coyote.http11.Http11Processor.service(Http11Processor.java:382)
	at org.apache.coyote.AbstractProcessorLight.process(AbstractProcessorLight.java:65)
	at org.apache.coyote.AbstractProtocol$ConnectionHandler.process(AbstractProtocol.java:893)
	at org.apache.tomcat.util.net.NioEndpoint$SocketProcessor.doRun(NioEndpoint.java:1723)
	at org.apache.tomcat.util.net.SocketProcessorBase.run(SocketProcessorBase.java:49)
	at java.base/java.util.concurrent.ThreadPoolExecutor.runWorker(ThreadPoolExecutor.java:1136)
	at java.base/java.util.concurrent.ThreadPoolExecutor$Worker.run(ThreadPoolExecutor.java:635)
	at org.apache.tomcat.util.threads.TaskThread$WrappingRunnable.run(TaskThread.java:61)
	at java.base/java.lang.Thread.run(Thread.java:833)
2023-03-01 12:20:38,932 INFO org.springframework.web.socket.config.WebSocketMessageBrokerStats [MessageBroker-3] WebSocketSession[2 current WS(2)-HttpStream(0)-HttpPoll(0), 114 total, 0 closed abnormally (0 connect failure, 0 send limit, 0 transport error)], stompSubProtocol[processed CONNECT(114)-CONNECTED(114)-DISCONNECT(0)], stompBrokerRelay[null], inboundChannel[pool size = 0, active threads = 0, queued tasks = 0, completed tasks = 1020], outboundChannel[pool size = 0, active threads = 0, queued tasks = 0, completed tasks = 234], sockJsScheduler[pool size = 4, active threads = 1, queued tasks = 3, completed tasks = 1918]
2023-03-01 12:50:38,944 INFO org.springframework.web.socket.config.WebSocketMessageBrokerStats [MessageBroker-2] WebSocketSession[2 current WS(2)-HttpStream(0)-HttpPoll(0), 137 total, 0 closed abnormally (0 connect failure, 0 send limit, 0 transport error)], stompSubProtocol[processed CONNECT(137)-CONNECTED(137)-DISCONNECT(0)], stompBrokerRelay[null], inboundChannel[pool size = 8, active threads = 0, queued tasks = 0, completed tasks = 1227], outboundChannel[pool size = 2, active threads = 0, queued tasks = 0, completed tasks = 280], sockJsScheduler[pool size = 4, active threads = 1, queued tasks = 3, completed tasks = 2413]
2023-03-01 13:20:38,959 INFO org.springframework.web.socket.config.WebSocketMessageBrokerStats [MessageBroker-4] WebSocketSession[2 current WS(2)-HttpStream(0)-HttpPoll(0), 144 total, 0 closed abnormally (0 connect failure, 0 send limit, 0 transport error)], stompSubProtocol[processed CONNECT(144)-CONNECTED(144)-DISCONNECT(0)], stompBrokerRelay[null], inboundChannel[pool size = 0, active threads = 0, queued tasks = 0, completed tasks = 1290], outboundChannel[pool size = 0, active threads = 0, queued tasks = 0, completed tasks = 294], sockJsScheduler[pool size = 4, active threads = 1, queued tasks = 3, completed tasks = 2915]
2023-03-01 13:50:38,970 INFO org.springframework.web.socket.config.WebSocketMessageBrokerStats [MessageBroker-1] WebSocketSession[1 current WS(1)-HttpStream(0)-HttpPoll(0), 144 total, 0 closed abnormally (0 connect failure, 0 send limit, 0 transport error)], stompSubProtocol[processed CONNECT(144)-CONNECTED(144)-DISCONNECT(0)], stompBrokerRelay[null], inboundChannel[pool size = 0, active threads = 0, queued tasks = 0, completed tasks = 1293], outboundChannel[pool size = 0, active threads = 0, queued tasks = 0, completed tasks = 295], sockJsScheduler[pool size = 4, active threads = 1, queued tasks = 2, completed tasks = 3402]
2023-03-01 14:20:38,985 INFO org.springframework.web.socket.config.WebSocketMessageBrokerStats [MessageBroker-3] WebSocketSession[2 current WS(2)-HttpStream(0)-HttpPoll(0), 163 total, 0 closed abnormally (0 connect failure, 0 send limit, 0 transport error)], stompSubProtocol[processed CONNECT(163)-CONNECTED(163)-DISCONNECT(0)], stompBrokerRelay[null], inboundChannel[pool size = 0, active threads = 0, queued tasks = 0, completed tasks = 1461], outboundChannel[pool size = 0, active threads = 0, queued tasks = 0, completed tasks = 335], sockJsScheduler[pool size = 4, active threads = 1, queued tasks = 3, completed tasks = 3884]
2023-03-01 14:50:39,000 INFO org.springframework.web.socket.config.WebSocketMessageBrokerStats [MessageBroker-1] WebSocketSession[2 current WS(2)-HttpStream(0)-HttpPoll(0), 170 total, 0 closed abnormally (0 connect failure, 0 send limit, 0 transport error)], stompSubProtocol[processed CONNECT(170)-CONNECTED(170)-DISCONNECT(0)], stompBrokerRelay[null], inboundChannel[pool size = 0, active threads = 0, queued tasks = 0, completed tasks = 1524], outboundChannel[pool size = 0, active threads = 0, queued tasks = 0, completed tasks = 349], sockJsScheduler[pool size = 4, active threads = 1, queued tasks = 3, completed tasks = 4387]
2023-03-01 15:20:39,013 INFO org.springframework.web.socket.config.WebSocketMessageBrokerStats [MessageBroker-3] WebSocketSession[2 current WS(2)-HttpStream(0)-HttpPoll(0), 187 total, 0 closed abnormally (0 connect failure, 0 send limit, 0 transport error)], stompSubProtocol[processed CONNECT(187)-CONNECTED(187)-DISCONNECT(0)], stompBrokerRelay[null], inboundChannel[pool size = 7, active threads = 0, queued tasks = 0, completed tasks = 1677], outboundChannel[pool size = 4, active threads = 0, queued tasks = 0, completed tasks = 387], sockJsScheduler[pool size = 4, active threads = 1, queued tasks = 3, completed tasks = 4884]
2023-03-01 15:50:39,015 INFO org.springframework.web.socket.config.WebSocketMessageBrokerStats [MessageBroker-1] WebSocketSession[2 current WS(2)-HttpStream(0)-HttpPoll(0), 211 total, 0 closed abnormally (0 connect failure, 0 send limit, 0 transport error)], stompSubProtocol[processed CONNECT(211)-CONNECTED(211)-DISCONNECT(0)], stompBrokerRelay[null], inboundChannel[pool size = 8, active threads = 0, queued tasks = 0, completed tasks = 1893], outboundChannel[pool size = 8, active threads = 0, queued tasks = 0, completed tasks = 441], sockJsScheduler[pool size = 4, active threads = 1, queued tasks = 3, completed tasks = 5377]
2023-03-01 16:20:39,025 INFO org.springframework.web.socket.config.WebSocketMessageBrokerStats [MessageBroker-3] WebSocketSession[2 current WS(2)-HttpStream(0)-HttpPoll(0), 220 total, 0 closed abnormally (0 connect failure, 0 send limit, 0 transport error)], stompSubProtocol[processed CONNECT(220)-CONNECTED(220)-DISCONNECT(0)], stompBrokerRelay[null], inboundChannel[pool size = 0, active threads = 0, queued tasks = 0, completed tasks = 1974], outboundChannel[pool size = 0, active threads = 0, queued tasks = 0, completed tasks = 459], sockJsScheduler[pool size = 4, active threads = 1, queued tasks = 3, completed tasks = 5877]
2023-03-01 16:50:39,027 INFO org.springframework.web.socket.config.WebSocketMessageBrokerStats [MessageBroker-2] WebSocketSession[2 current WS(2)-HttpStream(0)-HttpPoll(0), 220 total, 0 closed abnormally (0 connect failure, 0 send limit, 0 transport error)], stompSubProtocol[processed CONNECT(220)-CONNECTED(220)-DISCONNECT(0)], stompBrokerRelay[null], inboundChannel[pool size = 0, active threads = 0, queued tasks = 0, completed tasks = 1974], outboundChannel[pool size = 0, active threads = 0, queued tasks = 0, completed tasks = 459], sockJsScheduler[pool size = 4, active threads = 1, queued tasks = 3, completed tasks = 6382]
2023-03-01 17:20:39,037 INFO org.springframework.web.socket.config.WebSocketMessageBrokerStats [MessageBroker-3] WebSocketSession[1 current WS(1)-HttpStream(0)-HttpPoll(0), 224 total, 0 closed abnormally (0 connect failure, 0 send limit, 0 transport error)], stompSubProtocol[processed CONNECT(224)-CONNECTED(224)-DISCONNECT(0)], stompBrokerRelay[null], inboundChannel[pool size = 0, active threads = 0, queued tasks = 0, completed tasks = 2013], outboundChannel[pool size = 0, active threads = 0, queued tasks = 0, completed tasks = 468], sockJsScheduler[pool size = 4, active threads = 1, queued tasks = 2, completed tasks = 6869]
2023-03-01 17:50:39,041 INFO org.springframework.web.socket.config.WebSocketMessageBrokerStats [MessageBroker-4] WebSocketSession[1 current WS(1)-HttpStream(0)-HttpPoll(0), 247 total, 0 closed abnormally (0 connect failure, 0 send limit, 0 transport error)], stompSubProtocol[processed CONNECT(247)-CONNECTED(247)-DISCONNECT(0)], stompBrokerRelay[null], inboundChannel[pool size = 0, active threads = 0, queued tasks = 0, completed tasks = 2220], outboundChannel[pool size = 0, active threads = 0, queued tasks = 0, completed tasks = 514], sockJsScheduler[pool size = 4, active threads = 1, queued tasks = 2, completed tasks = 7296]
2023-03-01 18:20:39,045 INFO org.springframework.web.socket.config.WebSocketMessageBrokerStats [MessageBroker-2] WebSocketSession[0 current WS(0)-HttpStream(0)-HttpPoll(0), 247 total, 0 closed abnormally (0 connect failure, 0 send limit, 0 transport error)], stompSubProtocol[processed CONNECT(247)-CONNECTED(247)-DISCONNECT(0)], stompBrokerRelay[null], inboundChannel[pool size = 0, active threads = 0, queued tasks = 0, completed tasks = 2223], outboundChannel[pool size = 0, active threads = 0, queued tasks = 0, completed tasks = 515], sockJsScheduler[pool size = 4, active threads = 1, queued tasks = 1, completed tasks = 7693]
2023-03-01 18:50:39,050 INFO org.springframework.web.socket.config.WebSocketMessageBrokerStats [MessageBroker-1] WebSocketSession[0 current WS(0)-HttpStream(0)-HttpPoll(0), 247 total, 0 closed abnormally (0 connect failure, 0 send limit, 0 transport error)], stompSubProtocol[processed CONNECT(247)-CONNECTED(247)-DISCONNECT(0)], stompBrokerRelay[null], inboundChannel[pool size = 0, active threads = 0, queued tasks = 0, completed tasks = 2223], outboundChannel[pool size = 0, active threads = 0, queued tasks = 0, completed tasks = 515], sockJsScheduler[pool size = 4, active threads = 1, queued tasks = 1, completed tasks = 8054]
2023-03-01 19:20:39,065 INFO org.springframework.web.socket.config.WebSocketMessageBrokerStats [MessageBroker-3] WebSocketSession[0 current WS(0)-HttpStream(0)-HttpPoll(0), 247 total, 0 closed abnormally (0 connect failure, 0 send limit, 0 transport error)], stompSubProtocol[processed CONNECT(247)-CONNECTED(247)-DISCONNECT(0)], stompBrokerRelay[null], inboundChannel[pool size = 0, active threads = 0, queued tasks = 0, completed tasks = 2223], outboundChannel[pool size = 0, active threads = 0, queued tasks = 0, completed tasks = 515], sockJsScheduler[pool size = 4, active threads = 1, queued tasks = 1, completed tasks = 8415]
2023-03-01 19:50:39,080 INFO org.springframework.web.socket.config.WebSocketMessageBrokerStats [MessageBroker-4] WebSocketSession[0 current WS(0)-HttpStream(0)-HttpPoll(0), 247 total, 0 closed abnormally (0 connect failure, 0 send limit, 0 transport error)], stompSubProtocol[processed CONNECT(247)-CONNECTED(247)-DISCONNECT(0)], stompBrokerRelay[null], inboundChannel[pool size = 0, active threads = 0, queued tasks = 0, completed tasks = 2223], outboundChannel[pool size = 0, active threads = 0, queued tasks = 0, completed tasks = 515], sockJsScheduler[pool size = 4, active threads = 1, queued tasks = 1, completed tasks = 8776]
2023-03-01 20:20:39,081 INFO org.springframework.web.socket.config.WebSocketMessageBrokerStats [MessageBroker-1] WebSocketSession[0 current WS(0)-HttpStream(0)-HttpPoll(0), 247 total, 0 closed abnormally (0 connect failure, 0 send limit, 0 transport error)], stompSubProtocol[processed CONNECT(247)-CONNECTED(247)-DISCONNECT(0)], stompBrokerRelay[null], inboundChannel[pool size = 0, active threads = 0, queued tasks = 0, completed tasks = 2223], outboundChannel[pool size = 0, active threads = 0, queued tasks = 0, completed tasks = 515], sockJsScheduler[pool size = 4, active threads = 1, queued tasks = 1, completed tasks = 9137]
2023-03-01 20:50:39,085 INFO org.springframework.web.socket.config.WebSocketMessageBrokerStats [MessageBroker-3] WebSocketSession[0 current WS(0)-HttpStream(0)-HttpPoll(0), 247 total, 0 closed abnormally (0 connect failure, 0 send limit, 0 transport error)], stompSubProtocol[processed CONNECT(247)-CONNECTED(247)-DISCONNECT(0)], stompBrokerRelay[null], inboundChannel[pool size = 0, active threads = 0, queued tasks = 0, completed tasks = 2223], outboundChannel[pool size = 0, active threads = 0, queued tasks = 0, completed tasks = 515], sockJsScheduler[pool size = 4, active threads = 1, queued tasks = 1, completed tasks = 9498]
2023-03-01 21:20:39,091 INFO org.springframework.web.socket.config.WebSocketMessageBrokerStats [MessageBroker-3] WebSocketSession[0 current WS(0)-HttpStream(0)-HttpPoll(0), 247 total, 0 closed abnormally (0 connect failure, 0 send limit, 0 transport error)], stompSubProtocol[processed CONNECT(247)-CONNECTED(247)-DISCONNECT(0)], stompBrokerRelay[null], inboundChannel[pool size = 0, active threads = 0, queued tasks = 0, completed tasks = 2223], outboundChannel[pool size = 0, active threads = 0, queued tasks = 0, completed tasks = 515], sockJsScheduler[pool size = 4, active threads = 1, queued tasks = 1, completed tasks = 9859]
2023-03-01 21:50:39,107 INFO org.springframework.web.socket.config.WebSocketMessageBrokerStats [MessageBroker-4] WebSocketSession[0 current WS(0)-HttpStream(0)-HttpPoll(0), 247 total, 0 closed abnormally (0 connect failure, 0 send limit, 0 transport error)], stompSubProtocol[processed CONNECT(247)-CONNECTED(247)-DISCONNECT(0)], stompBrokerRelay[null], inboundChannel[pool size = 0, active threads = 0, queued tasks = 0, completed tasks = 2223], outboundChannel[pool size = 0, active threads = 0, queued tasks = 0, completed tasks = 515], sockJsScheduler[pool size = 4, active threads = 1, queued tasks = 1, completed tasks = 10220]
2023-03-01 22:20:39,110 INFO org.springframework.web.socket.config.WebSocketMessageBrokerStats [MessageBroker-1] WebSocketSession[0 current WS(0)-HttpStream(0)-HttpPoll(0), 247 total, 0 closed abnormally (0 connect failure, 0 send limit, 0 transport error)], stompSubProtocol[processed CONNECT(247)-CONNECTED(247)-DISCONNECT(0)], stompBrokerRelay[null], inboundChannel[pool size = 0, active threads = 0, queued tasks = 0, completed tasks = 2223], outboundChannel[pool size = 0, active threads = 0, queued tasks = 0, completed tasks = 515], sockJsScheduler[pool size = 4, active threads = 1, queued tasks = 1, completed tasks = 10581]
2023-03-01 22:50:39,124 INFO org.springframework.web.socket.config.WebSocketMessageBrokerStats [MessageBroker-4] WebSocketSession[0 current WS(0)-HttpStream(0)-HttpPoll(0), 247 total, 0 closed abnormally (0 connect failure, 0 send limit, 0 transport error)], stompSubProtocol[processed CONNECT(247)-CONNECTED(247)-DISCONNECT(0)], stompBrokerRelay[null], inboundChannel[pool size = 0, active threads = 0, queued tasks = 0, completed tasks = 2223], outboundChannel[pool size = 0, active threads = 0, queued tasks = 0, completed tasks = 515], sockJsScheduler[pool size = 4, active threads = 1, queued tasks = 1, completed tasks = 10942]
2023-03-01 23:20:39,131 INFO org.springframework.web.socket.config.WebSocketMessageBrokerStats [MessageBroker-2] WebSocketSession[0 current WS(0)-HttpStream(0)-HttpPoll(0), 247 total, 0 closed abnormally (0 connect failure, 0 send limit, 0 transport error)], stompSubProtocol[processed CONNECT(247)-CONNECTED(247)-DISCONNECT(0)], stompBrokerRelay[null], inboundChannel[pool size = 0, active threads = 0, queued tasks = 0, completed tasks = 2223], outboundChannel[pool size = 0, active threads = 0, queued tasks = 0, completed tasks = 515], sockJsScheduler[pool size = 4, active threads = 1, queued tasks = 1, completed tasks = 11303]
2023-03-01 23:50:39,135 INFO org.springframework.web.socket.config.WebSocketMessageBrokerStats [MessageBroker-2] WebSocketSession[0 current WS(0)-HttpStream(0)-HttpPoll(0), 247 total, 0 closed abnormally (0 connect failure, 0 send limit, 0 transport error)], stompSubProtocol[processed CONNECT(247)-CONNECTED(247)-DISCONNECT(0)], stompBrokerRelay[null], inboundChannel[pool size = 0, active threads = 0, queued tasks = 0, completed tasks = 2223], outboundChannel[pool size = 0, active threads = 0, queued tasks = 0, completed tasks = 515], sockJsScheduler[pool size = 4, active threads = 1, queued tasks = 1, completed tasks = 11664]
