2021-09-02 11:10:04,190 INFO org.springframework.boot.StartupInfoLogger [restartedMain] Starting Qms3Application using Java 15.0.2 on janaka-Vostro-3578 with PID 5745 (/home/janaka/eclipse-workspace/QMS-3/target/classes started by janaka in /home/janaka/eclipse-workspace/QMS-3)
2021-09-02 11:10:04,192 INFO org.springframework.boot.SpringApplication [restartedMain] No active profile set, falling back to default profiles: default
2021-09-02 11:10:04,376 INFO org.springframework.boot.logging.DeferredLog [restartedMain] Devtools property defaults active! Set 'spring.devtools.add-properties' to 'false' to disable
2021-09-02 11:10:04,376 INFO org.springframework.boot.logging.DeferredLog [restartedMain] For additional web related logging consider setting the 'logging.level.web' property to 'DEBUG'
2021-09-02 11:10:04,863 INFO org.springframework.data.repository.config.RepositoryConfigurationDelegate [restartedMain] Bootstrapping Spring Data JPA repositories in DEFAULT mode.
2021-09-02 11:10:04,904 INFO org.springframework.data.repository.config.RepositoryConfigurationDelegate [restartedMain] Finished Spring Data repository scanning in 34 ms. Found 3 JPA repository interfaces.
2021-09-02 11:10:05,391 INFO org.springframework.boot.web.embedded.tomcat.TomcatWebServer [restartedMain] Tomcat initialized with port(s): 8081 (http)
2021-09-02 11:10:05,449 INFO org.springframework.boot.web.servlet.context.ServletWebServerApplicationContext [restartedMain] Root WebApplicationContext: initialization completed in 1072 ms
2021-09-02 11:10:05,662 INFO org.hibernate.jpa.internal.util.LogHelper [restartedMain] HHH000204: Processing PersistenceUnitInfo [name: default]
2021-09-02 11:10:05,714 INFO org.hibernate.Version [restartedMain] HHH000412: Hibernate ORM core version 5.4.32.Final
2021-09-02 11:10:05,849 INFO org.hibernate.annotations.common.reflection.java.JavaReflectionManager [restartedMain] HCANN000001: Hibernate Commons Annotations {5.1.2.Final}
2021-09-02 11:10:06,085 INFO org.hibernate.dialect.Dialect [restartedMain] HHH000400: Using dialect: org.hibernate.dialect.H2Dialect
2021-09-02 11:10:06,562 INFO org.hibernate.engine.transaction.jta.platform.internal.JtaPlatformInitiator [restartedMain] HHH000490: Using JtaPlatform implementation: [org.hibernate.engine.transaction.jta.platform.internal.NoJtaPlatform]
2021-09-02 11:10:06,568 INFO org.springframework.orm.jpa.AbstractEntityManagerFactoryBean [restartedMain] Initialized JPA EntityManagerFactory for persistence unit 'default'
2021-09-02 11:10:06,877 INFO org.springframework.boot.autoconfigure.h2.H2ConsoleAutoConfiguration [restartedMain] H2 console available at '/h2-console'. Database available at 'jdbc:h2:file:/home/janaka/QMS/database/qmsdb'
2021-09-02 11:10:07,187 INFO org.springframework.security.web.DefaultSecurityFilterChain [restartedMain] Will secure Ant [pattern='/resources/**'] with []
2021-09-02 11:10:07,187 INFO org.springframework.security.web.DefaultSecurityFilterChain [restartedMain] Will secure Ant [pattern='/static/**'] with []
2021-09-02 11:10:07,187 INFO org.springframework.security.web.DefaultSecurityFilterChain [restartedMain] Will secure Ant [pattern='/plugins/**'] with []
2021-09-02 11:10:07,187 INFO org.springframework.security.web.DefaultSecurityFilterChain [restartedMain] Will secure Ant [pattern='/css/**'] with []
2021-09-02 11:10:07,188 INFO org.springframework.security.web.DefaultSecurityFilterChain [restartedMain] Will secure Ant [pattern='/js/**'] with []
2021-09-02 11:10:07,188 INFO org.springframework.security.web.DefaultSecurityFilterChain [restartedMain] Will secure Ant [pattern='/assets/**'] with []
2021-09-02 11:10:07,188 INFO org.springframework.security.web.DefaultSecurityFilterChain [restartedMain] Will secure Ant [pattern='/assets/css/**'] with []
2021-09-02 11:10:07,188 INFO org.springframework.security.web.DefaultSecurityFilterChain [restartedMain] Will secure Ant [pattern='/assets/js/**'] with []
2021-09-02 11:10:07,188 INFO org.springframework.security.web.DefaultSecurityFilterChain [restartedMain] Will secure Ant [pattern='/img/**'] with []
2021-09-02 11:10:07,188 INFO org.springframework.security.web.DefaultSecurityFilterChain [restartedMain] Will secure Ant [pattern='/webjars/**'] with []
2021-09-02 11:10:07,188 INFO org.springframework.security.web.DefaultSecurityFilterChain [restartedMain] Will secure Ant [pattern='/h2-console/**'] with []
2021-09-02 11:10:07,213 INFO org.springframework.security.web.DefaultSecurityFilterChain [restartedMain] Will secure any request with [org.springframework.security.web.context.request.async.WebAsyncManagerIntegrationFilter@e1c7a06, org.springframework.security.web.context.SecurityContextPersistenceFilter@6129bf34, org.springframework.security.web.header.HeaderWriterFilter@36ab359d, org.springframework.security.web.csrf.CsrfFilter@797b223d, org.springframework.security.web.authentication.logout.LogoutFilter@74db154, org.springframework.security.web.authentication.UsernamePasswordAuthenticationFilter@115fdf36, org.springframework.security.web.savedrequest.RequestCacheAwareFilter@4efbf524, org.springframework.security.web.servletapi.SecurityContextHolderAwareRequestFilter@21c03bde, org.springframework.security.web.authentication.AnonymousAuthenticationFilter@160e1797, org.springframework.security.web.session.SessionManagementFilter@1630e873, org.springframework.security.web.access.ExceptionTranslationFilter@6f2610f7, org.springframework.security.web.access.intercept.FilterSecurityInterceptor@2a7e4782]
2021-09-02 11:10:07,860 INFO org.springframework.boot.devtools.autoconfigure.OptionalLiveReloadServer [restartedMain] LiveReload server is running on port 35729
2021-09-02 11:10:07,888 INFO org.springframework.boot.web.embedded.tomcat.TomcatWebServer [restartedMain] Tomcat started on port(s): 8081 (http) with context path ''
2021-09-02 11:10:07,889 INFO org.springframework.core.log.CompositeLog [restartedMain] Starting...
2021-09-02 11:10:07,889 INFO org.springframework.core.log.CompositeLog [restartedMain] BrokerAvailabilityEvent[available=true, SimpleBrokerMessageHandler [org.springframework.messaging.simp.broker.DefaultSubscriptionRegistry@259d7e9c]]
2021-09-02 11:10:07,890 INFO org.springframework.core.log.CompositeLog [restartedMain] Started.
2021-09-02 11:10:07,897 INFO org.springframework.boot.StartupInfoLogger [restartedMain] Started Qms3Application in 3.97 seconds (JVM running for 4.671)
2021-09-02 11:10:26,384 INFO org.springframework.web.servlet.FrameworkServlet [http-nio-8081-exec-1] Initializing Servlet 'dispatcherServlet'
2021-09-02 11:10:26,385 INFO org.springframework.web.servlet.FrameworkServlet [http-nio-8081-exec-1] Completed initialization in 1 ms
2021-09-02 11:10:27,310 INFO com.rcs2.cms.service.RestClient [http-nio-8081-exec-1] getting success find the category services
2021-09-02 11:10:33,608 INFO com.rcs2.cms.controller.QMSController [http-nio-8081-exec-5] Create Token request: CustomerDto(tokenId=null, nic=198335201993, dob=, gender=male, service=1, mobileNo=)
2021-09-02 11:10:33,614 INFO com.rcs2.cms.service.RestClient [http-nio-8081-exec-5] Barcorde remort create request token info: CustomerDto(tokenId=null, nic=198335201993, dob=, gender=male, service=1, mobileNo=), isIdentity:true
2021-09-02 11:10:34,117 INFO com.rcs2.cms.service.RestClient [http-nio-8081-exec-5] Successfuly create remort barcode<200,RemortBarcodeRecordCreateDTO(isIdentification=true, identification=198335201993, gender=null, dateOfBirth=null, serviceId=1, barcodeNumber=1, isActive=true, mobileNo=),[Content-Length:"154", Content-Type:"application/json; charset=utf-8", Server:"Microsoft-IIS/10.0", api-supported-versions:"1.0", X-Powered-By:"ASP.NET", Set-Cookie:"ARRAffinity=36b600bf637fae12c86bd5a11e288cbf7cf884604d894bb14cedb1dae34b1fa7;Path=/;HttpOnly;Secure;Domain=barcode-integration-demo.azurewebsites.net", "ARRAffinitySameSite=36b600bf637fae12c86bd5a11e288cbf7cf884604d894bb14cedb1dae34b1fa7;Path=/;HttpOnly;SameSite=None;Secure;Domain=barcode-integration-demo.azurewebsites.net", Date:"Thu, 02 Sep 2021 05:40:34 GMT"]>
2021-09-02 11:10:34,172 INFO com.rcs2.cms.controller.QMSController [http-nio-8081-exec-5] customer:Token(id=68, qmsCounter=null, servicedBy=null, nic=198335201993, dob=, gender=male, serviceCategory=1, mobileNo=, qrText=null, tokenNumber=1, remortCallStatus=null, description=null, status=ISSUED, issuedDate=Thu Sep 02 00:00:00 IST 2021, processDate=null, createdDate=Thu Sep 02 11:10:34 IST 2021, completedDate=null)
2021-09-02 11:11:07,269 INFO org.springframework.web.socket.config.WebSocketMessageBrokerStats [MessageBroker-1] WebSocketSession[0 current WS(0)-HttpStream(0)-HttpPoll(0), 0 total, 0 closed abnormally (0 connect failure, 0 send limit, 0 transport error)], stompSubProtocol[processed CONNECT(0)-CONNECTED(0)-DISCONNECT(0)], stompBrokerRelay[null], inboundChannel[pool size = 0, active threads = 0, queued tasks = 0, completed tasks = 0], outboundChannel[pool size = 0, active threads = 0, queued tasks = 0, completed tasks = 0], sockJsScheduler[pool size = 1, active threads = 1, queued tasks = 0, completed tasks = 0]
2021-09-02 11:11:40,675 INFO com.rcs2.cms.controller.QMSController [http-nio-8081-exec-4] Create Token request: CustomerDto(tokenId=null, nic=198335201993, dob=, gender=male, service=1, mobileNo=)
2021-09-02 11:11:40,677 INFO com.rcs2.cms.service.RestClient [http-nio-8081-exec-4] Barcorde remort create request token info: CustomerDto(tokenId=null, nic=198335201993, dob=, gender=male, service=1, mobileNo=), isIdentity:true
2021-09-02 11:11:41,443 INFO com.rcs2.cms.service.RestClient [http-nio-8081-exec-4] Successfuly create remort barcode<200,RemortBarcodeRecordCreateDTO(isIdentification=true, identification=198335201993, gender=null, dateOfBirth=null, serviceId=1, barcodeNumber=2, isActive=true, mobileNo=),[Content-Length:"154", Content-Type:"application/json; charset=utf-8", Server:"Microsoft-IIS/10.0", api-supported-versions:"1.0", X-Powered-By:"ASP.NET", Set-Cookie:"ARRAffinity=36b600bf637fae12c86bd5a11e288cbf7cf884604d894bb14cedb1dae34b1fa7;Path=/;HttpOnly;Secure;Domain=barcode-integration-demo.azurewebsites.net", "ARRAffinitySameSite=36b600bf637fae12c86bd5a11e288cbf7cf884604d894bb14cedb1dae34b1fa7;Path=/;HttpOnly;SameSite=None;Secure;Domain=barcode-integration-demo.azurewebsites.net", Date:"Thu, 02 Sep 2021 05:41:40 GMT"]>
2021-09-02 11:11:41,449 INFO com.rcs2.cms.controller.QMSController [http-nio-8081-exec-4] customer:Token(id=69, qmsCounter=null, servicedBy=null, nic=198335201993, dob=, gender=male, serviceCategory=1, mobileNo=, qrText=null, tokenNumber=2, remortCallStatus=null, description=null, status=ISSUED, issuedDate=Thu Sep 02 00:00:00 IST 2021, processDate=null, createdDate=Thu Sep 02 11:11:41 IST 2021, completedDate=null)
2021-09-02 11:13:49,252 INFO com.rcs2.cms.controller.QMSController [http-nio-8081-exec-4] Find token by token Number:1
2021-09-02 11:13:51,547 INFO com.rcs2.cms.controller.QMSController [http-nio-8081-exec-10] Update token request: CustomerDto(tokenId=68, nic=198335201993, dob=, gender=male, service=1, mobileNo=)
2021-09-02 11:13:51,557 INFO com.rcs2.cms.service.RestClient [http-nio-8081-exec-10] Barcorde remort create request token info: CustomerDto(tokenId=68, nic=198335201993, dob=, gender=male, service=1, mobileNo=), isIdentity:true
2021-09-02 11:13:52,253 INFO com.rcs2.cms.service.RestClient [http-nio-8081-exec-10] Successfuly create remort barcode<200,RemortBarcodeRecordCreateDTO(isIdentification=true, identification=198335201993, gender=null, dateOfBirth=null, serviceId=1, barcodeNumber=1, isActive=true, mobileNo=),[Content-Length:"154", Content-Type:"application/json; charset=utf-8", Server:"Microsoft-IIS/10.0", api-supported-versions:"1.0", X-Powered-By:"ASP.NET", Set-Cookie:"ARRAffinity=36b600bf637fae12c86bd5a11e288cbf7cf884604d894bb14cedb1dae34b1fa7;Path=/;HttpOnly;Secure;Domain=barcode-integration-demo.azurewebsites.net", "ARRAffinitySameSite=36b600bf637fae12c86bd5a11e288cbf7cf884604d894bb14cedb1dae34b1fa7;Path=/;HttpOnly;SameSite=None;Secure;Domain=barcode-integration-demo.azurewebsites.net", Date:"Thu, 02 Sep 2021 05:43:51 GMT"]>
2021-09-02 11:13:52,283 INFO com.rcs2.cms.controller.QMSController [http-nio-8081-exec-10] Token updated succesfully, token id:1
2021-09-02 11:14:31,942 INFO com.rcs2.cms.controller.QMSController [http-nio-8081-exec-3] Find token by token Number:2
2021-09-02 11:14:33,149 INFO com.rcs2.cms.controller.QMSController [http-nio-8081-exec-5] Update token request: CustomerDto(tokenId=69, nic=198335201993, dob=, gender=male, service=1, mobileNo=)
2021-09-02 11:14:33,152 INFO com.rcs2.cms.service.RestClient [http-nio-8081-exec-5] Barcorde remort create request token info: CustomerDto(tokenId=69, nic=198335201993, dob=, gender=male, service=1, mobileNo=), isIdentity:true
2021-09-02 11:14:33,941 INFO com.rcs2.cms.service.RestClient [http-nio-8081-exec-5] Successfuly create remort barcode<200,RemortBarcodeRecordCreateDTO(isIdentification=true, identification=198335201993, gender=null, dateOfBirth=null, serviceId=1, barcodeNumber=2, isActive=true, mobileNo=),[Content-Length:"154", Content-Type:"application/json; charset=utf-8", Server:"Microsoft-IIS/10.0", api-supported-versions:"1.0", X-Powered-By:"ASP.NET", Set-Cookie:"ARRAffinity=36b600bf637fae12c86bd5a11e288cbf7cf884604d894bb14cedb1dae34b1fa7;Path=/;HttpOnly;Secure;Domain=barcode-integration-demo.azurewebsites.net", "ARRAffinitySameSite=36b600bf637fae12c86bd5a11e288cbf7cf884604d894bb14cedb1dae34b1fa7;Path=/;HttpOnly;SameSite=None;Secure;Domain=barcode-integration-demo.azurewebsites.net", Date:"Thu, 02 Sep 2021 05:44:33 GMT"]>
2021-09-02 11:14:33,952 INFO com.rcs2.cms.controller.QMSController [http-nio-8081-exec-5] Token updated succesfully, token id:2
2021-09-02 11:18:20,595 INFO com.rcs2.cms.service.RestClient [http-nio-8081-exec-6] getting success find the category services
2021-09-02 11:18:33,584 INFO com.rcs2.cms.controller.QMSController [http-nio-8081-exec-8] Find token by token Number:1
2021-09-02 11:18:34,874 INFO com.rcs2.cms.controller.QMSController [http-nio-8081-exec-1] Update token request: CustomerDto(tokenId=68, nic=198335201993, dob=, gender=male, service=1, mobileNo=)
2021-09-02 11:18:34,876 INFO com.rcs2.cms.service.RestClient [http-nio-8081-exec-1] Barcorde remort create request token info: CustomerDto(tokenId=68, nic=198335201993, dob=, gender=male, service=1, mobileNo=), isIdentity:true
2021-09-02 11:18:35,736 INFO com.rcs2.cms.service.RestClient [http-nio-8081-exec-1] Successfuly create remort barcode<200,RemortBarcodeRecordCreateDTO(isIdentification=true, identification=198335201993, gender=null, dateOfBirth=null, serviceId=1, barcodeNumber=1, isActive=true, mobileNo=),[Content-Length:"154", Content-Type:"application/json; charset=utf-8", Server:"Microsoft-IIS/10.0", api-supported-versions:"1.0", X-Powered-By:"ASP.NET", Set-Cookie:"ARRAffinity=36b600bf637fae12c86bd5a11e288cbf7cf884604d894bb14cedb1dae34b1fa7;Path=/;HttpOnly;Secure;Domain=barcode-integration-demo.azurewebsites.net", "ARRAffinitySameSite=36b600bf637fae12c86bd5a11e288cbf7cf884604d894bb14cedb1dae34b1fa7;Path=/;HttpOnly;SameSite=None;Secure;Domain=barcode-integration-demo.azurewebsites.net", Date:"Thu, 02 Sep 2021 05:48:35 GMT"]>
2021-09-02 11:18:35,740 INFO com.rcs2.cms.controller.QMSController [http-nio-8081-exec-1] Token updated succesfully, token id:1
2021-09-02 11:19:32,641 INFO org.springframework.boot.admin.SpringApplicationAdminMXBeanRegistrar$SpringApplicationAdmin [RMI TCP Connection(2)-127.0.0.1] Application shutdown requested.
2021-09-02 11:19:32,642 INFO org.springframework.core.log.CompositeLog [RMI TCP Connection(2)-127.0.0.1] Stopping...
2021-09-02 11:19:32,643 INFO org.springframework.core.log.CompositeLog [RMI TCP Connection(2)-127.0.0.1] BrokerAvailabilityEvent[available=false, SimpleBrokerMessageHandler [org.springframework.messaging.simp.broker.DefaultSubscriptionRegistry@259d7e9c]]
2021-09-02 11:19:32,643 INFO org.springframework.core.log.CompositeLog [RMI TCP Connection(2)-127.0.0.1] Stopped.
2021-09-02 11:19:32,662 INFO org.springframework.orm.jpa.AbstractEntityManagerFactoryBean [RMI TCP Connection(2)-127.0.0.1] Closing JPA EntityManagerFactory for persistence unit 'default'
