2021-08-12 08:43:27,016 INFO org.springframework.test.context.support.AbstractTestContextBootstrapper [main] Neither @ContextConfiguration nor @ContextHierarchy found for test class [com.rcs2.cms.Qms3ApplicationTests], using SpringBootContextLoader
2021-08-12 08:43:27,021 INFO org.springframework.test.context.support.AbstractContextLoader [main] Could not detect default resource locations for test class [com.rcs2.cms.Qms3ApplicationTests]: no resource found for suffixes {-context.xml, Context.groovy}.
2021-08-12 08:43:27,022 INFO org.springframework.test.context.support.AnnotationConfigContextLoaderUtils [main] Could not detect default configuration classes for test class [com.rcs2.cms.Qms3ApplicationTests]: Qms3ApplicationTests does not declare any static, non-private, non-final, nested classes annotated with @Configuration.
2021-08-12 08:43:27,091 INFO org.springframework.boot.test.context.SpringBootTestContextBootstrapper [main] Found @SpringBootConfiguration com.rcs2.cms.Qms3Application for test class com.rcs2.cms.Qms3ApplicationTests
2021-08-12 08:43:27,160 INFO org.springframework.test.context.support.AbstractTestContextBootstrapper [main] Loaded default TestExecutionListener class names from location [META-INF/spring.factories]: [org.springframework.boot.test.mock.mockito.MockitoTestExecutionListener, org.springframework.boot.test.mock.mockito.ResetMocksTestExecutionListener, org.springframework.boot.test.autoconfigure.restdocs.RestDocsTestExecutionListener, org.springframework.boot.test.autoconfigure.web.client.MockRestServiceServerResetTestExecutionListener, org.springframework.boot.test.autoconfigure.web.servlet.MockMvcPrintOnlyOnFailureTestExecutionListener, org.springframework.boot.test.autoconfigure.web.servlet.WebDriverTestExecutionListener, org.springframework.boot.test.autoconfigure.webservices.client.MockWebServiceServerTestExecutionListener, org.springframework.test.context.web.ServletTestExecutionListener, org.springframework.test.context.support.DirtiesContextBeforeModesTestExecutionListener, org.springframework.test.context.event.ApplicationEventsTestExecutionListener, org.springframework.test.context.support.DependencyInjectionTestExecutionListener, org.springframework.test.context.support.DirtiesContextTestExecutionListener, org.springframework.test.context.transaction.TransactionalTestExecutionListener, org.springframework.test.context.jdbc.SqlScriptsTestExecutionListener, org.springframework.test.context.event.EventPublishingTestExecutionListener, org.springframework.security.test.context.support.WithSecurityContextTestExecutionListener, org.springframework.security.test.context.support.ReactorContextTestExecutionListener]
2021-08-12 08:43:27,179 INFO org.springframework.test.context.support.AbstractTestContextBootstrapper [main] Using TestExecutionListeners: [org.springframework.test.context.web.ServletTestExecutionListener@2cf23c81, org.springframework.test.context.support.DirtiesContextBeforeModesTestExecutionListener@3624da92, org.springframework.test.context.event.ApplicationEventsTestExecutionListener@35fe2125, org.springframework.boot.test.mock.mockito.MockitoTestExecutionListener@94f6bfb, org.springframework.boot.test.autoconfigure.SpringBootDependencyInjectionTestExecutionListener@34645867, org.springframework.test.context.support.DirtiesContextTestExecutionListener@2484f433, org.springframework.test.context.transaction.TransactionalTestExecutionListener@60b71e8f, org.springframework.test.context.jdbc.SqlScriptsTestExecutionListener@1255b1d1, org.springframework.test.context.event.EventPublishingTestExecutionListener@464649c, org.springframework.security.test.context.support.WithSecurityContextTestExecutionListener@7c22d4f, org.springframework.security.test.context.support.ReactorContextTestExecutionListener@5f59185e, org.springframework.boot.test.mock.mockito.ResetMocksTestExecutionListener@60bdf15d, org.springframework.boot.test.autoconfigure.restdocs.RestDocsTestExecutionListener@47da3952, org.springframework.boot.test.autoconfigure.web.client.MockRestServiceServerResetTestExecutionListener@51e4ccb3, org.springframework.boot.test.autoconfigure.web.servlet.MockMvcPrintOnlyOnFailureTestExecutionListener@46e8a539, org.springframework.boot.test.autoconfigure.web.servlet.WebDriverTestExecutionListener@495083a0, org.springframework.boot.test.autoconfigure.webservices.client.MockWebServiceServerTestExecutionListener@5fd62371]
2021-08-12 08:43:27,444 INFO org.springframework.boot.StartupInfoLogger [main] Starting Qms3ApplicationTests using Java 15.0.2 on janaka-Vostro-3578 with PID 42950 (started by janaka in /home/janaka/eclipse-workspace/QMS-3)
2021-08-12 08:43:27,448 INFO org.springframework.boot.SpringApplication [main] No active profile set, falling back to default profiles: default
2021-08-12 08:43:28,269 INFO org.springframework.data.repository.config.RepositoryConfigurationDelegate [main] Bootstrapping Spring Data JPA repositories in DEFAULT mode.
2021-08-12 08:43:28,325 INFO org.springframework.data.repository.config.RepositoryConfigurationDelegate [main] Finished Spring Data repository scanning in 48 ms. Found 3 JPA repository interfaces.
2021-08-12 08:43:29,063 INFO org.hibernate.jpa.internal.util.LogHelper [main] HHH000204: Processing PersistenceUnitInfo [name: default]
2021-08-12 08:43:29,099 INFO org.hibernate.Version [main] HHH000412: Hibernate ORM core version 5.4.32.Final
2021-08-12 08:43:29,197 INFO org.hibernate.annotations.common.reflection.java.JavaReflectionManager [main] HCANN000001: Hibernate Commons Annotations {5.1.2.Final}
2021-08-12 08:43:29,430 INFO org.hibernate.dialect.Dialect [main] HHH000400: Using dialect: org.hibernate.dialect.H2Dialect
2021-08-12 08:43:29,945 INFO org.hibernate.engine.transaction.jta.platform.internal.JtaPlatformInitiator [main] HHH000490: Using JtaPlatform implementation: [org.hibernate.engine.transaction.jta.platform.internal.NoJtaPlatform]
2021-08-12 08:43:29,952 INFO org.springframework.orm.jpa.AbstractEntityManagerFactoryBean [main] Initialized JPA EntityManagerFactory for persistence unit 'default'
2021-08-12 08:43:30,760 INFO org.springframework.security.web.DefaultSecurityFilterChain [main] Will secure Ant [pattern='/resources/**'] with []
2021-08-12 08:43:30,760 INFO org.springframework.security.web.DefaultSecurityFilterChain [main] Will secure Ant [pattern='/static/**'] with []
2021-08-12 08:43:30,761 INFO org.springframework.security.web.DefaultSecurityFilterChain [main] Will secure Ant [pattern='/plugins/**'] with []
2021-08-12 08:43:30,761 INFO org.springframework.security.web.DefaultSecurityFilterChain [main] Will secure Ant [pattern='/css/**'] with []
2021-08-12 08:43:30,761 INFO org.springframework.security.web.DefaultSecurityFilterChain [main] Will secure Ant [pattern='/js/**'] with []
2021-08-12 08:43:30,762 INFO org.springframework.security.web.DefaultSecurityFilterChain [main] Will secure Ant [pattern='/assets/**'] with []
2021-08-12 08:43:30,762 INFO org.springframework.security.web.DefaultSecurityFilterChain [main] Will secure Ant [pattern='/assets/css/**'] with []
2021-08-12 08:43:30,762 INFO org.springframework.security.web.DefaultSecurityFilterChain [main] Will secure Ant [pattern='/assets/js/**'] with []
2021-08-12 08:43:30,763 INFO org.springframework.security.web.DefaultSecurityFilterChain [main] Will secure Ant [pattern='/img/**'] with []
2021-08-12 08:43:30,763 INFO org.springframework.security.web.DefaultSecurityFilterChain [main] Will secure Ant [pattern='/webjars/**'] with []
2021-08-12 08:43:30,763 INFO org.springframework.security.web.DefaultSecurityFilterChain [main] Will secure Ant [pattern='/h2-console/**'] with []
2021-08-12 08:43:30,848 INFO org.springframework.security.web.DefaultSecurityFilterChain [main] Will secure any request with [org.springframework.security.web.context.request.async.WebAsyncManagerIntegrationFilter@490f2fad, org.springframework.security.web.context.SecurityContextPersistenceFilter@1798c749, org.springframework.security.web.header.HeaderWriterFilter@53ce27fa, org.springframework.security.web.csrf.CsrfFilter@14a5d7ee, org.springframework.security.web.authentication.logout.LogoutFilter@73c6ebec, org.springframework.security.web.authentication.UsernamePasswordAuthenticationFilter@16422f27, org.springframework.security.web.savedrequest.RequestCacheAwareFilter@624268ab, org.springframework.security.web.servletapi.SecurityContextHolderAwareRequestFilter@38224635, org.springframework.security.web.authentication.AnonymousAuthenticationFilter@3ed3e66d, org.springframework.security.web.session.SessionManagementFilter@6b8683b8, org.springframework.security.web.access.ExceptionTranslationFilter@71eead09, org.springframework.security.web.access.intercept.FilterSecurityInterceptor@a3f1f32]
2021-08-12 08:43:31,217 INFO org.springframework.boot.autoconfigure.h2.H2ConsoleAutoConfiguration [main] H2 console available at '/h2-console'. Database available at 'jdbc:h2:file:/home/janaka/QMS/database/qmsdb'
2021-08-12 08:43:32,084 INFO org.springframework.core.log.CompositeLog [main] Starting...
2021-08-12 08:43:32,084 INFO org.springframework.core.log.CompositeLog [main] BrokerAvailabilityEvent[available=true, SimpleBrokerMessageHandler [org.springframework.messaging.simp.broker.DefaultSubscriptionRegistry@61f62b80]]
2021-08-12 08:43:32,085 INFO org.springframework.core.log.CompositeLog [main] Started.
2021-08-12 08:43:32,093 INFO org.springframework.boot.StartupInfoLogger [main] Started Qms3ApplicationTests in 4.877 seconds (JVM running for 5.874)
2021-08-12 08:43:32,261 INFO org.springframework.core.log.CompositeLog [SpringApplicationShutdownHook] Stopping...
2021-08-12 08:43:32,262 INFO org.springframework.core.log.CompositeLog [SpringApplicationShutdownHook] BrokerAvailabilityEvent[available=false, SimpleBrokerMessageHandler [org.springframework.messaging.simp.broker.DefaultSubscriptionRegistry@61f62b80]]
2021-08-12 08:43:32,262 INFO org.springframework.core.log.CompositeLog [SpringApplicationShutdownHook] Stopped.
2021-08-12 08:43:32,266 INFO org.springframework.orm.jpa.AbstractEntityManagerFactoryBean [SpringApplicationShutdownHook] Closing JPA EntityManagerFactory for persistence unit 'default'
2021-08-12 12:03:46,340 INFO org.springframework.boot.StartupInfoLogger [restartedMain] Starting Qms3Application using Java 15.0.2 on janaka-Vostro-3578 with PID 5298 (/home/janaka/eclipse-workspace/QMS-3/target/classes started by janaka in /home/janaka/eclipse-workspace/QMS-3)
2021-08-12 12:03:46,342 INFO org.springframework.boot.SpringApplication [restartedMain] No active profile set, falling back to default profiles: default
2021-08-12 12:03:46,511 INFO org.springframework.boot.logging.DeferredLog [restartedMain] Devtools property defaults active! Set 'spring.devtools.add-properties' to 'false' to disable
2021-08-12 12:03:46,512 INFO org.springframework.boot.logging.DeferredLog [restartedMain] For additional web related logging consider setting the 'logging.level.web' property to 'DEBUG'
2021-08-12 12:03:46,995 INFO org.springframework.data.repository.config.RepositoryConfigurationDelegate [restartedMain] Bootstrapping Spring Data JPA repositories in DEFAULT mode.
2021-08-12 12:03:47,030 INFO org.springframework.data.repository.config.RepositoryConfigurationDelegate [restartedMain] Finished Spring Data repository scanning in 30 ms. Found 3 JPA repository interfaces.
2021-08-12 12:03:47,520 INFO org.springframework.boot.web.embedded.tomcat.TomcatWebServer [restartedMain] Tomcat initialized with port(s): 8081 (http)
2021-08-12 12:03:47,582 INFO org.springframework.boot.web.servlet.context.ServletWebServerApplicationContext [restartedMain] Root WebApplicationContext: initialization completed in 1070 ms
2021-08-12 12:03:47,778 INFO org.hibernate.jpa.internal.util.LogHelper [restartedMain] HHH000204: Processing PersistenceUnitInfo [name: default]
2021-08-12 12:03:47,804 INFO org.hibernate.Version [restartedMain] HHH000412: Hibernate ORM core version 5.4.32.Final
2021-08-12 12:03:47,875 INFO org.hibernate.annotations.common.reflection.java.JavaReflectionManager [restartedMain] HCANN000001: Hibernate Commons Annotations {5.1.2.Final}
2021-08-12 12:03:48,068 INFO org.hibernate.dialect.Dialect [restartedMain] HHH000400: Using dialect: org.hibernate.dialect.H2Dialect
2021-08-12 12:03:48,460 INFO org.hibernate.engine.transaction.jta.platform.internal.JtaPlatformInitiator [restartedMain] HHH000490: Using JtaPlatform implementation: [org.hibernate.engine.transaction.jta.platform.internal.NoJtaPlatform]
2021-08-12 12:03:48,464 INFO org.springframework.orm.jpa.AbstractEntityManagerFactoryBean [restartedMain] Initialized JPA EntityManagerFactory for persistence unit 'default'
2021-08-12 12:03:48,758 INFO org.springframework.boot.autoconfigure.h2.H2ConsoleAutoConfiguration [restartedMain] H2 console available at '/h2-console'. Database available at 'jdbc:h2:file:/home/janaka/QMS/database/qmsdb'
2021-08-12 12:03:49,072 INFO org.springframework.security.web.DefaultSecurityFilterChain [restartedMain] Will secure Ant [pattern='/resources/**'] with []
2021-08-12 12:03:49,073 INFO org.springframework.security.web.DefaultSecurityFilterChain [restartedMain] Will secure Ant [pattern='/static/**'] with []
2021-08-12 12:03:49,073 INFO org.springframework.security.web.DefaultSecurityFilterChain [restartedMain] Will secure Ant [pattern='/plugins/**'] with []
2021-08-12 12:03:49,073 INFO org.springframework.security.web.DefaultSecurityFilterChain [restartedMain] Will secure Ant [pattern='/css/**'] with []
2021-08-12 12:03:49,073 INFO org.springframework.security.web.DefaultSecurityFilterChain [restartedMain] Will secure Ant [pattern='/js/**'] with []
2021-08-12 12:03:49,073 INFO org.springframework.security.web.DefaultSecurityFilterChain [restartedMain] Will secure Ant [pattern='/assets/**'] with []
2021-08-12 12:03:49,074 INFO org.springframework.security.web.DefaultSecurityFilterChain [restartedMain] Will secure Ant [pattern='/assets/css/**'] with []
2021-08-12 12:03:49,074 INFO org.springframework.security.web.DefaultSecurityFilterChain [restartedMain] Will secure Ant [pattern='/assets/js/**'] with []
2021-08-12 12:03:49,074 INFO org.springframework.security.web.DefaultSecurityFilterChain [restartedMain] Will secure Ant [pattern='/img/**'] with []
2021-08-12 12:03:49,074 INFO org.springframework.security.web.DefaultSecurityFilterChain [restartedMain] Will secure Ant [pattern='/webjars/**'] with []
2021-08-12 12:03:49,074 INFO org.springframework.security.web.DefaultSecurityFilterChain [restartedMain] Will secure Ant [pattern='/h2-console/**'] with []
2021-08-12 12:03:49,099 INFO org.springframework.security.web.DefaultSecurityFilterChain [restartedMain] Will secure any request with [org.springframework.security.web.context.request.async.WebAsyncManagerIntegrationFilter@37a9ae2c, org.springframework.security.web.context.SecurityContextPersistenceFilter@123949c2, org.springframework.security.web.header.HeaderWriterFilter@3f3e6fee, org.springframework.security.web.csrf.CsrfFilter@2853013c, org.springframework.security.web.authentication.logout.LogoutFilter@a6010f3, org.springframework.security.web.authentication.UsernamePasswordAuthenticationFilter@413de60a, org.springframework.security.web.savedrequest.RequestCacheAwareFilter@121aec19, org.springframework.security.web.servletapi.SecurityContextHolderAwareRequestFilter@4a0497db, org.springframework.security.web.authentication.AnonymousAuthenticationFilter@10dc3854, org.springframework.security.web.session.SessionManagementFilter@637298f9, org.springframework.security.web.access.ExceptionTranslationFilter@4f4f0bde, org.springframework.security.web.access.intercept.FilterSecurityInterceptor@6f47ac62]
2021-08-12 12:03:49,768 INFO org.springframework.boot.devtools.autoconfigure.OptionalLiveReloadServer [restartedMain] LiveReload server is running on port 35729
2021-08-12 12:03:49,793 INFO org.springframework.boot.web.embedded.tomcat.TomcatWebServer [restartedMain] Tomcat started on port(s): 8081 (http) with context path ''
2021-08-12 12:03:49,795 INFO org.springframework.core.log.CompositeLog [restartedMain] Starting...
2021-08-12 12:03:49,795 INFO org.springframework.core.log.CompositeLog [restartedMain] BrokerAvailabilityEvent[available=true, SimpleBrokerMessageHandler [org.springframework.messaging.simp.broker.DefaultSubscriptionRegistry@2dfd8b9]]
2021-08-12 12:03:49,795 INFO org.springframework.core.log.CompositeLog [restartedMain] Started.
2021-08-12 12:03:49,803 INFO org.springframework.boot.StartupInfoLogger [restartedMain] Started Qms3Application in 3.761 seconds (JVM running for 4.534)
2021-08-12 12:04:03,951 INFO org.springframework.web.servlet.FrameworkServlet [http-nio-8081-exec-1] Initializing Servlet 'dispatcherServlet'
2021-08-12 12:04:03,952 INFO org.springframework.web.servlet.FrameworkServlet [http-nio-8081-exec-1] Completed initialization in 1 ms
2021-08-12 12:04:04,854 INFO com.rcs2.cms.service.RestClient [http-nio-8081-exec-1] getting success find the category services
2021-08-12 12:04:49,156 INFO org.springframework.web.socket.config.WebSocketMessageBrokerStats [MessageBroker-5] WebSocketSession[1 current WS(1)-HttpStream(0)-HttpPoll(0), 1 total, 0 closed abnormally (0 connect failure, 0 send limit, 0 transport error)], stompSubProtocol[processed CONNECT(1)-CONNECTED(1)-DISCONNECT(0)], stompBrokerRelay[null], inboundChannel[pool size = 6, active threads = 0, queued tasks = 0, completed tasks = 6], outboundChannel[pool size = 1, active threads = 0, queued tasks = 0, completed tasks = 1], sockJsScheduler[pool size = 8, active threads = 1, queued tasks = 2, completed tasks = 8]
2021-08-12 12:05:01,700 INFO org.springframework.core.log.CompositeLog [Thread-8] Stopping...
2021-08-12 12:05:01,700 INFO org.springframework.core.log.CompositeLog [Thread-8] BrokerAvailabilityEvent[available=false, SimpleBrokerMessageHandler [org.springframework.messaging.simp.broker.DefaultSubscriptionRegistry@2dfd8b9]]
2021-08-12 12:05:01,700 INFO org.springframework.core.log.CompositeLog [Thread-8] Stopped.
2021-08-12 12:05:01,726 INFO org.springframework.orm.jpa.AbstractEntityManagerFactoryBean [Thread-8] Closing JPA EntityManagerFactory for persistence unit 'default'
2021-08-12 12:05:01,837 INFO org.springframework.boot.StartupInfoLogger [restartedMain] Starting Qms3Application using Java 15.0.2 on janaka-Vostro-3578 with PID 5298 (/home/janaka/eclipse-workspace/QMS-3/target/classes started by janaka in /home/janaka/eclipse-workspace/QMS-3)
2021-08-12 12:05:01,837 INFO org.springframework.boot.SpringApplication [restartedMain] No active profile set, falling back to default profiles: default
2021-08-12 12:05:01,962 INFO org.springframework.data.repository.config.RepositoryConfigurationDelegate [restartedMain] Bootstrapping Spring Data JPA repositories in DEFAULT mode.
2021-08-12 12:05:01,970 INFO org.springframework.data.repository.config.RepositoryConfigurationDelegate [restartedMain] Finished Spring Data repository scanning in 6 ms. Found 3 JPA repository interfaces.
2021-08-12 12:05:02,053 INFO org.springframework.boot.web.embedded.tomcat.TomcatWebServer [restartedMain] Tomcat initialized with port(s): 8081 (http)
2021-08-12 12:05:02,060 INFO org.springframework.boot.web.servlet.context.ServletWebServerApplicationContext [restartedMain] Root WebApplicationContext: initialization completed in 221 ms
2021-08-12 12:05:02,096 INFO org.hibernate.jpa.internal.util.LogHelper [restartedMain] HHH000204: Processing PersistenceUnitInfo [name: default]
2021-08-12 12:05:02,102 INFO org.hibernate.dialect.Dialect [restartedMain] HHH000400: Using dialect: org.hibernate.dialect.H2Dialect
2021-08-12 12:05:02,148 INFO org.hibernate.engine.transaction.jta.platform.internal.JtaPlatformInitiator [restartedMain] HHH000490: Using JtaPlatform implementation: [org.hibernate.engine.transaction.jta.platform.internal.NoJtaPlatform]
2021-08-12 12:05:02,149 INFO org.springframework.orm.jpa.AbstractEntityManagerFactoryBean [restartedMain] Initialized JPA EntityManagerFactory for persistence unit 'default'
2021-08-12 12:05:02,197 INFO org.springframework.boot.autoconfigure.h2.H2ConsoleAutoConfiguration [restartedMain] H2 console available at '/h2-console'. Database available at 'jdbc:h2:file:/home/janaka/QMS/database/qmsdb'
2021-08-12 12:05:02,321 INFO org.springframework.security.web.DefaultSecurityFilterChain [restartedMain] Will secure Ant [pattern='/resources/**'] with []
2021-08-12 12:05:02,321 INFO org.springframework.security.web.DefaultSecurityFilterChain [restartedMain] Will secure Ant [pattern='/static/**'] with []
2021-08-12 12:05:02,321 INFO org.springframework.security.web.DefaultSecurityFilterChain [restartedMain] Will secure Ant [pattern='/plugins/**'] with []
2021-08-12 12:05:02,321 INFO org.springframework.security.web.DefaultSecurityFilterChain [restartedMain] Will secure Ant [pattern='/css/**'] with []
2021-08-12 12:05:02,321 INFO org.springframework.security.web.DefaultSecurityFilterChain [restartedMain] Will secure Ant [pattern='/js/**'] with []
2021-08-12 12:05:02,321 INFO org.springframework.security.web.DefaultSecurityFilterChain [restartedMain] Will secure Ant [pattern='/assets/**'] with []
2021-08-12 12:05:02,322 INFO org.springframework.security.web.DefaultSecurityFilterChain [restartedMain] Will secure Ant [pattern='/assets/css/**'] with []
2021-08-12 12:05:02,322 INFO org.springframework.security.web.DefaultSecurityFilterChain [restartedMain] Will secure Ant [pattern='/assets/js/**'] with []
2021-08-12 12:05:02,322 INFO org.springframework.security.web.DefaultSecurityFilterChain [restartedMain] Will secure Ant [pattern='/img/**'] with []
2021-08-12 12:05:02,322 INFO org.springframework.security.web.DefaultSecurityFilterChain [restartedMain] Will secure Ant [pattern='/webjars/**'] with []
2021-08-12 12:05:02,322 INFO org.springframework.security.web.DefaultSecurityFilterChain [restartedMain] Will secure Ant [pattern='/h2-console/**'] with []
2021-08-12 12:05:02,332 INFO org.springframework.security.web.DefaultSecurityFilterChain [restartedMain] Will secure any request with [org.springframework.security.web.context.request.async.WebAsyncManagerIntegrationFilter@7389269c, org.springframework.security.web.context.SecurityContextPersistenceFilter@4821bfd2, org.springframework.security.web.header.HeaderWriterFilter@1641d9bf, org.springframework.security.web.csrf.CsrfFilter@25f9ed3a, org.springframework.security.web.authentication.logout.LogoutFilter@594b0238, org.springframework.security.web.authentication.UsernamePasswordAuthenticationFilter@3414b069, org.springframework.security.web.savedrequest.RequestCacheAwareFilter@7e50462b, org.springframework.security.web.servletapi.SecurityContextHolderAwareRequestFilter@6644e47f, org.springframework.security.web.authentication.AnonymousAuthenticationFilter@1b092b5c, org.springframework.security.web.session.SessionManagementFilter@22db168e, org.springframework.security.web.access.ExceptionTranslationFilter@597de74a, org.springframework.security.web.access.intercept.FilterSecurityInterceptor@4ecda0cb]
2021-08-12 12:05:02,525 INFO org.springframework.boot.devtools.autoconfigure.OptionalLiveReloadServer [restartedMain] LiveReload server is running on port 35729
2021-08-12 12:05:02,535 INFO org.springframework.boot.web.embedded.tomcat.TomcatWebServer [restartedMain] Tomcat started on port(s): 8081 (http) with context path ''
2021-08-12 12:05:02,535 INFO org.springframework.core.log.CompositeLog [restartedMain] Starting...
2021-08-12 12:05:02,535 INFO org.springframework.core.log.CompositeLog [restartedMain] BrokerAvailabilityEvent[available=true, SimpleBrokerMessageHandler [org.springframework.messaging.simp.broker.DefaultSubscriptionRegistry@3ee87d62]]
2021-08-12 12:05:02,536 INFO org.springframework.core.log.CompositeLog [restartedMain] Started.
2021-08-12 12:05:02,541 INFO org.springframework.boot.StartupInfoLogger [restartedMain] Started Qms3Application in 0.738 seconds (JVM running for 77.272)
2021-08-12 12:05:02,543 INFO org.springframework.boot.devtools.autoconfigure.ConditionEvaluationDeltaLoggingListener [restartedMain] Condition evaluation unchanged
2021-08-12 12:05:12,363 INFO org.springframework.web.servlet.FrameworkServlet [http-nio-8081-exec-1] Initializing Servlet 'dispatcherServlet'
2021-08-12 12:05:12,367 INFO org.springframework.web.servlet.FrameworkServlet [http-nio-8081-exec-1] Completed initialization in 3 ms
2021-08-12 12:06:02,343 INFO org.springframework.web.socket.config.WebSocketMessageBrokerStats [MessageBroker-1] WebSocketSession[0 current WS(0)-HttpStream(0)-HttpPoll(0), 0 total, 0 closed abnormally (0 connect failure, 0 send limit, 0 transport error)], stompSubProtocol[processed CONNECT(0)-CONNECTED(0)-DISCONNECT(0)], stompBrokerRelay[null], inboundChannel[pool size = 0, active threads = 0, queued tasks = 0, completed tasks = 0], outboundChannel[pool size = 0, active threads = 0, queued tasks = 0, completed tasks = 0], sockJsScheduler[pool size = 1, active threads = 1, queued tasks = 0, completed tasks = 0]
2021-08-12 12:13:05,331 INFO org.springframework.core.log.CompositeLog [Thread-11] Stopping...
2021-08-12 12:13:05,331 INFO org.springframework.core.log.CompositeLog [Thread-11] BrokerAvailabilityEvent[available=false, SimpleBrokerMessageHandler [org.springframework.messaging.simp.broker.DefaultSubscriptionRegistry@3ee87d62]]
2021-08-12 12:13:05,331 INFO org.springframework.core.log.CompositeLog [Thread-11] Stopped.
2021-08-12 12:13:05,353 INFO org.springframework.orm.jpa.AbstractEntityManagerFactoryBean [Thread-11] Closing JPA EntityManagerFactory for persistence unit 'default'
2021-08-12 12:13:05,439 INFO org.springframework.boot.StartupInfoLogger [restartedMain] Starting Qms3Application using Java 15.0.2 on janaka-Vostro-3578 with PID 5298 (/home/janaka/eclipse-workspace/QMS-3/target/classes started by janaka in /home/janaka/eclipse-workspace/QMS-3)
2021-08-12 12:13:05,439 INFO org.springframework.boot.SpringApplication [restartedMain] No active profile set, falling back to default profiles: default
2021-08-12 12:13:05,535 INFO org.springframework.data.repository.config.RepositoryConfigurationDelegate [restartedMain] Bootstrapping Spring Data JPA repositories in DEFAULT mode.
2021-08-12 12:13:05,542 INFO org.springframework.data.repository.config.RepositoryConfigurationDelegate [restartedMain] Finished Spring Data repository scanning in 6 ms. Found 3 JPA repository interfaces.
2021-08-12 12:13:05,621 INFO org.springframework.boot.web.embedded.tomcat.TomcatWebServer [restartedMain] Tomcat initialized with port(s): 8081 (http)
2021-08-12 12:13:05,629 INFO org.springframework.boot.web.servlet.context.ServletWebServerApplicationContext [restartedMain] Root WebApplicationContext: initialization completed in 188 ms
2021-08-12 12:13:05,663 INFO org.hibernate.jpa.internal.util.LogHelper [restartedMain] HHH000204: Processing PersistenceUnitInfo [name: default]
2021-08-12 12:13:05,669 INFO org.hibernate.dialect.Dialect [restartedMain] HHH000400: Using dialect: org.hibernate.dialect.H2Dialect
2021-08-12 12:13:05,713 INFO org.hibernate.engine.transaction.jta.platform.internal.JtaPlatformInitiator [restartedMain] HHH000490: Using JtaPlatform implementation: [org.hibernate.engine.transaction.jta.platform.internal.NoJtaPlatform]
2021-08-12 12:13:05,713 INFO org.springframework.orm.jpa.AbstractEntityManagerFactoryBean [restartedMain] Initialized JPA EntityManagerFactory for persistence unit 'default'
2021-08-12 12:13:05,764 INFO org.springframework.boot.autoconfigure.h2.H2ConsoleAutoConfiguration [restartedMain] H2 console available at '/h2-console'. Database available at 'jdbc:h2:file:/home/janaka/QMS/database/qmsdb'
2021-08-12 12:13:05,875 INFO org.springframework.security.web.DefaultSecurityFilterChain [restartedMain] Will secure Ant [pattern='/resources/**'] with []
2021-08-12 12:13:05,875 INFO org.springframework.security.web.DefaultSecurityFilterChain [restartedMain] Will secure Ant [pattern='/static/**'] with []
2021-08-12 12:13:05,875 INFO org.springframework.security.web.DefaultSecurityFilterChain [restartedMain] Will secure Ant [pattern='/plugins/**'] with []
2021-08-12 12:13:05,875 INFO org.springframework.security.web.DefaultSecurityFilterChain [restartedMain] Will secure Ant [pattern='/css/**'] with []
2021-08-12 12:13:05,875 INFO org.springframework.security.web.DefaultSecurityFilterChain [restartedMain] Will secure Ant [pattern='/js/**'] with []
2021-08-12 12:13:05,875 INFO org.springframework.security.web.DefaultSecurityFilterChain [restartedMain] Will secure Ant [pattern='/assets/**'] with []
2021-08-12 12:13:05,876 INFO org.springframework.security.web.DefaultSecurityFilterChain [restartedMain] Will secure Ant [pattern='/assets/css/**'] with []
2021-08-12 12:13:05,876 INFO org.springframework.security.web.DefaultSecurityFilterChain [restartedMain] Will secure Ant [pattern='/assets/js/**'] with []
2021-08-12 12:13:05,876 INFO org.springframework.security.web.DefaultSecurityFilterChain [restartedMain] Will secure Ant [pattern='/img/**'] with []
2021-08-12 12:13:05,876 INFO org.springframework.security.web.DefaultSecurityFilterChain [restartedMain] Will secure Ant [pattern='/webjars/**'] with []
2021-08-12 12:13:05,876 INFO org.springframework.security.web.DefaultSecurityFilterChain [restartedMain] Will secure Ant [pattern='/h2-console/**'] with []
2021-08-12 12:13:05,886 INFO org.springframework.security.web.DefaultSecurityFilterChain [restartedMain] Will secure any request with [org.springframework.security.web.context.request.async.WebAsyncManagerIntegrationFilter@367281a9, org.springframework.security.web.context.SecurityContextPersistenceFilter@4725d397, org.springframework.security.web.header.HeaderWriterFilter@4a5eb79c, org.springframework.security.web.csrf.CsrfFilter@495f5672, org.springframework.security.web.authentication.logout.LogoutFilter@65ccad06, org.springframework.security.web.authentication.UsernamePasswordAuthenticationFilter@2bc6a9bb, org.springframework.security.web.savedrequest.RequestCacheAwareFilter@10259c62, org.springframework.security.web.servletapi.SecurityContextHolderAwareRequestFilter@2ff83bad, org.springframework.security.web.authentication.AnonymousAuthenticationFilter@4bc6435a, org.springframework.security.web.session.SessionManagementFilter@747af7ac, org.springframework.security.web.access.ExceptionTranslationFilter@6b178811, org.springframework.security.web.access.intercept.FilterSecurityInterceptor@2a967288]
2021-08-12 12:13:06,066 INFO org.springframework.boot.devtools.autoconfigure.OptionalLiveReloadServer [restartedMain] LiveReload server is running on port 35729
2021-08-12 12:13:06,075 INFO org.springframework.boot.web.embedded.tomcat.TomcatWebServer [restartedMain] Tomcat started on port(s): 8081 (http) with context path ''
2021-08-12 12:13:06,075 INFO org.springframework.core.log.CompositeLog [restartedMain] Starting...
2021-08-12 12:13:06,076 INFO org.springframework.core.log.CompositeLog [restartedMain] BrokerAvailabilityEvent[available=true, SimpleBrokerMessageHandler [org.springframework.messaging.simp.broker.DefaultSubscriptionRegistry@53d4a315]]
2021-08-12 12:13:06,076 INFO org.springframework.core.log.CompositeLog [restartedMain] Started.
2021-08-12 12:13:06,079 INFO org.springframework.boot.StartupInfoLogger [restartedMain] Started Qms3Application in 0.665 seconds (JVM running for 560.81)
2021-08-12 12:13:06,080 INFO org.springframework.boot.devtools.autoconfigure.ConditionEvaluationDeltaLoggingListener [restartedMain] Condition evaluation unchanged
2021-08-12 12:13:09,423 INFO org.springframework.boot.admin.SpringApplicationAdminMXBeanRegistrar$SpringApplicationAdmin [RMI TCP Connection(13)-127.0.0.1] Application shutdown requested.
2021-08-12 12:13:09,426 INFO org.springframework.core.log.CompositeLog [RMI TCP Connection(13)-127.0.0.1] Stopping...
2021-08-12 12:13:09,427 INFO org.springframework.core.log.CompositeLog [RMI TCP Connection(13)-127.0.0.1] BrokerAvailabilityEvent[available=false, SimpleBrokerMessageHandler [org.springframework.messaging.simp.broker.DefaultSubscriptionRegistry@53d4a315]]
2021-08-12 12:13:09,428 INFO org.springframework.core.log.CompositeLog [RMI TCP Connection(13)-127.0.0.1] Stopped.
2021-08-12 12:13:09,447 INFO org.springframework.orm.jpa.AbstractEntityManagerFactoryBean [RMI TCP Connection(13)-127.0.0.1] Closing JPA EntityManagerFactory for persistence unit 'default'
2021-08-12 12:14:08,773 INFO org.springframework.test.context.support.AbstractTestContextBootstrapper [main] Neither @ContextConfiguration nor @ContextHierarchy found for test class [com.rcs2.cms.Qms3ApplicationTests], using SpringBootContextLoader
2021-08-12 12:14:08,778 INFO org.springframework.test.context.support.AbstractContextLoader [main] Could not detect default resource locations for test class [com.rcs2.cms.Qms3ApplicationTests]: no resource found for suffixes {-context.xml, Context.groovy}.
2021-08-12 12:14:08,779 INFO org.springframework.test.context.support.AnnotationConfigContextLoaderUtils [main] Could not detect default configuration classes for test class [com.rcs2.cms.Qms3ApplicationTests]: Qms3ApplicationTests does not declare any static, non-private, non-final, nested classes annotated with @Configuration.
2021-08-12 12:14:08,855 INFO org.springframework.boot.test.context.SpringBootTestContextBootstrapper [main] Found @SpringBootConfiguration com.rcs2.cms.Qms3Application for test class com.rcs2.cms.Qms3ApplicationTests
2021-08-12 12:14:08,934 INFO org.springframework.test.context.support.AbstractTestContextBootstrapper [main] Loaded default TestExecutionListener class names from location [META-INF/spring.factories]: [org.springframework.boot.test.mock.mockito.MockitoTestExecutionListener, org.springframework.boot.test.mock.mockito.ResetMocksTestExecutionListener, org.springframework.boot.test.autoconfigure.restdocs.RestDocsTestExecutionListener, org.springframework.boot.test.autoconfigure.web.client.MockRestServiceServerResetTestExecutionListener, org.springframework.boot.test.autoconfigure.web.servlet.MockMvcPrintOnlyOnFailureTestExecutionListener, org.springframework.boot.test.autoconfigure.web.servlet.WebDriverTestExecutionListener, org.springframework.boot.test.autoconfigure.webservices.client.MockWebServiceServerTestExecutionListener, org.springframework.test.context.web.ServletTestExecutionListener, org.springframework.test.context.support.DirtiesContextBeforeModesTestExecutionListener, org.springframework.test.context.event.ApplicationEventsTestExecutionListener, org.springframework.test.context.support.DependencyInjectionTestExecutionListener, org.springframework.test.context.support.DirtiesContextTestExecutionListener, org.springframework.test.context.transaction.TransactionalTestExecutionListener, org.springframework.test.context.jdbc.SqlScriptsTestExecutionListener, org.springframework.test.context.event.EventPublishingTestExecutionListener, org.springframework.security.test.context.support.WithSecurityContextTestExecutionListener, org.springframework.security.test.context.support.ReactorContextTestExecutionListener]
2021-08-12 12:14:08,952 INFO org.springframework.test.context.support.AbstractTestContextBootstrapper [main] Using TestExecutionListeners: [org.springframework.test.context.web.ServletTestExecutionListener@2cf23c81, org.springframework.test.context.support.DirtiesContextBeforeModesTestExecutionListener@3624da92, org.springframework.test.context.event.ApplicationEventsTestExecutionListener@35fe2125, org.springframework.boot.test.mock.mockito.MockitoTestExecutionListener@94f6bfb, org.springframework.boot.test.autoconfigure.SpringBootDependencyInjectionTestExecutionListener@34645867, org.springframework.test.context.support.DirtiesContextTestExecutionListener@2484f433, org.springframework.test.context.transaction.TransactionalTestExecutionListener@60b71e8f, org.springframework.test.context.jdbc.SqlScriptsTestExecutionListener@1255b1d1, org.springframework.test.context.event.EventPublishingTestExecutionListener@464649c, org.springframework.security.test.context.support.WithSecurityContextTestExecutionListener@7c22d4f, org.springframework.security.test.context.support.ReactorContextTestExecutionListener@5f59185e, org.springframework.boot.test.mock.mockito.ResetMocksTestExecutionListener@60bdf15d, org.springframework.boot.test.autoconfigure.restdocs.RestDocsTestExecutionListener@47da3952, org.springframework.boot.test.autoconfigure.web.client.MockRestServiceServerResetTestExecutionListener@51e4ccb3, org.springframework.boot.test.autoconfigure.web.servlet.MockMvcPrintOnlyOnFailureTestExecutionListener@46e8a539, org.springframework.boot.test.autoconfigure.web.servlet.WebDriverTestExecutionListener@495083a0, org.springframework.boot.test.autoconfigure.webservices.client.MockWebServiceServerTestExecutionListener@5fd62371]
2021-08-12 12:14:09,174 INFO org.springframework.boot.StartupInfoLogger [main] Starting Qms3ApplicationTests using Java 15.0.2 on janaka-Vostro-3578 with PID 6465 (started by janaka in /home/janaka/eclipse-workspace/QMS-3)
2021-08-12 12:14:09,178 INFO org.springframework.boot.SpringApplication [main] No active profile set, falling back to default profiles: default
2021-08-12 12:14:09,848 INFO org.springframework.data.repository.config.RepositoryConfigurationDelegate [main] Bootstrapping Spring Data JPA repositories in DEFAULT mode.
2021-08-12 12:14:09,889 INFO org.springframework.data.repository.config.RepositoryConfigurationDelegate [main] Finished Spring Data repository scanning in 35 ms. Found 3 JPA repository interfaces.
2021-08-12 12:14:10,510 INFO org.hibernate.jpa.internal.util.LogHelper [main] HHH000204: Processing PersistenceUnitInfo [name: default]
2021-08-12 12:14:10,546 INFO org.hibernate.Version [main] HHH000412: Hibernate ORM core version 5.4.32.Final
2021-08-12 12:14:10,636 INFO org.hibernate.annotations.common.reflection.java.JavaReflectionManager [main] HCANN000001: Hibernate Commons Annotations {5.1.2.Final}
2021-08-12 12:14:10,858 INFO org.hibernate.dialect.Dialect [main] HHH000400: Using dialect: org.hibernate.dialect.H2Dialect
2021-08-12 12:14:11,335 INFO org.hibernate.engine.transaction.jta.platform.internal.JtaPlatformInitiator [main] HHH000490: Using JtaPlatform implementation: [org.hibernate.engine.transaction.jta.platform.internal.NoJtaPlatform]
2021-08-12 12:14:11,341 INFO org.springframework.orm.jpa.AbstractEntityManagerFactoryBean [main] Initialized JPA EntityManagerFactory for persistence unit 'default'
2021-08-12 12:14:12,171 INFO org.springframework.security.web.DefaultSecurityFilterChain [main] Will secure Ant [pattern='/resources/**'] with []
2021-08-12 12:14:12,171 INFO org.springframework.security.web.DefaultSecurityFilterChain [main] Will secure Ant [pattern='/static/**'] with []
2021-08-12 12:14:12,171 INFO org.springframework.security.web.DefaultSecurityFilterChain [main] Will secure Ant [pattern='/plugins/**'] with []
2021-08-12 12:14:12,172 INFO org.springframework.security.web.DefaultSecurityFilterChain [main] Will secure Ant [pattern='/css/**'] with []
2021-08-12 12:14:12,172 INFO org.springframework.security.web.DefaultSecurityFilterChain [main] Will secure Ant [pattern='/js/**'] with []
2021-08-12 12:14:12,172 INFO org.springframework.security.web.DefaultSecurityFilterChain [main] Will secure Ant [pattern='/assets/**'] with []
2021-08-12 12:14:12,172 INFO org.springframework.security.web.DefaultSecurityFilterChain [main] Will secure Ant [pattern='/assets/css/**'] with []
2021-08-12 12:14:12,173 INFO org.springframework.security.web.DefaultSecurityFilterChain [main] Will secure Ant [pattern='/assets/js/**'] with []
2021-08-12 12:14:12,173 INFO org.springframework.security.web.DefaultSecurityFilterChain [main] Will secure Ant [pattern='/img/**'] with []
2021-08-12 12:14:12,173 INFO org.springframework.security.web.DefaultSecurityFilterChain [main] Will secure Ant [pattern='/webjars/**'] with []
2021-08-12 12:14:12,173 INFO org.springframework.security.web.DefaultSecurityFilterChain [main] Will secure Ant [pattern='/h2-console/**'] with []
2021-08-12 12:14:12,242 INFO org.springframework.security.web.DefaultSecurityFilterChain [main] Will secure any request with [org.springframework.security.web.context.request.async.WebAsyncManagerIntegrationFilter@490f2fad, org.springframework.security.web.context.SecurityContextPersistenceFilter@1798c749, org.springframework.security.web.header.HeaderWriterFilter@53ce27fa, org.springframework.security.web.csrf.CsrfFilter@14a5d7ee, org.springframework.security.web.authentication.logout.LogoutFilter@73c6ebec, org.springframework.security.web.authentication.UsernamePasswordAuthenticationFilter@16422f27, org.springframework.security.web.savedrequest.RequestCacheAwareFilter@624268ab, org.springframework.security.web.servletapi.SecurityContextHolderAwareRequestFilter@38224635, org.springframework.security.web.authentication.AnonymousAuthenticationFilter@3ed3e66d, org.springframework.security.web.session.SessionManagementFilter@6b8683b8, org.springframework.security.web.access.ExceptionTranslationFilter@71eead09, org.springframework.security.web.access.intercept.FilterSecurityInterceptor@a3f1f32]
2021-08-12 12:14:12,654 INFO org.springframework.boot.autoconfigure.h2.H2ConsoleAutoConfiguration [main] H2 console available at '/h2-console'. Database available at 'jdbc:h2:file:/home/janaka/QMS/database/qmsdb'
2021-08-12 12:14:13,473 INFO org.springframework.core.log.CompositeLog [main] Starting...
2021-08-12 12:14:13,473 INFO org.springframework.core.log.CompositeLog [main] BrokerAvailabilityEvent[available=true, SimpleBrokerMessageHandler [org.springframework.messaging.simp.broker.DefaultSubscriptionRegistry@61f62b80]]
2021-08-12 12:14:13,474 INFO org.springframework.core.log.CompositeLog [main] Started.
2021-08-12 12:14:13,482 INFO org.springframework.boot.StartupInfoLogger [main] Started Qms3ApplicationTests in 4.497 seconds (JVM running for 5.386)
2021-08-12 12:14:13,660 INFO org.springframework.core.log.CompositeLog [SpringApplicationShutdownHook] Stopping...
2021-08-12 12:14:13,660 INFO org.springframework.core.log.CompositeLog [SpringApplicationShutdownHook] BrokerAvailabilityEvent[available=false, SimpleBrokerMessageHandler [org.springframework.messaging.simp.broker.DefaultSubscriptionRegistry@61f62b80]]
2021-08-12 12:14:13,661 INFO org.springframework.core.log.CompositeLog [SpringApplicationShutdownHook] Stopped.
2021-08-12 12:14:13,664 INFO org.springframework.orm.jpa.AbstractEntityManagerFactoryBean [SpringApplicationShutdownHook] Closing JPA EntityManagerFactory for persistence unit 'default'
2021-08-12 13:02:22,445 INFO org.springframework.boot.StartupInfoLogger [restartedMain] Starting Qms3Application using Java 15.0.2 on janaka-Vostro-3578 with PID 5106 (/home/janaka/eclipse-workspace/QMS-3/target/classes started by janaka in /home/janaka/eclipse-workspace/QMS-3)
2021-08-12 13:02:22,447 INFO org.springframework.boot.SpringApplication [restartedMain] No active profile set, falling back to default profiles: default
2021-08-12 13:02:22,595 INFO org.springframework.boot.logging.DeferredLog [restartedMain] Devtools property defaults active! Set 'spring.devtools.add-properties' to 'false' to disable
2021-08-12 13:02:22,595 INFO org.springframework.boot.logging.DeferredLog [restartedMain] For additional web related logging consider setting the 'logging.level.web' property to 'DEBUG'
2021-08-12 13:02:23,101 INFO org.springframework.data.repository.config.RepositoryConfigurationDelegate [restartedMain] Bootstrapping Spring Data JPA repositories in DEFAULT mode.
2021-08-12 13:02:23,139 INFO org.springframework.data.repository.config.RepositoryConfigurationDelegate [restartedMain] Finished Spring Data repository scanning in 32 ms. Found 3 JPA repository interfaces.
2021-08-12 13:02:23,631 INFO org.springframework.boot.web.embedded.tomcat.TomcatWebServer [restartedMain] Tomcat initialized with port(s): 8081 (http)
2021-08-12 13:02:23,698 INFO org.springframework.boot.web.servlet.context.ServletWebServerApplicationContext [restartedMain] Root WebApplicationContext: initialization completed in 1102 ms
2021-08-12 13:02:23,900 INFO org.hibernate.jpa.internal.util.LogHelper [restartedMain] HHH000204: Processing PersistenceUnitInfo [name: default]
2021-08-12 13:02:23,929 INFO org.hibernate.Version [restartedMain] HHH000412: Hibernate ORM core version 5.4.32.Final
2021-08-12 13:02:23,998 INFO org.hibernate.annotations.common.reflection.java.JavaReflectionManager [restartedMain] HCANN000001: Hibernate Commons Annotations {5.1.2.Final}
2021-08-12 13:02:24,188 INFO org.hibernate.dialect.Dialect [restartedMain] HHH000400: Using dialect: org.hibernate.dialect.H2Dialect
2021-08-12 13:02:24,584 INFO org.hibernate.engine.transaction.jta.platform.internal.JtaPlatformInitiator [restartedMain] HHH000490: Using JtaPlatform implementation: [org.hibernate.engine.transaction.jta.platform.internal.NoJtaPlatform]
2021-08-12 13:02:24,589 INFO org.springframework.orm.jpa.AbstractEntityManagerFactoryBean [restartedMain] Initialized JPA EntityManagerFactory for persistence unit 'default'
2021-08-12 13:02:24,875 INFO org.springframework.boot.autoconfigure.h2.H2ConsoleAutoConfiguration [restartedMain] H2 console available at '/h2-console'. Database available at 'jdbc:h2:file:/home/janaka/QMS/database/qmsdb'
2021-08-12 13:02:25,163 INFO org.springframework.security.web.DefaultSecurityFilterChain [restartedMain] Will secure Ant [pattern='/resources/**'] with []
2021-08-12 13:02:25,164 INFO org.springframework.security.web.DefaultSecurityFilterChain [restartedMain] Will secure Ant [pattern='/static/**'] with []
2021-08-12 13:02:25,164 INFO org.springframework.security.web.DefaultSecurityFilterChain [restartedMain] Will secure Ant [pattern='/plugins/**'] with []
2021-08-12 13:02:25,164 INFO org.springframework.security.web.DefaultSecurityFilterChain [restartedMain] Will secure Ant [pattern='/css/**'] with []
2021-08-12 13:02:25,164 INFO org.springframework.security.web.DefaultSecurityFilterChain [restartedMain] Will secure Ant [pattern='/js/**'] with []
2021-08-12 13:02:25,164 INFO org.springframework.security.web.DefaultSecurityFilterChain [restartedMain] Will secure Ant [pattern='/assets/**'] with []
2021-08-12 13:02:25,164 INFO org.springframework.security.web.DefaultSecurityFilterChain [restartedMain] Will secure Ant [pattern='/assets/css/**'] with []
2021-08-12 13:02:25,164 INFO org.springframework.security.web.DefaultSecurityFilterChain [restartedMain] Will secure Ant [pattern='/assets/js/**'] with []
2021-08-12 13:02:25,165 INFO org.springframework.security.web.DefaultSecurityFilterChain [restartedMain] Will secure Ant [pattern='/img/**'] with []
2021-08-12 13:02:25,165 INFO org.springframework.security.web.DefaultSecurityFilterChain [restartedMain] Will secure Ant [pattern='/webjars/**'] with []
2021-08-12 13:02:25,165 INFO org.springframework.security.web.DefaultSecurityFilterChain [restartedMain] Will secure Ant [pattern='/h2-console/**'] with []
2021-08-12 13:02:25,193 INFO org.springframework.security.web.DefaultSecurityFilterChain [restartedMain] Will secure any request with [org.springframework.security.web.context.request.async.WebAsyncManagerIntegrationFilter@16d1c5e7, org.springframework.security.web.context.SecurityContextPersistenceFilter@6a1cdde6, org.springframework.security.web.header.HeaderWriterFilter@6a2ce031, org.springframework.security.web.csrf.CsrfFilter@13dda375, org.springframework.security.web.authentication.logout.LogoutFilter@7fc4cdfe, org.springframework.security.web.authentication.UsernamePasswordAuthenticationFilter@2ee46b57, org.springframework.security.web.savedrequest.RequestCacheAwareFilter@32385c6a, org.springframework.security.web.servletapi.SecurityContextHolderAwareRequestFilter@611b737e, org.springframework.security.web.authentication.AnonymousAuthenticationFilter@1298cc9, org.springframework.security.web.session.SessionManagementFilter@3ab045e2, org.springframework.security.web.access.ExceptionTranslationFilter@87981cc, org.springframework.security.web.access.intercept.FilterSecurityInterceptor@797defb1]
2021-08-12 13:02:25,785 WARN org.springframework.boot.devtools.autoconfigure.OptionalLiveReloadServer [restartedMain] Unable to start LiveReload server
2021-08-12 13:02:25,812 INFO org.springframework.boot.web.embedded.tomcat.TomcatWebServer [restartedMain] Tomcat started on port(s): 8081 (http) with context path ''
2021-08-12 13:02:25,813 INFO org.springframework.core.log.CompositeLog [restartedMain] Starting...
2021-08-12 13:02:25,813 INFO org.springframework.core.log.CompositeLog [restartedMain] BrokerAvailabilityEvent[available=true, SimpleBrokerMessageHandler [org.springframework.messaging.simp.broker.DefaultSubscriptionRegistry@4582a915]]
2021-08-12 13:02:25,814 INFO org.springframework.core.log.CompositeLog [restartedMain] Started.
2021-08-12 13:02:25,822 INFO org.springframework.boot.StartupInfoLogger [restartedMain] Started Qms3Application in 3.623 seconds (JVM running for 4.22)
2021-08-12 13:03:25,250 INFO org.springframework.web.socket.config.WebSocketMessageBrokerStats [MessageBroker-1] WebSocketSession[0 current WS(0)-HttpStream(0)-HttpPoll(0), 0 total, 0 closed abnormally (0 connect failure, 0 send limit, 0 transport error)], stompSubProtocol[processed CONNECT(0)-CONNECTED(0)-DISCONNECT(0)], stompBrokerRelay[null], inboundChannel[pool size = 0, active threads = 0, queued tasks = 0, completed tasks = 0], outboundChannel[pool size = 0, active threads = 0, queued tasks = 0, completed tasks = 0], sockJsScheduler[pool size = 1, active threads = 1, queued tasks = 0, completed tasks = 0]
2021-08-12 13:03:55,946 INFO org.springframework.web.servlet.FrameworkServlet [http-nio-8081-exec-1] Initializing Servlet 'dispatcherServlet'
2021-08-12 13:03:55,947 INFO org.springframework.web.servlet.FrameworkServlet [http-nio-8081-exec-1] Completed initialization in 1 ms
2021-08-12 13:03:57,659 INFO com.rcs2.cms.service.RestClient [http-nio-8081-exec-6] getting success find the category services
2021-08-12 13:04:54,157 INFO com.rcs2.cms.controller.QMSController [http-nio-8081-exec-3] Create Token request: CustomerDto(tokenId=null, nic=862130685V, dob=, gender=male, service=1, mobileNo=0777777777)
2021-08-12 13:04:54,161 INFO com.rcs2.cms.service.RestClient [http-nio-8081-exec-3] Barcorde remort create request token info: CustomerDto(tokenId=null, nic=862130685V, dob=, gender=male, service=1, mobileNo=0777777777)
2021-08-12 13:04:56,098 INFO com.rcs2.cms.service.RestClient [http-nio-8081-exec-3] Successfuly create remort barcode<200,RemortBarcodeRecordCreateDTO(isIdentification=true, identification=862130685V, gender=null, dateOfBirth=null, serviceId=1, barcodeNumber=1, isActive=true, mobileNo=0777777777),[Content-Length:"162", Content-Type:"application/json; charset=utf-8", Server:"Microsoft-IIS/10.0", api-supported-versions:"1.0", X-Powered-By:"ASP.NET", Set-Cookie:"ARRAffinity=a5f65112726a653ef642ee052197e4e84fef97c43a67c927e5ca68c4fbe70a18;Path=/;HttpOnly;Secure;Domain=barcode-integration-demo.azurewebsites.net", "ARRAffinitySameSite=a5f65112726a653ef642ee052197e4e84fef97c43a67c927e5ca68c4fbe70a18;Path=/;HttpOnly;SameSite=None;Secure;Domain=barcode-integration-demo.azurewebsites.net", Date:"Thu, 12 Aug 2021 07:34:55 GMT"]>
2021-08-12 13:04:56,151 INFO com.rcs2.cms.controller.QMSController [http-nio-8081-exec-3] customer:Token(id=54, qmsCounter=null, servicedBy=null, nic=862130685V, dob=, gender=male, serviceCategory=1, mobileNo=0777777777, qrText=null, tokenNumber=1, remortCallStatus=null, description=null, status=ISSUED, issuedDate=Thu Aug 12 00:00:00 IST 2021, processDate=null, createdDate=Thu Aug 12 13:04:56 IST 2021, completedDate=null)
2021-08-12 13:05:02,023 INFO com.rcs2.cms.controller.QMSController [http-nio-8081-exec-10] Create Token request: CustomerDto(tokenId=null, nic=862130685V, dob=, gender=male, service=1, mobileNo=0777777777)
2021-08-12 13:05:02,028 INFO com.rcs2.cms.service.RestClient [http-nio-8081-exec-10] Barcorde remort create request token info: CustomerDto(tokenId=null, nic=862130685V, dob=, gender=male, service=1, mobileNo=0777777777)
2021-08-12 13:05:02,362 INFO com.rcs2.cms.service.RestClient [http-nio-8081-exec-10] Successfuly create remort barcode<200,RemortBarcodeRecordCreateDTO(isIdentification=true, identification=862130685V, gender=null, dateOfBirth=null, serviceId=1, barcodeNumber=2, isActive=true, mobileNo=0777777777),[Content-Length:"162", Content-Type:"application/json; charset=utf-8", Server:"Microsoft-IIS/10.0", api-supported-versions:"1.0", X-Powered-By:"ASP.NET", Set-Cookie:"ARRAffinity=a5f65112726a653ef642ee052197e4e84fef97c43a67c927e5ca68c4fbe70a18;Path=/;HttpOnly;Secure;Domain=barcode-integration-demo.azurewebsites.net", "ARRAffinitySameSite=a5f65112726a653ef642ee052197e4e84fef97c43a67c927e5ca68c4fbe70a18;Path=/;HttpOnly;SameSite=None;Secure;Domain=barcode-integration-demo.azurewebsites.net", Date:"Thu, 12 Aug 2021 07:35:01 GMT"]>
2021-08-12 13:05:02,368 INFO com.rcs2.cms.controller.QMSController [http-nio-8081-exec-10] customer:Token(id=55, qmsCounter=null, servicedBy=null, nic=862130685V, dob=, gender=male, serviceCategory=1, mobileNo=0777777777, qrText=null, tokenNumber=2, remortCallStatus=null, description=null, status=ISSUED, issuedDate=Thu Aug 12 00:00:00 IST 2021, processDate=null, createdDate=Thu Aug 12 13:05:02 IST 2021, completedDate=null)
2021-08-12 13:33:25,251 INFO org.springframework.web.socket.config.WebSocketMessageBrokerStats [MessageBroker-4] WebSocketSession[1 current WS(1)-HttpStream(0)-HttpPoll(0), 1 total, 0 closed abnormally (0 connect failure, 0 send limit, 0 transport error)], stompSubProtocol[processed CONNECT(1)-CONNECTED(1)-DISCONNECT(0)], stompBrokerRelay[null], inboundChannel[pool size = 0, active threads = 0, queued tasks = 0, completed tasks = 6], outboundChannel[pool size = 0, active threads = 0, queued tasks = 0, completed tasks = 3], sockJsScheduler[pool size = 8, active threads = 1, queued tasks = 2, completed tasks = 421]
2021-08-12 14:03:25,252 INFO org.springframework.web.socket.config.WebSocketMessageBrokerStats [MessageBroker-8] WebSocketSession[1 current WS(1)-HttpStream(0)-HttpPoll(0), 1 total, 0 closed abnormally (0 connect failure, 0 send limit, 0 transport error)], stompSubProtocol[processed CONNECT(1)-CONNECTED(1)-DISCONNECT(0)], stompBrokerRelay[null], inboundChannel[pool size = 0, active threads = 0, queued tasks = 0, completed tasks = 6], outboundChannel[pool size = 0, active threads = 0, queued tasks = 0, completed tasks = 3], sockJsScheduler[pool size = 8, active threads = 1, queued tasks = 2, completed tasks = 854]
2021-08-12 14:33:25,254 INFO org.springframework.web.socket.config.WebSocketMessageBrokerStats [MessageBroker-6] WebSocketSession[0 current WS(0)-HttpStream(0)-HttpPoll(0), 1 total, 0 closed abnormally (0 connect failure, 0 send limit, 1 transport error)], stompSubProtocol[processed CONNECT(1)-CONNECTED(1)-DISCONNECT(0)], stompBrokerRelay[null], inboundChannel[pool size = 0, active threads = 0, queued tasks = 0, completed tasks = 9], outboundChannel[pool size = 0, active threads = 0, queued tasks = 0, completed tasks = 4], sockJsScheduler[pool size = 8, active threads = 1, queued tasks = 1, completed tasks = 1229]
2021-08-12 15:03:25,255 INFO org.springframework.web.socket.config.WebSocketMessageBrokerStats [MessageBroker-6] WebSocketSession[0 current WS(0)-HttpStream(0)-HttpPoll(0), 1 total, 0 closed abnormally (0 connect failure, 0 send limit, 1 transport error)], stompSubProtocol[processed CONNECT(1)-CONNECTED(1)-DISCONNECT(0)], stompBrokerRelay[null], inboundChannel[pool size = 0, active threads = 0, queued tasks = 0, completed tasks = 9], outboundChannel[pool size = 0, active threads = 0, queued tasks = 0, completed tasks = 4], sockJsScheduler[pool size = 8, active threads = 1, queued tasks = 1, completed tasks = 1590]
2021-08-12 15:33:25,257 INFO org.springframework.web.socket.config.WebSocketMessageBrokerStats [MessageBroker-2] WebSocketSession[0 current WS(0)-HttpStream(0)-HttpPoll(0), 1 total, 0 closed abnormally (0 connect failure, 0 send limit, 1 transport error)], stompSubProtocol[processed CONNECT(1)-CONNECTED(1)-DISCONNECT(0)], stompBrokerRelay[null], inboundChannel[pool size = 0, active threads = 0, queued tasks = 0, completed tasks = 9], outboundChannel[pool size = 0, active threads = 0, queued tasks = 0, completed tasks = 4], sockJsScheduler[pool size = 8, active threads = 1, queued tasks = 1, completed tasks = 1951]
2021-08-12 16:03:25,258 INFO org.springframework.web.socket.config.WebSocketMessageBrokerStats [MessageBroker-5] WebSocketSession[0 current WS(0)-HttpStream(0)-HttpPoll(0), 1 total, 0 closed abnormally (0 connect failure, 0 send limit, 1 transport error)], stompSubProtocol[processed CONNECT(1)-CONNECTED(1)-DISCONNECT(0)], stompBrokerRelay[null], inboundChannel[pool size = 0, active threads = 0, queued tasks = 0, completed tasks = 9], outboundChannel[pool size = 0, active threads = 0, queued tasks = 0, completed tasks = 4], sockJsScheduler[pool size = 8, active threads = 1, queued tasks = 1, completed tasks = 2312]
2021-08-12 16:33:25,259 INFO org.springframework.web.socket.config.WebSocketMessageBrokerStats [MessageBroker-7] WebSocketSession[0 current WS(0)-HttpStream(0)-HttpPoll(0), 1 total, 0 closed abnormally (0 connect failure, 0 send limit, 1 transport error)], stompSubProtocol[processed CONNECT(1)-CONNECTED(1)-DISCONNECT(0)], stompBrokerRelay[null], inboundChannel[pool size = 0, active threads = 0, queued tasks = 0, completed tasks = 9], outboundChannel[pool size = 0, active threads = 0, queued tasks = 0, completed tasks = 4], sockJsScheduler[pool size = 8, active threads = 1, queued tasks = 1, completed tasks = 2673]
2021-08-12 17:03:25,260 INFO org.springframework.web.socket.config.WebSocketMessageBrokerStats [MessageBroker-8] WebSocketSession[0 current WS(0)-HttpStream(0)-HttpPoll(0), 1 total, 0 closed abnormally (0 connect failure, 0 send limit, 1 transport error)], stompSubProtocol[processed CONNECT(1)-CONNECTED(1)-DISCONNECT(0)], stompBrokerRelay[null], inboundChannel[pool size = 0, active threads = 0, queued tasks = 0, completed tasks = 9], outboundChannel[pool size = 0, active threads = 0, queued tasks = 0, completed tasks = 4], sockJsScheduler[pool size = 8, active threads = 1, queued tasks = 1, completed tasks = 3034]
2021-08-12 17:33:25,261 INFO org.springframework.web.socket.config.WebSocketMessageBrokerStats [MessageBroker-7] WebSocketSession[0 current WS(0)-HttpStream(0)-HttpPoll(0), 1 total, 0 closed abnormally (0 connect failure, 0 send limit, 1 transport error)], stompSubProtocol[processed CONNECT(1)-CONNECTED(1)-DISCONNECT(0)], stompBrokerRelay[null], inboundChannel[pool size = 0, active threads = 0, queued tasks = 0, completed tasks = 9], outboundChannel[pool size = 0, active threads = 0, queued tasks = 0, completed tasks = 4], sockJsScheduler[pool size = 8, active threads = 1, queued tasks = 1, completed tasks = 3395]
