2022-07-27 15:26:51,290 INFO org.springframework.boot.StartupInfoLogger [restartedMain] Starting Qms3Application using Java 15.0.2 on janaka-Vostro-3578 with PID 175197 (/home/janaka/eclipse-workspace/QMS-3/target/classes started by janaka in /home/janaka/eclipse-workspace/QMS-3)
2022-07-27 15:26:51,296 INFO org.springframework.boot.SpringApplication [restartedMain] No active profile set, falling back to default profiles: default
2022-07-27 15:26:51,836 INFO org.springframework.boot.logging.DeferredLog [restartedMain] Devtools property defaults active! Set 'spring.devtools.add-properties' to 'false' to disable
2022-07-27 15:26:51,837 INFO org.springframework.boot.logging.DeferredLog [restartedMain] For additional web related logging consider setting the 'logging.level.web' property to 'DEBUG'
2022-07-27 15:26:53,117 INFO org.springframework.data.repository.config.RepositoryConfigurationDelegate [restartedMain] Bootstrapping Spring Data JPA repositories in DEFAULT mode.
2022-07-27 15:26:53,230 INFO org.springframework.data.repository.config.RepositoryConfigurationDelegate [restartedMain] Finished Spring Data repository scanning in 102 ms. Found 7 JPA repository interfaces.
2022-07-27 15:26:54,319 INFO org.springframework.boot.web.embedded.tomcat.TomcatWebServer [restartedMain] Tomcat initialized with port(s): 8081 (http)
2022-07-27 15:26:54,433 INFO org.springframework.boot.web.servlet.context.ServletWebServerApplicationContext [restartedMain] Root WebApplicationContext: initialization completed in 2595 ms
2022-07-27 15:26:54,885 INFO org.hibernate.jpa.internal.util.LogHelper [restartedMain] HHH000204: Processing PersistenceUnitInfo [name: default]
2022-07-27 15:26:54,959 INFO org.hibernate.Version [restartedMain] HHH000412: Hibernate ORM core version 5.4.32.Final
2022-07-27 15:26:55,173 INFO org.hibernate.annotations.common.reflection.java.JavaReflectionManager [restartedMain] HCANN000001: Hibernate Commons Annotations {5.1.2.Final}
2022-07-27 15:26:55,567 INFO org.hibernate.dialect.Dialect [restartedMain] HHH000400: Using dialect: org.hibernate.dialect.H2Dialect
2022-07-27 15:26:56,828 INFO org.hibernate.engine.transaction.jta.platform.internal.JtaPlatformInitiator [restartedMain] HHH000490: Using JtaPlatform implementation: [org.hibernate.engine.transaction.jta.platform.internal.NoJtaPlatform]
2022-07-27 15:26:56,841 INFO org.springframework.orm.jpa.AbstractEntityManagerFactoryBean [restartedMain] Initialized JPA EntityManagerFactory for persistence unit 'default'
2022-07-27 15:26:57,566 INFO org.springframework.boot.autoconfigure.h2.H2ConsoleAutoConfiguration [restartedMain] H2 console available at '/h2-console'. Database available at 'jdbc:h2:file:/home/janaka/QMS/database/qmsdb'
2022-07-27 15:26:58,801 INFO org.springframework.security.web.DefaultSecurityFilterChain [restartedMain] Will secure Ant [pattern='/resources/**'] with []
2022-07-27 15:26:58,801 INFO org.springframework.security.web.DefaultSecurityFilterChain [restartedMain] Will secure Ant [pattern='/static/**'] with []
2022-07-27 15:26:58,801 INFO org.springframework.security.web.DefaultSecurityFilterChain [restartedMain] Will secure Ant [pattern='/plugins/**'] with []
2022-07-27 15:26:58,801 INFO org.springframework.security.web.DefaultSecurityFilterChain [restartedMain] Will secure Ant [pattern='/css/**'] with []
2022-07-27 15:26:58,802 INFO org.springframework.security.web.DefaultSecurityFilterChain [restartedMain] Will secure Ant [pattern='/js/**'] with []
2022-07-27 15:26:58,802 INFO org.springframework.security.web.DefaultSecurityFilterChain [restartedMain] Will secure Ant [pattern='/assets/**'] with []
2022-07-27 15:26:58,802 INFO org.springframework.security.web.DefaultSecurityFilterChain [restartedMain] Will secure Ant [pattern='/assets/css/**'] with []
2022-07-27 15:26:58,803 INFO org.springframework.security.web.DefaultSecurityFilterChain [restartedMain] Will secure Ant [pattern='/assets/js/**'] with []
2022-07-27 15:26:58,803 INFO org.springframework.security.web.DefaultSecurityFilterChain [restartedMain] Will secure Ant [pattern='/img/**'] with []
2022-07-27 15:26:58,803 INFO org.springframework.security.web.DefaultSecurityFilterChain [restartedMain] Will secure Ant [pattern='/webjars/**'] with []
2022-07-27 15:26:58,803 INFO org.springframework.security.web.DefaultSecurityFilterChain [restartedMain] Will secure Ant [pattern='/h2-console/**'] with []
2022-07-27 15:26:58,852 INFO org.springframework.security.web.DefaultSecurityFilterChain [restartedMain] Will secure any request with [org.springframework.security.web.context.request.async.WebAsyncManagerIntegrationFilter@4f62ea40, org.springframework.security.web.context.SecurityContextPersistenceFilter@46644e99, org.springframework.security.web.header.HeaderWriterFilter@587d8846, org.springframework.security.web.csrf.CsrfFilter@24a1c743, org.springframework.security.web.authentication.logout.LogoutFilter@7524803a, org.springframework.security.web.authentication.UsernamePasswordAuthenticationFilter@446a4aa2, org.springframework.security.web.savedrequest.RequestCacheAwareFilter@7750ad6a, org.springframework.security.web.servletapi.SecurityContextHolderAwareRequestFilter@58d89f78, org.springframework.security.web.authentication.AnonymousAuthenticationFilter@505070b6, org.springframework.security.web.session.SessionManagementFilter@174ebce6, org.springframework.security.web.access.ExceptionTranslationFilter@19f7f66b, org.springframework.security.web.access.intercept.FilterSecurityInterceptor@4c1adcba]
2022-07-27 15:27:00,592 INFO org.springframework.boot.devtools.autoconfigure.OptionalLiveReloadServer [restartedMain] LiveReload server is running on port 35729
2022-07-27 15:27:00,725 INFO org.springframework.boot.web.embedded.tomcat.TomcatWebServer [restartedMain] Tomcat started on port(s): 8081 (http) with context path ''
2022-07-27 15:27:00,748 INFO org.springframework.core.log.CompositeLog [restartedMain] Starting...
2022-07-27 15:27:00,749 INFO org.springframework.core.log.CompositeLog [restartedMain] BrokerAvailabilityEvent[available=true, SimpleBrokerMessageHandler [org.springframework.messaging.simp.broker.DefaultSubscriptionRegistry@6ce99536]]
2022-07-27 15:27:00,753 INFO org.springframework.core.log.CompositeLog [restartedMain] Started.
2022-07-27 15:27:00,788 INFO org.springframework.boot.StartupInfoLogger [restartedMain] Started Qms3Application in 10.365 seconds (JVM running for 12.568)
2022-07-27 15:27:58,939 INFO org.springframework.web.socket.config.WebSocketMessageBrokerStats [MessageBroker-1] WebSocketSession[0 current WS(0)-HttpStream(0)-HttpPoll(0), 0 total, 0 closed abnormally (0 connect failure, 0 send limit, 0 transport error)], stompSubProtocol[processed CONNECT(0)-CONNECTED(0)-DISCONNECT(0)], stompBrokerRelay[null], inboundChannel[pool size = 0, active threads = 0, queued tasks = 0, completed tasks = 0], outboundChannel[pool size = 0, active threads = 0, queued tasks = 0, completed tasks = 0], sockJsScheduler[pool size = 1, active threads = 1, queued tasks = 0, completed tasks = 0]
2022-07-27 15:28:39,961 INFO org.springframework.web.servlet.FrameworkServlet [http-nio-8081-exec-1] Initializing Servlet 'dispatcherServlet'
2022-07-27 15:28:39,963 INFO org.springframework.web.servlet.FrameworkServlet [http-nio-8081-exec-1] Completed initialization in 2 ms
2022-07-27 15:28:49,006 INFO com.rcs2.cms.controller.QMSController [http-nio-8081-exec-6] Getting chart data
2022-07-27 15:28:49,106 INFO com.rcs2.cms.controller.QMSController [http-nio-8081-exec-6] result: ChartDTO [thisYear=[null, null, null, null, null, null, null, null, null, null, null, null], lastYear=[null, null, null, null, null, null, null, null, null, null, null, null], pieChartData=[0, 0, 0, 0], servicePieChartData={"1":[0,0,0,0],"2":[0,0,0,0],"7":[0,0,0,0]}]
2022-07-27 15:29:02,210 INFO com.rcs2.cms.controller.QMSController [http-nio-8081-exec-9] Getting chart data
2022-07-27 15:29:02,251 INFO com.rcs2.cms.controller.QMSController [http-nio-8081-exec-9] result: ChartDTO [thisYear=[null, null, null, null, null, null, null, null, null, null, null, null], lastYear=[null, null, null, null, null, null, null, null, null, null, null, null], pieChartData=[0, 0, 0, 0], servicePieChartData={"1":[0,0,0,0],"2":[0,0,0,0],"7":[0,0,0,0]}]
2022-07-27 15:29:05,931 INFO com.rcs2.cms.controller.QMSController [http-nio-8081-exec-7] Getting chart data
2022-07-27 15:29:05,968 INFO com.rcs2.cms.controller.QMSController [http-nio-8081-exec-7] result: ChartDTO [thisYear=[null, null, null, null, null, null, null, null, null, null, null, null], lastYear=[null, null, null, null, null, null, null, null, null, null, null, null], pieChartData=[0, 0, 0, 0], servicePieChartData={"1":[0,0,0,0],"2":[0,0,0,0],"7":[0,0,0,0]}]
2022-07-27 15:29:14,654 INFO com.rcs2.cms.controller.QMSController [http-nio-8081-exec-2] Getting chart data
2022-07-27 15:29:14,687 INFO com.rcs2.cms.controller.QMSController [http-nio-8081-exec-2] result: ChartDTO [thisYear=[null, null, null, null, null, null, null, null, null, null, null, null], lastYear=[null, null, null, null, null, null, null, null, null, null, null, null], pieChartData=[0, 0, 0, 0], servicePieChartData={"1":[0,0,0,0],"2":[0,0,0,0],"7":[0,0,0,0]}]
2022-07-27 15:30:30,619 INFO com.rcs2.cms.controller.QMSController [http-nio-8081-exec-8] Getting chart data
2022-07-27 15:30:30,645 INFO com.rcs2.cms.controller.QMSController [http-nio-8081-exec-8] result: ChartDTO [thisYear=[null, null, null, null, null, null, null, null, null, null, null, null], lastYear=[null, null, null, null, null, null, null, null, null, null, null, null], pieChartData=[0, 0, 0, 0], servicePieChartData={"1":[0,0,0,0],"2":[0,0,0,0],"7":[0,0,0,0]}]
2022-07-27 15:30:46,644 INFO com.rcs2.cms.controller.QMSController [http-nio-8081-exec-10] Getting chart data
2022-07-27 15:30:46,678 INFO com.rcs2.cms.controller.QMSController [http-nio-8081-exec-10] result: ChartDTO [thisYear=[null, null, null, null, null, null, null, null, null, null, null, null], lastYear=[null, null, null, null, null, null, null, null, null, null, null, null], pieChartData=[0, 0, 0, 0], servicePieChartData={"1":[0,0,0,0],"2":[0,0,0,0],"7":[0,0,0,0]}]
2022-07-27 15:31:01,818 INFO com.rcs2.cms.controller.QMSController [http-nio-8081-exec-10] Get active counters settings request
2022-07-27 15:31:01,843 INFO com.rcs2.cms.controller.QMSController [http-nio-8081-exec-10] {"1":"Counter1","2":"Counter2","3":"Counter3","4":"Counter4"}
2022-07-27 15:31:05,749 INFO com.rcs2.cms.controller.QMSController [http-nio-8081-exec-9] User log in to counter, CounterID:1, UserName:user
2022-07-27 15:31:56,604 INFO com.rcs2.cms.controller.QMSController [http-nio-8081-exec-2] Get active counters settings request
2022-07-27 15:31:56,616 INFO com.rcs2.cms.controller.QMSController [http-nio-8081-exec-2] {"1":"Counter1","2":"Counter2","3":"Counter3","4":"Counter4"}
2022-07-27 15:32:01,379 INFO com.rcs2.cms.controller.QMSController [http-nio-8081-exec-5] User log in to counter, CounterID:2, UserName:user
2022-07-27 15:33:26,453 INFO com.rcs2.cms.controller.QMSController [http-nio-8081-exec-8] Get active counters settings request
2022-07-27 15:33:26,459 INFO com.rcs2.cms.controller.QMSController [http-nio-8081-exec-8] {"1":"Counter1","2":"Counter2","3":"Counter3","4":"Counter4"}
2022-07-27 15:33:44,543 INFO com.rcs2.cms.controller.QMSController [http-nio-8081-exec-10] Get active counters settings request
2022-07-27 15:33:44,550 INFO com.rcs2.cms.controller.QMSController [http-nio-8081-exec-10] {"1":"Counter1","2":"Counter2","3":"Counter3","4":"Counter4"}
2022-07-27 15:33:48,981 INFO com.rcs2.cms.controller.QMSController [http-nio-8081-exec-1] User log in to counter, CounterID:2, UserName:user
2022-07-27 16:22:42,292 INFO org.springframework.web.socket.config.WebSocketMessageBrokerStats [MessageBroker-1] WebSocketSession[0 current WS(0)-HttpStream(0)-HttpPoll(0), 0 total, 0 closed abnormally (0 connect failure, 0 send limit, 0 transport error)], stompSubProtocol[processed CONNECT(0)-CONNECTED(0)-DISCONNECT(0)], stompBrokerRelay[null], inboundChannel[pool size = 0, active threads = 0, queued tasks = 0, completed tasks = 0], outboundChannel[pool size = 0, active threads = 0, queued tasks = 0, completed tasks = 0], sockJsScheduler[pool size = 2, active threads = 1, queued tasks = 0, completed tasks = 1]
2022-07-27 16:52:42,292 INFO org.springframework.web.socket.config.WebSocketMessageBrokerStats [MessageBroker-2] WebSocketSession[0 current WS(0)-HttpStream(0)-HttpPoll(0), 0 total, 0 closed abnormally (0 connect failure, 0 send limit, 0 transport error)], stompSubProtocol[processed CONNECT(0)-CONNECTED(0)-DISCONNECT(0)], stompBrokerRelay[null], inboundChannel[pool size = 0, active threads = 0, queued tasks = 0, completed tasks = 0], outboundChannel[pool size = 0, active threads = 0, queued tasks = 0, completed tasks = 0], sockJsScheduler[pool size = 3, active threads = 1, queued tasks = 0, completed tasks = 2]
2022-07-27 16:59:26,431 INFO org.springframework.boot.admin.SpringApplicationAdminMXBeanRegistrar$SpringApplicationAdmin [RMI TCP Connection(73)-127.0.0.1] Application shutdown requested.
2022-07-27 16:59:26,434 INFO org.springframework.core.log.CompositeLog [RMI TCP Connection(73)-127.0.0.1] Stopping...
2022-07-27 16:59:26,435 INFO org.springframework.core.log.CompositeLog [RMI TCP Connection(73)-127.0.0.1] BrokerAvailabilityEvent[available=false, SimpleBrokerMessageHandler [org.springframework.messaging.simp.broker.DefaultSubscriptionRegistry@6ce99536]]
2022-07-27 16:59:26,435 INFO org.springframework.core.log.CompositeLog [RMI TCP Connection(73)-127.0.0.1] Stopped.
2022-07-27 16:59:26,460 INFO org.springframework.orm.jpa.AbstractEntityManagerFactoryBean [RMI TCP Connection(73)-127.0.0.1] Closing JPA EntityManagerFactory for persistence unit 'default'
