2023-04-28 08:46:52,072 INFO org.springframework.boot.StartupInfoLogger [restartedMain] Starting Qms3Application using Java 17.0.2 on Nayani with PID 17080 (C:\Users\R & D\eclipse-workspace\OSS\OSS\target\classes started by R & D in C:\Users\R & D\eclipse-workspace\OSS\OSS)
2023-04-28 08:46:52,076 DEBUG org.springframework.boot.StartupInfoLogger [restartedMain] Running with Spring Boot v2.5.2, Spring v5.3.8
2023-04-28 08:46:52,076 INFO org.springframework.boot.SpringApplication [restartedMain] No active profile set, falling back to default profiles: default
2023-04-28 08:46:52,324 INFO org.springframework.boot.logging.DeferredLog [restartedMain] Devtools property defaults active! Set 'spring.devtools.add-properties' to 'false' to disable
2023-04-28 08:46:52,325 INFO org.springframework.boot.logging.DeferredLog [restartedMain] For additional web related logging consider setting the 'logging.level.web' property to 'DEBUG'
2023-04-28 08:46:53,618 INFO org.springframework.data.repository.config.RepositoryConfigurationDelegate [restartedMain] Bootstrapping Spring Data JPA repositories in DEFAULT mode.
2023-04-28 08:46:53,682 INFO org.springframework.data.repository.config.RepositoryConfigurationDelegate [restartedMain] Finished Spring Data repository scanning in 56 ms. Found 4 JPA repository interfaces.
2023-04-28 08:46:54,461 INFO org.springframework.boot.web.embedded.tomcat.TomcatWebServer [restartedMain] Tomcat initialized with port(s): 2020 (http)
2023-04-28 08:46:54,574 INFO org.springframework.boot.web.servlet.context.ServletWebServerApplicationContext [restartedMain] Root WebApplicationContext: initialization completed in 2249 ms
2023-04-28 08:46:54,756 INFO org.springframework.boot.autoconfigure.h2.H2ConsoleAutoConfiguration [restartedMain] H2 console available at '/h2-console'. Database available at 'jdbc:mysql://localhost:3308/test'
2023-04-28 08:46:55,133 INFO org.hibernate.jpa.internal.util.LogHelper [restartedMain] HHH000204: Processing PersistenceUnitInfo [name: default]
2023-04-28 08:46:55,182 INFO org.hibernate.Version [restartedMain] HHH000412: Hibernate ORM core version 5.4.32.Final
2023-04-28 08:46:55,364 INFO org.hibernate.annotations.common.reflection.java.JavaReflectionManager [restartedMain] HCANN000001: Hibernate Commons Annotations {5.1.2.Final}
2023-04-28 08:46:55,486 INFO org.hibernate.dialect.Dialect [restartedMain] HHH000400: Using dialect: org.hibernate.dialect.MySQL5InnoDBDialect
2023-04-28 08:46:56,219 INFO org.hibernate.engine.transaction.jta.platform.internal.JtaPlatformInitiator [restartedMain] HHH000490: Using JtaPlatform implementation: [org.hibernate.engine.transaction.jta.platform.internal.NoJtaPlatform]
2023-04-28 08:46:56,230 INFO org.springframework.orm.jpa.AbstractEntityManagerFactoryBean [restartedMain] Initialized JPA EntityManagerFactory for persistence unit 'default'
2023-04-28 08:46:56,863 INFO org.springframework.security.web.DefaultSecurityFilterChain [restartedMain] Will secure Ant [pattern='/resources/**'] with []
2023-04-28 08:46:56,864 INFO org.springframework.security.web.DefaultSecurityFilterChain [restartedMain] Will secure Ant [pattern='/static/**'] with []
2023-04-28 08:46:56,864 INFO org.springframework.security.web.DefaultSecurityFilterChain [restartedMain] Will secure Ant [pattern='/vendor/**'] with []
2023-04-28 08:46:56,864 INFO org.springframework.security.web.DefaultSecurityFilterChain [restartedMain] Will secure Ant [pattern='/css/**'] with []
2023-04-28 08:46:56,865 INFO org.springframework.security.web.DefaultSecurityFilterChain [restartedMain] Will secure Ant [pattern='/js/**'] with []
2023-04-28 08:46:56,865 INFO org.springframework.security.web.DefaultSecurityFilterChain [restartedMain] Will secure Ant [pattern='/img/**'] with []
2023-04-28 08:46:56,865 INFO org.springframework.security.web.DefaultSecurityFilterChain [restartedMain] Will secure Ant [pattern='/file/**'] with []
2023-04-28 08:46:56,865 INFO org.springframework.security.web.DefaultSecurityFilterChain [restartedMain] Will secure Ant [pattern='/webjars/**'] with []
2023-04-28 08:46:56,903 INFO org.springframework.security.web.DefaultSecurityFilterChain [restartedMain] Will secure any request with [org.springframework.security.web.context.request.async.WebAsyncManagerIntegrationFilter@1782039c, org.springframework.security.web.context.SecurityContextPersistenceFilter@3ee4c0e7, org.springframework.security.web.header.HeaderWriterFilter@2b9efbdb, org.springframework.security.web.csrf.CsrfFilter@16465329, org.springframework.security.web.authentication.logout.LogoutFilter@78e00ae4, org.springframework.security.web.authentication.UsernamePasswordAuthenticationFilter@6ee33eb9, org.springframework.security.web.savedrequest.RequestCacheAwareFilter@71afe05b, org.springframework.security.web.servletapi.SecurityContextHolderAwareRequestFilter@624eed94, org.springframework.security.web.authentication.AnonymousAuthenticationFilter@59ec12d7, org.springframework.security.web.session.SessionManagementFilter@4d05543a, org.springframework.security.web.access.ExceptionTranslationFilter@3e026461, org.springframework.security.web.access.intercept.FilterSecurityInterceptor@9c77a21]
2023-04-28 08:46:57,280 INFO org.springframework.boot.autoconfigure.web.servlet.WelcomePageHandlerMapping [restartedMain] Adding welcome page template: index
2023-04-28 08:46:58,305 INFO org.springframework.boot.devtools.autoconfigure.OptionalLiveReloadServer [restartedMain] LiveReload server is running on port 35729
2023-04-28 08:46:58,362 INFO org.springframework.boot.web.embedded.tomcat.TomcatWebServer [restartedMain] Tomcat started on port(s): 2020 (http) with context path ''
2023-04-28 08:46:58,364 INFO org.springframework.core.log.CompositeLog [restartedMain] Starting...
2023-04-28 08:46:58,365 INFO org.springframework.core.log.CompositeLog [restartedMain] BrokerAvailabilityEvent[available=true, SimpleBrokerMessageHandler [org.springframework.messaging.simp.broker.DefaultSubscriptionRegistry@778ea04d]]
2023-04-28 08:46:58,366 INFO org.springframework.core.log.CompositeLog [restartedMain] Started.
2023-04-28 08:46:58,375 INFO org.springframework.boot.StartupInfoLogger [restartedMain] Started Qms3Application in 6.685 seconds (JVM running for 7.642)
2023-04-28 08:47:18,243 INFO org.springframework.web.servlet.FrameworkServlet [http-nio-2020-exec-1] Initializing Servlet 'dispatcherServlet'
2023-04-28 08:47:18,245 INFO org.springframework.web.servlet.FrameworkServlet [http-nio-2020-exec-1] Completed initialization in 2 ms
2023-04-28 08:47:57,056 INFO org.springframework.web.socket.config.WebSocketMessageBrokerStats [MessageBroker-1] WebSocketSession[0 current WS(0)-HttpStream(0)-HttpPoll(0), 0 total, 0 closed abnormally (0 connect failure, 0 send limit, 0 transport error)], stompSubProtocol[processed CONNECT(0)-CONNECTED(0)-DISCONNECT(0)], stompBrokerRelay[null], inboundChannel[pool size = 0, active threads = 0, queued tasks = 0, completed tasks = 0], outboundChannel[pool size = 0, active threads = 0, queued tasks = 0, completed tasks = 0], sockJsScheduler[pool size = 1, active threads = 1, queued tasks = 0, completed tasks = 0]
2023-04-28 08:48:21,671 INFO org.springframework.core.log.CompositeLog [Thread-7] Stopping...
2023-04-28 08:48:21,672 INFO org.springframework.core.log.CompositeLog [Thread-7] BrokerAvailabilityEvent[available=false, SimpleBrokerMessageHandler [org.springframework.messaging.simp.broker.DefaultSubscriptionRegistry@778ea04d]]
2023-04-28 08:48:21,673 INFO org.springframework.core.log.CompositeLog [Thread-7] Stopped.
2023-04-28 08:48:21,700 INFO org.springframework.orm.jpa.AbstractEntityManagerFactoryBean [Thread-7] Closing JPA EntityManagerFactory for persistence unit 'default'
2023-04-28 08:48:21,811 INFO org.springframework.boot.StartupInfoLogger [restartedMain] Starting Qms3Application using Java 17.0.2 on Nayani with PID 17080 (C:\Users\R & D\eclipse-workspace\OSS\OSS\target\classes started by R & D in C:\Users\R & D\eclipse-workspace\OSS\OSS)
2023-04-28 08:48:21,811 DEBUG org.springframework.boot.StartupInfoLogger [restartedMain] Running with Spring Boot v2.5.2, Spring v5.3.8
2023-04-28 08:48:21,812 INFO org.springframework.boot.SpringApplication [restartedMain] No active profile set, falling back to default profiles: default
2023-04-28 08:48:22,043 INFO org.springframework.data.repository.config.RepositoryConfigurationDelegate [restartedMain] Bootstrapping Spring Data JPA repositories in DEFAULT mode.
2023-04-28 08:48:22,068 INFO org.springframework.data.repository.config.RepositoryConfigurationDelegate [restartedMain] Finished Spring Data repository scanning in 24 ms. Found 4 JPA repository interfaces.
2023-04-28 08:48:22,219 INFO org.springframework.boot.web.embedded.tomcat.TomcatWebServer [restartedMain] Tomcat initialized with port(s): 2020 (http)
2023-04-28 08:48:22,249 INFO org.springframework.boot.web.servlet.context.ServletWebServerApplicationContext [restartedMain] Root WebApplicationContext: initialization completed in 435 ms
2023-04-28 08:48:22,277 INFO org.springframework.boot.autoconfigure.h2.H2ConsoleAutoConfiguration [restartedMain] H2 console available at '/h2-console'. Database available at 'jdbc:mysql://localhost:3308/test'
2023-04-28 08:48:22,332 INFO org.hibernate.jpa.internal.util.LogHelper [restartedMain] HHH000204: Processing PersistenceUnitInfo [name: default]
2023-04-28 08:48:22,339 INFO org.hibernate.dialect.Dialect [restartedMain] HHH000400: Using dialect: org.hibernate.dialect.MySQL5InnoDBDialect
2023-04-28 08:48:22,454 INFO org.hibernate.engine.transaction.jta.platform.internal.JtaPlatformInitiator [restartedMain] HHH000490: Using JtaPlatform implementation: [org.hibernate.engine.transaction.jta.platform.internal.NoJtaPlatform]
2023-04-28 08:48:22,455 INFO org.springframework.orm.jpa.AbstractEntityManagerFactoryBean [restartedMain] Initialized JPA EntityManagerFactory for persistence unit 'default'
2023-04-28 08:48:22,680 INFO org.springframework.security.web.DefaultSecurityFilterChain [restartedMain] Will secure Ant [pattern='/resources/**'] with []
2023-04-28 08:48:22,681 INFO org.springframework.security.web.DefaultSecurityFilterChain [restartedMain] Will secure Ant [pattern='/static/**'] with []
2023-04-28 08:48:22,681 INFO org.springframework.security.web.DefaultSecurityFilterChain [restartedMain] Will secure Ant [pattern='/vendor/**'] with []
2023-04-28 08:48:22,681 INFO org.springframework.security.web.DefaultSecurityFilterChain [restartedMain] Will secure Ant [pattern='/css/**'] with []
2023-04-28 08:48:22,681 INFO org.springframework.security.web.DefaultSecurityFilterChain [restartedMain] Will secure Ant [pattern='/js/**'] with []
2023-04-28 08:48:22,681 INFO org.springframework.security.web.DefaultSecurityFilterChain [restartedMain] Will secure Ant [pattern='/img/**'] with []
2023-04-28 08:48:22,681 INFO org.springframework.security.web.DefaultSecurityFilterChain [restartedMain] Will secure Ant [pattern='/file/**'] with []
2023-04-28 08:48:22,681 INFO org.springframework.security.web.DefaultSecurityFilterChain [restartedMain] Will secure Ant [pattern='/webjars/**'] with []
2023-04-28 08:48:22,693 INFO org.springframework.security.web.DefaultSecurityFilterChain [restartedMain] Will secure any request with [org.springframework.security.web.context.request.async.WebAsyncManagerIntegrationFilter@4f59f0b8, org.springframework.security.web.context.SecurityContextPersistenceFilter@4cf06aa0, org.springframework.security.web.header.HeaderWriterFilter@94373e9, org.springframework.security.web.csrf.CsrfFilter@7758221c, org.springframework.security.web.authentication.logout.LogoutFilter@79f4c306, org.springframework.security.web.authentication.UsernamePasswordAuthenticationFilter@2a19e3fc, org.springframework.security.web.savedrequest.RequestCacheAwareFilter@29aa8fac, org.springframework.security.web.servletapi.SecurityContextHolderAwareRequestFilter@3b646d4b, org.springframework.security.web.authentication.AnonymousAuthenticationFilter@3b115461, org.springframework.security.web.session.SessionManagementFilter@7a0eef3f, org.springframework.security.web.access.ExceptionTranslationFilter@6be1cbd1, org.springframework.security.web.access.intercept.FilterSecurityInterceptor@37873ec6]
2023-04-28 08:48:22,784 INFO org.springframework.boot.autoconfigure.web.servlet.WelcomePageHandlerMapping [restartedMain] Adding welcome page template: index
2023-04-28 08:48:23,112 INFO org.springframework.boot.devtools.autoconfigure.OptionalLiveReloadServer [restartedMain] LiveReload server is running on port 35729
2023-04-28 08:48:23,125 INFO org.springframework.boot.web.embedded.tomcat.TomcatWebServer [restartedMain] Tomcat started on port(s): 2020 (http) with context path ''
2023-04-28 08:48:23,127 INFO org.springframework.core.log.CompositeLog [restartedMain] Starting...
2023-04-28 08:48:23,127 INFO org.springframework.core.log.CompositeLog [restartedMain] BrokerAvailabilityEvent[available=true, SimpleBrokerMessageHandler [org.springframework.messaging.simp.broker.DefaultSubscriptionRegistry@41908c32]]
2023-04-28 08:48:23,128 INFO org.springframework.core.log.CompositeLog [restartedMain] Started.
2023-04-28 08:48:23,132 INFO org.springframework.boot.StartupInfoLogger [restartedMain] Started Qms3Application in 1.361 seconds (JVM running for 92.4)
2023-04-28 08:48:23,136 INFO org.springframework.boot.devtools.autoconfigure.ConditionEvaluationDeltaLoggingListener [restartedMain] Condition evaluation unchanged
2023-04-28 08:48:23,263 INFO org.springframework.web.servlet.FrameworkServlet [http-nio-2020-exec-1] Initializing Servlet 'dispatcherServlet'
2023-04-28 08:48:23,264 INFO org.springframework.web.servlet.FrameworkServlet [http-nio-2020-exec-1] Completed initialization in 1 ms
2023-04-28 08:49:22,737 INFO org.springframework.web.socket.config.WebSocketMessageBrokerStats [MessageBroker-1] WebSocketSession[0 current WS(0)-HttpStream(0)-HttpPoll(0), 0 total, 0 closed abnormally (0 connect failure, 0 send limit, 0 transport error)], stompSubProtocol[processed CONNECT(0)-CONNECTED(0)-DISCONNECT(0)], stompBrokerRelay[null], inboundChannel[pool size = 0, active threads = 0, queued tasks = 0, completed tasks = 0], outboundChannel[pool size = 0, active threads = 0, queued tasks = 0, completed tasks = 0], sockJsScheduler[pool size = 1, active threads = 1, queued tasks = 0, completed tasks = 0]
2023-04-28 09:19:22,738 INFO org.springframework.web.socket.config.WebSocketMessageBrokerStats [MessageBroker-1] WebSocketSession[0 current WS(0)-HttpStream(0)-HttpPoll(0), 0 total, 0 closed abnormally (0 connect failure, 0 send limit, 0 transport error)], stompSubProtocol[processed CONNECT(0)-CONNECTED(0)-DISCONNECT(0)], stompBrokerRelay[null], inboundChannel[pool size = 0, active threads = 0, queued tasks = 0, completed tasks = 0], outboundChannel[pool size = 0, active threads = 0, queued tasks = 0, completed tasks = 0], sockJsScheduler[pool size = 2, active threads = 1, queued tasks = 0, completed tasks = 1]
2023-04-28 09:49:22,750 INFO org.springframework.web.socket.config.WebSocketMessageBrokerStats [MessageBroker-2] WebSocketSession[0 current WS(0)-HttpStream(0)-HttpPoll(0), 0 total, 0 closed abnormally (0 connect failure, 0 send limit, 0 transport error)], stompSubProtocol[processed CONNECT(0)-CONNECTED(0)-DISCONNECT(0)], stompBrokerRelay[null], inboundChannel[pool size = 0, active threads = 0, queued tasks = 0, completed tasks = 0], outboundChannel[pool size = 0, active threads = 0, queued tasks = 0, completed tasks = 0], sockJsScheduler[pool size = 3, active threads = 1, queued tasks = 0, completed tasks = 2]
2023-04-28 09:53:49,629 INFO org.springframework.boot.admin.SpringApplicationAdminMXBeanRegistrar$SpringApplicationAdmin [RMI TCP Connection(70)-127.0.0.1] Application shutdown requested.
2023-04-28 09:53:49,631 INFO org.springframework.core.log.CompositeLog [RMI TCP Connection(70)-127.0.0.1] Stopping...
2023-04-28 09:53:49,632 INFO org.springframework.core.log.CompositeLog [RMI TCP Connection(70)-127.0.0.1] BrokerAvailabilityEvent[available=false, SimpleBrokerMessageHandler [org.springframework.messaging.simp.broker.DefaultSubscriptionRegistry@41908c32]]
2023-04-28 09:53:49,632 INFO org.springframework.core.log.CompositeLog [RMI TCP Connection(70)-127.0.0.1] Stopped.
2023-04-28 09:53:49,648 INFO org.springframework.orm.jpa.AbstractEntityManagerFactoryBean [RMI TCP Connection(70)-127.0.0.1] Closing JPA EntityManagerFactory for persistence unit 'default'
