2022-09-27 07:42:55,041 INFO org.springframework.boot.StartupInfoLogger [restartedMain] Starting Qms3Application using Java 17.0.4.1 on DESKTOP-R1VQOLK with PID 7196 (C:\Users\RCS2\eclipse-workspace\QMS\QMS-3\target\classes started by RCS2 in C:\Users\RCS2\eclipse-workspace\QMS\QMS-3)
2022-09-27 07:42:55,045 INFO org.springframework.boot.SpringApplication [restartedMain] No active profile set, falling back to default profiles: default
2022-09-27 07:42:55,280 INFO org.springframework.boot.logging.DeferredLog [restartedMain] Devtools property defaults active! Set 'spring.devtools.add-properties' to 'false' to disable
2022-09-27 07:42:55,280 INFO org.springframework.boot.logging.DeferredLog [restartedMain] For additional web related logging consider setting the 'logging.level.web' property to 'DEBUG'
2022-09-27 07:42:56,253 INFO org.springframework.data.repository.config.RepositoryConfigurationDelegate [restartedMain] Bootstrapping Spring Data JPA repositories in DEFAULT mode.
2022-09-27 07:42:56,328 INFO org.springframework.data.repository.config.RepositoryConfigurationDelegate [restartedMain] Finished Spring Data repository scanning in 66 ms. Found 8 JPA repository interfaces.
2022-09-27 07:42:56,993 INFO org.springframework.boot.web.embedded.tomcat.TomcatWebServer [restartedMain] Tomcat initialized with port(s): 8081 (http)
2022-09-27 07:42:57,076 INFO org.springframework.boot.web.servlet.context.ServletWebServerApplicationContext [restartedMain] Root WebApplicationContext: initialization completed in 1796 ms
2022-09-27 07:42:57,428 INFO org.hibernate.jpa.internal.util.LogHelper [restartedMain] HHH000204: Processing PersistenceUnitInfo [name: default]
2022-09-27 07:42:57,489 INFO org.hibernate.Version [restartedMain] HHH000412: Hibernate ORM core version 5.4.32.Final
2022-09-27 07:42:57,643 INFO org.hibernate.annotations.common.reflection.java.JavaReflectionManager [restartedMain] HCANN000001: Hibernate Commons Annotations {5.1.2.Final}
2022-09-27 07:42:57,959 INFO org.hibernate.dialect.Dialect [restartedMain] HHH000400: Using dialect: org.hibernate.dialect.H2Dialect
2022-09-27 07:42:58,692 INFO org.hibernate.engine.transaction.jta.platform.internal.JtaPlatformInitiator [restartedMain] HHH000490: Using JtaPlatform implementation: [org.hibernate.engine.transaction.jta.platform.internal.NoJtaPlatform]
2022-09-27 07:42:58,701 INFO org.springframework.orm.jpa.AbstractEntityManagerFactoryBean [restartedMain] Initialized JPA EntityManagerFactory for persistence unit 'default'
2022-09-27 07:42:59,041 INFO org.springframework.boot.autoconfigure.h2.H2ConsoleAutoConfiguration [restartedMain] H2 console available at '/h2-console'. Database available at 'jdbc:h2:file:/C:/Users/RCS2/eclipse-workspace/QMS/database/qmsdb'
2022-09-27 07:42:59,109 WARN org.apache.juli.logging.DirectJDKLog [restartedMain] Cannot deserialize session attribute [SPRING_SECURITY_CONTEXT] for session [CFBC3364663FE0E435BD0DEC5125C911]
2022-09-27 07:42:59,656 INFO org.springframework.security.web.DefaultSecurityFilterChain [restartedMain] Will secure Ant [pattern='/resources/**'] with []
2022-09-27 07:42:59,657 INFO org.springframework.security.web.DefaultSecurityFilterChain [restartedMain] Will secure Ant [pattern='/static/**'] with []
2022-09-27 07:42:59,657 INFO org.springframework.security.web.DefaultSecurityFilterChain [restartedMain] Will secure Ant [pattern='/plugins/**'] with []
2022-09-27 07:42:59,658 INFO org.springframework.security.web.DefaultSecurityFilterChain [restartedMain] Will secure Ant [pattern='/css/**'] with []
2022-09-27 07:42:59,658 INFO org.springframework.security.web.DefaultSecurityFilterChain [restartedMain] Will secure Ant [pattern='/js/**'] with []
2022-09-27 07:42:59,658 INFO org.springframework.security.web.DefaultSecurityFilterChain [restartedMain] Will secure Ant [pattern='/assets/**'] with []
2022-09-27 07:42:59,658 INFO org.springframework.security.web.DefaultSecurityFilterChain [restartedMain] Will secure Ant [pattern='/assets/css/**'] with []
2022-09-27 07:42:59,658 INFO org.springframework.security.web.DefaultSecurityFilterChain [restartedMain] Will secure Ant [pattern='/assets/js/**'] with []
2022-09-27 07:42:59,658 INFO org.springframework.security.web.DefaultSecurityFilterChain [restartedMain] Will secure Ant [pattern='/img/**'] with []
2022-09-27 07:42:59,658 INFO org.springframework.security.web.DefaultSecurityFilterChain [restartedMain] Will secure Ant [pattern='/file/**'] with []
2022-09-27 07:42:59,658 INFO org.springframework.security.web.DefaultSecurityFilterChain [restartedMain] Will secure Ant [pattern='/webjars/**'] with []
2022-09-27 07:42:59,659 INFO org.springframework.security.web.DefaultSecurityFilterChain [restartedMain] Will secure Ant [pattern='/h2-console/**'] with []
2022-09-27 07:42:59,689 INFO org.springframework.security.web.DefaultSecurityFilterChain [restartedMain] Will secure any request with [org.springframework.security.web.context.request.async.WebAsyncManagerIntegrationFilter@2cea4440, org.springframework.security.web.context.SecurityContextPersistenceFilter@79bc6284, org.springframework.security.web.header.HeaderWriterFilter@281e41ea, org.springframework.security.web.csrf.CsrfFilter@2ae4515a, org.springframework.security.web.authentication.logout.LogoutFilter@5ed42fb6, org.springframework.security.web.authentication.UsernamePasswordAuthenticationFilter@79358414, org.springframework.security.web.savedrequest.RequestCacheAwareFilter@590b939, org.springframework.security.web.servletapi.SecurityContextHolderAwareRequestFilter@21048dc9, org.springframework.security.web.authentication.AnonymousAuthenticationFilter@1d3d7a5b, org.springframework.security.web.session.SessionManagementFilter@28b65a65, org.springframework.security.web.access.ExceptionTranslationFilter@3ba7e982, org.springframework.security.web.access.intercept.FilterSecurityInterceptor@27db69c]
2022-09-27 07:43:00,737 INFO org.springframework.boot.devtools.autoconfigure.OptionalLiveReloadServer [restartedMain] LiveReload server is running on port 35729
2022-09-27 07:43:00,778 INFO org.springframework.boot.web.embedded.tomcat.TomcatWebServer [restartedMain] Tomcat started on port(s): 8081 (http) with context path ''
2022-09-27 07:43:00,780 INFO org.springframework.core.log.CompositeLog [restartedMain] Starting...
2022-09-27 07:43:00,780 INFO org.springframework.core.log.CompositeLog [restartedMain] BrokerAvailabilityEvent[available=true, SimpleBrokerMessageHandler [org.springframework.messaging.simp.broker.DefaultSubscriptionRegistry@15e3bdba]]
2022-09-27 07:43:00,782 INFO org.springframework.core.log.CompositeLog [restartedMain] Started.
2022-09-27 07:43:00,792 INFO org.springframework.boot.StartupInfoLogger [restartedMain] Started Qms3Application in 6.081 seconds (JVM running for 7.046)
2022-09-27 07:43:59,753 INFO org.springframework.web.socket.config.WebSocketMessageBrokerStats [MessageBroker-1] WebSocketSession[0 current WS(0)-HttpStream(0)-HttpPoll(0), 0 total, 0 closed abnormally (0 connect failure, 0 send limit, 0 transport error)], stompSubProtocol[processed CONNECT(0)-CONNECTED(0)-DISCONNECT(0)], stompBrokerRelay[null], inboundChannel[pool size = 0, active threads = 0, queued tasks = 0, completed tasks = 0], outboundChannel[pool size = 0, active threads = 0, queued tasks = 0, completed tasks = 0], sockJsScheduler[pool size = 1, active threads = 1, queued tasks = 0, completed tasks = 0]
2022-09-27 07:46:02,523 INFO org.springframework.web.servlet.FrameworkServlet [http-nio-8081-exec-1] Initializing Servlet 'dispatcherServlet'
2022-09-27 07:46:02,525 INFO org.springframework.web.servlet.FrameworkServlet [http-nio-8081-exec-1] Completed initialization in 1 ms
2022-09-27 07:46:06,647 INFO com.rcs2.cms.controller.QMSController [http-nio-8081-exec-1] Getting chart data
2022-09-27 07:46:06,694 INFO com.rcs2.cms.controller.QMSController [http-nio-8081-exec-1] result: ChartDTO [thisYear=[null, null, null, null, null, null, null, null, null, null, null, null], lastYear=[null, null, null, null, null, null, null, null, null, null, null, null], pieChartData=[0, 0, 0, 0], servicePieChartData={"1":[0,0,0,0],"2":[0,0,0,0],"7":[0,0,0,0]}]
2022-09-27 07:46:43,081 INFO org.springframework.core.log.CompositeLog [Thread-8] Stopping...
2022-09-27 07:46:43,082 INFO org.springframework.core.log.CompositeLog [Thread-8] BrokerAvailabilityEvent[available=false, SimpleBrokerMessageHandler [org.springframework.messaging.simp.broker.DefaultSubscriptionRegistry@15e3bdba]]
2022-09-27 07:46:43,082 INFO org.springframework.core.log.CompositeLog [Thread-8] Stopped.
2022-09-27 07:46:43,110 INFO org.springframework.orm.jpa.AbstractEntityManagerFactoryBean [Thread-8] Closing JPA EntityManagerFactory for persistence unit 'default'
2022-09-27 07:46:43,220 INFO org.springframework.boot.StartupInfoLogger [restartedMain] Starting Qms3Application using Java 17.0.4.1 on DESKTOP-R1VQOLK with PID 7196 (C:\Users\RCS2\eclipse-workspace\QMS\QMS-3\target\classes started by RCS2 in C:\Users\RCS2\eclipse-workspace\QMS\QMS-3)
2022-09-27 07:46:43,220 INFO org.springframework.boot.SpringApplication [restartedMain] No active profile set, falling back to default profiles: default
2022-09-27 07:46:43,405 INFO org.springframework.data.repository.config.RepositoryConfigurationDelegate [restartedMain] Bootstrapping Spring Data JPA repositories in DEFAULT mode.
2022-09-27 07:46:43,434 INFO org.springframework.data.repository.config.RepositoryConfigurationDelegate [restartedMain] Finished Spring Data repository scanning in 28 ms. Found 8 JPA repository interfaces.
2022-09-27 07:46:43,582 INFO org.springframework.boot.web.embedded.tomcat.TomcatWebServer [restartedMain] Tomcat initialized with port(s): 8081 (http)
2022-09-27 07:46:43,605 INFO org.springframework.boot.web.servlet.context.ServletWebServerApplicationContext [restartedMain] Root WebApplicationContext: initialization completed in 379 ms
2022-09-27 07:46:43,675 INFO org.hibernate.jpa.internal.util.LogHelper [restartedMain] HHH000204: Processing PersistenceUnitInfo [name: default]
2022-09-27 07:46:43,698 INFO org.hibernate.dialect.Dialect [restartedMain] HHH000400: Using dialect: org.hibernate.dialect.H2Dialect
2022-09-27 07:46:43,853 INFO org.hibernate.engine.transaction.jta.platform.internal.JtaPlatformInitiator [restartedMain] HHH000490: Using JtaPlatform implementation: [org.hibernate.engine.transaction.jta.platform.internal.NoJtaPlatform]
2022-09-27 07:46:43,854 INFO org.springframework.orm.jpa.AbstractEntityManagerFactoryBean [restartedMain] Initialized JPA EntityManagerFactory for persistence unit 'default'
2022-09-27 07:46:43,911 INFO org.springframework.boot.autoconfigure.h2.H2ConsoleAutoConfiguration [restartedMain] H2 console available at '/h2-console'. Database available at 'jdbc:h2:file:/C:/Users/RCS2/eclipse-workspace/QMS/database/qmsdb'
2022-09-27 07:46:43,932 WARN org.apache.juli.logging.DirectJDKLog [restartedMain] Cannot deserialize session attribute [SPRING_SECURITY_CONTEXT] for session [06A7217DB165C7892BDC307219F9BA85]
2022-09-27 07:46:44,269 INFO org.springframework.security.web.DefaultSecurityFilterChain [restartedMain] Will secure Ant [pattern='/resources/**'] with []
2022-09-27 07:46:44,269 INFO org.springframework.security.web.DefaultSecurityFilterChain [restartedMain] Will secure Ant [pattern='/static/**'] with []
2022-09-27 07:46:44,269 INFO org.springframework.security.web.DefaultSecurityFilterChain [restartedMain] Will secure Ant [pattern='/plugins/**'] with []
2022-09-27 07:46:44,269 INFO org.springframework.security.web.DefaultSecurityFilterChain [restartedMain] Will secure Ant [pattern='/css/**'] with []
2022-09-27 07:46:44,269 INFO org.springframework.security.web.DefaultSecurityFilterChain [restartedMain] Will secure Ant [pattern='/js/**'] with []
2022-09-27 07:46:44,269 INFO org.springframework.security.web.DefaultSecurityFilterChain [restartedMain] Will secure Ant [pattern='/assets/**'] with []
2022-09-27 07:46:44,269 INFO org.springframework.security.web.DefaultSecurityFilterChain [restartedMain] Will secure Ant [pattern='/assets/css/**'] with []
2022-09-27 07:46:44,270 INFO org.springframework.security.web.DefaultSecurityFilterChain [restartedMain] Will secure Ant [pattern='/assets/js/**'] with []
2022-09-27 07:46:44,270 INFO org.springframework.security.web.DefaultSecurityFilterChain [restartedMain] Will secure Ant [pattern='/img/**'] with []
2022-09-27 07:46:44,270 INFO org.springframework.security.web.DefaultSecurityFilterChain [restartedMain] Will secure Ant [pattern='/file/**'] with []
2022-09-27 07:46:44,271 INFO org.springframework.security.web.DefaultSecurityFilterChain [restartedMain] Will secure Ant [pattern='/webjars/**'] with []
2022-09-27 07:46:44,271 INFO org.springframework.security.web.DefaultSecurityFilterChain [restartedMain] Will secure Ant [pattern='/h2-console/**'] with []
2022-09-27 07:46:44,281 INFO org.springframework.security.web.DefaultSecurityFilterChain [restartedMain] Will secure any request with [org.springframework.security.web.context.request.async.WebAsyncManagerIntegrationFilter@52ddfbff, org.springframework.security.web.context.SecurityContextPersistenceFilter@21279a95, org.springframework.security.web.header.HeaderWriterFilter@4f296ca9, org.springframework.security.web.csrf.CsrfFilter@31d1cc14, org.springframework.security.web.authentication.logout.LogoutFilter@7a334de5, org.springframework.security.web.authentication.UsernamePasswordAuthenticationFilter@62c6106d, org.springframework.security.web.savedrequest.RequestCacheAwareFilter@3749e401, org.springframework.security.web.servletapi.SecurityContextHolderAwareRequestFilter@33018a65, org.springframework.security.web.authentication.AnonymousAuthenticationFilter@484231cc, org.springframework.security.web.session.SessionManagementFilter@1ea94438, org.springframework.security.web.access.ExceptionTranslationFilter@7aed92b2, org.springframework.security.web.access.intercept.FilterSecurityInterceptor@61641666]
2022-09-27 07:46:44,563 INFO org.springframework.boot.devtools.autoconfigure.OptionalLiveReloadServer [restartedMain] LiveReload server is running on port 35729
2022-09-27 07:46:44,575 INFO org.springframework.boot.web.embedded.tomcat.TomcatWebServer [restartedMain] Tomcat started on port(s): 8081 (http) with context path ''
2022-09-27 07:46:44,576 INFO org.springframework.core.log.CompositeLog [restartedMain] Starting...
2022-09-27 07:46:44,576 INFO org.springframework.core.log.CompositeLog [restartedMain] BrokerAvailabilityEvent[available=true, SimpleBrokerMessageHandler [org.springframework.messaging.simp.broker.DefaultSubscriptionRegistry@4f9c3ba6]]
2022-09-27 07:46:44,577 INFO org.springframework.core.log.CompositeLog [restartedMain] Started.
2022-09-27 07:46:44,581 INFO org.springframework.boot.StartupInfoLogger [restartedMain] Started Qms3Application in 1.394 seconds (JVM running for 230.834)
2022-09-27 07:46:44,585 INFO org.springframework.boot.devtools.autoconfigure.ConditionEvaluationDeltaLoggingListener [restartedMain] Condition evaluation unchanged
2022-09-27 07:46:48,981 INFO org.springframework.web.servlet.FrameworkServlet [http-nio-8081-exec-1] Initializing Servlet 'dispatcherServlet'
2022-09-27 07:46:48,983 INFO org.springframework.web.servlet.FrameworkServlet [http-nio-8081-exec-1] Completed initialization in 2 ms
2022-09-27 07:46:51,956 INFO com.rcs2.cms.controller.QMSController [http-nio-8081-exec-6] Getting chart data
2022-09-27 07:46:51,986 INFO com.rcs2.cms.controller.QMSController [http-nio-8081-exec-6] result: ChartDTO [thisYear=[null, null, null, null, null, null, null, null, null, null, null, null], lastYear=[null, null, null, null, null, null, null, null, null, null, null, null], pieChartData=[0, 0, 0, 0], servicePieChartData={"1":[0,0,0,0],"2":[0,0,0,0],"7":[0,0,0,0]}]
2022-09-27 07:47:44,294 INFO org.springframework.web.socket.config.WebSocketMessageBrokerStats [MessageBroker-4] WebSocketSession[1 current WS(1)-HttpStream(0)-HttpPoll(0), 1 total, 0 closed abnormally (0 connect failure, 0 send limit, 0 transport error)], stompSubProtocol[processed CONNECT(1)-CONNECTED(1)-DISCONNECT(0)], stompBrokerRelay[null], inboundChannel[pool size = 6, active threads = 0, queued tasks = 0, completed tasks = 6], outboundChannel[pool size = 1, active threads = 0, queued tasks = 0, completed tasks = 1], sockJsScheduler[pool size = 4, active threads = 1, queued tasks = 2, completed tasks = 11]
2022-09-27 08:17:44,295 INFO org.springframework.web.socket.config.WebSocketMessageBrokerStats [MessageBroker-1] WebSocketSession[1 current WS(1)-HttpStream(0)-HttpPoll(0), 4 total, 0 closed abnormally (0 connect failure, 0 send limit, 0 transport error)], stompSubProtocol[processed CONNECT(4)-CONNECTED(4)-DISCONNECT(0)], stompBrokerRelay[null], inboundChannel[pool size = 0, active threads = 0, queued tasks = 0, completed tasks = 33], outboundChannel[pool size = 0, active threads = 0, queued tasks = 0, completed tasks = 7], sockJsScheduler[pool size = 4, active threads = 1, queued tasks = 2, completed tasks = 442]
2022-09-27 08:47:44,297 INFO org.springframework.web.socket.config.WebSocketMessageBrokerStats [MessageBroker-4] WebSocketSession[0 current WS(0)-HttpStream(0)-HttpPoll(0), 4 total, 0 closed abnormally (0 connect failure, 0 send limit, 0 transport error)], stompSubProtocol[processed CONNECT(4)-CONNECTED(4)-DISCONNECT(0)], stompBrokerRelay[null], inboundChannel[pool size = 0, active threads = 0, queued tasks = 0, completed tasks = 36], outboundChannel[pool size = 0, active threads = 0, queued tasks = 0, completed tasks = 8], sockJsScheduler[pool size = 4, active threads = 1, queued tasks = 1, completed tasks = 832]
2022-09-27 08:52:51,605 INFO com.rcs2.cms.controller.QMSController [http-nio-8081-exec-8] Getting chart data
2022-09-27 08:52:51,623 INFO com.rcs2.cms.controller.QMSController [http-nio-8081-exec-8] result: ChartDTO [thisYear=[null, null, null, null, null, null, null, null, null, null, null, null], lastYear=[null, null, null, null, null, null, null, null, null, null, null, null], pieChartData=[0, 0, 0, 0], servicePieChartData={"1":[0,0,0,0],"2":[0,0,0,0],"7":[0,0,0,0]}]
2022-09-27 09:17:44,300 INFO org.springframework.web.socket.config.WebSocketMessageBrokerStats [MessageBroker-3] WebSocketSession[1 current WS(1)-HttpStream(0)-HttpPoll(0), 15 total, 0 closed abnormally (0 connect failure, 0 send limit, 0 transport error)], stompSubProtocol[processed CONNECT(15)-CONNECTED(15)-DISCONNECT(0)], stompBrokerRelay[null], inboundChannel[pool size = 0, active threads = 0, queued tasks = 0, completed tasks = 132], outboundChannel[pool size = 0, active threads = 0, queued tasks = 0, completed tasks = 29], sockJsScheduler[pool size = 4, active threads = 1, queued tasks = 2, completed tasks = 1249]
2022-09-27 09:47:44,301 INFO org.springframework.web.socket.config.WebSocketMessageBrokerStats [MessageBroker-3] WebSocketSession[0 current WS(0)-HttpStream(0)-HttpPoll(0), 15 total, 0 closed abnormally (0 connect failure, 0 send limit, 0 transport error)], stompSubProtocol[processed CONNECT(15)-CONNECTED(15)-DISCONNECT(0)], stompBrokerRelay[null], inboundChannel[pool size = 0, active threads = 0, queued tasks = 0, completed tasks = 135], outboundChannel[pool size = 0, active threads = 0, queued tasks = 0, completed tasks = 30], sockJsScheduler[pool size = 4, active threads = 1, queued tasks = 1, completed tasks = 1653]
2022-09-27 10:11:36,953 INFO org.springframework.boot.admin.SpringApplicationAdminMXBeanRegistrar$SpringApplicationAdmin [RMI TCP Connection(70)-127.0.0.1] Application shutdown requested.
2022-09-27 10:11:36,956 INFO org.springframework.core.log.CompositeLog [RMI TCP Connection(70)-127.0.0.1] Stopping...
2022-09-27 10:11:36,956 INFO org.springframework.core.log.CompositeLog [RMI TCP Connection(70)-127.0.0.1] BrokerAvailabilityEvent[available=false, SimpleBrokerMessageHandler [org.springframework.messaging.simp.broker.DefaultSubscriptionRegistry@4f9c3ba6]]
2022-09-27 10:11:36,957 INFO org.springframework.core.log.CompositeLog [RMI TCP Connection(70)-127.0.0.1] Stopped.
2022-09-27 10:11:37,105 INFO org.springframework.orm.jpa.AbstractEntityManagerFactoryBean [RMI TCP Connection(70)-127.0.0.1] Closing JPA EntityManagerFactory for persistence unit 'default'
2022-09-27 10:13:03,448 INFO org.springframework.boot.StartupInfoLogger [restartedMain] Starting Qms3Application using Java 17.0.4.1 on DESKTOP-R1VQOLK with PID 10236 (C:\Users\RCS2\eclipse-workspace\QMS\QMS-3\target\classes started by RCS2 in C:\Users\RCS2\eclipse-workspace\QMS\QMS-3)
2022-09-27 10:13:03,452 INFO org.springframework.boot.SpringApplication [restartedMain] No active profile set, falling back to default profiles: default
2022-09-27 10:13:03,696 INFO org.springframework.boot.logging.DeferredLog [restartedMain] Devtools property defaults active! Set 'spring.devtools.add-properties' to 'false' to disable
2022-09-27 10:13:03,696 INFO org.springframework.boot.logging.DeferredLog [restartedMain] For additional web related logging consider setting the 'logging.level.web' property to 'DEBUG'
2022-09-27 10:13:04,658 INFO org.springframework.data.repository.config.RepositoryConfigurationDelegate [restartedMain] Bootstrapping Spring Data JPA repositories in DEFAULT mode.
2022-09-27 10:13:04,732 INFO org.springframework.data.repository.config.RepositoryConfigurationDelegate [restartedMain] Finished Spring Data repository scanning in 66 ms. Found 8 JPA repository interfaces.
2022-09-27 10:13:05,388 INFO org.springframework.boot.web.embedded.tomcat.TomcatWebServer [restartedMain] Tomcat initialized with port(s): 8081 (http)
2022-09-27 10:13:05,470 INFO org.springframework.boot.web.servlet.context.ServletWebServerApplicationContext [restartedMain] Root WebApplicationContext: initialization completed in 1773 ms
2022-09-27 10:13:05,830 INFO org.hibernate.jpa.internal.util.LogHelper [restartedMain] HHH000204: Processing PersistenceUnitInfo [name: default]
2022-09-27 10:13:05,899 INFO org.hibernate.Version [restartedMain] HHH000412: Hibernate ORM core version 5.4.32.Final
2022-09-27 10:13:06,054 INFO org.hibernate.annotations.common.reflection.java.JavaReflectionManager [restartedMain] HCANN000001: Hibernate Commons Annotations {5.1.2.Final}
2022-09-27 10:13:06,373 INFO org.hibernate.dialect.Dialect [restartedMain] HHH000400: Using dialect: org.hibernate.dialect.H2Dialect
2022-09-27 10:13:07,103 INFO org.hibernate.engine.transaction.jta.platform.internal.JtaPlatformInitiator [restartedMain] HHH000490: Using JtaPlatform implementation: [org.hibernate.engine.transaction.jta.platform.internal.NoJtaPlatform]
2022-09-27 10:13:07,111 INFO org.springframework.orm.jpa.AbstractEntityManagerFactoryBean [restartedMain] Initialized JPA EntityManagerFactory for persistence unit 'default'
2022-09-27 10:13:07,447 INFO org.springframework.boot.autoconfigure.h2.H2ConsoleAutoConfiguration [restartedMain] H2 console available at '/h2-console'. Database available at 'jdbc:h2:file:/C:/Users/RCS2/eclipse-workspace/QMS/database/qmsdb'
2022-09-27 10:13:08,053 INFO org.springframework.security.web.DefaultSecurityFilterChain [restartedMain] Will secure Ant [pattern='/resources/**'] with []
2022-09-27 10:13:08,053 INFO org.springframework.security.web.DefaultSecurityFilterChain [restartedMain] Will secure Ant [pattern='/static/**'] with []
2022-09-27 10:13:08,053 INFO org.springframework.security.web.DefaultSecurityFilterChain [restartedMain] Will secure Ant [pattern='/plugins/**'] with []
2022-09-27 10:13:08,054 INFO org.springframework.security.web.DefaultSecurityFilterChain [restartedMain] Will secure Ant [pattern='/css/**'] with []
2022-09-27 10:13:08,054 INFO org.springframework.security.web.DefaultSecurityFilterChain [restartedMain] Will secure Ant [pattern='/js/**'] with []
2022-09-27 10:13:08,054 INFO org.springframework.security.web.DefaultSecurityFilterChain [restartedMain] Will secure Ant [pattern='/assets/**'] with []
2022-09-27 10:13:08,054 INFO org.springframework.security.web.DefaultSecurityFilterChain [restartedMain] Will secure Ant [pattern='/assets/css/**'] with []
2022-09-27 10:13:08,054 INFO org.springframework.security.web.DefaultSecurityFilterChain [restartedMain] Will secure Ant [pattern='/assets/js/**'] with []
2022-09-27 10:13:08,054 INFO org.springframework.security.web.DefaultSecurityFilterChain [restartedMain] Will secure Ant [pattern='/img/**'] with []
2022-09-27 10:13:08,054 INFO org.springframework.security.web.DefaultSecurityFilterChain [restartedMain] Will secure Ant [pattern='/file/**'] with []
2022-09-27 10:13:08,054 INFO org.springframework.security.web.DefaultSecurityFilterChain [restartedMain] Will secure Ant [pattern='/webjars/**'] with []
2022-09-27 10:13:08,055 INFO org.springframework.security.web.DefaultSecurityFilterChain [restartedMain] Will secure Ant [pattern='/h2-console/**'] with []
2022-09-27 10:13:08,085 INFO org.springframework.security.web.DefaultSecurityFilterChain [restartedMain] Will secure any request with [org.springframework.security.web.context.request.async.WebAsyncManagerIntegrationFilter@1402fc1a, org.springframework.security.web.context.SecurityContextPersistenceFilter@73a4f37f, org.springframework.security.web.header.HeaderWriterFilter@6e2c2a05, org.springframework.security.web.csrf.CsrfFilter@5c239f34, org.springframework.security.web.authentication.logout.LogoutFilter@3a23dba5, org.springframework.security.web.authentication.UsernamePasswordAuthenticationFilter@34102011, org.springframework.security.web.savedrequest.RequestCacheAwareFilter@5bcacc3f, org.springframework.security.web.servletapi.SecurityContextHolderAwareRequestFilter@66a2290, org.springframework.security.web.authentication.AnonymousAuthenticationFilter@58783cb2, org.springframework.security.web.session.SessionManagementFilter@223e65d, org.springframework.security.web.access.ExceptionTranslationFilter@25ab55d5, org.springframework.security.web.access.intercept.FilterSecurityInterceptor@6f1b0dfb]
2022-09-27 10:13:09,149 INFO org.springframework.boot.devtools.autoconfigure.OptionalLiveReloadServer [restartedMain] LiveReload server is running on port 35729
2022-09-27 10:13:09,196 INFO org.springframework.boot.web.embedded.tomcat.TomcatWebServer [restartedMain] Tomcat started on port(s): 8081 (http) with context path ''
2022-09-27 10:13:09,198 INFO org.springframework.core.log.CompositeLog [restartedMain] Starting...
2022-09-27 10:13:09,198 INFO org.springframework.core.log.CompositeLog [restartedMain] BrokerAvailabilityEvent[available=true, SimpleBrokerMessageHandler [org.springframework.messaging.simp.broker.DefaultSubscriptionRegistry@fc01344]]
2022-09-27 10:13:09,200 INFO org.springframework.core.log.CompositeLog [restartedMain] Started.
2022-09-27 10:13:09,209 INFO org.springframework.boot.StartupInfoLogger [restartedMain] Started Qms3Application in 6.129 seconds (JVM running for 6.917)
2022-09-27 10:13:15,445 INFO org.springframework.web.servlet.FrameworkServlet [http-nio-8081-exec-1] Initializing Servlet 'dispatcherServlet'
2022-09-27 10:13:15,446 INFO org.springframework.web.servlet.FrameworkServlet [http-nio-8081-exec-1] Completed initialization in 1 ms
2022-09-27 10:13:20,153 INFO com.rcs2.cms.controller.QMSController [http-nio-8081-exec-6] Getting chart data
2022-09-27 10:13:20,201 INFO com.rcs2.cms.controller.QMSController [http-nio-8081-exec-6] result: ChartDTO [thisYear=[null, null, null, null, null, null, null, null, null, null, null, null], lastYear=[null, null, null, null, null, null, null, null, null, null, null, null], pieChartData=[0, 0, 0, 0], servicePieChartData={"1":[0,0,0,0],"2":[0,0,0,0],"7":[0,0,0,0]}]
2022-09-27 10:14:08,150 INFO org.springframework.web.socket.config.WebSocketMessageBrokerStats [MessageBroker-2] WebSocketSession[1 current WS(1)-HttpStream(0)-HttpPoll(0), 1 total, 0 closed abnormally (0 connect failure, 0 send limit, 0 transport error)], stompSubProtocol[processed CONNECT(1)-CONNECTED(1)-DISCONNECT(0)], stompBrokerRelay[null], inboundChannel[pool size = 6, active threads = 0, queued tasks = 0, completed tasks = 6], outboundChannel[pool size = 1, active threads = 0, queued tasks = 0, completed tasks = 1], sockJsScheduler[pool size = 4, active threads = 1, queued tasks = 2, completed tasks = 7]
2022-09-27 10:20:20,455 INFO org.springframework.core.log.CompositeLog [Thread-8] Stopping...
2022-09-27 10:20:20,455 INFO org.springframework.core.log.CompositeLog [Thread-8] BrokerAvailabilityEvent[available=false, SimpleBrokerMessageHandler [org.springframework.messaging.simp.broker.DefaultSubscriptionRegistry@fc01344]]
2022-09-27 10:20:20,456 INFO org.springframework.core.log.CompositeLog [Thread-8] Stopped.
2022-09-27 10:20:20,495 INFO org.springframework.orm.jpa.AbstractEntityManagerFactoryBean [Thread-8] Closing JPA EntityManagerFactory for persistence unit 'default'
2022-09-27 10:20:20,602 INFO org.springframework.boot.StartupInfoLogger [restartedMain] Starting Qms3Application using Java 17.0.4.1 on DESKTOP-R1VQOLK with PID 10236 (C:\Users\RCS2\eclipse-workspace\QMS\QMS-3\target\classes started by RCS2 in C:\Users\RCS2\eclipse-workspace\QMS\QMS-3)
2022-09-27 10:20:20,602 INFO org.springframework.boot.SpringApplication [restartedMain] No active profile set, falling back to default profiles: default
2022-09-27 10:20:20,773 INFO org.springframework.data.repository.config.RepositoryConfigurationDelegate [restartedMain] Bootstrapping Spring Data JPA repositories in DEFAULT mode.
2022-09-27 10:20:20,799 INFO org.springframework.data.repository.config.RepositoryConfigurationDelegate [restartedMain] Finished Spring Data repository scanning in 26 ms. Found 8 JPA repository interfaces.
2022-09-27 10:20:20,917 INFO org.springframework.boot.web.embedded.tomcat.TomcatWebServer [restartedMain] Tomcat initialized with port(s): 8081 (http)
2022-09-27 10:20:20,937 INFO org.springframework.boot.web.servlet.context.ServletWebServerApplicationContext [restartedMain] Root WebApplicationContext: initialization completed in 329 ms
2022-09-27 10:20:20,989 INFO org.hibernate.jpa.internal.util.LogHelper [restartedMain] HHH000204: Processing PersistenceUnitInfo [name: default]
2022-09-27 10:20:21,009 INFO org.hibernate.dialect.Dialect [restartedMain] HHH000400: Using dialect: org.hibernate.dialect.H2Dialect
2022-09-27 10:20:21,121 INFO org.hibernate.engine.transaction.jta.platform.internal.JtaPlatformInitiator [restartedMain] HHH000490: Using JtaPlatform implementation: [org.hibernate.engine.transaction.jta.platform.internal.NoJtaPlatform]
2022-09-27 10:20:21,122 INFO org.springframework.orm.jpa.AbstractEntityManagerFactoryBean [restartedMain] Initialized JPA EntityManagerFactory for persistence unit 'default'
2022-09-27 10:20:21,175 INFO org.springframework.boot.autoconfigure.h2.H2ConsoleAutoConfiguration [restartedMain] H2 console available at '/h2-console'. Database available at 'jdbc:h2:file:/C:/Users/RCS2/eclipse-workspace/QMS/database/qmsdb'
2022-09-27 10:20:21,199 WARN org.apache.juli.logging.DirectJDKLog [restartedMain] Cannot deserialize session attribute [SPRING_SECURITY_CONTEXT] for session [C7EB8DFAB2924E59D435DB6568BF6155]
2022-09-27 10:20:21,528 INFO org.springframework.security.web.DefaultSecurityFilterChain [restartedMain] Will secure Ant [pattern='/resources/**'] with []
2022-09-27 10:20:21,528 INFO org.springframework.security.web.DefaultSecurityFilterChain [restartedMain] Will secure Ant [pattern='/static/**'] with []
2022-09-27 10:20:21,528 INFO org.springframework.security.web.DefaultSecurityFilterChain [restartedMain] Will secure Ant [pattern='/plugins/**'] with []
2022-09-27 10:20:21,529 INFO org.springframework.security.web.DefaultSecurityFilterChain [restartedMain] Will secure Ant [pattern='/css/**'] with []
2022-09-27 10:20:21,529 INFO org.springframework.security.web.DefaultSecurityFilterChain [restartedMain] Will secure Ant [pattern='/js/**'] with []
2022-09-27 10:20:21,529 INFO org.springframework.security.web.DefaultSecurityFilterChain [restartedMain] Will secure Ant [pattern='/assets/**'] with []
2022-09-27 10:20:21,529 INFO org.springframework.security.web.DefaultSecurityFilterChain [restartedMain] Will secure Ant [pattern='/assets/css/**'] with []
2022-09-27 10:20:21,529 INFO org.springframework.security.web.DefaultSecurityFilterChain [restartedMain] Will secure Ant [pattern='/assets/js/**'] with []
2022-09-27 10:20:21,529 INFO org.springframework.security.web.DefaultSecurityFilterChain [restartedMain] Will secure Ant [pattern='/img/**'] with []
2022-09-27 10:20:21,530 INFO org.springframework.security.web.DefaultSecurityFilterChain [restartedMain] Will secure Ant [pattern='/file/**'] with []
2022-09-27 10:20:21,530 INFO org.springframework.security.web.DefaultSecurityFilterChain [restartedMain] Will secure Ant [pattern='/webjars/**'] with []
2022-09-27 10:20:21,530 INFO org.springframework.security.web.DefaultSecurityFilterChain [restartedMain] Will secure Ant [pattern='/h2-console/**'] with []
2022-09-27 10:20:21,539 INFO org.springframework.security.web.DefaultSecurityFilterChain [restartedMain] Will secure any request with [org.springframework.security.web.context.request.async.WebAsyncManagerIntegrationFilter@2d30f6b1, org.springframework.security.web.context.SecurityContextPersistenceFilter@7ee915d7, org.springframework.security.web.header.HeaderWriterFilter@703f4275, org.springframework.security.web.csrf.CsrfFilter@3051d7fb, org.springframework.security.web.authentication.logout.LogoutFilter@59170da2, org.springframework.security.web.authentication.UsernamePasswordAuthenticationFilter@5e146c83, org.springframework.security.web.savedrequest.RequestCacheAwareFilter@6a972907, org.springframework.security.web.servletapi.SecurityContextHolderAwareRequestFilter@6031f2ca, org.springframework.security.web.authentication.AnonymousAuthenticationFilter@10925d05, org.springframework.security.web.session.SessionManagementFilter@4039fc24, org.springframework.security.web.access.ExceptionTranslationFilter@372479d4, org.springframework.security.web.access.intercept.FilterSecurityInterceptor@e925a50]
2022-09-27 10:20:21,834 INFO org.springframework.boot.devtools.autoconfigure.OptionalLiveReloadServer [restartedMain] LiveReload server is running on port 35729
2022-09-27 10:20:21,845 INFO org.springframework.boot.web.embedded.tomcat.TomcatWebServer [restartedMain] Tomcat started on port(s): 8081 (http) with context path ''
2022-09-27 10:20:21,847 INFO org.springframework.core.log.CompositeLog [restartedMain] Starting...
2022-09-27 10:20:21,847 INFO org.springframework.core.log.CompositeLog [restartedMain] BrokerAvailabilityEvent[available=true, SimpleBrokerMessageHandler [org.springframework.messaging.simp.broker.DefaultSubscriptionRegistry@5698607f]]
2022-09-27 10:20:21,848 INFO org.springframework.core.log.CompositeLog [restartedMain] Started.
2022-09-27 10:20:21,852 INFO org.springframework.boot.StartupInfoLogger [restartedMain] Started Qms3Application in 1.28 seconds (JVM running for 439.56)
2022-09-27 10:20:21,855 INFO org.springframework.boot.devtools.autoconfigure.ConditionEvaluationDeltaLoggingListener [restartedMain] Condition evaluation unchanged
2022-09-27 10:21:21,553 INFO org.springframework.web.socket.config.WebSocketMessageBrokerStats [MessageBroker-1] WebSocketSession[0 current WS(0)-HttpStream(0)-HttpPoll(0), 0 total, 0 closed abnormally (0 connect failure, 0 send limit, 0 transport error)], stompSubProtocol[processed CONNECT(0)-CONNECTED(0)-DISCONNECT(0)], stompBrokerRelay[null], inboundChannel[pool size = 0, active threads = 0, queued tasks = 0, completed tasks = 0], outboundChannel[pool size = 0, active threads = 0, queued tasks = 0, completed tasks = 0], sockJsScheduler[pool size = 1, active threads = 1, queued tasks = 0, completed tasks = 0]
2022-09-27 10:22:20,580 INFO org.springframework.web.servlet.FrameworkServlet [http-nio-8081-exec-1] Initializing Servlet 'dispatcherServlet'
2022-09-27 10:22:20,582 INFO org.springframework.web.servlet.FrameworkServlet [http-nio-8081-exec-1] Completed initialization in 1 ms
2022-09-27 10:22:24,389 INFO com.rcs2.cms.controller.QMSController [http-nio-8081-exec-6] Getting chart data
2022-09-27 10:22:24,410 INFO com.rcs2.cms.controller.QMSController [http-nio-8081-exec-6] result: ChartDTO [thisYear=[null, null, null, null, null, null, null, null, null, null, null, null], lastYear=[null, null, null, null, null, null, null, null, null, null, null, null], pieChartData=[0, 0, 0, 0], servicePieChartData={"1":[0,0,0,0],"2":[0,0,0,0],"7":[0,0,0,0]}]
2022-09-27 10:51:21,554 INFO org.springframework.web.socket.config.WebSocketMessageBrokerStats [MessageBroker-2] WebSocketSession[1 current WS(1)-HttpStream(0)-HttpPoll(0), 13 total, 0 closed abnormally (0 connect failure, 0 send limit, 0 transport error)], stompSubProtocol[processed CONNECT(13)-CONNECTED(13)-DISCONNECT(0)], stompBrokerRelay[null], inboundChannel[pool size = 0, active threads = 0, queued tasks = 0, completed tasks = 114], outboundChannel[pool size = 0, active threads = 0, queued tasks = 0, completed tasks = 25], sockJsScheduler[pool size = 4, active threads = 1, queued tasks = 2, completed tasks = 414]
2022-09-27 11:21:21,557 INFO org.springframework.web.socket.config.WebSocketMessageBrokerStats [MessageBroker-2] WebSocketSession[0 current WS(0)-HttpStream(0)-HttpPoll(0), 13 total, 0 closed abnormally (0 connect failure, 0 send limit, 0 transport error)], stompSubProtocol[processed CONNECT(13)-CONNECTED(13)-DISCONNECT(0)], stompBrokerRelay[null], inboundChannel[pool size = 0, active threads = 0, queued tasks = 0, completed tasks = 117], outboundChannel[pool size = 0, active threads = 0, queued tasks = 0, completed tasks = 26], sockJsScheduler[pool size = 4, active threads = 1, queued tasks = 1, completed tasks = 794]
2022-09-27 11:51:21,559 INFO org.springframework.web.socket.config.WebSocketMessageBrokerStats [MessageBroker-2] WebSocketSession[0 current WS(0)-HttpStream(0)-HttpPoll(0), 13 total, 0 closed abnormally (0 connect failure, 0 send limit, 0 transport error)], stompSubProtocol[processed CONNECT(13)-CONNECTED(13)-DISCONNECT(0)], stompBrokerRelay[null], inboundChannel[pool size = 0, active threads = 0, queued tasks = 0, completed tasks = 117], outboundChannel[pool size = 0, active threads = 0, queued tasks = 0, completed tasks = 26], sockJsScheduler[pool size = 4, active threads = 1, queued tasks = 1, completed tasks = 1155]
2022-09-27 12:21:21,561 INFO org.springframework.web.socket.config.WebSocketMessageBrokerStats [MessageBroker-2] WebSocketSession[0 current WS(0)-HttpStream(0)-HttpPoll(0), 13 total, 0 closed abnormally (0 connect failure, 0 send limit, 0 transport error)], stompSubProtocol[processed CONNECT(13)-CONNECTED(13)-DISCONNECT(0)], stompBrokerRelay[null], inboundChannel[pool size = 0, active threads = 0, queued tasks = 0, completed tasks = 117], outboundChannel[pool size = 0, active threads = 0, queued tasks = 0, completed tasks = 26], sockJsScheduler[pool size = 4, active threads = 1, queued tasks = 1, completed tasks = 1516]
2022-09-27 12:51:21,561 INFO org.springframework.web.socket.config.WebSocketMessageBrokerStats [MessageBroker-4] WebSocketSession[0 current WS(0)-HttpStream(0)-HttpPoll(0), 13 total, 0 closed abnormally (0 connect failure, 0 send limit, 0 transport error)], stompSubProtocol[processed CONNECT(13)-CONNECTED(13)-DISCONNECT(0)], stompBrokerRelay[null], inboundChannel[pool size = 0, active threads = 0, queued tasks = 0, completed tasks = 117], outboundChannel[pool size = 0, active threads = 0, queued tasks = 0, completed tasks = 26], sockJsScheduler[pool size = 4, active threads = 1, queued tasks = 1, completed tasks = 1877]
2022-09-27 13:05:20,323 INFO com.rcs2.cms.controller.QMSController [http-nio-8081-exec-9] Getting chart data
2022-09-27 13:05:20,339 INFO com.rcs2.cms.controller.QMSController [http-nio-8081-exec-9] result: ChartDTO [thisYear=[null, null, null, null, null, null, null, null, null, null, null, null], lastYear=[null, null, null, null, null, null, null, null, null, null, null, null], pieChartData=[0, 0, 0, 0], servicePieChartData={"1":[0,0,0,0],"2":[0,0,0,0],"7":[0,0,0,0]}]
2022-09-27 14:46:35,629 INFO org.springframework.boot.StartupInfoLogger [restartedMain] Starting Qms3Application using Java 17.0.4.1 on DESKTOP-R1VQOLK with PID 3372 (C:\Users\RCS2\eclipse-workspace\QMS\QMS-3\target\classes started by RCS2 in C:\Users\RCS2\eclipse-workspace\QMS\QMS-3)
2022-09-27 14:46:35,631 INFO org.springframework.boot.SpringApplication [restartedMain] No active profile set, falling back to default profiles: default
2022-09-27 14:46:35,876 INFO org.springframework.boot.logging.DeferredLog [restartedMain] Devtools property defaults active! Set 'spring.devtools.add-properties' to 'false' to disable
2022-09-27 14:46:35,876 INFO org.springframework.boot.logging.DeferredLog [restartedMain] For additional web related logging consider setting the 'logging.level.web' property to 'DEBUG'
2022-09-27 14:46:36,527 INFO org.springframework.data.repository.config.RepositoryConfigurationDelegate [restartedMain] Bootstrapping Spring Data JPA repositories in DEFAULT mode.
2022-09-27 14:46:36,602 INFO org.springframework.data.repository.config.RepositoryConfigurationDelegate [restartedMain] Finished Spring Data repository scanning in 66 ms. Found 8 JPA repository interfaces.
2022-09-27 14:46:37,260 INFO org.springframework.boot.web.embedded.tomcat.TomcatWebServer [restartedMain] Tomcat initialized with port(s): 8081 (http)
2022-09-27 14:46:37,342 INFO org.springframework.boot.web.servlet.context.ServletWebServerApplicationContext [restartedMain] Root WebApplicationContext: initialization completed in 1465 ms
2022-09-27 14:46:37,708 INFO org.hibernate.jpa.internal.util.LogHelper [restartedMain] HHH000204: Processing PersistenceUnitInfo [name: default]
2022-09-27 14:46:37,771 INFO org.hibernate.Version [restartedMain] HHH000412: Hibernate ORM core version 5.4.32.Final
2022-09-27 14:46:37,928 INFO org.hibernate.annotations.common.reflection.java.JavaReflectionManager [restartedMain] HCANN000001: Hibernate Commons Annotations {5.1.2.Final}
2022-09-27 14:46:38,246 INFO org.hibernate.dialect.Dialect [restartedMain] HHH000400: Using dialect: org.hibernate.dialect.H2Dialect
2022-09-27 14:46:38,988 INFO org.hibernate.engine.transaction.jta.platform.internal.JtaPlatformInitiator [restartedMain] HHH000490: Using JtaPlatform implementation: [org.hibernate.engine.transaction.jta.platform.internal.NoJtaPlatform]
2022-09-27 14:46:38,998 INFO org.springframework.orm.jpa.AbstractEntityManagerFactoryBean [restartedMain] Initialized JPA EntityManagerFactory for persistence unit 'default'
2022-09-27 14:46:39,388 INFO org.springframework.boot.autoconfigure.h2.H2ConsoleAutoConfiguration [restartedMain] H2 console available at '/h2-console'. Database available at 'jdbc:h2:file:/C:/Users/RCS2/eclipse-workspace/QMS/database/qmsdb'
2022-09-27 14:46:39,970 INFO org.springframework.security.web.DefaultSecurityFilterChain [restartedMain] Will secure Ant [pattern='/resources/**'] with []
2022-09-27 14:46:39,971 INFO org.springframework.security.web.DefaultSecurityFilterChain [restartedMain] Will secure Ant [pattern='/static/**'] with []
2022-09-27 14:46:39,971 INFO org.springframework.security.web.DefaultSecurityFilterChain [restartedMain] Will secure Ant [pattern='/plugins/**'] with []
2022-09-27 14:46:39,971 INFO org.springframework.security.web.DefaultSecurityFilterChain [restartedMain] Will secure Ant [pattern='/css/**'] with []
2022-09-27 14:46:39,971 INFO org.springframework.security.web.DefaultSecurityFilterChain [restartedMain] Will secure Ant [pattern='/js/**'] with []
2022-09-27 14:46:39,972 INFO org.springframework.security.web.DefaultSecurityFilterChain [restartedMain] Will secure Ant [pattern='/assets/**'] with []
2022-09-27 14:46:39,972 INFO org.springframework.security.web.DefaultSecurityFilterChain [restartedMain] Will secure Ant [pattern='/assets/css/**'] with []
2022-09-27 14:46:39,972 INFO org.springframework.security.web.DefaultSecurityFilterChain [restartedMain] Will secure Ant [pattern='/assets/js/**'] with []
2022-09-27 14:46:39,972 INFO org.springframework.security.web.DefaultSecurityFilterChain [restartedMain] Will secure Ant [pattern='/img/**'] with []
2022-09-27 14:46:39,972 INFO org.springframework.security.web.DefaultSecurityFilterChain [restartedMain] Will secure Ant [pattern='/file/**'] with []
2022-09-27 14:46:39,972 INFO org.springframework.security.web.DefaultSecurityFilterChain [restartedMain] Will secure Ant [pattern='/webjars/**'] with []
2022-09-27 14:46:39,972 INFO org.springframework.security.web.DefaultSecurityFilterChain [restartedMain] Will secure Ant [pattern='/h2-console/**'] with []
2022-09-27 14:46:40,003 INFO org.springframework.security.web.DefaultSecurityFilterChain [restartedMain] Will secure any request with [org.springframework.security.web.context.request.async.WebAsyncManagerIntegrationFilter@6dc24fe6, org.springframework.security.web.context.SecurityContextPersistenceFilter@62b78872, org.springframework.security.web.header.HeaderWriterFilter@78cf80e3, org.springframework.security.web.csrf.CsrfFilter@575c453d, org.springframework.security.web.authentication.logout.LogoutFilter@799f108b, org.springframework.security.web.authentication.UsernamePasswordAuthenticationFilter@37de1d79, org.springframework.security.web.savedrequest.RequestCacheAwareFilter@59bf3a56, org.springframework.security.web.servletapi.SecurityContextHolderAwareRequestFilter@36be906a, org.springframework.security.web.authentication.AnonymousAuthenticationFilter@7b4790de, org.springframework.security.web.session.SessionManagementFilter@6374c21d, org.springframework.security.web.access.ExceptionTranslationFilter@2e3251c0, org.springframework.security.web.access.intercept.FilterSecurityInterceptor@66306bd0]
2022-09-27 14:46:40,920 INFO org.springframework.boot.devtools.autoconfigure.OptionalLiveReloadServer [restartedMain] LiveReload server is running on port 35729
2022-09-27 14:46:40,965 INFO org.springframework.boot.web.embedded.tomcat.TomcatWebServer [restartedMain] Tomcat started on port(s): 8081 (http) with context path ''
2022-09-27 14:46:40,967 INFO org.springframework.core.log.CompositeLog [restartedMain] Starting...
2022-09-27 14:46:40,967 INFO org.springframework.core.log.CompositeLog [restartedMain] BrokerAvailabilityEvent[available=true, SimpleBrokerMessageHandler [org.springframework.messaging.simp.broker.DefaultSubscriptionRegistry@cac01da]]
2022-09-27 14:46:40,968 INFO org.springframework.core.log.CompositeLog [restartedMain] Started.
2022-09-27 14:46:40,978 INFO org.springframework.boot.StartupInfoLogger [restartedMain] Started Qms3Application in 5.652 seconds (JVM running for 6.507)
2022-09-27 14:47:05,095 INFO org.springframework.web.servlet.FrameworkServlet [http-nio-8081-exec-1] Initializing Servlet 'dispatcherServlet'
2022-09-27 14:47:05,097 INFO org.springframework.web.servlet.FrameworkServlet [http-nio-8081-exec-1] Completed initialization in 2 ms
2022-09-27 14:47:10,246 INFO com.rcs2.cms.controller.QMSController [http-nio-8081-exec-7] Getting chart data
2022-09-27 14:47:10,294 INFO com.rcs2.cms.controller.QMSController [http-nio-8081-exec-7] result: ChartDTO [thisYear=[null, null, null, null, null, null, null, null, null, null, null, null], lastYear=[null, null, null, null, null, null, null, null, null, null, null, null], pieChartData=[0, 0, 0, 0], servicePieChartData={"1":[0,0,0,0],"2":[0,0,0,0],"7":[0,0,0,0]}]
2022-09-27 14:47:40,067 INFO org.springframework.web.socket.config.WebSocketMessageBrokerStats [MessageBroker-1] WebSocketSession[1 current WS(1)-HttpStream(0)-HttpPoll(0), 1 total, 0 closed abnormally (0 connect failure, 0 send limit, 0 transport error)], stompSubProtocol[processed CONNECT(1)-CONNECTED(1)-DISCONNECT(0)], stompBrokerRelay[null], inboundChannel[pool size = 6, active threads = 0, queued tasks = 0, completed tasks = 6], outboundChannel[pool size = 1, active threads = 0, queued tasks = 0, completed tasks = 1], sockJsScheduler[pool size = 4, active threads = 1, queued tasks = 2, completed tasks = 5]
2022-09-27 15:17:40,069 INFO org.springframework.web.socket.config.WebSocketMessageBrokerStats [MessageBroker-1] WebSocketSession[1 current WS(1)-HttpStream(0)-HttpPoll(0), 24 total, 0 closed abnormally (0 connect failure, 0 send limit, 0 transport error)], stompSubProtocol[processed CONNECT(24)-CONNECTED(24)-DISCONNECT(0)], stompBrokerRelay[null], inboundChannel[pool size = 0, active threads = 0, queued tasks = 0, completed tasks = 213], outboundChannel[pool size = 0, active threads = 0, queued tasks = 0, completed tasks = 47], sockJsScheduler[pool size = 4, active threads = 1, queued tasks = 2, completed tasks = 428]
2022-09-27 15:20:28,791 INFO com.rcs2.cms.controller.QMSController [http-nio-8081-exec-10] Getting chart data
2022-09-27 15:20:28,804 INFO com.rcs2.cms.controller.QMSController [http-nio-8081-exec-10] result: ChartDTO [thisYear=[null, null, null, null, null, null, null, null, null, null, null, null], lastYear=[null, null, null, null, null, null, null, null, null, null, null, null], pieChartData=[0, 0, 0, 0], servicePieChartData={"1":[0,0,0,0],"2":[0,0,0,0],"7":[0,0,0,0]}]
2022-09-27 15:47:38,366 INFO org.springframework.web.socket.config.WebSocketMessageBrokerStats [MessageBroker-1] WebSocketSession[1 current WS(1)-HttpStream(0)-HttpPoll(0), 34 total, 0 closed abnormally (0 connect failure, 0 send limit, 0 transport error)], stompSubProtocol[processed CONNECT(34)-CONNECTED(34)-DISCONNECT(0)], stompBrokerRelay[null], inboundChannel[pool size = 0, active threads = 0, queued tasks = 0, completed tasks = 303], outboundChannel[pool size = 0, active threads = 0, queued tasks = 0, completed tasks = 67], sockJsScheduler[pool size = 4, active threads = 1, queued tasks = 2, completed tasks = 857]
2022-09-27 16:17:38,367 INFO org.springframework.web.socket.config.WebSocketMessageBrokerStats [MessageBroker-3] WebSocketSession[1 current WS(1)-HttpStream(0)-HttpPoll(0), 53 total, 0 closed abnormally (0 connect failure, 0 send limit, 0 transport error)], stompSubProtocol[processed CONNECT(53)-CONNECTED(53)-DISCONNECT(0)], stompBrokerRelay[null], inboundChannel[pool size = 8, active threads = 0, queued tasks = 0, completed tasks = 474], outboundChannel[pool size = 4, active threads = 0, queued tasks = 0, completed tasks = 105], sockJsScheduler[pool size = 4, active threads = 1, queued tasks = 2, completed tasks = 1281]
2022-09-27 16:47:38,369 INFO org.springframework.web.socket.config.WebSocketMessageBrokerStats [MessageBroker-4] WebSocketSession[1 current WS(1)-HttpStream(0)-HttpPoll(0), 65 total, 0 closed abnormally (0 connect failure, 0 send limit, 0 transport error)], stompSubProtocol[processed CONNECT(65)-CONNECTED(65)-DISCONNECT(0)], stompBrokerRelay[null], inboundChannel[pool size = 0, active threads = 0, queued tasks = 0, completed tasks = 582], outboundChannel[pool size = 0, active threads = 0, queued tasks = 0, completed tasks = 129], sockJsScheduler[pool size = 4, active threads = 1, queued tasks = 2, completed tasks = 1708]
2022-09-27 17:17:38,372 INFO org.springframework.web.socket.config.WebSocketMessageBrokerStats [MessageBroker-3] WebSocketSession[0 current WS(0)-HttpStream(0)-HttpPoll(0), 65 total, 0 closed abnormally (0 connect failure, 0 send limit, 0 transport error)], stompSubProtocol[processed CONNECT(65)-CONNECTED(65)-DISCONNECT(0)], stompBrokerRelay[null], inboundChannel[pool size = 0, active threads = 0, queued tasks = 0, completed tasks = 585], outboundChannel[pool size = 0, active threads = 0, queued tasks = 0, completed tasks = 130], sockJsScheduler[pool size = 4, active threads = 1, queued tasks = 1, completed tasks = 2098]
2022-09-27 17:26:15,215 INFO com.rcs2.cms.controller.QMSController [http-nio-8081-exec-4] Getting chart data
2022-09-27 17:26:15,222 INFO com.rcs2.cms.controller.QMSController [http-nio-8081-exec-4] result: ChartDTO [thisYear=[null, null, null, null, null, null, null, null, null, null, null, null], lastYear=[null, null, null, null, null, null, null, null, null, null, null, null], pieChartData=[0, 0, 0, 0], servicePieChartData={"1":[0,0,0,0],"2":[0,0,0,0],"7":[0,0,0,0]}]
2022-09-27 17:27:03,123 INFO org.springframework.boot.admin.SpringApplicationAdminMXBeanRegistrar$SpringApplicationAdmin [RMI TCP Connection(117)-127.0.0.1] Application shutdown requested.
2022-09-27 17:27:03,128 INFO org.springframework.core.log.CompositeLog [RMI TCP Connection(117)-127.0.0.1] Stopping...
2022-09-27 17:27:03,128 INFO org.springframework.core.log.CompositeLog [RMI TCP Connection(117)-127.0.0.1] BrokerAvailabilityEvent[available=false, SimpleBrokerMessageHandler [org.springframework.messaging.simp.broker.DefaultSubscriptionRegistry@cac01da]]
2022-09-27 17:27:03,129 INFO org.springframework.core.log.CompositeLog [RMI TCP Connection(117)-127.0.0.1] Stopped.
2022-09-27 17:27:03,164 INFO org.springframework.orm.jpa.AbstractEntityManagerFactoryBean [RMI TCP Connection(117)-127.0.0.1] Closing JPA EntityManagerFactory for persistence unit 'default'
