2023-04-20 12:02:24,956 INFO org.springframework.boot.StartupInfoLogger [restartedMain] Starting Qms3Application using Java 17.0.2 on Nayani with PID 15908 (C:\Users\R & D\eclipse-workspace\OSS\OSS\target\classes started by R & D in C:\Users\R & D\eclipse-workspace\OSS\OSS)
2023-04-20 12:02:24,959 DEBUG org.springframework.boot.StartupInfoLogger [restartedMain] Running with Spring Boot v2.5.2, Spring v5.3.8
2023-04-20 12:02:24,959 INFO org.springframework.boot.SpringApplication [restartedMain] No active profile set, falling back to default profiles: default
2023-04-20 12:02:25,240 INFO org.springframework.boot.logging.DeferredLog [restartedMain] Devtools property defaults active! Set 'spring.devtools.add-properties' to 'false' to disable
2023-04-20 12:02:25,241 INFO org.springframework.boot.logging.DeferredLog [restartedMain] For additional web related logging consider setting the 'logging.level.web' property to 'DEBUG'
2023-04-20 12:02:27,007 INFO org.springframework.data.repository.config.RepositoryConfigurationDelegate [restartedMain] Bootstrapping Spring Data JPA repositories in DEFAULT mode.
2023-04-20 12:02:27,104 INFO org.springframework.data.repository.config.RepositoryConfigurationDelegate [restartedMain] Finished Spring Data repository scanning in 88 ms. Found 4 JPA repository interfaces.
2023-04-20 12:02:28,053 INFO org.springframework.boot.web.embedded.tomcat.TomcatWebServer [restartedMain] Tomcat initialized with port(s): 2020 (http)
2023-04-20 12:02:28,148 INFO org.springframework.boot.web.servlet.context.ServletWebServerApplicationContext [restartedMain] Root WebApplicationContext: initialization completed in 2907 ms
2023-04-20 12:02:28,354 INFO org.springframework.boot.autoconfigure.h2.H2ConsoleAutoConfiguration [restartedMain] H2 console available at '/h2-console'. Database available at 'jdbc:mysql://localhost:3308/test'
2023-04-20 12:02:28,705 INFO org.hibernate.jpa.internal.util.LogHelper [restartedMain] HHH000204: Processing PersistenceUnitInfo [name: default]
2023-04-20 12:02:28,752 INFO org.hibernate.Version [restartedMain] HHH000412: Hibernate ORM core version 5.4.32.Final
2023-04-20 12:02:28,881 INFO org.hibernate.annotations.common.reflection.java.JavaReflectionManager [restartedMain] HCANN000001: Hibernate Commons Annotations {5.1.2.Final}
2023-04-20 12:02:28,987 INFO org.hibernate.dialect.Dialect [restartedMain] HHH000400: Using dialect: org.hibernate.dialect.MySQL5InnoDBDialect
2023-04-20 12:02:29,822 INFO org.hibernate.engine.transaction.jta.platform.internal.JtaPlatformInitiator [restartedMain] HHH000490: Using JtaPlatform implementation: [org.hibernate.engine.transaction.jta.platform.internal.NoJtaPlatform]
2023-04-20 12:02:29,834 INFO org.springframework.orm.jpa.AbstractEntityManagerFactoryBean [restartedMain] Initialized JPA EntityManagerFactory for persistence unit 'default'
2023-04-20 12:02:30,591 INFO org.springframework.security.web.DefaultSecurityFilterChain [restartedMain] Will secure Ant [pattern='/resources/**'] with []
2023-04-20 12:02:30,592 INFO org.springframework.security.web.DefaultSecurityFilterChain [restartedMain] Will secure Ant [pattern='/static/**'] with []
2023-04-20 12:02:30,592 INFO org.springframework.security.web.DefaultSecurityFilterChain [restartedMain] Will secure Ant [pattern='/vendor/**'] with []
2023-04-20 12:02:30,592 INFO org.springframework.security.web.DefaultSecurityFilterChain [restartedMain] Will secure Ant [pattern='/css/**'] with []
2023-04-20 12:02:30,593 INFO org.springframework.security.web.DefaultSecurityFilterChain [restartedMain] Will secure Ant [pattern='/js/**'] with []
2023-04-20 12:02:30,593 INFO org.springframework.security.web.DefaultSecurityFilterChain [restartedMain] Will secure Ant [pattern='/img/**'] with []
2023-04-20 12:02:30,593 INFO org.springframework.security.web.DefaultSecurityFilterChain [restartedMain] Will secure Ant [pattern='/file/**'] with []
2023-04-20 12:02:30,593 INFO org.springframework.security.web.DefaultSecurityFilterChain [restartedMain] Will secure Ant [pattern='/webjars/**'] with []
2023-04-20 12:02:30,626 INFO org.springframework.security.web.DefaultSecurityFilterChain [restartedMain] Will secure any request with [org.springframework.security.web.context.request.async.WebAsyncManagerIntegrationFilter@4de658a0, org.springframework.security.web.context.SecurityContextPersistenceFilter@52c083e5, org.springframework.security.web.header.HeaderWriterFilter@4819afd4, org.springframework.security.web.csrf.CsrfFilter@10337fd7, org.springframework.security.web.authentication.logout.LogoutFilter@4d4741f0, org.springframework.security.web.authentication.UsernamePasswordAuthenticationFilter@2025121e, org.springframework.security.web.savedrequest.RequestCacheAwareFilter@2c76b830, org.springframework.security.web.servletapi.SecurityContextHolderAwareRequestFilter@3c43d938, org.springframework.security.web.authentication.AnonymousAuthenticationFilter@7db3993d, org.springframework.security.web.session.SessionManagementFilter@501921ba, org.springframework.security.web.access.ExceptionTranslationFilter@2d786c8c, org.springframework.security.web.access.intercept.FilterSecurityInterceptor@4dab8aa1]
2023-04-20 12:02:30,990 INFO org.springframework.boot.autoconfigure.web.servlet.WelcomePageHandlerMapping [restartedMain] Adding welcome page template: index
2023-04-20 12:02:31,911 INFO org.springframework.boot.devtools.autoconfigure.OptionalLiveReloadServer [restartedMain] LiveReload server is running on port 35729
2023-04-20 12:02:31,977 INFO org.springframework.boot.web.embedded.tomcat.TomcatWebServer [restartedMain] Tomcat started on port(s): 2020 (http) with context path ''
2023-04-20 12:02:31,980 INFO org.springframework.core.log.CompositeLog [restartedMain] Starting...
2023-04-20 12:02:31,980 INFO org.springframework.core.log.CompositeLog [restartedMain] BrokerAvailabilityEvent[available=true, SimpleBrokerMessageHandler [org.springframework.messaging.simp.broker.DefaultSubscriptionRegistry@25d4c8a9]]
2023-04-20 12:02:31,981 INFO org.springframework.core.log.CompositeLog [restartedMain] Started.
2023-04-20 12:02:31,990 INFO org.springframework.boot.StartupInfoLogger [restartedMain] Started Qms3Application in 7.502 seconds (JVM running for 8.626)
2023-04-20 12:02:57,144 INFO org.springframework.web.servlet.FrameworkServlet [http-nio-2020-exec-1] Initializing Servlet 'dispatcherServlet'
2023-04-20 12:02:57,144 INFO org.springframework.web.servlet.FrameworkServlet [http-nio-2020-exec-1] Completed initialization in 0 ms
2023-04-20 12:03:30,818 INFO org.springframework.web.socket.config.WebSocketMessageBrokerStats [MessageBroker-1] WebSocketSession[0 current WS(0)-HttpStream(0)-HttpPoll(0), 0 total, 0 closed abnormally (0 connect failure, 0 send limit, 0 transport error)], stompSubProtocol[processed CONNECT(0)-CONNECTED(0)-DISCONNECT(0)], stompBrokerRelay[null], inboundChannel[pool size = 0, active threads = 0, queued tasks = 0, completed tasks = 0], outboundChannel[pool size = 0, active threads = 0, queued tasks = 0, completed tasks = 0], sockJsScheduler[pool size = 1, active threads = 1, queued tasks = 0, completed tasks = 0]
2023-04-20 12:19:36,486 INFO org.springframework.core.log.CompositeLog [Thread-7] Stopping...
2023-04-20 12:19:36,486 INFO org.springframework.core.log.CompositeLog [Thread-7] BrokerAvailabilityEvent[available=false, SimpleBrokerMessageHandler [org.springframework.messaging.simp.broker.DefaultSubscriptionRegistry@25d4c8a9]]
2023-04-20 12:19:36,487 INFO org.springframework.core.log.CompositeLog [Thread-7] Stopped.
2023-04-20 12:19:36,521 INFO org.springframework.orm.jpa.AbstractEntityManagerFactoryBean [Thread-7] Closing JPA EntityManagerFactory for persistence unit 'default'
2023-04-20 12:19:36,652 INFO org.springframework.boot.StartupInfoLogger [restartedMain] Starting Qms3Application using Java 17.0.2 on Nayani with PID 15908 (C:\Users\R & D\eclipse-workspace\OSS\OSS\target\classes started by R & D in C:\Users\R & D\eclipse-workspace\OSS\OSS)
2023-04-20 12:19:36,652 DEBUG org.springframework.boot.StartupInfoLogger [restartedMain] Running with Spring Boot v2.5.2, Spring v5.3.8
2023-04-20 12:19:36,652 INFO org.springframework.boot.SpringApplication [restartedMain] No active profile set, falling back to default profiles: default
2023-04-20 12:19:36,883 INFO org.springframework.data.repository.config.RepositoryConfigurationDelegate [restartedMain] Bootstrapping Spring Data JPA repositories in DEFAULT mode.
2023-04-20 12:19:36,906 INFO org.springframework.data.repository.config.RepositoryConfigurationDelegate [restartedMain] Finished Spring Data repository scanning in 21 ms. Found 4 JPA repository interfaces.
2023-04-20 12:19:37,071 INFO org.springframework.boot.web.embedded.tomcat.TomcatWebServer [restartedMain] Tomcat initialized with port(s): 2020 (http)
2023-04-20 12:19:37,096 INFO org.springframework.boot.web.servlet.context.ServletWebServerApplicationContext [restartedMain] Root WebApplicationContext: initialization completed in 436 ms
2023-04-20 12:19:37,123 INFO org.springframework.boot.autoconfigure.h2.H2ConsoleAutoConfiguration [restartedMain] H2 console available at '/h2-console'. Database available at 'jdbc:mysql://localhost:3308/test'
2023-04-20 12:19:37,191 INFO org.hibernate.jpa.internal.util.LogHelper [restartedMain] HHH000204: Processing PersistenceUnitInfo [name: default]
2023-04-20 12:19:37,197 INFO org.hibernate.dialect.Dialect [restartedMain] HHH000400: Using dialect: org.hibernate.dialect.MySQL5InnoDBDialect
2023-04-20 12:19:37,285 INFO org.hibernate.engine.transaction.jta.platform.internal.JtaPlatformInitiator [restartedMain] HHH000490: Using JtaPlatform implementation: [org.hibernate.engine.transaction.jta.platform.internal.NoJtaPlatform]
2023-04-20 12:19:37,285 INFO org.springframework.orm.jpa.AbstractEntityManagerFactoryBean [restartedMain] Initialized JPA EntityManagerFactory for persistence unit 'default'
2023-04-20 12:19:37,513 INFO org.springframework.security.web.DefaultSecurityFilterChain [restartedMain] Will secure Ant [pattern='/resources/**'] with []
2023-04-20 12:19:37,513 INFO org.springframework.security.web.DefaultSecurityFilterChain [restartedMain] Will secure Ant [pattern='/static/**'] with []
2023-04-20 12:19:37,513 INFO org.springframework.security.web.DefaultSecurityFilterChain [restartedMain] Will secure Ant [pattern='/vendor/**'] with []
2023-04-20 12:19:37,513 INFO org.springframework.security.web.DefaultSecurityFilterChain [restartedMain] Will secure Ant [pattern='/css/**'] with []
2023-04-20 12:19:37,514 INFO org.springframework.security.web.DefaultSecurityFilterChain [restartedMain] Will secure Ant [pattern='/js/**'] with []
2023-04-20 12:19:37,514 INFO org.springframework.security.web.DefaultSecurityFilterChain [restartedMain] Will secure Ant [pattern='/img/**'] with []
2023-04-20 12:19:37,514 INFO org.springframework.security.web.DefaultSecurityFilterChain [restartedMain] Will secure Ant [pattern='/file/**'] with []
2023-04-20 12:19:37,514 INFO org.springframework.security.web.DefaultSecurityFilterChain [restartedMain] Will secure Ant [pattern='/webjars/**'] with []
2023-04-20 12:19:37,528 INFO org.springframework.security.web.DefaultSecurityFilterChain [restartedMain] Will secure any request with [org.springframework.security.web.context.request.async.WebAsyncManagerIntegrationFilter@5c6d610e, org.springframework.security.web.context.SecurityContextPersistenceFilter@641d422d, org.springframework.security.web.header.HeaderWriterFilter@8a7ca4d, org.springframework.security.web.csrf.CsrfFilter@1d86291b, org.springframework.security.web.authentication.logout.LogoutFilter@1402c5f7, org.springframework.security.web.authentication.UsernamePasswordAuthenticationFilter@1372e9d4, org.springframework.security.web.savedrequest.RequestCacheAwareFilter@1f295c6b, org.springframework.security.web.servletapi.SecurityContextHolderAwareRequestFilter@296a1861, org.springframework.security.web.authentication.AnonymousAuthenticationFilter@5f3753b5, org.springframework.security.web.session.SessionManagementFilter@487f74c8, org.springframework.security.web.access.ExceptionTranslationFilter@63230d88, org.springframework.security.web.access.intercept.FilterSecurityInterceptor@58826dc0]
2023-04-20 12:19:37,631 INFO org.springframework.boot.autoconfigure.web.servlet.WelcomePageHandlerMapping [restartedMain] Adding welcome page template: index
2023-04-20 12:19:37,970 INFO org.springframework.boot.devtools.autoconfigure.OptionalLiveReloadServer [restartedMain] LiveReload server is running on port 35729
2023-04-20 12:19:37,984 INFO org.springframework.boot.web.embedded.tomcat.TomcatWebServer [restartedMain] Tomcat started on port(s): 2020 (http) with context path ''
2023-04-20 12:19:37,986 INFO org.springframework.core.log.CompositeLog [restartedMain] Starting...
2023-04-20 12:19:37,986 INFO org.springframework.core.log.CompositeLog [restartedMain] BrokerAvailabilityEvent[available=true, SimpleBrokerMessageHandler [org.springframework.messaging.simp.broker.DefaultSubscriptionRegistry@8129eb3]]
2023-04-20 12:19:37,987 INFO org.springframework.core.log.CompositeLog [restartedMain] Started.
2023-04-20 12:19:37,992 INFO org.springframework.boot.StartupInfoLogger [restartedMain] Started Qms3Application in 1.4 seconds (JVM running for 1034.628)
2023-04-20 12:19:37,997 INFO org.springframework.boot.devtools.autoconfigure.ConditionEvaluationDeltaLoggingListener [restartedMain] Condition evaluation unchanged
2023-04-20 12:19:38,312 INFO org.springframework.web.servlet.FrameworkServlet [http-nio-2020-exec-1] Initializing Servlet 'dispatcherServlet'
2023-04-20 12:19:38,313 INFO org.springframework.web.servlet.FrameworkServlet [http-nio-2020-exec-1] Completed initialization in 1 ms
2023-04-20 12:20:37,583 INFO org.springframework.web.socket.config.WebSocketMessageBrokerStats [MessageBroker-1] WebSocketSession[0 current WS(0)-HttpStream(0)-HttpPoll(0), 0 total, 0 closed abnormally (0 connect failure, 0 send limit, 0 transport error)], stompSubProtocol[processed CONNECT(0)-CONNECTED(0)-DISCONNECT(0)], stompBrokerRelay[null], inboundChannel[pool size = 0, active threads = 0, queued tasks = 0, completed tasks = 0], outboundChannel[pool size = 0, active threads = 0, queued tasks = 0, completed tasks = 0], sockJsScheduler[pool size = 1, active threads = 1, queued tasks = 0, completed tasks = 0]
2023-04-20 12:50:37,596 INFO org.springframework.web.socket.config.WebSocketMessageBrokerStats [MessageBroker-1] WebSocketSession[0 current WS(0)-HttpStream(0)-HttpPoll(0), 0 total, 0 closed abnormally (0 connect failure, 0 send limit, 0 transport error)], stompSubProtocol[processed CONNECT(0)-CONNECTED(0)-DISCONNECT(0)], stompBrokerRelay[null], inboundChannel[pool size = 0, active threads = 0, queued tasks = 0, completed tasks = 0], outboundChannel[pool size = 0, active threads = 0, queued tasks = 0, completed tasks = 0], sockJsScheduler[pool size = 2, active threads = 1, queued tasks = 0, completed tasks = 1]
2023-04-20 13:20:37,605 INFO org.springframework.web.socket.config.WebSocketMessageBrokerStats [MessageBroker-2] WebSocketSession[0 current WS(0)-HttpStream(0)-HttpPoll(0), 0 total, 0 closed abnormally (0 connect failure, 0 send limit, 0 transport error)], stompSubProtocol[processed CONNECT(0)-CONNECTED(0)-DISCONNECT(0)], stompBrokerRelay[null], inboundChannel[pool size = 0, active threads = 0, queued tasks = 0, completed tasks = 0], outboundChannel[pool size = 0, active threads = 0, queued tasks = 0, completed tasks = 0], sockJsScheduler[pool size = 3, active threads = 1, queued tasks = 0, completed tasks = 2]
2023-04-20 13:36:19,884 INFO org.springframework.core.log.CompositeLog [Thread-9] Stopping...
2023-04-20 13:36:19,884 INFO org.springframework.core.log.CompositeLog [Thread-9] BrokerAvailabilityEvent[available=false, SimpleBrokerMessageHandler [org.springframework.messaging.simp.broker.DefaultSubscriptionRegistry@8129eb3]]
2023-04-20 13:36:19,885 INFO org.springframework.core.log.CompositeLog [Thread-9] Stopped.
2023-04-20 13:36:19,906 INFO org.springframework.orm.jpa.AbstractEntityManagerFactoryBean [Thread-9] Closing JPA EntityManagerFactory for persistence unit 'default'
2023-04-20 13:36:19,999 INFO org.springframework.boot.StartupInfoLogger [restartedMain] Starting Qms3Application using Java 17.0.2 on Nayani with PID 15908 (C:\Users\R & D\eclipse-workspace\OSS\OSS\target\classes started by R & D in C:\Users\R & D\eclipse-workspace\OSS\OSS)
2023-04-20 13:36:19,999 DEBUG org.springframework.boot.StartupInfoLogger [restartedMain] Running with Spring Boot v2.5.2, Spring v5.3.8
2023-04-20 13:36:19,999 INFO org.springframework.boot.SpringApplication [restartedMain] No active profile set, falling back to default profiles: default
2023-04-20 13:36:20,199 INFO org.springframework.data.repository.config.RepositoryConfigurationDelegate [restartedMain] Bootstrapping Spring Data JPA repositories in DEFAULT mode.
2023-04-20 13:36:20,220 INFO org.springframework.data.repository.config.RepositoryConfigurationDelegate [restartedMain] Finished Spring Data repository scanning in 20 ms. Found 4 JPA repository interfaces.
2023-04-20 13:36:20,363 INFO org.springframework.boot.web.embedded.tomcat.TomcatWebServer [restartedMain] Tomcat initialized with port(s): 2020 (http)
2023-04-20 13:36:20,387 INFO org.springframework.boot.web.servlet.context.ServletWebServerApplicationContext [restartedMain] Root WebApplicationContext: initialization completed in 382 ms
2023-04-20 13:36:20,409 INFO org.springframework.boot.autoconfigure.h2.H2ConsoleAutoConfiguration [restartedMain] H2 console available at '/h2-console'. Database available at 'jdbc:mysql://localhost:3308/test'
2023-04-20 13:36:20,434 WARN org.apache.juli.logging.DirectJDKLog [restartedMain] Cannot deserialize session attribute [SPRING_SECURITY_CONTEXT] for session [160D861FEAE3F9F418FAB8FA15DDA77F]
2023-04-20 13:36:20,472 INFO org.hibernate.jpa.internal.util.LogHelper [restartedMain] HHH000204: Processing PersistenceUnitInfo [name: default]
2023-04-20 13:36:20,479 INFO org.hibernate.dialect.Dialect [restartedMain] HHH000400: Using dialect: org.hibernate.dialect.MySQL5InnoDBDialect
2023-04-20 13:36:20,675 INFO org.hibernate.engine.transaction.jta.platform.internal.JtaPlatformInitiator [restartedMain] HHH000490: Using JtaPlatform implementation: [org.hibernate.engine.transaction.jta.platform.internal.NoJtaPlatform]
2023-04-20 13:36:20,675 INFO org.springframework.orm.jpa.AbstractEntityManagerFactoryBean [restartedMain] Initialized JPA EntityManagerFactory for persistence unit 'default'
2023-04-20 13:36:21,012 INFO org.springframework.security.web.DefaultSecurityFilterChain [restartedMain] Will secure Ant [pattern='/resources/**'] with []
2023-04-20 13:36:21,013 INFO org.springframework.security.web.DefaultSecurityFilterChain [restartedMain] Will secure Ant [pattern='/static/**'] with []
2023-04-20 13:36:21,013 INFO org.springframework.security.web.DefaultSecurityFilterChain [restartedMain] Will secure Ant [pattern='/vendor/**'] with []
2023-04-20 13:36:21,013 INFO org.springframework.security.web.DefaultSecurityFilterChain [restartedMain] Will secure Ant [pattern='/css/**'] with []
2023-04-20 13:36:21,013 INFO org.springframework.security.web.DefaultSecurityFilterChain [restartedMain] Will secure Ant [pattern='/js/**'] with []
2023-04-20 13:36:21,013 INFO org.springframework.security.web.DefaultSecurityFilterChain [restartedMain] Will secure Ant [pattern='/file/**'] with []
2023-04-20 13:36:21,013 INFO org.springframework.security.web.DefaultSecurityFilterChain [restartedMain] Will secure Ant [pattern='/webjars/**'] with []
2023-04-20 13:36:21,027 INFO org.springframework.security.web.DefaultSecurityFilterChain [restartedMain] Will secure any request with [org.springframework.security.web.context.request.async.WebAsyncManagerIntegrationFilter@4e211eec, org.springframework.security.web.context.SecurityContextPersistenceFilter@70c4acf1, org.springframework.security.web.header.HeaderWriterFilter@50df914d, org.springframework.security.web.csrf.CsrfFilter@2d834cfa, org.springframework.security.web.authentication.logout.LogoutFilter@14501202, org.springframework.security.web.authentication.UsernamePasswordAuthenticationFilter@641275b3, org.springframework.security.web.savedrequest.RequestCacheAwareFilter@1452a4c9, org.springframework.security.web.servletapi.SecurityContextHolderAwareRequestFilter@38ab0af7, org.springframework.security.web.authentication.AnonymousAuthenticationFilter@3d0cd3c3, org.springframework.security.web.session.SessionManagementFilter@4717dc75, org.springframework.security.web.access.ExceptionTranslationFilter@465454d4, org.springframework.security.web.access.intercept.FilterSecurityInterceptor@3fa51d19]
2023-04-20 13:36:21,124 INFO org.springframework.boot.autoconfigure.web.servlet.WelcomePageHandlerMapping [restartedMain] Adding welcome page template: index
2023-04-20 13:36:21,433 INFO org.springframework.boot.devtools.autoconfigure.OptionalLiveReloadServer [restartedMain] LiveReload server is running on port 35729
2023-04-20 13:36:21,448 INFO org.springframework.boot.web.embedded.tomcat.TomcatWebServer [restartedMain] Tomcat started on port(s): 2020 (http) with context path ''
2023-04-20 13:36:21,450 INFO org.springframework.core.log.CompositeLog [restartedMain] Starting...
2023-04-20 13:36:21,451 INFO org.springframework.core.log.CompositeLog [restartedMain] BrokerAvailabilityEvent[available=true, SimpleBrokerMessageHandler [org.springframework.messaging.simp.broker.DefaultSubscriptionRegistry@26c43f3f]]
2023-04-20 13:36:21,452 INFO org.springframework.core.log.CompositeLog [restartedMain] Started.
2023-04-20 13:36:21,458 INFO org.springframework.boot.StartupInfoLogger [restartedMain] Started Qms3Application in 1.498 seconds (JVM running for 5638.094)
2023-04-20 13:36:21,462 INFO org.springframework.boot.devtools.autoconfigure.ConditionEvaluationDeltaLoggingListener [restartedMain] Condition evaluation unchanged
2023-04-20 13:36:23,003 INFO org.springframework.core.log.CompositeLog [Thread-15] Stopping...
2023-04-20 13:36:23,004 INFO org.springframework.core.log.CompositeLog [Thread-15] BrokerAvailabilityEvent[available=false, SimpleBrokerMessageHandler [org.springframework.messaging.simp.broker.DefaultSubscriptionRegistry@26c43f3f]]
2023-04-20 13:36:23,006 INFO org.springframework.core.log.CompositeLog [Thread-15] Stopped.
2023-04-20 13:36:23,037 INFO org.springframework.orm.jpa.AbstractEntityManagerFactoryBean [Thread-15] Closing JPA EntityManagerFactory for persistence unit 'default'
2023-04-20 13:36:23,141 INFO org.springframework.boot.StartupInfoLogger [restartedMain] Starting Qms3Application using Java 17.0.2 on Nayani with PID 15908 (C:\Users\R & D\eclipse-workspace\OSS\OSS\target\classes started by R & D in C:\Users\R & D\eclipse-workspace\OSS\OSS)
2023-04-20 13:36:23,142 DEBUG org.springframework.boot.StartupInfoLogger [restartedMain] Running with Spring Boot v2.5.2, Spring v5.3.8
2023-04-20 13:36:23,142 INFO org.springframework.boot.SpringApplication [restartedMain] No active profile set, falling back to default profiles: default
2023-04-20 13:36:23,333 INFO org.springframework.data.repository.config.RepositoryConfigurationDelegate [restartedMain] Bootstrapping Spring Data JPA repositories in DEFAULT mode.
2023-04-20 13:36:23,356 INFO org.springframework.data.repository.config.RepositoryConfigurationDelegate [restartedMain] Finished Spring Data repository scanning in 22 ms. Found 4 JPA repository interfaces.
2023-04-20 13:36:23,513 INFO org.springframework.boot.web.embedded.tomcat.TomcatWebServer [restartedMain] Tomcat initialized with port(s): 2020 (http)
2023-04-20 13:36:23,537 INFO org.springframework.boot.web.servlet.context.ServletWebServerApplicationContext [restartedMain] Root WebApplicationContext: initialization completed in 394 ms
2023-04-20 13:36:23,557 INFO org.springframework.boot.autoconfigure.h2.H2ConsoleAutoConfiguration [restartedMain] H2 console available at '/h2-console'. Database available at 'jdbc:mysql://localhost:3308/test'
2023-04-20 13:36:23,606 INFO org.hibernate.jpa.internal.util.LogHelper [restartedMain] HHH000204: Processing PersistenceUnitInfo [name: default]
2023-04-20 13:36:23,612 INFO org.hibernate.dialect.Dialect [restartedMain] HHH000400: Using dialect: org.hibernate.dialect.MySQL5InnoDBDialect
2023-04-20 13:36:23,671 INFO org.hibernate.engine.transaction.jta.platform.internal.JtaPlatformInitiator [restartedMain] HHH000490: Using JtaPlatform implementation: [org.hibernate.engine.transaction.jta.platform.internal.NoJtaPlatform]
2023-04-20 13:36:23,672 INFO org.springframework.orm.jpa.AbstractEntityManagerFactoryBean [restartedMain] Initialized JPA EntityManagerFactory for persistence unit 'default'
2023-04-20 13:36:23,867 INFO org.springframework.security.web.DefaultSecurityFilterChain [restartedMain] Will secure Ant [pattern='/resources/**'] with []
2023-04-20 13:36:23,867 INFO org.springframework.security.web.DefaultSecurityFilterChain [restartedMain] Will secure Ant [pattern='/static/**'] with []
2023-04-20 13:36:23,867 INFO org.springframework.security.web.DefaultSecurityFilterChain [restartedMain] Will secure Ant [pattern='/vendor/**'] with []
2023-04-20 13:36:23,867 INFO org.springframework.security.web.DefaultSecurityFilterChain [restartedMain] Will secure Ant [pattern='/css/**'] with []
2023-04-20 13:36:23,868 INFO org.springframework.security.web.DefaultSecurityFilterChain [restartedMain] Will secure Ant [pattern='/js/**'] with []
2023-04-20 13:36:23,868 INFO org.springframework.security.web.DefaultSecurityFilterChain [restartedMain] Will secure Ant [pattern='/img/**'] with []
2023-04-20 13:36:23,868 INFO org.springframework.security.web.DefaultSecurityFilterChain [restartedMain] Will secure Ant [pattern='/file/**'] with []
2023-04-20 13:36:23,868 INFO org.springframework.security.web.DefaultSecurityFilterChain [restartedMain] Will secure Ant [pattern='/webjars/**'] with []
2023-04-20 13:36:23,884 INFO org.springframework.security.web.DefaultSecurityFilterChain [restartedMain] Will secure any request with [org.springframework.security.web.context.request.async.WebAsyncManagerIntegrationFilter@b0f25e8, org.springframework.security.web.context.SecurityContextPersistenceFilter@66e6ad9c, org.springframework.security.web.header.HeaderWriterFilter@856a915, org.springframework.security.web.csrf.CsrfFilter@1c016bde, org.springframework.security.web.authentication.logout.LogoutFilter@715c6901, org.springframework.security.web.authentication.UsernamePasswordAuthenticationFilter@6387b89, org.springframework.security.web.savedrequest.RequestCacheAwareFilter@1db5a4db, org.springframework.security.web.servletapi.SecurityContextHolderAwareRequestFilter@2096b879, org.springframework.security.web.authentication.AnonymousAuthenticationFilter@7fd3392c, org.springframework.security.web.session.SessionManagementFilter@71ae77ec, org.springframework.security.web.access.ExceptionTranslationFilter@77c18d26, org.springframework.security.web.access.intercept.FilterSecurityInterceptor@b6036a1]
2023-04-20 13:36:23,972 INFO org.springframework.boot.autoconfigure.web.servlet.WelcomePageHandlerMapping [restartedMain] Adding welcome page template: index
2023-04-20 13:36:24,264 INFO org.springframework.boot.devtools.autoconfigure.OptionalLiveReloadServer [restartedMain] LiveReload server is running on port 35729
2023-04-20 13:36:24,277 INFO org.springframework.boot.web.embedded.tomcat.TomcatWebServer [restartedMain] Tomcat started on port(s): 2020 (http) with context path ''
2023-04-20 13:36:24,278 INFO org.springframework.core.log.CompositeLog [restartedMain] Starting...
2023-04-20 13:36:24,278 INFO org.springframework.core.log.CompositeLog [restartedMain] BrokerAvailabilityEvent[available=true, SimpleBrokerMessageHandler [org.springframework.messaging.simp.broker.DefaultSubscriptionRegistry@379b6446]]
2023-04-20 13:36:24,279 INFO org.springframework.core.log.CompositeLog [restartedMain] Started.
2023-04-20 13:36:24,284 INFO org.springframework.boot.StartupInfoLogger [restartedMain] Started Qms3Application in 1.177 seconds (JVM running for 5640.92)
2023-04-20 13:36:24,287 INFO org.springframework.boot.devtools.autoconfigure.ConditionEvaluationDeltaLoggingListener [restartedMain] Condition evaluation unchanged
2023-04-20 13:36:24,429 INFO org.springframework.web.servlet.FrameworkServlet [http-nio-2020-exec-1] Initializing Servlet 'dispatcherServlet'
2023-04-20 13:36:24,431 INFO org.springframework.web.servlet.FrameworkServlet [http-nio-2020-exec-1] Completed initialization in 2 ms
2023-04-20 13:37:23,924 INFO org.springframework.web.socket.config.WebSocketMessageBrokerStats [MessageBroker-1] WebSocketSession[0 current WS(0)-HttpStream(0)-HttpPoll(0), 0 total, 0 closed abnormally (0 connect failure, 0 send limit, 0 transport error)], stompSubProtocol[processed CONNECT(0)-CONNECTED(0)-DISCONNECT(0)], stompBrokerRelay[null], inboundChannel[pool size = 0, active threads = 0, queued tasks = 0, completed tasks = 0], outboundChannel[pool size = 0, active threads = 0, queued tasks = 0, completed tasks = 0], sockJsScheduler[pool size = 1, active threads = 1, queued tasks = 0, completed tasks = 0]
2023-04-20 14:07:23,940 INFO org.springframework.web.socket.config.WebSocketMessageBrokerStats [MessageBroker-1] WebSocketSession[0 current WS(0)-HttpStream(0)-HttpPoll(0), 0 total, 0 closed abnormally (0 connect failure, 0 send limit, 0 transport error)], stompSubProtocol[processed CONNECT(0)-CONNECTED(0)-DISCONNECT(0)], stompBrokerRelay[null], inboundChannel[pool size = 0, active threads = 0, queued tasks = 0, completed tasks = 0], outboundChannel[pool size = 0, active threads = 0, queued tasks = 0, completed tasks = 0], sockJsScheduler[pool size = 2, active threads = 1, queued tasks = 0, completed tasks = 1]
2023-04-20 14:14:10,430 INFO org.springframework.boot.admin.SpringApplicationAdminMXBeanRegistrar$SpringApplicationAdmin [RMI TCP Connection(135)-127.0.0.1] Application shutdown requested.
2023-04-20 14:14:10,433 INFO org.springframework.core.log.CompositeLog [RMI TCP Connection(135)-127.0.0.1] Stopping...
2023-04-20 14:14:10,433 INFO org.springframework.core.log.CompositeLog [RMI TCP Connection(135)-127.0.0.1] BrokerAvailabilityEvent[available=false, SimpleBrokerMessageHandler [org.springframework.messaging.simp.broker.DefaultSubscriptionRegistry@379b6446]]
2023-04-20 14:14:10,433 INFO org.springframework.core.log.CompositeLog [RMI TCP Connection(135)-127.0.0.1] Stopped.
2023-04-20 14:14:10,448 INFO org.springframework.orm.jpa.AbstractEntityManagerFactoryBean [RMI TCP Connection(135)-127.0.0.1] Closing JPA EntityManagerFactory for persistence unit 'default'
