2021-08-27 11:42:01,136 INFO org.springframework.boot.StartupInfoLogger [restartedMain] Starting Qms3Application using Java 15.0.2 on janaka-Vostro-3578 with PID 47559 (/home/janaka/eclipse-workspace/QMS-3/target/classes started by janaka in /home/janaka/eclipse-workspace/QMS-3)
2021-08-27 11:42:01,138 INFO org.springframework.boot.SpringApplication [restartedMain] No active profile set, falling back to default profiles: default
2021-08-27 11:42:01,295 INFO org.springframework.boot.logging.DeferredLog [restartedMain] Devtools property defaults active! Set 'spring.devtools.add-properties' to 'false' to disable
2021-08-27 11:42:01,295 INFO org.springframework.boot.logging.DeferredLog [restartedMain] For additional web related logging consider setting the 'logging.level.web' property to 'DEBUG'
2021-08-27 11:42:01,814 INFO org.springframework.data.repository.config.RepositoryConfigurationDelegate [restartedMain] Bootstrapping Spring Data JPA repositories in DEFAULT mode.
2021-08-27 11:42:01,853 INFO org.springframework.data.repository.config.RepositoryConfigurationDelegate [restartedMain] Finished Spring Data repository scanning in 33 ms. Found 3 JPA repository interfaces.
2021-08-27 11:42:02,341 INFO org.springframework.boot.web.embedded.tomcat.TomcatWebServer [restartedMain] Tomcat initialized with port(s): 8081 (http)
2021-08-27 11:42:02,407 INFO org.springframework.boot.web.servlet.context.ServletWebServerApplicationContext [restartedMain] Root WebApplicationContext: initialization completed in 1112 ms
2021-08-27 11:42:02,606 INFO org.hibernate.jpa.internal.util.LogHelper [restartedMain] HHH000204: Processing PersistenceUnitInfo [name: default]
2021-08-27 11:42:02,633 INFO org.hibernate.Version [restartedMain] HHH000412: Hibernate ORM core version 5.4.32.Final
2021-08-27 11:42:02,704 INFO org.hibernate.annotations.common.reflection.java.JavaReflectionManager [restartedMain] HCANN000001: Hibernate Commons Annotations {5.1.2.Final}
2021-08-27 11:42:02,891 INFO org.hibernate.dialect.Dialect [restartedMain] HHH000400: Using dialect: org.hibernate.dialect.H2Dialect
2021-08-27 11:42:03,284 INFO org.hibernate.engine.transaction.jta.platform.internal.JtaPlatformInitiator [restartedMain] HHH000490: Using JtaPlatform implementation: [org.hibernate.engine.transaction.jta.platform.internal.NoJtaPlatform]
2021-08-27 11:42:03,289 INFO org.springframework.orm.jpa.AbstractEntityManagerFactoryBean [restartedMain] Initialized JPA EntityManagerFactory for persistence unit 'default'
2021-08-27 11:42:03,569 INFO org.springframework.boot.autoconfigure.h2.H2ConsoleAutoConfiguration [restartedMain] H2 console available at '/h2-console'. Database available at 'jdbc:h2:file:/home/janaka/QMS/database/qmsdb'
2021-08-27 11:42:03,890 INFO org.springframework.security.web.DefaultSecurityFilterChain [restartedMain] Will secure Ant [pattern='/resources/**'] with []
2021-08-27 11:42:03,890 INFO org.springframework.security.web.DefaultSecurityFilterChain [restartedMain] Will secure Ant [pattern='/static/**'] with []
2021-08-27 11:42:03,890 INFO org.springframework.security.web.DefaultSecurityFilterChain [restartedMain] Will secure Ant [pattern='/plugins/**'] with []
2021-08-27 11:42:03,891 INFO org.springframework.security.web.DefaultSecurityFilterChain [restartedMain] Will secure Ant [pattern='/css/**'] with []
2021-08-27 11:42:03,891 INFO org.springframework.security.web.DefaultSecurityFilterChain [restartedMain] Will secure Ant [pattern='/js/**'] with []
2021-08-27 11:42:03,891 INFO org.springframework.security.web.DefaultSecurityFilterChain [restartedMain] Will secure Ant [pattern='/assets/**'] with []
2021-08-27 11:42:03,891 INFO org.springframework.security.web.DefaultSecurityFilterChain [restartedMain] Will secure Ant [pattern='/assets/css/**'] with []
2021-08-27 11:42:03,891 INFO org.springframework.security.web.DefaultSecurityFilterChain [restartedMain] Will secure Ant [pattern='/assets/js/**'] with []
2021-08-27 11:42:03,891 INFO org.springframework.security.web.DefaultSecurityFilterChain [restartedMain] Will secure Ant [pattern='/img/**'] with []
2021-08-27 11:42:03,892 INFO org.springframework.security.web.DefaultSecurityFilterChain [restartedMain] Will secure Ant [pattern='/webjars/**'] with []
2021-08-27 11:42:03,892 INFO org.springframework.security.web.DefaultSecurityFilterChain [restartedMain] Will secure Ant [pattern='/h2-console/**'] with []
2021-08-27 11:42:03,915 INFO org.springframework.security.web.DefaultSecurityFilterChain [restartedMain] Will secure any request with [org.springframework.security.web.context.request.async.WebAsyncManagerIntegrationFilter@1ea1cb26, org.springframework.security.web.context.SecurityContextPersistenceFilter@1630e873, org.springframework.security.web.header.HeaderWriterFilter@6f2610f7, org.springframework.security.web.csrf.CsrfFilter@792fab5f, org.springframework.security.web.authentication.logout.LogoutFilter@50dfec24, org.springframework.security.web.authentication.UsernamePasswordAuthenticationFilter@463bc634, org.springframework.security.web.savedrequest.RequestCacheAwareFilter@6129bf34, org.springframework.security.web.servletapi.SecurityContextHolderAwareRequestFilter@2cc6becd, org.springframework.security.web.authentication.AnonymousAuthenticationFilter@115fdf36, org.springframework.security.web.session.SessionManagementFilter@36ab359d, org.springframework.security.web.access.ExceptionTranslationFilter@787b889, org.springframework.security.web.access.intercept.FilterSecurityInterceptor@1133af8d]
2021-08-27 11:42:04,547 WARN org.springframework.boot.devtools.autoconfigure.OptionalLiveReloadServer [restartedMain] Unable to start LiveReload server
2021-08-27 11:42:04,576 INFO org.springframework.boot.web.embedded.tomcat.TomcatWebServer [restartedMain] Tomcat started on port(s): 8081 (http) with context path ''
2021-08-27 11:42:04,577 INFO org.springframework.core.log.CompositeLog [restartedMain] Starting...
2021-08-27 11:42:04,577 INFO org.springframework.core.log.CompositeLog [restartedMain] BrokerAvailabilityEvent[available=true, SimpleBrokerMessageHandler [org.springframework.messaging.simp.broker.DefaultSubscriptionRegistry@26843402]]
2021-08-27 11:42:04,577 INFO org.springframework.core.log.CompositeLog [restartedMain] Started.
2021-08-27 11:42:04,585 INFO org.springframework.boot.StartupInfoLogger [restartedMain] Started Qms3Application in 3.708 seconds (JVM running for 4.369)
2021-08-27 11:43:03,969 INFO org.springframework.web.socket.config.WebSocketMessageBrokerStats [MessageBroker-1] WebSocketSession[0 current WS(0)-HttpStream(0)-HttpPoll(0), 0 total, 0 closed abnormally (0 connect failure, 0 send limit, 0 transport error)], stompSubProtocol[processed CONNECT(0)-CONNECTED(0)-DISCONNECT(0)], stompBrokerRelay[null], inboundChannel[pool size = 0, active threads = 0, queued tasks = 0, completed tasks = 0], outboundChannel[pool size = 0, active threads = 0, queued tasks = 0, completed tasks = 0], sockJsScheduler[pool size = 1, active threads = 1, queued tasks = 0, completed tasks = 0]
2021-08-27 11:43:21,048 INFO org.springframework.web.servlet.FrameworkServlet [http-nio-8081-exec-1] Initializing Servlet 'dispatcherServlet'
2021-08-27 11:43:21,049 INFO org.springframework.web.servlet.FrameworkServlet [http-nio-8081-exec-1] Completed initialization in 1 ms
2021-08-27 12:13:03,969 INFO org.springframework.web.socket.config.WebSocketMessageBrokerStats [MessageBroker-1] WebSocketSession[0 current WS(0)-HttpStream(0)-HttpPoll(0), 0 total, 0 closed abnormally (0 connect failure, 0 send limit, 0 transport error)], stompSubProtocol[processed CONNECT(0)-CONNECTED(0)-DISCONNECT(0)], stompBrokerRelay[null], inboundChannel[pool size = 0, active threads = 0, queued tasks = 0, completed tasks = 0], outboundChannel[pool size = 0, active threads = 0, queued tasks = 0, completed tasks = 0], sockJsScheduler[pool size = 2, active threads = 1, queued tasks = 0, completed tasks = 1]
2021-08-27 12:43:03,971 INFO org.springframework.web.socket.config.WebSocketMessageBrokerStats [MessageBroker-2] WebSocketSession[0 current WS(0)-HttpStream(0)-HttpPoll(0), 0 total, 0 closed abnormally (0 connect failure, 0 send limit, 0 transport error)], stompSubProtocol[processed CONNECT(0)-CONNECTED(0)-DISCONNECT(0)], stompBrokerRelay[null], inboundChannel[pool size = 0, active threads = 0, queued tasks = 0, completed tasks = 0], outboundChannel[pool size = 0, active threads = 0, queued tasks = 0, completed tasks = 0], sockJsScheduler[pool size = 3, active threads = 1, queued tasks = 0, completed tasks = 2]
2021-08-27 13:13:03,972 INFO org.springframework.web.socket.config.WebSocketMessageBrokerStats [MessageBroker-1] WebSocketSession[0 current WS(0)-HttpStream(0)-HttpPoll(0), 0 total, 0 closed abnormally (0 connect failure, 0 send limit, 0 transport error)], stompSubProtocol[processed CONNECT(0)-CONNECTED(0)-DISCONNECT(0)], stompBrokerRelay[null], inboundChannel[pool size = 0, active threads = 0, queued tasks = 0, completed tasks = 0], outboundChannel[pool size = 0, active threads = 0, queued tasks = 0, completed tasks = 0], sockJsScheduler[pool size = 4, active threads = 1, queued tasks = 0, completed tasks = 3]
2021-08-27 13:43:03,974 INFO org.springframework.web.socket.config.WebSocketMessageBrokerStats [MessageBroker-3] WebSocketSession[0 current WS(0)-HttpStream(0)-HttpPoll(0), 0 total, 0 closed abnormally (0 connect failure, 0 send limit, 0 transport error)], stompSubProtocol[processed CONNECT(0)-CONNECTED(0)-DISCONNECT(0)], stompBrokerRelay[null], inboundChannel[pool size = 0, active threads = 0, queued tasks = 0, completed tasks = 0], outboundChannel[pool size = 0, active threads = 0, queued tasks = 0, completed tasks = 0], sockJsScheduler[pool size = 5, active threads = 1, queued tasks = 0, completed tasks = 4]
2021-08-27 14:13:03,975 INFO org.springframework.web.socket.config.WebSocketMessageBrokerStats [MessageBroker-2] WebSocketSession[0 current WS(0)-HttpStream(0)-HttpPoll(0), 0 total, 0 closed abnormally (0 connect failure, 0 send limit, 0 transport error)], stompSubProtocol[processed CONNECT(0)-CONNECTED(0)-DISCONNECT(0)], stompBrokerRelay[null], inboundChannel[pool size = 0, active threads = 0, queued tasks = 0, completed tasks = 0], outboundChannel[pool size = 0, active threads = 0, queued tasks = 0, completed tasks = 0], sockJsScheduler[pool size = 6, active threads = 1, queued tasks = 0, completed tasks = 5]
2021-08-27 14:43:03,976 INFO org.springframework.web.socket.config.WebSocketMessageBrokerStats [MessageBroker-4] WebSocketSession[0 current WS(0)-HttpStream(0)-HttpPoll(0), 0 total, 0 closed abnormally (0 connect failure, 0 send limit, 0 transport error)], stompSubProtocol[processed CONNECT(0)-CONNECTED(0)-DISCONNECT(0)], stompBrokerRelay[null], inboundChannel[pool size = 0, active threads = 0, queued tasks = 0, completed tasks = 0], outboundChannel[pool size = 0, active threads = 0, queued tasks = 0, completed tasks = 0], sockJsScheduler[pool size = 7, active threads = 1, queued tasks = 0, completed tasks = 6]
2021-08-27 15:13:03,977 INFO org.springframework.web.socket.config.WebSocketMessageBrokerStats [MessageBroker-1] WebSocketSession[0 current WS(0)-HttpStream(0)-HttpPoll(0), 0 total, 0 closed abnormally (0 connect failure, 0 send limit, 0 transport error)], stompSubProtocol[processed CONNECT(0)-CONNECTED(0)-DISCONNECT(0)], stompBrokerRelay[null], inboundChannel[pool size = 0, active threads = 0, queued tasks = 0, completed tasks = 0], outboundChannel[pool size = 0, active threads = 0, queued tasks = 0, completed tasks = 0], sockJsScheduler[pool size = 8, active threads = 1, queued tasks = 0, completed tasks = 7]
2021-08-27 15:43:03,979 INFO org.springframework.web.socket.config.WebSocketMessageBrokerStats [MessageBroker-1] WebSocketSession[0 current WS(0)-HttpStream(0)-HttpPoll(0), 0 total, 0 closed abnormally (0 connect failure, 0 send limit, 0 transport error)], stompSubProtocol[processed CONNECT(0)-CONNECTED(0)-DISCONNECT(0)], stompBrokerRelay[null], inboundChannel[pool size = 0, active threads = 0, queued tasks = 0, completed tasks = 0], outboundChannel[pool size = 0, active threads = 0, queued tasks = 0, completed tasks = 0], sockJsScheduler[pool size = 8, active threads = 1, queued tasks = 0, completed tasks = 8]
2021-08-27 16:13:03,981 INFO org.springframework.web.socket.config.WebSocketMessageBrokerStats [MessageBroker-1] WebSocketSession[0 current WS(0)-HttpStream(0)-HttpPoll(0), 0 total, 0 closed abnormally (0 connect failure, 0 send limit, 0 transport error)], stompSubProtocol[processed CONNECT(0)-CONNECTED(0)-DISCONNECT(0)], stompBrokerRelay[null], inboundChannel[pool size = 0, active threads = 0, queued tasks = 0, completed tasks = 0], outboundChannel[pool size = 0, active threads = 0, queued tasks = 0, completed tasks = 0], sockJsScheduler[pool size = 8, active threads = 1, queued tasks = 0, completed tasks = 9]
2021-08-27 16:43:03,982 INFO org.springframework.web.socket.config.WebSocketMessageBrokerStats [MessageBroker-1] WebSocketSession[0 current WS(0)-HttpStream(0)-HttpPoll(0), 0 total, 0 closed abnormally (0 connect failure, 0 send limit, 0 transport error)], stompSubProtocol[processed CONNECT(0)-CONNECTED(0)-DISCONNECT(0)], stompBrokerRelay[null], inboundChannel[pool size = 0, active threads = 0, queued tasks = 0, completed tasks = 0], outboundChannel[pool size = 0, active threads = 0, queued tasks = 0, completed tasks = 0], sockJsScheduler[pool size = 8, active threads = 1, queued tasks = 0, completed tasks = 10]
2021-08-27 17:13:03,984 INFO org.springframework.web.socket.config.WebSocketMessageBrokerStats [MessageBroker-1] WebSocketSession[0 current WS(0)-HttpStream(0)-HttpPoll(0), 0 total, 0 closed abnormally (0 connect failure, 0 send limit, 0 transport error)], stompSubProtocol[processed CONNECT(0)-CONNECTED(0)-DISCONNECT(0)], stompBrokerRelay[null], inboundChannel[pool size = 0, active threads = 0, queued tasks = 0, completed tasks = 0], outboundChannel[pool size = 0, active threads = 0, queued tasks = 0, completed tasks = 0], sockJsScheduler[pool size = 8, active threads = 1, queued tasks = 0, completed tasks = 11]
2021-08-27 17:40:44,534 INFO org.springframework.boot.admin.SpringApplicationAdminMXBeanRegistrar$SpringApplicationAdmin [RMI TCP Connection(361)-127.0.0.1] Application shutdown requested.
2021-08-27 17:40:44,539 INFO org.springframework.core.log.CompositeLog [RMI TCP Connection(361)-127.0.0.1] Stopping...
2021-08-27 17:40:44,539 INFO org.springframework.core.log.CompositeLog [RMI TCP Connection(361)-127.0.0.1] BrokerAvailabilityEvent[available=false, SimpleBrokerMessageHandler [org.springframework.messaging.simp.broker.DefaultSubscriptionRegistry@26843402]]
2021-08-27 17:40:44,540 INFO org.springframework.core.log.CompositeLog [RMI TCP Connection(361)-127.0.0.1] Stopped.
2021-08-27 17:40:44,561 INFO org.springframework.orm.jpa.AbstractEntityManagerFactoryBean [RMI TCP Connection(361)-127.0.0.1] Closing JPA EntityManagerFactory for persistence unit 'default'
